000 (4054020.000.000) 07/31 07:55:47 Job submitted from host: <130.199.48.83:9618?addrs=130.199.48.83-9618&noUDP&sock=8867_649e_3>
...
001 (4054020.000.000) 07/31 07:56:17 Job executing on host: <130.199.157.136:9618?addrs=130.199.157.136-9618&noUDP&sock=216690_bfbc_3>
...
006 (4054020.000.000) 07/31 07:56:27 Image size of job updated: 17512
	17  -  MemoryUsage of job (MB)
	17328  -  ResidentSetSize of job (KB)
...
006 (4054020.000.000) 07/31 07:56:34 Image size of job updated: 24080
	17  -  MemoryUsage of job (MB)
	17328  -  ResidentSetSize of job (KB)
...
005 (4054020.000.000) 07/31 07:56:35 Job terminated.
	(1) Normal termination (return value 0)
		Usr 0 00:00:03, Sys 0 00:00:00  -  Run Remote Usage
		Usr 0 00:00:00, Sys 0 00:00:00  -  Run Local Usage
		Usr 0 00:00:03, Sys 0 00:00:00  -  Total Remote Usage
		Usr 0 00:00:00, Sys 0 00:00:00  -  Total Local Usage
	0  -  Run Bytes Sent By Job
	0  -  Run Bytes Received By Job
	0  -  Total Bytes Sent By Job
	0  -  Total Bytes Received By Job
	Partitionable Resources :    Usage  Request Allocated 
	   Cpus                 :        0        1         1 
	   Disk (KB)            :     7500     7500  14337878 
	   Memory (MB)          :       17     1500      1536 
	   Xferslots            :                           0 
...
000 (4054022.003.000) 07/31 09:45:52 Job submitted from host: <130.199.48.83:9618?addrs=130.199.48.83-9618&noUDP&sock=8867_649e_3>
...
001 (4054022.003.000) 07/31 09:46:33 Job executing on host: <130.199.157.17:9618?addrs=130.199.157.17-9618&noUDP&sock=118097_4f22_3>
...
006 (4054022.003.000) 07/31 09:46:38 Image size of job updated: 25872
	0  -  MemoryUsage of job (MB)
	0  -  ResidentSetSize of job (KB)
...
005 (4054022.003.000) 07/31 09:46:38 Job terminated.
	(1) Normal termination (return value 0)
		Usr 0 00:00:03, Sys 0 00:00:00  -  Run Remote Usage
		Usr 0 00:00:00, Sys 0 00:00:00  -  Run Local Usage
		Usr 0 00:00:03, Sys 0 00:00:00  -  Total Remote Usage
		Usr 0 00:00:00, Sys 0 00:00:00  -  Total Local Usage
	0  -  Run Bytes Sent By Job
	0  -  Run Bytes Received By Job
	0  -  Total Bytes Sent By Job
	0  -  Total Bytes Received By Job
	Partitionable Resources :    Usage  Request Allocated 
	   Cpus                 :        0        1         1 
	   Disk (KB)            :     7500     7500   6743395 
	   Memory (MB)          :        0     1500      1536 
	   Xferslots            :                           0 
...
000 (4054023.006.000) 07/31 09:52:42 Job submitted from host: <130.199.48.83:9618?addrs=130.199.48.83-9618&noUDP&sock=8867_649e_3>
...
000 (4054023.007.000) 07/31 09:52:42 Job submitted from host: <130.199.48.83:9618?addrs=130.199.48.83-9618&noUDP&sock=8867_649e_3>
...
000 (4054023.008.000) 07/31 09:52:42 Job submitted from host: <130.199.48.83:9618?addrs=130.199.48.83-9618&noUDP&sock=8867_649e_3>
...
000 (4054023.009.000) 07/31 09:52:42 Job submitted from host: <130.199.48.83:9618?addrs=130.199.48.83-9618&noUDP&sock=8867_649e_3>
...
001 (4054023.008.000) 07/31 09:53:35 Job executing on host: <130.199.156.14:9618?addrs=130.199.156.14-9618&noUDP&sock=29507_b146_3>
...
001 (4054023.006.000) 07/31 09:53:35 Job executing on host: <130.199.159.230:9618?addrs=130.199.159.230-9618&noUDP&sock=24331_8dc7_3>
...
001 (4054023.009.000) 07/31 09:53:35 Job executing on host: <130.199.156.15:9618?addrs=130.199.156.15-9618&noUDP&sock=18202_cd7e_3>
...
001 (4054023.007.000) 07/31 09:53:35 Job executing on host: <130.199.156.84:9618?addrs=130.199.156.84-9618&noUDP&sock=27352_a985_3>
...
006 (4054023.006.000) 07/31 09:53:40 Image size of job updated: 24508
	0  -  MemoryUsage of job (MB)
	0  -  ResidentSetSize of job (KB)
...
005 (4054023.006.000) 07/31 09:53:40 Job terminated.
	(1) Normal termination (return value 0)
		Usr 0 00:00:04, Sys 0 00:00:00  -  Run Remote Usage
		Usr 0 00:00:00, Sys 0 00:00:00  -  Run Local Usage
		Usr 0 00:00:04, Sys 0 00:00:00  -  Total Remote Usage
		Usr 0 00:00:00, Sys 0 00:00:00  -  Total Local Usage
	0  -  Run Bytes Sent By Job
	0  -  Run Bytes Received By Job
	0  -  Total Bytes Sent By Job
	0  -  Total Bytes Received By Job
	Partitionable Resources :    Usage  Request Allocated 
	   Cpus                 :        0        1         1 
	   Disk (KB)            :     7500     7500   7037721 
	   Memory (MB)          :        0     1500      1536 
	   Xferslots            :                           0 
...
006 (4054023.008.000) 07/31 09:53:41 Image size of job updated: 24352
	0  -  MemoryUsage of job (MB)
	0  -  ResidentSetSize of job (KB)
...
006 (4054023.009.000) 07/31 09:53:41 Image size of job updated: 23416
	0  -  MemoryUsage of job (MB)
	0  -  ResidentSetSize of job (KB)
...
005 (4054023.008.000) 07/31 09:53:41 Job terminated.
	(1) Normal termination (return value 0)
		Usr 0 00:00:04, Sys 0 00:00:00  -  Run Remote Usage
		Usr 0 00:00:00, Sys 0 00:00:00  -  Run Local Usage
		Usr 0 00:00:04, Sys 0 00:00:00  -  Total Remote Usage
		Usr 0 00:00:00, Sys 0 00:00:00  -  Total Local Usage
	0  -  Run Bytes Sent By Job
	0  -  Run Bytes Received By Job
	0  -  Total Bytes Sent By Job
	0  -  Total Bytes Received By Job
	Partitionable Resources :    Usage  Request Allocated 
	   Cpus                 :        0        1         1 
	   Disk (KB)            :     7500     7500   3325568 
	   Memory (MB)          :        0     1500      1536 
	   Xferslots            :                           0 
...
005 (4054023.009.000) 07/31 09:53:41 Job terminated.
	(1) Normal termination (return value 0)
		Usr 0 00:00:04, Sys 0 00:00:00  -  Run Remote Usage
		Usr 0 00:00:00, Sys 0 00:00:00  -  Run Local Usage
		Usr 0 00:00:04, Sys 0 00:00:00  -  Total Remote Usage
		Usr 0 00:00:00, Sys 0 00:00:00  -  Total Local Usage
	0  -  Run Bytes Sent By Job
	0  -  Run Bytes Received By Job
	0  -  Total Bytes Sent By Job
	0  -  Total Bytes Received By Job
	Partitionable Resources :    Usage  Request Allocated 
	   Cpus                 :        0        1         1 
	   Disk (KB)            :     7500     7500   3325677 
	   Memory (MB)          :        0     1500      1536 
	   Xferslots            :                           0 
...
006 (4054023.007.000) 07/31 09:53:42 Image size of job updated: 24348
	0  -  MemoryUsage of job (MB)
	0  -  ResidentSetSize of job (KB)
...
005 (4054023.007.000) 07/31 09:53:42 Job terminated.
	(1) Normal termination (return value 0)
		Usr 0 00:00:04, Sys 0 00:00:00  -  Run Remote Usage
		Usr 0 00:00:00, Sys 0 00:00:00  -  Run Local Usage
		Usr 0 00:00:04, Sys 0 00:00:00  -  Total Remote Usage
		Usr 0 00:00:00, Sys 0 00:00:00  -  Total Local Usage
	0  -  Run Bytes Sent By Job
	0  -  Run Bytes Received By Job
	0  -  Total Bytes Sent By Job
	0  -  Total Bytes Received By Job
	Partitionable Resources :    Usage  Request Allocated 
	   Cpus                 :        0        1         1 
	   Disk (KB)            :     7500     7500   3325563 
	   Memory (MB)          :        0     1500      1536 
	   Xferslots            :                           0 
...
000 (4054024.003.000) 07/31 09:56:58 Job submitted from host: <130.199.48.83:9618?addrs=130.199.48.83-9618&noUDP&sock=8867_649e_3>
...
001 (4054024.003.000) 07/31 09:58:07 Job executing on host: <130.199.157.11:9618?addrs=130.199.157.11-9618&noUDP&sock=39480_0566_3>
...
006 (4054024.003.000) 07/31 09:58:14 Image size of job updated: 24136
	0  -  MemoryUsage of job (MB)
	0  -  ResidentSetSize of job (KB)
...
005 (4054024.003.000) 07/31 09:58:15 Job terminated.
	(1) Normal termination (return value 0)
		Usr 0 00:00:03, Sys 0 00:00:01  -  Run Remote Usage
		Usr 0 00:00:00, Sys 0 00:00:00  -  Run Local Usage
		Usr 0 00:00:03, Sys 0 00:00:01  -  Total Remote Usage
		Usr 0 00:00:00, Sys 0 00:00:00  -  Total Local Usage
	0  -  Run Bytes Sent By Job
	0  -  Run Bytes Received By Job
	0  -  Total Bytes Sent By Job
	0  -  Total Bytes Received By Job
	Partitionable Resources :    Usage  Request Allocated 
	   Cpus                 :        0        1         1 
	   Disk (KB)            :     7500     7500   6743395 
	   Memory (MB)          :        0     1500      1536 
	   Xferslots            :                           0 
...
000 (4054027.000.000) 07/31 10:14:10 Job submitted from host: <130.199.48.83:9618?addrs=130.199.48.83-9618&noUDP&sock=8867_649e_3>
...
001 (4054027.000.000) 07/31 10:14:32 Job executing on host: <130.199.202.109:9618?addrs=130.199.202.109-9618&noUDP&sock=400631_c0dd_3>
...
006 (4054027.000.000) 07/31 10:14:36 Image size of job updated: 2152896
	0  -  MemoryUsage of job (MB)
	0  -  ResidentSetSize of job (KB)
...
005 (4054027.000.000) 07/31 10:14:36 Job terminated.
	(1) Normal termination (return value 0)
		Usr 0 00:00:03, Sys 0 00:00:00  -  Run Remote Usage
		Usr 0 00:00:00, Sys 0 00:00:00  -  Run Local Usage
		Usr 0 00:00:03, Sys 0 00:00:00  -  Total Remote Usage
		Usr 0 00:00:00, Sys 0 00:00:00  -  Total Local Usage
	0  -  Run Bytes Sent By Job
	0  -  Run Bytes Received By Job
	0  -  Total Bytes Sent By Job
	0  -  Total Bytes Received By Job
	Partitionable Resources :    Usage  Request Allocated 
	   Cpus                 :        0        1         1 
	   Disk (KB)            :     7500     7500   4811701 
	   Memory (MB)          :        0     1500      1536 
	   Xferslots            :                           0 
...
000 (4054028.003.000) 07/31 10:25:36 Job submitted from host: <130.199.48.83:9618?addrs=130.199.48.83-9618&noUDP&sock=8867_649e_3>
...
001 (4054028.003.000) 07/31 10:26:10 Job executing on host: <130.199.157.132:9618?addrs=130.199.157.132-9618&noUDP&sock=216811_0b3f_3>
...
006 (4054028.003.000) 07/31 10:26:19 Image size of job updated: 35916
	34  -  MemoryUsage of job (MB)
	34492  -  ResidentSetSize of job (KB)
...
006 (4054028.003.000) 07/31 10:31:20 Image size of job updated: 36016
	34  -  MemoryUsage of job (MB)
	34572  -  ResidentSetSize of job (KB)
...
006 (4054028.003.000) 07/31 10:41:20 Image size of job updated: 36024
	34  -  MemoryUsage of job (MB)
	34576  -  ResidentSetSize of job (KB)
...
006 (4054028.003.000) 07/31 10:56:21 Image size of job updated: 36040
	34  -  MemoryUsage of job (MB)
	34576  -  ResidentSetSize of job (KB)
...
005 (4054028.003.000) 07/31 10:59:22 Job terminated.
	(1) Normal termination (return value 0)
		Usr 0 00:30:42, Sys 0 00:00:01  -  Run Remote Usage
		Usr 0 00:00:00, Sys 0 00:00:00  -  Run Local Usage
		Usr 0 00:30:42, Sys 0 00:00:01  -  Total Remote Usage
		Usr 0 00:00:00, Sys 0 00:00:00  -  Total Local Usage
	0  -  Run Bytes Sent By Job
	0  -  Run Bytes Received By Job
	0  -  Total Bytes Sent By Job
	0  -  Total Bytes Received By Job
	Partitionable Resources :    Usage  Request Allocated 
	   Cpus                 :     1.00        1         1 
	   Disk (KB)            :  7500        7500  14337878 
	   Memory (MB)          :    34        1500      1536 
	   Xferslots            :                           0 
...
