000 (4054029.000.000) 07/31 18:24:49 Job submitted from host: <130.199.48.83:9618?addrs=130.199.48.83-9618&noUDP&sock=8867_649e_3>
...
001 (4054029.000.000) 07/31 22:42:46 Job executing on host: <130.199.157.16:9618?addrs=130.199.157.16-9618&noUDP&sock=37954_0fb4_3>
...
006 (4054029.000.000) 07/31 22:42:55 Image size of job updated: 35772
	34  -  MemoryUsage of job (MB)
	34624  -  ResidentSetSize of job (KB)
...
006 (4054029.000.000) 07/31 22:47:55 Image size of job updated: 35888
	34  -  MemoryUsage of job (MB)
	34728  -  ResidentSetSize of job (KB)
...
006 (4054029.000.000) 07/31 22:52:55 Image size of job updated: 35908
	34  -  MemoryUsage of job (MB)
	34736  -  ResidentSetSize of job (KB)
...
006 (4054029.000.000) 07/31 23:07:57 Image size of job updated: 35912
	34  -  MemoryUsage of job (MB)
	34736  -  ResidentSetSize of job (KB)
...
005 (4054029.000.000) 07/31 23:17:20 Job terminated.
	(1) Normal termination (return value 0)
		Usr 0 00:34:22, Sys 0 00:00:01  -  Run Remote Usage
		Usr 0 00:00:00, Sys 0 00:00:00  -  Run Local Usage
		Usr 0 00:34:22, Sys 0 00:00:01  -  Total Remote Usage
		Usr 0 00:00:00, Sys 0 00:00:00  -  Total Local Usage
	0  -  Run Bytes Sent By Job
	0  -  Run Bytes Received By Job
	0  -  Total Bytes Sent By Job
	0  -  Total Bytes Received By Job
	Partitionable Resources :    Usage  Request Allocated 
	   Cpus                 :     0.99        1         1 
	   Disk (KB)            :  7500        7500   6743395 
	   Memory (MB)          :    34        1500      1536 
	   Xferslots            :                           0 
...
000 (4108529.000.000) 08/01 17:53:25 Job submitted from host: <130.199.48.83:9618?addrs=130.199.48.83-9618&noUDP&sock=8867_649e_3>
...
009 (4108529.000.000) 08/01 17:54:11 Job was aborted by the user.
	via condor_rm (by user ahmed51)
...
000 (4109387.000.000) 08/01 17:56:03 Job submitted from host: <130.199.48.83:9618?addrs=130.199.48.83-9618&noUDP&sock=8867_649e_3>
...
001 (4109387.000.000) 08/01 18:22:29 Job executing on host: <130.199.157.146:9618?addrs=130.199.157.146-9618&noUDP&sock=215572_ea84_3>
...
006 (4109387.000.000) 08/01 18:22:37 Image size of job updated: 35776
	34  -  MemoryUsage of job (MB)
	34504  -  ResidentSetSize of job (KB)
...
006 (4109387.000.000) 08/01 18:27:37 Image size of job updated: 35980
	34  -  MemoryUsage of job (MB)
	34684  -  ResidentSetSize of job (KB)
...
006 (4109387.000.000) 08/01 18:32:39 Image size of job updated: 35984
	34  -  MemoryUsage of job (MB)
	34688  -  ResidentSetSize of job (KB)
...
006 (4109387.000.000) 08/01 18:37:39 Image size of job updated: 36000
	34  -  MemoryUsage of job (MB)
	34704  -  ResidentSetSize of job (KB)
...
006 (4109387.000.000) 08/01 18:42:39 Image size of job updated: 36012
	34  -  MemoryUsage of job (MB)
	34712  -  ResidentSetSize of job (KB)
...
006 (4109387.000.000) 08/01 18:47:40 Image size of job updated: 36072
	34  -  MemoryUsage of job (MB)
	34772  -  ResidentSetSize of job (KB)
...
005 (4109387.000.000) 08/01 18:52:02 Job terminated.
	(1) Normal termination (return value 0)
		Usr 0 00:28:54, Sys 0 00:00:03  -  Run Remote Usage
		Usr 0 00:00:00, Sys 0 00:00:00  -  Run Local Usage
		Usr 0 00:28:54, Sys 0 00:00:03  -  Total Remote Usage
		Usr 0 00:00:00, Sys 0 00:00:00  -  Total Local Usage
	0  -  Run Bytes Sent By Job
	0  -  Run Bytes Received By Job
	0  -  Total Bytes Sent By Job
	0  -  Total Bytes Received By Job
	Partitionable Resources :    Usage  Request Allocated 
	   Cpus                 :     1.00        1         1 
	   Disk (KB)            :  7500        7500  14337878 
	   Memory (MB)          :    34        1500      1536 
	   Xferslots            :                           0 
...
