000 (4054020.001.000) 07/31 07:55:47 Job submitted from host: <130.199.48.83:9618?addrs=130.199.48.83-9618&noUDP&sock=8867_649e_3>
...
001 (4054020.001.000) 07/31 07:56:10 Job executing on host: <130.199.200.113:9618?addrs=130.199.200.113-9618&noUDP&sock=113468_49ff_3>
...
006 (4054020.001.000) 07/31 07:56:13 Image size of job updated: 24100
	0  -  MemoryUsage of job (MB)
	0  -  ResidentSetSize of job (KB)
...
005 (4054020.001.000) 07/31 07:56:13 Job terminated.
	(1) Normal termination (return value 0)
		Usr 0 00:00:03, Sys 0 00:00:00  -  Run Remote Usage
		Usr 0 00:00:00, Sys 0 00:00:00  -  Run Local Usage
		Usr 0 00:00:03, Sys 0 00:00:00  -  Total Remote Usage
		Usr 0 00:00:00, Sys 0 00:00:00  -  Total Local Usage
	0  -  Run Bytes Sent By Job
	0  -  Run Bytes Received By Job
	0  -  Total Bytes Sent By Job
	0  -  Total Bytes Received By Job
	Partitionable Resources :    Usage  Request Allocated 
	   Cpus                 :     0.89        1         1 
	   Disk (KB)            :  7500        7500   5106409 
	   Memory (MB)          :     0        1500      1536 
	   Xferslots            :                           0 
...
000 (4054022.002.000) 07/31 09:45:52 Job submitted from host: <130.199.48.83:9618?addrs=130.199.48.83-9618&noUDP&sock=8867_649e_3>
...
001 (4054022.002.000) 07/31 09:46:33 Job executing on host: <130.199.200.109:9618?addrs=130.199.200.109-9618&noUDP&sock=113959_af32_3>
...
006 (4054022.002.000) 07/31 09:46:36 Image size of job updated: 2152896
	0  -  MemoryUsage of job (MB)
	0  -  ResidentSetSize of job (KB)
...
005 (4054022.002.000) 07/31 09:46:36 Job terminated.
	(1) Normal termination (return value 0)
		Usr 0 00:00:03, Sys 0 00:00:00  -  Run Remote Usage
		Usr 0 00:00:00, Sys 0 00:00:00  -  Run Local Usage
		Usr 0 00:00:03, Sys 0 00:00:00  -  Total Remote Usage
		Usr 0 00:00:00, Sys 0 00:00:00  -  Total Local Usage
	0  -  Run Bytes Sent By Job
	0  -  Run Bytes Received By Job
	0  -  Total Bytes Sent By Job
	0  -  Total Bytes Received By Job
	Partitionable Resources :    Usage  Request Allocated 
	   Cpus                 :     0.92        1         1 
	   Disk (KB)            :  7500        7500   5106398 
	   Memory (MB)          :     0        1500      1536 
	   Xferslots            :                           0 
...
000 (4054023.003.000) 07/31 09:52:42 Job submitted from host: <130.199.48.83:9618?addrs=130.199.48.83-9618&noUDP&sock=8867_649e_3>
...
000 (4054023.004.000) 07/31 09:52:42 Job submitted from host: <130.199.48.83:9618?addrs=130.199.48.83-9618&noUDP&sock=8867_649e_3>
...
000 (4054023.005.000) 07/31 09:52:42 Job submitted from host: <130.199.48.83:9618?addrs=130.199.48.83-9618&noUDP&sock=8867_649e_3>
...
001 (4054023.003.000) 07/31 09:53:35 Job executing on host: <130.199.157.156:9618?addrs=130.199.157.156-9618&noUDP&sock=216952_ab2d_3>
...
001 (4054023.004.000) 07/31 09:53:37 Job executing on host: <130.199.156.232:9618?addrs=130.199.156.232-9618&noUDP&sock=36641_8370_3>
...
001 (4054023.005.000) 07/31 09:53:37 Job executing on host: <130.199.157.6:9618?addrs=130.199.157.6-9618&noUDP&sock=37863_42d1_3>
...
006 (4054023.003.000) 07/31 09:53:39 Image size of job updated: 7500
	0  -  MemoryUsage of job (MB)
	0  -  ResidentSetSize of job (KB)
...
005 (4054023.003.000) 07/31 09:53:39 Job terminated.
	(1) Normal termination (return value 0)
		Usr 0 00:00:02, Sys 0 00:00:00  -  Run Remote Usage
		Usr 0 00:00:00, Sys 0 00:00:00  -  Run Local Usage
		Usr 0 00:00:02, Sys 0 00:00:00  -  Total Remote Usage
		Usr 0 00:00:00, Sys 0 00:00:00  -  Total Local Usage
	0  -  Run Bytes Sent By Job
	0  -  Run Bytes Received By Job
	0  -  Total Bytes Sent By Job
	0  -  Total Bytes Received By Job
	Partitionable Resources :    Usage  Request Allocated 
	   Cpus                 :        0        1         1 
	   Disk (KB)            :     7500     7500  14337878 
	   Memory (MB)          :        0     1500      1536 
	   Xferslots            :                           0 
...
006 (4054023.004.000) 07/31 09:53:43 Image size of job updated: 2152896
	0  -  MemoryUsage of job (MB)
	0  -  ResidentSetSize of job (KB)
...
006 (4054023.005.000) 07/31 09:53:43 Image size of job updated: 2152896
	0  -  MemoryUsage of job (MB)
	0  -  ResidentSetSize of job (KB)
...
005 (4054023.004.000) 07/31 09:53:43 Job terminated.
	(1) Normal termination (return value 0)
		Usr 0 00:00:04, Sys 0 00:00:00  -  Run Remote Usage
		Usr 0 00:00:00, Sys 0 00:00:00  -  Run Local Usage
		Usr 0 00:00:04, Sys 0 00:00:00  -  Total Remote Usage
		Usr 0 00:00:00, Sys 0 00:00:00  -  Total Local Usage
	0  -  Run Bytes Sent By Job
	0  -  Run Bytes Received By Job
	0  -  Total Bytes Sent By Job
	0  -  Total Bytes Received By Job
	Partitionable Resources :    Usage  Request Allocated 
	   Cpus                 :     0.05        1         1 
	   Disk (KB)            :  7500        7500   6743395 
	   Memory (MB)          :     0        1500      1536 
	   Xferslots            :                           0 
...
005 (4054023.005.000) 07/31 09:53:43 Job terminated.
	(1) Normal termination (return value 0)
		Usr 0 00:00:04, Sys 0 00:00:00  -  Run Remote Usage
		Usr 0 00:00:00, Sys 0 00:00:00  -  Run Local Usage
		Usr 0 00:00:04, Sys 0 00:00:00  -  Total Remote Usage
		Usr 0 00:00:00, Sys 0 00:00:00  -  Total Local Usage
	0  -  Run Bytes Sent By Job
	0  -  Run Bytes Received By Job
	0  -  Total Bytes Sent By Job
	0  -  Total Bytes Received By Job
	Partitionable Resources :    Usage  Request Allocated 
	   Cpus                 :        0        1         1 
	   Disk (KB)            :     7500     7500   6743395 
	   Memory (MB)          :        0     1500      1536 
	   Xferslots            :                           0 
...
000 (4054024.002.000) 07/31 09:56:58 Job submitted from host: <130.199.48.83:9618?addrs=130.199.48.83-9618&noUDP&sock=8867_649e_3>
...
001 (4054024.002.000) 07/31 09:58:07 Job executing on host: <130.199.200.114:9618?addrs=130.199.200.114-9618&noUDP&sock=114287_7e01_3>
...
006 (4054024.002.000) 07/31 09:58:11 Image size of job updated: 24228
	0  -  MemoryUsage of job (MB)
	0  -  ResidentSetSize of job (KB)
...
005 (4054024.002.000) 07/31 09:58:11 Job terminated.
	(1) Normal termination (return value 0)
		Usr 0 00:00:03, Sys 0 00:00:00  -  Run Remote Usage
		Usr 0 00:00:00, Sys 0 00:00:00  -  Run Local Usage
		Usr 0 00:00:03, Sys 0 00:00:00  -  Total Remote Usage
		Usr 0 00:00:00, Sys 0 00:00:00  -  Total Local Usage
	0  -  Run Bytes Sent By Job
	0  -  Run Bytes Received By Job
	0  -  Total Bytes Sent By Job
	0  -  Total Bytes Received By Job
	Partitionable Resources :    Usage  Request Allocated 
	   Cpus                 :        0        1         1 
	   Disk (KB)            :     7500     7500   5106407 
	   Memory (MB)          :        0     1500      1536 
	   Xferslots            :                           0 
...
000 (4054026.000.000) 07/31 10:12:35 Job submitted from host: <130.199.48.83:9618?addrs=130.199.48.83-9618&noUDP&sock=8867_649e_3>
...
001 (4054026.000.000) 07/31 10:13:11 Job executing on host: <130.199.157.2:9618?addrs=130.199.157.2-9618&noUDP&sock=37856_0bab_3>
...
006 (4054026.000.000) 07/31 10:13:16 Image size of job updated: 24096
	0  -  MemoryUsage of job (MB)
	0  -  ResidentSetSize of job (KB)
...
005 (4054026.000.000) 07/31 10:13:16 Job terminated.
	(1) Normal termination (return value 0)
		Usr 0 00:00:04, Sys 0 00:00:00  -  Run Remote Usage
		Usr 0 00:00:00, Sys 0 00:00:00  -  Run Local Usage
		Usr 0 00:00:04, Sys 0 00:00:00  -  Total Remote Usage
		Usr 0 00:00:00, Sys 0 00:00:00  -  Total Local Usage
	0  -  Run Bytes Sent By Job
	0  -  Run Bytes Received By Job
	0  -  Total Bytes Sent By Job
	0  -  Total Bytes Received By Job
	Partitionable Resources :    Usage  Request Allocated 
	   Cpus                 :        0        1         1 
	   Disk (KB)            :     7500     7500   6743395 
	   Memory (MB)          :        0     1500      1536 
	   Xferslots            :                           0 
...
000 (4054028.002.000) 07/31 10:25:36 Job submitted from host: <130.199.48.83:9618?addrs=130.199.48.83-9618&noUDP&sock=8867_649e_3>
...
001 (4054028.002.000) 07/31 10:26:11 Job executing on host: <130.199.157.10:9618?addrs=130.199.157.10-9618&noUDP&sock=36734_f25e_3>
...
006 (4054028.002.000) 07/31 10:26:19 Image size of job updated: 35112
	34  -  MemoryUsage of job (MB)
	34420  -  ResidentSetSize of job (KB)
...
006 (4054028.002.000) 07/31 10:31:19 Image size of job updated: 35264
	34  -  MemoryUsage of job (MB)
	34564  -  ResidentSetSize of job (KB)
...
006 (4054028.002.000) 07/31 10:36:20 Image size of job updated: 35272
	34  -  MemoryUsage of job (MB)
	34564  -  ResidentSetSize of job (KB)
...
006 (4054028.002.000) 07/31 10:41:21 Image size of job updated: 35284
	34  -  MemoryUsage of job (MB)
	34568  -  ResidentSetSize of job (KB)
...
006 (4054028.002.000) 07/31 10:46:21 Image size of job updated: 35348
	34  -  MemoryUsage of job (MB)
	34632  -  ResidentSetSize of job (KB)
...
006 (4054028.002.000) 07/31 11:05:36 Image size of job updated: 35420
	34  -  MemoryUsage of job (MB)
	34632  -  ResidentSetSize of job (KB)
...
005 (4054028.002.000) 07/31 11:05:37 Job terminated.
	(1) Normal termination (return value 0)
		Usr 0 00:39:18, Sys 0 00:00:01  -  Run Remote Usage
		Usr 0 00:00:00, Sys 0 00:00:00  -  Run Local Usage
		Usr 0 00:39:18, Sys 0 00:00:01  -  Total Remote Usage
		Usr 0 00:00:00, Sys 0 00:00:00  -  Total Local Usage
	0  -  Run Bytes Sent By Job
	0  -  Run Bytes Received By Job
	0  -  Total Bytes Sent By Job
	0  -  Total Bytes Received By Job
	Partitionable Resources :    Usage  Request Allocated 
	   Cpus                 :     0.99        1         1 
	   Disk (KB)            :  7500        7500   6743395 
	   Memory (MB)          :    34        1500      1536 
	   Xferslots            :                           0 
...
