000 (3954333.000.000) 06/04 17:28:49 Job submitted from host: <130.199.48.83:9618?addrs=130.199.48.83-9618&noUDP&sock=8867_649e_3>
...
001 (3954333.000.000) 06/04 17:30:01 Job executing on host: <130.199.157.84:9618?addrs=130.199.157.84-9618&noUDP&sock=18413_94df_3>
...
006 (3954333.000.000) 06/04 17:30:10 Image size of job updated: 35564
	34  -  MemoryUsage of job (MB)
	34416  -  ResidentSetSize of job (KB)
...
006 (3954333.000.000) 06/04 17:35:11 Image size of job updated: 35756
	34  -  MemoryUsage of job (MB)
	34572  -  ResidentSetSize of job (KB)
...
006 (3954333.000.000) 06/04 17:40:11 Image size of job updated: 35788
	34  -  MemoryUsage of job (MB)
	34600  -  ResidentSetSize of job (KB)
...
006 (3954333.000.000) 06/04 17:50:13 Image size of job updated: 35820
	34  -  MemoryUsage of job (MB)
	34632  -  ResidentSetSize of job (KB)
...
005 (3954333.000.000) 06/04 18:01:17 Job terminated.
	(1) Normal termination (return value 0)
		Usr 0 00:30:56, Sys 0 00:00:04  -  Run Remote Usage
		Usr 0 00:00:00, Sys 0 00:00:00  -  Run Local Usage
		Usr 0 00:30:56, Sys 0 00:00:04  -  Total Remote Usage
		Usr 0 00:00:00, Sys 0 00:00:00  -  Total Local Usage
	0  -  Run Bytes Sent By Job
	0  -  Run Bytes Received By Job
	0  -  Total Bytes Sent By Job
	0  -  Total Bytes Received By Job
	Partitionable Resources :    Usage  Request Allocated 
	   Cpus                 :     0.98        1         1 
	   Disk (KB)            :  7500        7500   3328884 
	   Memory (MB)          :    34        1500      1536 
	   Xferslots            :                           0 
...
000 (4054008.000.000) 07/14 13:50:30 Job submitted from host: <130.199.48.83:9618?addrs=130.199.48.83-9618&noUDP&sock=8867_649e_3>
...
000 (4054010.000.000) 07/14 13:50:30 Job submitted from host: <130.199.48.83:9618?addrs=130.199.48.83-9618&noUDP&sock=8867_649e_3>
...
000 (4054010.001.000) 07/14 13:50:30 Job submitted from host: <130.199.48.83:9618?addrs=130.199.48.83-9618&noUDP&sock=8867_649e_3>
...
000 (4054010.002.000) 07/14 13:50:30 Job submitted from host: <130.199.48.83:9618?addrs=130.199.48.83-9618&noUDP&sock=8867_649e_3>
...
001 (4054010.000.000) 07/14 14:35:04 Job executing on host: <130.199.157.145:9618?addrs=130.199.157.145-9618&noUDP&sock=215844_002a_3>
...
001 (4054010.002.000) 07/14 14:35:04 Job executing on host: <130.199.157.136:9618?addrs=130.199.157.136-9618&noUDP&sock=216690_bfbc_3>
...
001 (4054008.000.000) 07/14 14:35:04 Job executing on host: <130.199.202.110:9618?addrs=130.199.202.110-9618&noUDP&sock=30570_1e5a_3>
...
001 (4054010.001.000) 07/14 14:35:05 Job executing on host: <130.199.157.135:9618?addrs=130.199.157.135-9618&noUDP&sock=215624_5f98_3>
...
006 (4054010.002.000) 07/14 14:35:13 Image size of job updated: 35764
	34  -  MemoryUsage of job (MB)
	34616  -  ResidentSetSize of job (KB)
...
006 (4054010.000.000) 07/14 14:35:13 Image size of job updated: 35768
	34  -  MemoryUsage of job (MB)
	34616  -  ResidentSetSize of job (KB)
...
006 (4054008.000.000) 07/14 14:35:13 Image size of job updated: 36764
	34  -  MemoryUsage of job (MB)
	34520  -  ResidentSetSize of job (KB)
...
006 (4054010.001.000) 07/14 14:35:14 Image size of job updated: 35760
	34  -  MemoryUsage of job (MB)
	34612  -  ResidentSetSize of job (KB)
...
006 (4054010.002.000) 07/14 14:40:14 Image size of job updated: 35996
	34  -  MemoryUsage of job (MB)
	34812  -  ResidentSetSize of job (KB)
...
006 (4054010.000.000) 07/14 14:40:14 Image size of job updated: 36000
	34  -  MemoryUsage of job (MB)
	34812  -  ResidentSetSize of job (KB)
...
006 (4054008.000.000) 07/14 14:40:14 Image size of job updated: 36948
	34  -  MemoryUsage of job (MB)
	34680  -  ResidentSetSize of job (KB)
...
006 (4054010.001.000) 07/14 14:40:15 Image size of job updated: 35992
	34  -  MemoryUsage of job (MB)
	34808  -  ResidentSetSize of job (KB)
...
006 (4054010.002.000) 07/14 14:45:15 Image size of job updated: 36012
	35  -  MemoryUsage of job (MB)
	34824  -  ResidentSetSize of job (KB)
...
006 (4054010.000.000) 07/14 14:45:15 Image size of job updated: 36024
	35  -  MemoryUsage of job (MB)
	34832  -  ResidentSetSize of job (KB)
...
006 (4054010.001.000) 07/14 14:45:16 Image size of job updated: 36008
	35  -  MemoryUsage of job (MB)
	34820  -  ResidentSetSize of job (KB)
...
006 (4054010.002.000) 07/14 14:50:15 Image size of job updated: 36028
	35  -  MemoryUsage of job (MB)
	34836  -  ResidentSetSize of job (KB)
...
006 (4054010.000.000) 07/14 14:50:15 Image size of job updated: 36096
	35  -  MemoryUsage of job (MB)
	34904  -  ResidentSetSize of job (KB)
...
006 (4054008.000.000) 07/14 14:50:15 Image size of job updated: 36952
	34  -  MemoryUsage of job (MB)
	34684  -  ResidentSetSize of job (KB)
...
006 (4054010.001.000) 07/14 14:50:16 Image size of job updated: 36024
	35  -  MemoryUsage of job (MB)
	34832  -  ResidentSetSize of job (KB)
...
006 (4054010.001.000) 07/14 14:55:16 Image size of job updated: 36056
	35  -  MemoryUsage of job (MB)
	34864  -  ResidentSetSize of job (KB)
...
006 (4054010.002.000) 07/14 14:55:16 Image size of job updated: 36096
	35  -  MemoryUsage of job (MB)
	34904  -  ResidentSetSize of job (KB)
...
006 (4054010.001.000) 07/14 15:00:17 Image size of job updated: 36092
	35  -  MemoryUsage of job (MB)
	34900  -  ResidentSetSize of job (KB)
...
006 (4054010.000.000) 07/14 15:00:17 Image size of job updated: 36108
	35  -  MemoryUsage of job (MB)
	34916  -  ResidentSetSize of job (KB)
...
006 (4054008.000.000) 07/14 15:00:17 Image size of job updated: 36980
	34  -  MemoryUsage of job (MB)
	34708  -  ResidentSetSize of job (KB)
...
005 (4054008.000.000) 07/14 15:04:15 Job terminated.
	(1) Normal termination (return value 0)
		Usr 0 00:28:37, Sys 0 00:00:03  -  Run Remote Usage
		Usr 0 00:00:00, Sys 0 00:00:00  -  Run Local Usage
		Usr 0 00:28:37, Sys 0 00:00:03  -  Total Remote Usage
		Usr 0 00:00:00, Sys 0 00:00:00  -  Total Local Usage
	0  -  Run Bytes Sent By Job
	0  -  Run Bytes Received By Job
	0  -  Total Bytes Sent By Job
	0  -  Total Bytes Received By Job
	Partitionable Resources :    Usage  Request Allocated 
	   Cpus                 :     0.94        1         1 
	   Disk (KB)            :  7500        7500   4811687 
	   Memory (MB)          :    34        1500      1536 
	   Xferslots            :                           0 
...
006 (4054010.001.000) 07/14 15:10:17 Image size of job updated: 36104
	35  -  MemoryUsage of job (MB)
	34912  -  ResidentSetSize of job (KB)
...
006 (4054010.002.000) 07/14 15:15:18 Image size of job updated: 36108
	35  -  MemoryUsage of job (MB)
	34916  -  ResidentSetSize of job (KB)
...
005 (4054010.000.000) 07/14 15:31:08 Job terminated.
	(1) Normal termination (return value 0)
		Usr 0 00:54:46, Sys 0 00:00:05  -  Run Remote Usage
		Usr 0 00:00:00, Sys 0 00:00:00  -  Run Local Usage
		Usr 0 00:54:46, Sys 0 00:00:05  -  Total Remote Usage
		Usr 0 00:00:00, Sys 0 00:00:00  -  Total Local Usage
	0  -  Run Bytes Sent By Job
	0  -  Run Bytes Received By Job
	0  -  Total Bytes Sent By Job
	0  -  Total Bytes Received By Job
	Partitionable Resources :    Usage  Request Allocated 
	   Cpus                 :     0.98        1         1 
	   Disk (KB)            :  7500        7500  14337878 
	   Memory (MB)          :    35        1500      1536 
	   Xferslots            :                           0 
...
005 (4054010.001.000) 07/14 15:40:18 Job terminated.
	(1) Normal termination (return value 0)
		Usr 0 00:55:07, Sys 0 00:00:08  -  Run Remote Usage
		Usr 0 00:00:00, Sys 0 00:00:00  -  Run Local Usage
		Usr 0 00:55:07, Sys 0 00:00:08  -  Total Remote Usage
		Usr 0 00:00:00, Sys 0 00:00:00  -  Total Local Usage
	0  -  Run Bytes Sent By Job
	0  -  Run Bytes Received By Job
	0  -  Total Bytes Sent By Job
	0  -  Total Bytes Received By Job
	Partitionable Resources :    Usage  Request Allocated 
	   Cpus                 :     1.00        1         1 
	   Disk (KB)            :  7500        7500  14337878 
	   Memory (MB)          :    35        1500      1536 
	   Xferslots            :                           0 
...
005 (4054010.002.000) 07/14 15:47:17 Job terminated.
	(1) Normal termination (return value 0)
		Usr 0 00:56:50, Sys 0 00:00:08  -  Run Remote Usage
		Usr 0 00:00:00, Sys 0 00:00:00  -  Run Local Usage
		Usr 0 00:56:50, Sys 0 00:00:08  -  Total Remote Usage
		Usr 0 00:00:00, Sys 0 00:00:00  -  Total Local Usage
	0  -  Run Bytes Sent By Job
	0  -  Run Bytes Received By Job
	0  -  Total Bytes Sent By Job
	0  -  Total Bytes Received By Job
	Partitionable Resources :    Usage  Request Allocated 
	   Cpus                 :     1.00        1         1 
	   Disk (KB)            :  7500        7500  14337878 
	   Memory (MB)          :    35        1500      1536 
	   Xferslots            :                           0 
...
