000 (4054029.001.000) 07/31 18:24:49 Job submitted from host: <130.199.48.83:9618?addrs=130.199.48.83-9618&noUDP&sock=8867_649e_3>
...
001 (4054029.001.000) 07/31 22:42:46 Job executing on host: <130.199.202.101:9618?addrs=130.199.202.101-9618&noUDP&sock=30903_8245_3>
...
006 (4054029.001.000) 07/31 22:42:54 Image size of job updated: 35712
	34  -  MemoryUsage of job (MB)
	34552  -  ResidentSetSize of job (KB)
...
006 (4054029.001.000) 07/31 22:47:54 Image size of job updated: 35904
	34  -  MemoryUsage of job (MB)
	34716  -  ResidentSetSize of job (KB)
...
006 (4054029.001.000) 07/31 22:57:55 Image size of job updated: 35908
	34  -  MemoryUsage of job (MB)
	34720  -  ResidentSetSize of job (KB)
...
006 (4054029.001.000) 07/31 23:02:55 Image size of job updated: 35956
	34  -  MemoryUsage of job (MB)
	34768  -  ResidentSetSize of job (KB)
...
006 (4054029.001.000) 07/31 23:07:56 Image size of job updated: 35960
	34  -  MemoryUsage of job (MB)
	34768  -  ResidentSetSize of job (KB)
...
005 (4054029.001.000) 07/31 23:12:09 Job terminated.
	(1) Normal termination (return value 0)
		Usr 0 00:29:10, Sys 0 00:00:01  -  Run Remote Usage
		Usr 0 00:00:00, Sys 0 00:00:00  -  Run Local Usage
		Usr 0 00:29:10, Sys 0 00:00:01  -  Total Remote Usage
		Usr 0 00:00:00, Sys 0 00:00:00  -  Total Local Usage
	0  -  Run Bytes Sent By Job
	0  -  Run Bytes Received By Job
	0  -  Total Bytes Sent By Job
	0  -  Total Bytes Received By Job
	Partitionable Resources :    Usage  Request Allocated 
	   Cpus                 :     1.00        1         1 
	   Disk (KB)            :  7500        7500   4811691 
	   Memory (MB)          :    34        1500      1536 
	   Xferslots            :                           0 
...
000 (4108529.001.000) 08/01 17:53:25 Job submitted from host: <130.199.48.83:9618?addrs=130.199.48.83-9618&noUDP&sock=8867_649e_3>
...
009 (4108529.001.000) 08/01 17:54:26 Job was aborted by the user.
	via condor_rm (by user ahmed51)
...
000 (4109387.001.000) 08/01 17:56:03 Job submitted from host: <130.199.48.83:9618?addrs=130.199.48.83-9618&noUDP&sock=8867_649e_3>
...
001 (4109387.001.000) 08/01 18:22:28 Job executing on host: <130.199.200.112:9618?addrs=130.199.200.112-9618&noUDP&sock=113704_fae6_3>
...
006 (4109387.001.000) 08/01 18:22:37 Image size of job updated: 36080
	34  -  MemoryUsage of job (MB)
	34544  -  ResidentSetSize of job (KB)
...
006 (4109387.001.000) 08/01 18:27:38 Image size of job updated: 36280
	34  -  MemoryUsage of job (MB)
	34704  -  ResidentSetSize of job (KB)
...
006 (4109387.001.000) 08/01 18:37:38 Image size of job updated: 36288
	34  -  MemoryUsage of job (MB)
	34712  -  ResidentSetSize of job (KB)
...
006 (4109387.001.000) 08/01 18:42:39 Image size of job updated: 36336
	34  -  MemoryUsage of job (MB)
	34732  -  ResidentSetSize of job (KB)
...
006 (4109387.001.000) 08/01 18:47:40 Image size of job updated: 36368
	34  -  MemoryUsage of job (MB)
	34764  -  ResidentSetSize of job (KB)
...
006 (4109387.001.000) 08/01 18:51:15 Image size of job updated: 2152896
	34  -  MemoryUsage of job (MB)
	34764  -  ResidentSetSize of job (KB)
...
005 (4109387.001.000) 08/01 18:51:15 Job terminated.
	(1) Normal termination (return value 0)
		Usr 0 00:28:40, Sys 0 00:00:01  -  Run Remote Usage
		Usr 0 00:00:00, Sys 0 00:00:00  -  Run Local Usage
		Usr 0 00:28:40, Sys 0 00:00:01  -  Total Remote Usage
		Usr 0 00:00:00, Sys 0 00:00:00  -  Total Local Usage
	0  -  Run Bytes Sent By Job
	0  -  Run Bytes Received By Job
	0  -  Total Bytes Sent By Job
	0  -  Total Bytes Received By Job
	Partitionable Resources :    Usage  Request Allocated 
	   Cpus                 :     1.00        1         1 
	   Disk (KB)            :  7500        7500   5106409 
	   Memory (MB)          :    34        1500      1536 
	   Xferslots            :                           0 
...
