000 (4054020.002.000) 07/31 07:55:47 Job submitted from host: <130.199.48.83:9618?addrs=130.199.48.83-9618&noUDP&sock=8867_649e_3>
...
001 (4054020.002.000) 07/31 07:56:10 Job executing on host: <130.199.200.98:9618?addrs=130.199.200.98-9618&noUDP&sock=392268_f82d_3>
...
006 (4054020.002.000) 07/31 07:56:13 Image size of job updated: 35640
	0  -  MemoryUsage of job (MB)
	0  -  ResidentSetSize of job (KB)
...
005 (4054020.002.000) 07/31 07:56:14 Job terminated.
	(1) Normal termination (return value 0)
		Usr 0 00:00:03, Sys 0 00:00:01  -  Run Remote Usage
		Usr 0 00:00:00, Sys 0 00:00:00  -  Run Local Usage
		Usr 0 00:00:03, Sys 0 00:00:01  -  Total Remote Usage
		Usr 0 00:00:00, Sys 0 00:00:00  -  Total Local Usage
	0  -  Run Bytes Sent By Job
	0  -  Run Bytes Received By Job
	0  -  Total Bytes Sent By Job
	0  -  Total Bytes Received By Job
	Partitionable Resources :    Usage  Request Allocated 
	   Cpus                 :        0        1         1 
	   Disk (KB)            :     7500     7500   5106276 
	   Memory (MB)          :        0     1500      1536 
	   Xferslots            :                           0 
...
000 (4054022.001.000) 07/31 09:45:52 Job submitted from host: <130.199.48.83:9618?addrs=130.199.48.83-9618&noUDP&sock=8867_649e_3>
...
001 (4054022.001.000) 07/31 09:46:33 Job executing on host: <130.199.202.106:9618?addrs=130.199.202.106-9618&noUDP&sock=31922_026e_3>
...
006 (4054022.001.000) 07/31 09:46:36 Image size of job updated: 24364
	0  -  MemoryUsage of job (MB)
	0  -  ResidentSetSize of job (KB)
...
005 (4054022.001.000) 07/31 09:46:36 Job terminated.
	(1) Normal termination (return value 0)
		Usr 0 00:00:02, Sys 0 00:00:00  -  Run Remote Usage
		Usr 0 00:00:00, Sys 0 00:00:00  -  Run Local Usage
		Usr 0 00:00:02, Sys 0 00:00:00  -  Total Remote Usage
		Usr 0 00:00:00, Sys 0 00:00:00  -  Total Local Usage
	0  -  Run Bytes Sent By Job
	0  -  Run Bytes Received By Job
	0  -  Total Bytes Sent By Job
	0  -  Total Bytes Received By Job
	Partitionable Resources :    Usage  Request Allocated 
	   Cpus                 :        0        1         1 
	   Disk (KB)            :     7500     7500   4811698 
	   Memory (MB)          :        0     1500      1536 
	   Xferslots            :                           0 
...
000 (4054023.001.000) 07/31 09:52:42 Job submitted from host: <130.199.48.83:9618?addrs=130.199.48.83-9618&noUDP&sock=8867_649e_3>
...
000 (4054023.002.000) 07/31 09:52:42 Job submitted from host: <130.199.48.83:9618?addrs=130.199.48.83-9618&noUDP&sock=8867_649e_3>
...
001 (4054023.002.000) 07/31 09:53:36 Job executing on host: <130.199.157.18:9618?addrs=130.199.157.18-9618&noUDP&sock=119745_e15c_3>
...
001 (4054023.001.000) 07/31 09:53:38 Job executing on host: <130.199.157.17:9618?addrs=130.199.157.17-9618&noUDP&sock=118097_4f22_3>
...
006 (4054023.002.000) 07/31 09:53:41 Image size of job updated: 2152896
	0  -  MemoryUsage of job (MB)
	0  -  ResidentSetSize of job (KB)
...
005 (4054023.002.000) 07/31 09:53:41 Job terminated.
	(1) Normal termination (return value 0)
		Usr 0 00:00:04, Sys 0 00:00:00  -  Run Remote Usage
		Usr 0 00:00:00, Sys 0 00:00:00  -  Run Local Usage
		Usr 0 00:00:04, Sys 0 00:00:00  -  Total Remote Usage
		Usr 0 00:00:00, Sys 0 00:00:00  -  Total Local Usage
	0  -  Run Bytes Sent By Job
	0  -  Run Bytes Received By Job
	0  -  Total Bytes Sent By Job
	0  -  Total Bytes Received By Job
	Partitionable Resources :    Usage  Request Allocated 
	   Cpus                 :        0        1         1 
	   Disk (KB)            :     7500     7500   6743395 
	   Memory (MB)          :        0     1500      1536 
	   Xferslots            :                           0 
...
006 (4054023.001.000) 07/31 09:53:47 Image size of job updated: 24052
	24  -  MemoryUsage of job (MB)
	23952  -  ResidentSetSize of job (KB)
...
006 (4054023.001.000) 07/31 09:53:49 Image size of job updated: 27212
	24  -  MemoryUsage of job (MB)
	23952  -  ResidentSetSize of job (KB)
...
005 (4054023.001.000) 07/31 09:53:50 Job terminated.
	(1) Normal termination (return value 0)
		Usr 0 00:00:04, Sys 0 00:00:00  -  Run Remote Usage
		Usr 0 00:00:00, Sys 0 00:00:00  -  Run Local Usage
		Usr 0 00:00:04, Sys 0 00:00:00  -  Total Remote Usage
		Usr 0 00:00:00, Sys 0 00:00:00  -  Total Local Usage
	0  -  Run Bytes Sent By Job
	0  -  Run Bytes Received By Job
	0  -  Total Bytes Sent By Job
	0  -  Total Bytes Received By Job
	Partitionable Resources :    Usage  Request Allocated 
	   Cpus                 :        0        1         1 
	   Disk (KB)            :     7500     7500   6743395 
	   Memory (MB)          :       24     1500      1536 
	   Xferslots            :                           0 
...
000 (4054024.001.000) 07/31 09:56:58 Job submitted from host: <130.199.48.83:9618?addrs=130.199.48.83-9618&noUDP&sock=8867_649e_3>
...
001 (4054024.001.000) 07/31 09:58:07 Job executing on host: <130.199.157.10:9618?addrs=130.199.157.10-9618&noUDP&sock=36734_f25e_3>
...
006 (4054024.001.000) 07/31 09:58:12 Image size of job updated: 2152896
	0  -  MemoryUsage of job (MB)
	0  -  ResidentSetSize of job (KB)
...
005 (4054024.001.000) 07/31 09:58:13 Job terminated.
	(1) Normal termination (return value 0)
		Usr 0 00:00:04, Sys 0 00:00:00  -  Run Remote Usage
		Usr 0 00:00:00, Sys 0 00:00:00  -  Run Local Usage
		Usr 0 00:00:04, Sys 0 00:00:00  -  Total Remote Usage
		Usr 0 00:00:00, Sys 0 00:00:00  -  Total Local Usage
	0  -  Run Bytes Sent By Job
	0  -  Run Bytes Received By Job
	0  -  Total Bytes Sent By Job
	0  -  Total Bytes Received By Job
	Partitionable Resources :    Usage  Request Allocated 
	   Cpus                 :        0        1         1 
	   Disk (KB)            :     7500     7500   6743395 
	   Memory (MB)          :        0     1500      1536 
	   Xferslots            :                           0 
...
000 (4054025.000.000) 07/31 10:10:52 Job submitted from host: <130.199.48.83:9618?addrs=130.199.48.83-9618&noUDP&sock=8867_649e_3>
...
001 (4054025.000.000) 07/31 10:12:12 Job executing on host: <130.199.157.140:9618?addrs=130.199.157.140-9618&noUDP&sock=216284_414d_3>
...
006 (4054025.000.000) 07/31 10:12:16 Image size of job updated: 2152896
	0  -  MemoryUsage of job (MB)
	0  -  ResidentSetSize of job (KB)
...
005 (4054025.000.000) 07/31 10:12:17 Job terminated.
	(1) Normal termination (return value 0)
		Usr 0 00:00:03, Sys 0 00:00:00  -  Run Remote Usage
		Usr 0 00:00:00, Sys 0 00:00:00  -  Run Local Usage
		Usr 0 00:00:03, Sys 0 00:00:00  -  Total Remote Usage
		Usr 0 00:00:00, Sys 0 00:00:00  -  Total Local Usage
	0  -  Run Bytes Sent By Job
	0  -  Run Bytes Received By Job
	0  -  Total Bytes Sent By Job
	0  -  Total Bytes Received By Job
	Partitionable Resources :    Usage  Request Allocated 
	   Cpus                 :     0.01        1         1 
	   Disk (KB)            :  7500        7500  14337878 
	   Memory (MB)          :     0        1500      1536 
	   Xferslots            :                           0 
...
000 (4054028.001.000) 07/31 10:25:36 Job submitted from host: <130.199.48.83:9618?addrs=130.199.48.83-9618&noUDP&sock=8867_649e_3>
...
001 (4054028.001.000) 07/31 10:26:10 Job executing on host: <130.199.200.100:9618?addrs=130.199.200.100-9618&noUDP&sock=117101_1672_3>
...
006 (4054028.001.000) 07/31 10:26:20 Image size of job updated: 35448
	34  -  MemoryUsage of job (MB)
	34520  -  ResidentSetSize of job (KB)
...
006 (4054028.001.000) 07/31 10:31:20 Image size of job updated: 35640
	34  -  MemoryUsage of job (MB)
	34728  -  ResidentSetSize of job (KB)
...
006 (4054028.001.000) 07/31 10:36:20 Image size of job updated: 35648
	34  -  MemoryUsage of job (MB)
	34728  -  ResidentSetSize of job (KB)
...
005 (4054028.001.000) 07/31 10:49:01 Job terminated.
	(1) Normal termination (return value 0)
		Usr 0 00:22:44, Sys 0 00:00:01  -  Run Remote Usage
		Usr 0 00:00:00, Sys 0 00:00:00  -  Run Local Usage
		Usr 0 00:22:44, Sys 0 00:00:01  -  Total Remote Usage
		Usr 0 00:00:00, Sys 0 00:00:00  -  Total Local Usage
	0  -  Run Bytes Sent By Job
	0  -  Run Bytes Received By Job
	0  -  Total Bytes Sent By Job
	0  -  Total Bytes Received By Job
	Partitionable Resources :    Usage  Request Allocated 
	   Cpus                 :     1.00        1         1 
	   Disk (KB)            :  7500        7500   5106409 
	   Memory (MB)          :    34        1500      1536 
	   Xferslots            :                           0 
...
000 (4119529.001.000) 08/12 12:01:49 Job submitted from host: <130.199.48.83:9618?addrs=130.199.48.83-9618&noUDP&sock=8867_649e_3>
...
001 (4119529.001.000) 08/12 12:16:04 Job executing on host: <130.199.157.2:9618?addrs=130.199.157.2-9618&noUDP&sock=37856_0bab_3>
...
006 (4119529.001.000) 08/12 12:16:06 Image size of job updated: 7500
	0  -  MemoryUsage of job (MB)
	0  -  ResidentSetSize of job (KB)
...
005 (4119529.001.000) 08/12 12:16:06 Job terminated.
	(1) Normal termination (return value 1)
		Usr 0 00:00:00, Sys 0 00:00:00  -  Run Remote Usage
		Usr 0 00:00:00, Sys 0 00:00:00  -  Run Local Usage
		Usr 0 00:00:00, Sys 0 00:00:00  -  Total Remote Usage
		Usr 0 00:00:00, Sys 0 00:00:00  -  Total Local Usage
	0  -  Run Bytes Sent By Job
	0  -  Run Bytes Received By Job
	0  -  Total Bytes Sent By Job
	0  -  Total Bytes Received By Job
	Partitionable Resources :    Usage  Request Allocated 
	   Cpus                 :        0        1         1 
	   Disk (KB)            :     7500     7500   6743395 
	   Memory (MB)          :        0     1500      1536 
	   Xferslots            :                           0 
...
000 (4119530.001.000) 08/12 12:58:52 Job submitted from host: <130.199.48.83:9618?addrs=130.199.48.83-9618&noUDP&sock=8867_649e_3>
...
001 (4119530.001.000) 08/12 12:59:44 Job executing on host: <130.199.200.106:9618?addrs=130.199.200.106-9618&noUDP&sock=115694_ca3a_3>
...
006 (4119530.001.000) 08/12 12:59:47 Image size of job updated: 7500
	0  -  MemoryUsage of job (MB)
	0  -  ResidentSetSize of job (KB)
...
005 (4119530.001.000) 08/12 12:59:47 Job terminated.
	(1) Normal termination (return value 1)
		Usr 0 00:00:00, Sys 0 00:00:01  -  Run Remote Usage
		Usr 0 00:00:00, Sys 0 00:00:00  -  Run Local Usage
		Usr 0 00:00:00, Sys 0 00:00:01  -  Total Remote Usage
		Usr 0 00:00:00, Sys 0 00:00:00  -  Total Local Usage
	0  -  Run Bytes Sent By Job
	0  -  Run Bytes Received By Job
	0  -  Total Bytes Sent By Job
	0  -  Total Bytes Received By Job
	Partitionable Resources :    Usage  Request Allocated 
	   Cpus                 :        0        1         1 
	   Disk (KB)            :     7500     7500   5106404 
	   Memory (MB)          :        0     1500      1536 
	   Xferslots            :                           0 
...
000 (4119531.001.000) 08/12 13:07:43 Job submitted from host: <130.199.48.83:9618?addrs=130.199.48.83-9618&noUDP&sock=8867_649e_3>
...
001 (4119531.001.000) 08/12 13:08:13 Job executing on host: <130.199.156.233:9618?addrs=130.199.156.233-9618&noUDP&sock=36613_a6db_3>
...
006 (4119531.001.000) 08/12 13:08:21 Image size of job updated: 35812
	34  -  MemoryUsage of job (MB)
	34644  -  ResidentSetSize of job (KB)
...
006 (4119531.001.000) 08/12 13:13:21 Image size of job updated: 35956
	34  -  MemoryUsage of job (MB)
	34760  -  ResidentSetSize of job (KB)
...
006 (4119531.001.000) 08/12 13:18:22 Image size of job updated: 35972
	34  -  MemoryUsage of job (MB)
	34772  -  ResidentSetSize of job (KB)
...
006 (4119531.001.000) 08/12 13:23:22 Image size of job updated: 36016
	34  -  MemoryUsage of job (MB)
	34812  -  ResidentSetSize of job (KB)
...
006 (4119531.001.000) 08/12 13:28:22 Image size of job updated: 36020
	34  -  MemoryUsage of job (MB)
	34812  -  ResidentSetSize of job (KB)
...
005 (4119531.001.000) 08/12 14:21:56 Job terminated.
	(1) Normal termination (return value 0)
		Usr 0 01:13:16, Sys 0 00:00:02  -  Run Remote Usage
		Usr 0 00:00:00, Sys 0 00:00:00  -  Run Local Usage
		Usr 0 01:13:16, Sys 0 00:00:02  -  Total Remote Usage
		Usr 0 00:00:00, Sys 0 00:00:00  -  Total Local Usage
	0  -  Run Bytes Sent By Job
	0  -  Run Bytes Received By Job
	0  -  Total Bytes Sent By Job
	0  -  Total Bytes Received By Job
	Partitionable Resources :    Usage  Request Allocated 
	   Cpus                 :     1.00        1         1 
	   Disk (KB)            :  7500        7500   6743395 
	   Memory (MB)          :    34        1500      1536 
	   Xferslots            :                           0 
...
000 (4119618.001.000) 08/13 12:03:53 Job submitted from host: <130.199.48.83:9618?addrs=130.199.48.83-9618&noUDP&sock=8867_649e_3>
...
001 (4119618.001.000) 08/13 12:06:30 Job executing on host: <130.199.202.109:9618?addrs=130.199.202.109-9618&noUDP&sock=400631_c0dd_3>
...
006 (4119618.001.000) 08/13 12:06:31 Image size of job updated: 7500
	0  -  MemoryUsage of job (MB)
	0  -  ResidentSetSize of job (KB)
...
005 (4119618.001.000) 08/13 12:06:31 Job terminated.
	(1) Normal termination (return value 1)
		Usr 0 00:00:00, Sys 0 00:00:00  -  Run Remote Usage
		Usr 0 00:00:00, Sys 0 00:00:00  -  Run Local Usage
		Usr 0 00:00:00, Sys 0 00:00:00  -  Total Remote Usage
		Usr 0 00:00:00, Sys 0 00:00:00  -  Total Local Usage
	0  -  Run Bytes Sent By Job
	0  -  Run Bytes Received By Job
	0  -  Total Bytes Sent By Job
	0  -  Total Bytes Received By Job
	Partitionable Resources :    Usage  Request Allocated 
	   Cpus                 :                 1         1 
	   Disk (KB)            :     7500     7500   4811701 
	   Memory (MB)          :        0     1500      1536 
	   Xferslots            :                           0 
...
000 (4119677.002.000) 08/13 12:57:42 Job submitted from host: <130.199.48.83:9618?addrs=130.199.48.83-9618&noUDP&sock=8867_649e_3>
...
001 (4119677.002.000) 08/13 13:01:24 Job executing on host: <130.199.202.110:9618?addrs=130.199.202.110-9618&noUDP&sock=30570_1e5a_3>
...
006 (4119677.002.000) 08/13 13:01:32 Image size of job updated: 35948
	34  -  MemoryUsage of job (MB)
	34688  -  ResidentSetSize of job (KB)
...
006 (4119677.002.000) 08/13 13:06:32 Image size of job updated: 36144
	35  -  MemoryUsage of job (MB)
	34848  -  ResidentSetSize of job (KB)
...
006 (4119677.002.000) 08/13 13:11:33 Image size of job updated: 36148
	35  -  MemoryUsage of job (MB)
	34848  -  ResidentSetSize of job (KB)
...
006 (4119677.002.000) 08/13 13:16:33 Image size of job updated: 36156
	35  -  MemoryUsage of job (MB)
	34852  -  ResidentSetSize of job (KB)
...
006 (4119677.002.000) 08/13 13:21:33 Image size of job updated: 36188
	35  -  MemoryUsage of job (MB)
	34884  -  ResidentSetSize of job (KB)
...
006 (4119677.002.000) 08/13 13:51:36 Image size of job updated: 36188
	35  -  MemoryUsage of job (MB)
	34888  -  ResidentSetSize of job (KB)
...
005 (4119677.002.000) 08/13 14:04:49 Job terminated.
	(1) Normal termination (return value 0)
		Usr 0 01:03:07, Sys 0 00:00:01  -  Run Remote Usage
		Usr 0 00:00:00, Sys 0 00:00:00  -  Run Local Usage
		Usr 0 01:03:07, Sys 0 00:00:01  -  Total Remote Usage
		Usr 0 00:00:00, Sys 0 00:00:00  -  Total Local Usage
	0  -  Run Bytes Sent By Job
	0  -  Run Bytes Received By Job
	0  -  Total Bytes Sent By Job
	0  -  Total Bytes Received By Job
	Partitionable Resources :    Usage  Request Allocated 
	   Cpus                 :     1.00        1         1 
	   Disk (KB)            :  7500        7500   4811687 
	   Memory (MB)          :    35        1500      1536 
	   Xferslots            :                           0 
...
