000 (4054012.003.000) 07/15 20:24:31 Job submitted from host: <130.199.48.83:9618?addrs=130.199.48.83-9618&noUDP&sock=8867_649e_3>
...
001 (4054012.003.000) 07/15 20:25:07 Job executing on host: <130.199.200.111:9618?addrs=130.199.200.111-9618&noUDP&sock=254107_c1d2_3>
...
006 (4054012.003.000) 07/15 20:25:15 Image size of job updated: 35800
	34  -  MemoryUsage of job (MB)
	34604  -  ResidentSetSize of job (KB)
...
006 (4054012.003.000) 07/15 20:30:15 Image size of job updated: 36068
	35  -  MemoryUsage of job (MB)
	34840  -  ResidentSetSize of job (KB)
...
006 (4054012.003.000) 07/15 20:35:16 Image size of job updated: 36084
	35  -  MemoryUsage of job (MB)
	34848  -  ResidentSetSize of job (KB)
...
006 (4054012.003.000) 07/15 20:40:17 Image size of job updated: 36116
	35  -  MemoryUsage of job (MB)
	34880  -  ResidentSetSize of job (KB)
...
006 (4054012.003.000) 07/15 20:50:18 Image size of job updated: 36128
	35  -  MemoryUsage of job (MB)
	34892  -  ResidentSetSize of job (KB)
...
006 (4054012.003.000) 07/15 21:15:20 Image size of job updated: 36160
	35  -  MemoryUsage of job (MB)
	34924  -  ResidentSetSize of job (KB)
...
005 (4054012.003.000) 07/15 21:20:41 Job terminated.
	(1) Normal termination (return value 0)
		Usr 0 00:54:57, Sys 0 00:00:03  -  Run Remote Usage
		Usr 0 00:00:00, Sys 0 00:00:00  -  Run Local Usage
		Usr 0 00:54:57, Sys 0 00:00:03  -  Total Remote Usage
		Usr 0 00:00:00, Sys 0 00:00:00  -  Total Local Usage
	0  -  Run Bytes Sent By Job
	0  -  Run Bytes Received By Job
	0  -  Total Bytes Sent By Job
	0  -  Total Bytes Received By Job
	Partitionable Resources :    Usage  Request Allocated 
	   Cpus                 :     0.99        1         1 
	   Disk (KB)            :  7500        7500   5106403 
	   Memory (MB)          :    35        1500      1536 
	   Xferslots            :                           0 
...
000 (4054015.000.000) 07/23 12:26:31 Job submitted from host: <130.199.48.83:9618?addrs=130.199.48.83-9618&noUDP&sock=8867_649e_3>
...
001 (4054015.000.000) 07/23 12:28:27 Job executing on host: <130.199.202.109:9618?addrs=130.199.202.109-9618&noUDP&sock=400631_c0dd_3>
...
006 (4054015.000.000) 07/23 12:28:36 Image size of job updated: 35780
	34  -  MemoryUsage of job (MB)
	34624  -  ResidentSetSize of job (KB)
...
006 (4054015.000.000) 07/23 12:33:37 Image size of job updated: 36012
	35  -  MemoryUsage of job (MB)
	34820  -  ResidentSetSize of job (KB)
...
006 (4054015.000.000) 07/23 12:38:37 Image size of job updated: 36016
	35  -  MemoryUsage of job (MB)
	34824  -  ResidentSetSize of job (KB)
...
006 (4054015.000.000) 07/23 12:43:37 Image size of job updated: 36028
	35  -  MemoryUsage of job (MB)
	34836  -  ResidentSetSize of job (KB)
...
006 (4054015.000.000) 07/23 12:58:38 Image size of job updated: 36056
	35  -  MemoryUsage of job (MB)
	34864  -  ResidentSetSize of job (KB)
...
006 (4054015.000.000) 07/23 13:53:44 Image size of job updated: 36068
	35  -  MemoryUsage of job (MB)
	34872  -  ResidentSetSize of job (KB)
...
006 (4054015.000.000) 07/23 15:08:52 Image size of job updated: 36084
	35  -  MemoryUsage of job (MB)
	34888  -  ResidentSetSize of job (KB)
...
006 (4054015.000.000) 07/23 17:29:04 Image size of job updated: 36088
	35  -  MemoryUsage of job (MB)
	34892  -  ResidentSetSize of job (KB)
...
006 (4054015.000.000) 07/23 18:09:08 Image size of job updated: 36088
	35  -  MemoryUsage of job (MB)
	34932  -  ResidentSetSize of job (KB)
...
006 (4054015.000.000) 07/23 19:59:20 Image size of job updated: 36088
	35  -  MemoryUsage of job (MB)
	34944  -  ResidentSetSize of job (KB)
...
005 (4054015.000.000) 07/23 21:28:33 Job terminated.
	(1) Normal termination (return value 0)
		Usr 0 08:55:30, Sys 0 00:00:21  -  Run Remote Usage
		Usr 0 00:00:00, Sys 0 00:00:00  -  Run Local Usage
		Usr 0 08:55:30, Sys 0 00:00:21  -  Total Remote Usage
		Usr 0 00:00:00, Sys 0 00:00:00  -  Total Local Usage
	0  -  Run Bytes Sent By Job
	0  -  Run Bytes Received By Job
	0  -  Total Bytes Sent By Job
	0  -  Total Bytes Received By Job
	Partitionable Resources :    Usage  Request Allocated 
	   Cpus                 :     1.00        1         1 
	   Disk (KB)            :  7500        7500   4811701 
	   Memory (MB)          :    35        1500      1536 
	   Xferslots            :                           0 
...
000 (4119728.001.000) 08/14 12:38:44 Job submitted from host: <130.199.48.83:9618?addrs=130.199.48.83-9618&noUDP&sock=8867_649e_3>
...
001 (4119728.001.000) 08/14 13:19:27 Job executing on host: <130.199.156.74:9618?addrs=130.199.156.74-9618&noUDP&sock=18409_50ca_3>
...
006 (4119728.001.000) 08/14 13:19:35 Image size of job updated: 7500
	1  -  MemoryUsage of job (MB)
	64  -  ResidentSetSize of job (KB)
...
006 (4119728.001.000) 08/14 13:24:35 Image size of job updated: 36272
	34  -  MemoryUsage of job (MB)
	34804  -  ResidentSetSize of job (KB)
...
006 (4119728.001.000) 08/14 13:29:36 Image size of job updated: 36296
	35  -  MemoryUsage of job (MB)
	34824  -  ResidentSetSize of job (KB)
...
006 (4119728.001.000) 08/14 13:39:38 Image size of job updated: 36300
	35  -  MemoryUsage of job (MB)
	34824  -  ResidentSetSize of job (KB)
...
006 (4119728.001.000) 08/14 13:44:39 Image size of job updated: 36388
	35  -  MemoryUsage of job (MB)
	34912  -  ResidentSetSize of job (KB)
...
006 (4119728.001.000) 08/14 13:49:39 Image size of job updated: 36396
	35  -  MemoryUsage of job (MB)
	34920  -  ResidentSetSize of job (KB)
...
005 (4119728.001.000) 08/14 14:23:11 Job terminated.
	(1) Normal termination (return value 0)
		Usr 0 01:03:18, Sys 0 00:00:04  -  Run Remote Usage
		Usr 0 00:00:00, Sys 0 00:00:00  -  Run Local Usage
		Usr 0 01:03:18, Sys 0 00:00:04  -  Total Remote Usage
		Usr 0 00:00:00, Sys 0 00:00:00  -  Total Local Usage
	0  -  Run Bytes Sent By Job
	0  -  Run Bytes Received By Job
	0  -  Total Bytes Sent By Job
	0  -  Total Bytes Received By Job
	Partitionable Resources :    Usage  Request Allocated 
	   Cpus                 :     1.00        1         1 
	   Disk (KB)            :  7500        7500   3325681 
	   Memory (MB)          :    35        1500      1536 
	   Xferslots            :                           0 
...
000 (4159731.003.000) 09/20 03:25:14 Job submitted from host: <130.199.48.83:9618?addrs=130.199.48.83-9618&noUDP&sock=8867_649e_3>
...
001 (4159731.003.000) 09/20 03:35:39 Job executing on host: <130.199.200.105:9618?addrs=130.199.200.105-9618&noUDP&sock=115346_a700_3>
...
006 (4159731.003.000) 09/20 03:35:48 Image size of job updated: 35816
	34  -  MemoryUsage of job (MB)
	34656  -  ResidentSetSize of job (KB)
...
000 (4159732.003.000) 09/20 03:37:24 Job submitted from host: <130.199.48.83:9618?addrs=130.199.48.83-9618&noUDP&sock=8867_649e_3>
...
000 (4159733.003.000) 09/20 03:37:55 Job submitted from host: <130.199.48.83:9618?addrs=130.199.48.83-9618&noUDP&sock=8867_649e_3>
...
000 (4159734.003.000) 09/20 03:38:18 Job submitted from host: <130.199.48.83:9618?addrs=130.199.48.83-9618&noUDP&sock=8867_649e_3>
...
000 (4159735.003.000) 09/20 03:38:40 Job submitted from host: <130.199.48.83:9618?addrs=130.199.48.83-9618&noUDP&sock=8867_649e_3>
...
006 (4159731.003.000) 09/20 03:40:49 Image size of job updated: 36004
	35  -  MemoryUsage of job (MB)
	34820  -  ResidentSetSize of job (KB)
...
006 (4159731.003.000) 09/20 03:50:50 Image size of job updated: 36020
	35  -  MemoryUsage of job (MB)
	34832  -  ResidentSetSize of job (KB)
...
006 (4159731.003.000) 09/20 03:55:50 Image size of job updated: 36056
	35  -  MemoryUsage of job (MB)
	34864  -  ResidentSetSize of job (KB)
...
006 (4159731.003.000) 09/20 04:20:53 Image size of job updated: 36108
	35  -  MemoryUsage of job (MB)
	34916  -  ResidentSetSize of job (KB)
...
001 (4159735.003.000) 09/20 04:53:57 Job executing on host: <130.199.156.13:9618?addrs=130.199.156.13-9618&noUDP&sock=16816_26b5_3>
...
001 (4159732.003.000) 09/20 04:53:57 Job executing on host: <130.199.157.154:9618?addrs=130.199.157.154-9618&noUDP&sock=215719_7091_3>
...
001 (4159733.003.000) 09/20 04:53:59 Job executing on host: <130.199.156.235:9618?addrs=130.199.156.235-9618&noUDP&sock=116238_f586_3>
...
001 (4159734.003.000) 09/20 04:54:00 Job executing on host: <130.199.156.230:9618?addrs=130.199.156.230-9618&noUDP&sock=31307_5ea8_3>
...
006 (4159735.003.000) 09/20 04:54:05 Image size of job updated: 28836
	28  -  MemoryUsage of job (MB)
	27948  -  ResidentSetSize of job (KB)
...
006 (4159732.003.000) 09/20 04:54:05 Image size of job updated: 35800
	34  -  MemoryUsage of job (MB)
	34640  -  ResidentSetSize of job (KB)
...
006 (4159733.003.000) 09/20 04:54:07 Image size of job updated: 35632
	34  -  MemoryUsage of job (MB)
	34480  -  ResidentSetSize of job (KB)
...
006 (4159734.003.000) 09/20 04:54:08 Image size of job updated: 35808
	34  -  MemoryUsage of job (MB)
	34656  -  ResidentSetSize of job (KB)
...
006 (4159735.003.000) 09/20 04:59:05 Image size of job updated: 36300
	35  -  MemoryUsage of job (MB)
	34836  -  ResidentSetSize of job (KB)
...
006 (4159732.003.000) 09/20 04:59:05 Image size of job updated: 35980
	34  -  MemoryUsage of job (MB)
	34792  -  ResidentSetSize of job (KB)
...
006 (4159733.003.000) 09/20 04:59:07 Image size of job updated: 35984
	34  -  MemoryUsage of job (MB)
	34796  -  ResidentSetSize of job (KB)
...
006 (4159734.003.000) 09/20 04:59:08 Image size of job updated: 35984
	34  -  MemoryUsage of job (MB)
	34808  -  ResidentSetSize of job (KB)
...
006 (4159735.003.000) 09/20 05:04:05 Image size of job updated: 36320
	35  -  MemoryUsage of job (MB)
	34856  -  ResidentSetSize of job (KB)
...
006 (4159732.003.000) 09/20 05:04:06 Image size of job updated: 35992
	34  -  MemoryUsage of job (MB)
	34804  -  ResidentSetSize of job (KB)
...
006 (4159733.003.000) 09/20 05:04:08 Image size of job updated: 36044
	35  -  MemoryUsage of job (MB)
	34856  -  ResidentSetSize of job (KB)
...
006 (4159734.003.000) 09/20 05:04:10 Image size of job updated: 36016
	35  -  MemoryUsage of job (MB)
	34828  -  ResidentSetSize of job (KB)
...
006 (4159731.003.000) 09/20 05:05:57 Image size of job updated: 36112
	35  -  MemoryUsage of job (MB)
	34920  -  ResidentSetSize of job (KB)
...
006 (4159732.003.000) 09/20 05:09:06 Image size of job updated: 36016
	35  -  MemoryUsage of job (MB)
	34828  -  ResidentSetSize of job (KB)
...
006 (4159732.003.000) 09/20 05:14:06 Image size of job updated: 36028
	35  -  MemoryUsage of job (MB)
	34836  -  ResidentSetSize of job (KB)
...
006 (4159733.003.000) 09/20 05:14:09 Image size of job updated: 36052
	35  -  MemoryUsage of job (MB)
	34860  -  ResidentSetSize of job (KB)
...
006 (4159735.003.000) 09/20 05:19:06 Image size of job updated: 36336
	35  -  MemoryUsage of job (MB)
	34868  -  ResidentSetSize of job (KB)
...
006 (4159733.003.000) 09/20 05:19:10 Image size of job updated: 36100
	35  -  MemoryUsage of job (MB)
	34908  -  ResidentSetSize of job (KB)
...
006 (4159734.003.000) 09/20 05:19:11 Image size of job updated: 36024
	35  -  MemoryUsage of job (MB)
	34832  -  ResidentSetSize of job (KB)
...
006 (4159731.003.000) 09/20 05:24:43 Image size of job updated: 2152896
	35  -  MemoryUsage of job (MB)
	34920  -  ResidentSetSize of job (KB)
...
005 (4159731.003.000) 09/20 05:24:43 Job terminated.
	(1) Normal termination (return value 0)
		Usr 0 01:48:34, Sys 0 00:00:05  -  Run Remote Usage
		Usr 0 00:00:00, Sys 0 00:00:00  -  Run Local Usage
		Usr 0 01:48:34, Sys 0 00:00:05  -  Total Remote Usage
		Usr 0 00:00:00, Sys 0 00:00:00  -  Total Local Usage
	0  -  Run Bytes Sent By Job
	0  -  Run Bytes Received By Job
	0  -  Total Bytes Sent By Job
	0  -  Total Bytes Received By Job
	Partitionable Resources :    Usage  Request Allocated 
	   Cpus                 :     0.99        1         1 
	   Disk (KB)            :  7500        7500   5106409 
	   Memory (MB)          :    35        1500      1536 
	   Xferslots            :                           0 
...
006 (4159732.003.000) 09/20 05:29:07 Image size of job updated: 36072
	35  -  MemoryUsage of job (MB)
	34880  -  ResidentSetSize of job (KB)
...
006 (4159734.003.000) 09/20 05:29:12 Image size of job updated: 36028
	35  -  MemoryUsage of job (MB)
	34836  -  ResidentSetSize of job (KB)
...
006 (4159734.003.000) 09/20 05:39:14 Image size of job updated: 36048
	35  -  MemoryUsage of job (MB)
	34856  -  ResidentSetSize of job (KB)
...
006 (4159734.003.000) 09/20 05:44:14 Image size of job updated: 36064
	35  -  MemoryUsage of job (MB)
	34872  -  ResidentSetSize of job (KB)
...
006 (4159735.003.000) 09/20 05:49:10 Image size of job updated: 36364
	35  -  MemoryUsage of job (MB)
	34896  -  ResidentSetSize of job (KB)
...
006 (4159734.003.000) 09/20 06:24:18 Image size of job updated: 36072
	35  -  MemoryUsage of job (MB)
	34880  -  ResidentSetSize of job (KB)
...
005 (4159732.003.000) 09/20 06:37:23 Job terminated.
	(1) Normal termination (return value 0)
		Usr 0 01:42:55, Sys 0 00:00:05  -  Run Remote Usage
		Usr 0 00:00:00, Sys 0 00:00:00  -  Run Local Usage
		Usr 0 01:42:55, Sys 0 00:00:05  -  Total Remote Usage
		Usr 0 00:00:00, Sys 0 00:00:00  -  Total Local Usage
	0  -  Run Bytes Sent By Job
	0  -  Run Bytes Received By Job
	0  -  Total Bytes Sent By Job
	0  -  Total Bytes Received By Job
	Partitionable Resources :    Usage  Request Allocated 
	   Cpus                 :     0.99        1         1 
	   Disk (KB)            :  7500        7500  14337878 
	   Memory (MB)          :    35        1500      1536 
	   Xferslots            :                           0 
...
006 (4159734.003.000) 09/20 06:39:19 Image size of job updated: 36112
	35  -  MemoryUsage of job (MB)
	34920  -  ResidentSetSize of job (KB)
...
006 (4159734.003.000) 09/20 07:07:44 Image size of job updated: 2152896
	35  -  MemoryUsage of job (MB)
	34920  -  ResidentSetSize of job (KB)
...
005 (4159734.003.000) 09/20 07:07:44 Job terminated.
	(1) Normal termination (return value 0)
		Usr 0 02:12:50, Sys 0 00:00:05  -  Run Remote Usage
		Usr 0 00:00:00, Sys 0 00:00:00  -  Run Local Usage
		Usr 0 02:12:50, Sys 0 00:00:05  -  Total Remote Usage
		Usr 0 00:00:00, Sys 0 00:00:00  -  Total Local Usage
	0  -  Run Bytes Sent By Job
	0  -  Run Bytes Received By Job
	0  -  Total Bytes Sent By Job
	0  -  Total Bytes Received By Job
	Partitionable Resources :    Usage  Request Allocated 
	   Cpus                 :     1.00        1         1 
	   Disk (KB)            :  7500        7500   6743395 
	   Memory (MB)          :    35        1500      1536 
	   Xferslots            :                           0 
...
005 (4159733.003.000) 09/20 07:11:22 Job terminated.
	(1) Normal termination (return value 0)
		Usr 0 02:16:54, Sys 0 00:00:04  -  Run Remote Usage
		Usr 0 00:00:00, Sys 0 00:00:00  -  Run Local Usage
		Usr 0 02:16:54, Sys 0 00:00:04  -  Total Remote Usage
		Usr 0 00:00:00, Sys 0 00:00:00  -  Total Local Usage
	0  -  Run Bytes Sent By Job
	0  -  Run Bytes Received By Job
	0  -  Total Bytes Sent By Job
	0  -  Total Bytes Received By Job
	Partitionable Resources :    Usage  Request Allocated 
	   Cpus                 :     1.00        1         1 
	   Disk (KB)            :  7500        7500   6743395 
	   Memory (MB)          :    35        1500      1536 
	   Xferslots            :                           0 
...
005 (4159735.003.000) 09/20 07:38:29 Job terminated.
	(1) Normal termination (return value 0)
		Usr 0 02:43:36, Sys 0 00:00:10  -  Run Remote Usage
		Usr 0 00:00:00, Sys 0 00:00:00  -  Run Local Usage
		Usr 0 02:43:36, Sys 0 00:00:10  -  Total Remote Usage
		Usr 0 00:00:00, Sys 0 00:00:00  -  Total Local Usage
	0  -  Run Bytes Sent By Job
	0  -  Run Bytes Received By Job
	0  -  Total Bytes Sent By Job
	0  -  Total Bytes Received By Job
	Partitionable Resources :    Usage  Request Allocated 
	   Cpus                 :     0.99        1         1 
	   Disk (KB)            :  7500        7500   3325681 
	   Memory (MB)          :    35        1500      1536 
	   Xferslots            :                           0 
...
000 (4160437.004.000) 09/21 04:53:21 Job submitted from host: <130.199.48.83:9618?addrs=130.199.48.83-9618&noUDP&sock=8867_649e_3>
...
001 (4160437.004.000) 09/21 04:57:05 Job executing on host: <130.199.157.17:9618?addrs=130.199.157.17-9618&noUDP&sock=118097_4f22_3>
...
006 (4160437.004.000) 09/21 04:57:12 Image size of job updated: 72920
	0  -  MemoryUsage of job (MB)
	0  -  ResidentSetSize of job (KB)
...
005 (4160437.004.000) 09/21 04:57:13 Job terminated.
	(1) Normal termination (return value 0)
		Usr 0 00:00:00, Sys 0 00:00:00  -  Run Remote Usage
		Usr 0 00:00:00, Sys 0 00:00:00  -  Run Local Usage
		Usr 0 00:00:00, Sys 0 00:00:00  -  Total Remote Usage
		Usr 0 00:00:00, Sys 0 00:00:00  -  Total Local Usage
	0  -  Run Bytes Sent By Job
	0  -  Run Bytes Received By Job
	0  -  Total Bytes Sent By Job
	0  -  Total Bytes Received By Job
	Partitionable Resources :    Usage  Request Allocated 
	   Cpus                 :     0.05        1         1 
	   Disk (KB)            :  1500        1500   6743395 
	   Memory (MB)          :     0        1500      1536 
	   Xferslots            :                           0 
...
000 (4160438.004.000) 09/21 13:10:24 Job submitted from host: <130.199.48.83:9618?addrs=130.199.48.83-9618&noUDP&sock=8867_649e_3>
...
000 (4160439.004.000) 09/21 13:13:27 Job submitted from host: <130.199.48.83:9618?addrs=130.199.48.83-9618&noUDP&sock=8867_649e_3>
...
001 (4160439.004.000) 09/21 13:21:49 Job executing on host: <130.199.156.240:9618?addrs=130.199.156.240-9618&noUDP&sock=36668_0eff_3>
...
001 (4160438.004.000) 09/21 13:21:50 Job executing on host: <130.199.157.7:9618?addrs=130.199.157.7-9618&noUDP&sock=36738_3673_3>
...
006 (4160439.004.000) 09/21 13:21:55 Image size of job updated: 526376
	0  -  MemoryUsage of job (MB)
	0  -  ResidentSetSize of job (KB)
...
005 (4160439.004.000) 09/21 13:21:55 Job terminated.
	(1) Normal termination (return value 0)
		Usr 0 00:00:00, Sys 0 00:00:00  -  Run Remote Usage
		Usr 0 00:00:00, Sys 0 00:00:00  -  Run Local Usage
		Usr 0 00:00:00, Sys 0 00:00:00  -  Total Remote Usage
		Usr 0 00:00:00, Sys 0 00:00:00  -  Total Local Usage
	0  -  Run Bytes Sent By Job
	0  -  Run Bytes Received By Job
	0  -  Total Bytes Sent By Job
	0  -  Total Bytes Received By Job
	Partitionable Resources :    Usage  Request Allocated 
	   Cpus                 :        0        1         1 
	   Disk (KB)            :     1500     1500   6743395 
	   Memory (MB)          :        0     1500      1536 
	   Xferslots            :                           0 
...
006 (4160438.004.000) 09/21 13:21:58 Image size of job updated: 59048
	0  -  MemoryUsage of job (MB)
	0  -  ResidentSetSize of job (KB)
...
005 (4160438.004.000) 09/21 13:21:58 Job terminated.
	(1) Normal termination (return value 0)
		Usr 0 00:00:00, Sys 0 00:00:00  -  Run Remote Usage
		Usr 0 00:00:00, Sys 0 00:00:00  -  Run Local Usage
		Usr 0 00:00:00, Sys 0 00:00:00  -  Total Remote Usage
		Usr 0 00:00:00, Sys 0 00:00:00  -  Total Local Usage
	0  -  Run Bytes Sent By Job
	0  -  Run Bytes Received By Job
	0  -  Total Bytes Sent By Job
	0  -  Total Bytes Received By Job
	Partitionable Resources :    Usage  Request Allocated 
	   Cpus                 :        0        1         1 
	   Disk (KB)            :     1500     1500   6743395 
	   Memory (MB)          :        0     1500      1536 
	   Xferslots            :                           0 
...
000 (4160440.004.000) 09/21 13:26:39 Job submitted from host: <130.199.48.83:9618?addrs=130.199.48.83-9618&noUDP&sock=8867_649e_3>
...
001 (4160440.004.000) 09/21 13:27:00 Job executing on host: <130.199.200.100:9618?addrs=130.199.200.100-9618&noUDP&sock=117101_1672_3>
...
006 (4160440.004.000) 09/21 13:27:09 Image size of job updated: 122552
	79  -  MemoryUsage of job (MB)
	80104  -  ResidentSetSize of job (KB)
...
006 (4160440.004.000) 09/21 13:32:09 Image size of job updated: 3208524
	2743  -  MemoryUsage of job (MB)
	2807900  -  ResidentSetSize of job (KB)
...
006 (4160440.004.000) 09/21 13:32:11 Image size of job updated: 3219044
	2743  -  MemoryUsage of job (MB)
	2807900  -  ResidentSetSize of job (KB)
...
004 (4160440.004.000) 09/21 13:32:11 Job was evicted.
	(0) Job was not checkpointed.
		Usr 0 00:04:53, Sys 0 00:00:05  -  Run Remote Usage
		Usr 0 00:00:00, Sys 0 00:00:00  -  Run Local Usage
	0  -  Run Bytes Sent By Job
	0  -  Run Bytes Received By Job
	Partitionable Resources :    Usage  Request Allocated 
	   Cpus                 :     0.93        1         1 
	   Disk (KB)            :  1500        1500   5106409 
	   Memory (MB)          :  2743        1500      1536 
	   Xferslots            :                           0 
...
001 (4160440.004.000) 09/21 13:34:00 Job executing on host: <130.199.157.6:9618?addrs=130.199.157.6-9618&noUDP&sock=37863_42d1_3>
...
006 (4160440.004.000) 09/21 13:44:10 Image size of job updated: 4999224
	4831  -  MemoryUsage of job (MB)
	4945948  -  ResidentSetSize of job (KB)
...
006 (4160440.004.000) 09/21 13:44:15 Image size of job updated: 5027332
	4831  -  MemoryUsage of job (MB)
	4945948  -  ResidentSetSize of job (KB)
...
004 (4160440.004.000) 09/21 13:44:15 Job was evicted.
	(0) Job was not checkpointed.
		Usr 0 00:09:59, Sys 0 00:00:09  -  Run Remote Usage
		Usr 0 00:00:00, Sys 0 00:00:00  -  Run Local Usage
	0  -  Run Bytes Sent By Job
	0  -  Run Bytes Received By Job
	Partitionable Resources :    Usage  Request Allocated 
	   Cpus                 :     0.99        1         1 
	   Disk (KB)            :  1500        1500   6743395 
	   Memory (MB)          :  4831        2930      2944 
	   Xferslots            :                           0 
...
001 (4160440.004.000) 09/21 13:49:00 Job executing on host: <130.199.157.9:9618?addrs=130.199.157.9-9618&noUDP&sock=117066_02b8_3>
...
005 (4160440.004.000) 09/21 14:02:03 Job terminated.
	(1) Normal termination (return value 0)
		Usr 0 00:12:43, Sys 0 00:00:10  -  Run Remote Usage
		Usr 0 00:00:00, Sys 0 00:00:00  -  Run Local Usage
		Usr 0 00:12:43, Sys 0 00:00:10  -  Total Remote Usage
		Usr 0 00:00:00, Sys 0 00:00:00  -  Total Local Usage
	0  -  Run Bytes Sent By Job
	0  -  Run Bytes Received By Job
	0  -  Total Bytes Sent By Job
	0  -  Total Bytes Received By Job
	Partitionable Resources :    Usage  Request Allocated 
	   Cpus                 :     0.99        1         1 
	   Disk (KB)            :  1500        1500   6743395 
	   Memory (MB)          :  4883        4883      4992 
	   Xferslots            :                           0 
...
000 (4160446.004.000) 09/21 14:19:31 Job submitted from host: <130.199.48.83:9618?addrs=130.199.48.83-9618&noUDP&sock=8867_649e_3>
...
000 (4160447.004.000) 09/21 14:19:57 Job submitted from host: <130.199.48.83:9618?addrs=130.199.48.83-9618&noUDP&sock=8867_649e_3>
...
000 (4160448.004.000) 09/21 14:20:40 Job submitted from host: <130.199.48.83:9618?addrs=130.199.48.83-9618&noUDP&sock=8867_649e_3>
...
000 (4160449.004.000) 09/21 14:20:59 Job submitted from host: <130.199.48.83:9618?addrs=130.199.48.83-9618&noUDP&sock=8867_649e_3>
...
000 (4160450.004.000) 09/21 14:21:22 Job submitted from host: <130.199.48.83:9618?addrs=130.199.48.83-9618&noUDP&sock=8867_649e_3>
...
001 (4160449.004.000) 09/21 14:22:50 Job executing on host: <130.199.158.18:9618?addrs=130.199.158.18-9618&noUDP&sock=17839_eaf4_3>
...
001 (4160448.004.000) 09/21 14:22:50 Job executing on host: <130.199.158.93:9618?addrs=130.199.158.93-9618&noUDP&sock=23417_48cc_3>
...
001 (4160450.004.000) 09/21 14:22:51 Job executing on host: <130.199.153.8:9618?addrs=130.199.153.8-9618&noUDP&sock=20748_945e_3>
...
001 (4160446.004.000) 09/21 14:22:51 Job executing on host: <130.199.152.211:9618?addrs=130.199.152.211-9618&noUDP&sock=16166_6f35_3>
...
001 (4160447.004.000) 09/21 14:22:51 Job executing on host: <130.199.149.196:9618?addrs=130.199.149.196-9618&noUDP&sock=37309_ed4f_3>
...
006 (4160449.004.000) 09/21 14:22:59 Image size of job updated: 35672
	34  -  MemoryUsage of job (MB)
	34512  -  ResidentSetSize of job (KB)
...
006 (4160448.004.000) 09/21 14:22:59 Image size of job updated: 35712
	34  -  MemoryUsage of job (MB)
	34548  -  ResidentSetSize of job (KB)
...
006 (4160447.004.000) 09/21 14:23:00 Image size of job updated: 35796
	34  -  MemoryUsage of job (MB)
	34636  -  ResidentSetSize of job (KB)
...
006 (4160450.004.000) 09/21 14:23:00 Image size of job updated: 35964
	35  -  MemoryUsage of job (MB)
	35228  -  ResidentSetSize of job (KB)
...
006 (4160446.004.000) 09/21 14:23:00 Image size of job updated: 35408
	34  -  MemoryUsage of job (MB)
	34388  -  ResidentSetSize of job (KB)
...
006 (4160447.004.000) 09/21 14:28:00 Image size of job updated: 35820
	34  -  MemoryUsage of job (MB)
	34788  -  ResidentSetSize of job (KB)
...
006 (4160449.004.000) 09/21 14:28:00 Image size of job updated: 35996
	34  -  MemoryUsage of job (MB)
	34808  -  ResidentSetSize of job (KB)
...
006 (4160448.004.000) 09/21 14:28:00 Image size of job updated: 35984
	34  -  MemoryUsage of job (MB)
	34796  -  ResidentSetSize of job (KB)
...
006 (4160450.004.000) 09/21 14:28:01 Image size of job updated: 38108
	37  -  MemoryUsage of job (MB)
	36868  -  ResidentSetSize of job (KB)
...
006 (4160446.004.000) 09/21 14:28:01 Image size of job updated: 36000
	35  -  MemoryUsage of job (MB)
	34820  -  ResidentSetSize of job (KB)
...
006 (4160447.004.000) 09/21 14:33:00 Image size of job updated: 35860
	34  -  MemoryUsage of job (MB)
	34800  -  ResidentSetSize of job (KB)
...
006 (4160449.004.000) 09/21 14:33:01 Image size of job updated: 36028
	35  -  MemoryUsage of job (MB)
	34828  -  ResidentSetSize of job (KB)
...
006 (4160448.004.000) 09/21 14:33:01 Image size of job updated: 36044
	35  -  MemoryUsage of job (MB)
	34856  -  ResidentSetSize of job (KB)
...
006 (4160450.004.000) 09/21 14:33:01 Image size of job updated: 38128
	37  -  MemoryUsage of job (MB)
	36888  -  ResidentSetSize of job (KB)
...
006 (4160446.004.000) 09/21 14:33:02 Image size of job updated: 36004
	35  -  MemoryUsage of job (MB)
	34820  -  ResidentSetSize of job (KB)
...
006 (4160449.004.000) 09/21 14:38:01 Image size of job updated: 36036
	35  -  MemoryUsage of job (MB)
	34832  -  ResidentSetSize of job (KB)
...
006 (4160448.004.000) 09/21 14:38:01 Image size of job updated: 36052
	35  -  MemoryUsage of job (MB)
	34860  -  ResidentSetSize of job (KB)
...
006 (4160450.004.000) 09/21 14:38:01 Image size of job updated: 38136
	37  -  MemoryUsage of job (MB)
	36892  -  ResidentSetSize of job (KB)
...
006 (4160446.004.000) 09/21 14:38:02 Image size of job updated: 36032
	35  -  MemoryUsage of job (MB)
	34844  -  ResidentSetSize of job (KB)
...
006 (4160447.004.000) 09/21 14:43:01 Image size of job updated: 35864
	34  -  MemoryUsage of job (MB)
	34804  -  ResidentSetSize of job (KB)
...
006 (4160447.004.000) 09/21 14:48:01 Image size of job updated: 35888
	35  -  MemoryUsage of job (MB)
	34828  -  ResidentSetSize of job (KB)
...
006 (4160447.004.000) 09/21 14:53:02 Image size of job updated: 35888
	35  -  MemoryUsage of job (MB)
	34852  -  ResidentSetSize of job (KB)
...
006 (4160448.004.000) 09/21 14:53:03 Image size of job updated: 36052
	35  -  MemoryUsage of job (MB)
	34868  -  ResidentSetSize of job (KB)
...
006 (4160447.004.000) 09/21 14:58:03 Image size of job updated: 35908
	35  -  MemoryUsage of job (MB)
	34852  -  ResidentSetSize of job (KB)
...
006 (4160450.004.000) 09/21 15:03:03 Image size of job updated: 38136
	37  -  MemoryUsage of job (MB)
	36908  -  ResidentSetSize of job (KB)
...
006 (4160450.004.000) 09/21 15:08:03 Image size of job updated: 38136
	37  -  MemoryUsage of job (MB)
	36924  -  ResidentSetSize of job (KB)
...
006 (4160449.004.000) 09/21 15:13:04 Image size of job updated: 36036
	35  -  MemoryUsage of job (MB)
	34844  -  ResidentSetSize of job (KB)
...
006 (4160446.004.000) 09/21 15:13:04 Image size of job updated: 36032
	35  -  MemoryUsage of job (MB)
	34848  -  ResidentSetSize of job (KB)
...
005 (4160447.004.000) 09/21 15:17:58 Job terminated.
	(1) Normal termination (return value 0)
		Usr 0 00:54:40, Sys 0 00:00:03  -  Run Remote Usage
		Usr 0 00:00:00, Sys 0 00:00:00  -  Run Local Usage
		Usr 0 00:54:40, Sys 0 00:00:03  -  Total Remote Usage
		Usr 0 00:00:00, Sys 0 00:00:00  -  Total Local Usage
	0  -  Run Bytes Sent By Job
	0  -  Run Bytes Received By Job
	0  -  Total Bytes Sent By Job
	0  -  Total Bytes Received By Job
	Partitionable Resources :    Usage  Request Allocated 
	   Cpus                 :     0.99        1         1 
	   Disk (KB)            :  7500        7500  14337496 
	   Memory (MB)          :    35        1500      1536 
	   Xferslots            :                           0 
...
006 (4160449.004.000) 09/21 15:18:05 Image size of job updated: 36036
	35  -  MemoryUsage of job (MB)
	34848  -  ResidentSetSize of job (KB)
...
006 (4160450.004.000) 09/21 15:33:07 Image size of job updated: 38136
	37  -  MemoryUsage of job (MB)
	36932  -  ResidentSetSize of job (KB)
...
006 (4160446.004.000) 09/21 15:38:08 Image size of job updated: 36032
	35  -  MemoryUsage of job (MB)
	34872  -  ResidentSetSize of job (KB)
...
005 (4160448.004.000) 09/21 15:41:57 Job terminated.
	(1) Normal termination (return value 0)
		Usr 0 01:18:38, Sys 0 00:00:04  -  Run Remote Usage
		Usr 0 00:00:00, Sys 0 00:00:00  -  Run Local Usage
		Usr 0 01:18:38, Sys 0 00:00:04  -  Total Remote Usage
		Usr 0 00:00:00, Sys 0 00:00:00  -  Total Local Usage
	0  -  Run Bytes Sent By Job
	0  -  Run Bytes Received By Job
	0  -  Total Bytes Sent By Job
	0  -  Total Bytes Received By Job
	Partitionable Resources :    Usage  Request Allocated 
	   Cpus                 :     1.00        1         1 
	   Disk (KB)            :  7500        7500   7038850 
	   Memory (MB)          :    35        1500      1536 
	   Xferslots            :                           0 
...
005 (4160446.004.000) 09/21 15:45:22 Job terminated.
	(1) Normal termination (return value 0)
		Usr 0 01:22:00, Sys 0 00:00:04  -  Run Remote Usage
		Usr 0 00:00:00, Sys 0 00:00:00  -  Run Local Usage
		Usr 0 01:22:00, Sys 0 00:00:04  -  Total Remote Usage
		Usr 0 00:00:00, Sys 0 00:00:00  -  Total Local Usage
	0  -  Run Bytes Sent By Job
	0  -  Run Bytes Received By Job
	0  -  Total Bytes Sent By Job
	0  -  Total Bytes Received By Job
	Partitionable Resources :    Usage  Request Allocated 
	   Cpus                 :     1.00        1         1 
	   Disk (KB)            :  7500        7500   1901663 
	   Memory (MB)          :    35        1500      1536 
	   Xferslots            :                           0 
...
005 (4160449.004.000) 09/21 15:48:05 Job terminated.
	(1) Normal termination (return value 0)
		Usr 0 01:24:17, Sys 0 00:00:09  -  Run Remote Usage
		Usr 0 00:00:00, Sys 0 00:00:00  -  Run Local Usage
		Usr 0 01:24:17, Sys 0 00:00:09  -  Total Remote Usage
		Usr 0 00:00:00, Sys 0 00:00:00  -  Total Local Usage
	0  -  Run Bytes Sent By Job
	0  -  Run Bytes Received By Job
	0  -  Total Bytes Sent By Job
	0  -  Total Bytes Received By Job
	Partitionable Resources :    Usage  Request Allocated 
	   Cpus                 :     1.00        1         1 
	   Disk (KB)            :  7500        7500   3329001 
	   Memory (MB)          :    35        1500      1536 
	   Xferslots            :                           0 
...
005 (4160450.004.000) 09/21 15:53:18 Job terminated.
	(1) Normal termination (return value 0)
		Usr 0 01:29:48, Sys 0 00:00:09  -  Run Remote Usage
		Usr 0 00:00:00, Sys 0 00:00:00  -  Run Local Usage
		Usr 0 01:29:48, Sys 0 00:00:09  -  Total Remote Usage
		Usr 0 00:00:00, Sys 0 00:00:00  -  Total Local Usage
	0  -  Run Bytes Sent By Job
	0  -  Run Bytes Received By Job
	0  -  Total Bytes Sent By Job
	0  -  Total Bytes Received By Job
	Partitionable Resources :    Usage  Request Allocated 
	   Cpus                 :     0.91        1         1 
	   Disk (KB)            :  7500        7500   1135889 
	   Memory (MB)          :    37        1500      1536 
	   Xferslots            :                           0 
...
000 (4165377.004.000) 09/22 23:58:39 Job submitted from host: <130.199.48.83:9618?addrs=130.199.48.83-9618&noUDP&sock=8867_649e_3>
...
001 (4165377.004.000) 09/22 23:59:17 Job executing on host: <130.199.157.136:9618?addrs=130.199.157.136-9618&noUDP&sock=216690_bfbc_3>
...
006 (4165377.004.000) 09/22 23:59:26 Image size of job updated: 144360
	100  -  MemoryUsage of job (MB)
	101912  -  ResidentSetSize of job (KB)
...
006 (4165377.004.000) 09/23 00:03:46 Image size of job updated: 2986292
	100  -  MemoryUsage of job (MB)
	101912  -  ResidentSetSize of job (KB)
...
005 (4165377.004.000) 09/23 00:03:47 Job terminated.
	(1) Normal termination (return value 0)
		Usr 0 00:04:18, Sys 0 00:00:05  -  Run Remote Usage
		Usr 0 00:00:00, Sys 0 00:00:00  -  Run Local Usage
		Usr 0 00:04:18, Sys 0 00:00:05  -  Total Remote Usage
		Usr 0 00:00:00, Sys 0 00:00:00  -  Total Local Usage
	0  -  Run Bytes Sent By Job
	0  -  Run Bytes Received By Job
	0  -  Total Bytes Sent By Job
	0  -  Total Bytes Received By Job
	Partitionable Resources :    Usage  Request Allocated 
	   Cpus                 :     0.99        1         1 
	   Disk (KB)            :  1500        1500  14337878 
	   Memory (MB)          :   100        1500      1536 
	   Xferslots            :                           0 
...
000 (4165378.004.000) 09/23 00:10:04 Job submitted from host: <130.199.48.83:9618?addrs=130.199.48.83-9618&noUDP&sock=8867_649e_3>
...
000 (4165379.004.000) 09/23 00:10:30 Job submitted from host: <130.199.48.83:9618?addrs=130.199.48.83-9618&noUDP&sock=8867_649e_3>
...
001 (4165379.004.000) 09/23 00:10:34 Job executing on host: <130.199.156.240:9618?addrs=130.199.156.240-9618&noUDP&sock=36668_0eff_3>
...
001 (4165378.004.000) 09/23 00:10:34 Job executing on host: <130.199.202.115:9618?addrs=130.199.202.115-9618&noUDP&sock=32169_2e8f_3>
...
006 (4165378.004.000) 09/23 00:10:43 Image size of job updated: 109200
	67  -  MemoryUsage of job (MB)
	68324  -  ResidentSetSize of job (KB)
...
006 (4165379.004.000) 09/23 00:10:43 Image size of job updated: 117104
	73  -  MemoryUsage of job (MB)
	74656  -  ResidentSetSize of job (KB)
...
000 (4165380.004.000) 09/23 00:11:05 Job submitted from host: <130.199.48.83:9618?addrs=130.199.48.83-9618&noUDP&sock=8867_649e_3>
...
001 (4165380.004.000) 09/23 00:11:43 Job executing on host: <130.199.157.15:9618?addrs=130.199.157.15-9618&noUDP&sock=36462_dcb8_3>
...
006 (4165380.004.000) 09/23 00:11:52 Image size of job updated: 130832
	87  -  MemoryUsage of job (MB)
	88384  -  ResidentSetSize of job (KB)
...
000 (4165381.004.000) 09/23 00:11:59 Job submitted from host: <130.199.48.83:9618?addrs=130.199.48.83-9618&noUDP&sock=8867_649e_3>
...
001 (4165381.004.000) 09/23 00:12:53 Job executing on host: <130.199.157.147:9618?addrs=130.199.157.147-9618&noUDP&sock=135792_8da0_3>
...
006 (4165381.004.000) 09/23 00:13:01 Image size of job updated: 80968
	39  -  MemoryUsage of job (MB)
	39872  -  ResidentSetSize of job (KB)
...
006 (4165378.004.000) 09/23 00:15:01 Image size of job updated: 2917696
	67  -  MemoryUsage of job (MB)
	68324  -  ResidentSetSize of job (KB)
...
005 (4165378.004.000) 09/23 00:15:01 Job terminated.
	(1) Normal termination (return value 0)
		Usr 0 00:04:12, Sys 0 00:00:04  -  Run Remote Usage
		Usr 0 00:00:00, Sys 0 00:00:00  -  Run Local Usage
		Usr 0 00:04:12, Sys 0 00:00:04  -  Total Remote Usage
		Usr 0 00:00:00, Sys 0 00:00:00  -  Total Local Usage
	0  -  Run Bytes Sent By Job
	0  -  Run Bytes Received By Job
	0  -  Total Bytes Sent By Job
	0  -  Total Bytes Received By Job
	Partitionable Resources :    Usage  Request Allocated 
	   Cpus                 :     1.00        1         1 
	   Disk (KB)            :  1500        1500   4811694 
	   Memory (MB)          :    67        1500      1536 
	   Xferslots            :                           0 
...
006 (4165379.004.000) 09/23 00:15:44 Image size of job updated: 2744740
	2629  -  MemoryUsage of job (MB)
	2691464  -  ResidentSetSize of job (KB)
...
004 (4165379.004.000) 09/23 00:15:45 Job was evicted.
	(0) Job was not checkpointed.
		Usr 0 00:04:59, Sys 0 00:00:04  -  Run Remote Usage
		Usr 0 00:00:00, Sys 0 00:00:00  -  Run Local Usage
	0  -  Run Bytes Sent By Job
	0  -  Run Bytes Received By Job
	Partitionable Resources :    Usage  Request Allocated 
	   Cpus                 :     0.99        1         1 
	   Disk (KB)            :  1500        1500   6743395 
	   Memory (MB)          :  2629        1500      1536 
	   Xferslots            :                           0 
...
001 (4165379.004.000) 09/23 00:16:19 Job executing on host: <130.199.157.9:9618?addrs=130.199.157.9-9618&noUDP&sock=117066_02b8_3>
...
006 (4165380.004.000) 09/23 00:16:53 Image size of job updated: 2936000
	2816  -  MemoryUsage of job (MB)
	2882724  -  ResidentSetSize of job (KB)
...
006 (4165380.004.000) 09/23 00:16:56 Image size of job updated: 2959160
	2816  -  MemoryUsage of job (MB)
	2882724  -  ResidentSetSize of job (KB)
...
004 (4165380.004.000) 09/23 00:16:57 Job was evicted.
	(0) Job was not checkpointed.
		Usr 0 00:04:54, Sys 0 00:00:04  -  Run Remote Usage
		Usr 0 00:00:00, Sys 0 00:00:00  -  Run Local Usage
	0  -  Run Bytes Sent By Job
	0  -  Run Bytes Received By Job
	Partitionable Resources :    Usage  Request Allocated 
	   Cpus                 :     0.89        1         1 
	   Disk (KB)            :  1500        1500   6743395 
	   Memory (MB)          :  2816        1500      1536 
	   Xferslots            :                           0 
...
001 (4165380.004.000) 09/23 00:17:32 Job executing on host: <130.199.157.14:9618?addrs=130.199.157.14-9618&noUDP&sock=36747_0fa3_3>
...
006 (4165381.004.000) 09/23 00:17:53 Image size of job updated: 2966900
	39  -  MemoryUsage of job (MB)
	39872  -  ResidentSetSize of job (KB)
...
005 (4165381.004.000) 09/23 00:17:53 Job terminated.
	(1) Normal termination (return value 0)
		Usr 0 00:04:21, Sys 0 00:00:05  -  Run Remote Usage
		Usr 0 00:00:00, Sys 0 00:00:00  -  Run Local Usage
		Usr 0 00:04:21, Sys 0 00:00:05  -  Total Remote Usage
		Usr 0 00:00:00, Sys 0 00:00:00  -  Total Local Usage
	0  -  Run Bytes Sent By Job
	0  -  Run Bytes Received By Job
	0  -  Total Bytes Sent By Job
	0  -  Total Bytes Received By Job
	Partitionable Resources :    Usage  Request Allocated 
	   Cpus                 :     0.99        1         1 
	   Disk (KB)            :  1500        1500  14337878 
	   Memory (MB)          :    39        1500      1536 
	   Xferslots            :                           0 
...
006 (4165379.004.000) 09/23 00:21:28 Image size of job updated: 2824704
	2707  -  MemoryUsage of job (MB)
	2771428  -  ResidentSetSize of job (KB)
...
005 (4165379.004.000) 09/23 00:21:51 Job terminated.
	(1) Normal termination (return value 0)
		Usr 0 00:05:20, Sys 0 00:00:05  -  Run Remote Usage
		Usr 0 00:00:00, Sys 0 00:00:00  -  Run Local Usage
		Usr 0 00:05:20, Sys 0 00:00:05  -  Total Remote Usage
		Usr 0 00:00:00, Sys 0 00:00:00  -  Total Local Usage
	0  -  Run Bytes Sent By Job
	0  -  Run Bytes Received By Job
	0  -  Total Bytes Sent By Job
	0  -  Total Bytes Received By Job
	Partitionable Resources :    Usage  Request Allocated 
	   Cpus                 :     0.99        1         1 
	   Disk (KB)            :  1500        1500   6743395 
	   Memory (MB)          :  2707        2686      2688 
	   Xferslots            :                           0 
...
005 (4165380.004.000) 09/23 00:22:53 Job terminated.
	(1) Normal termination (return value 0)
		Usr 0 00:05:11, Sys 0 00:00:04  -  Run Remote Usage
		Usr 0 00:00:00, Sys 0 00:00:00  -  Run Local Usage
		Usr 0 00:05:11, Sys 0 00:00:04  -  Total Remote Usage
		Usr 0 00:00:00, Sys 0 00:00:00  -  Total Local Usage
	0  -  Run Bytes Sent By Job
	0  -  Run Bytes Received By Job
	0  -  Total Bytes Sent By Job
	0  -  Total Bytes Received By Job
	Partitionable Resources :    Usage  Request Allocated 
	   Cpus                 :     0.98        1         1 
	   Disk (KB)            :  1500        1500   6743395 
	   Memory (MB)          :  2930        2930      2944 
	   Xferslots            :                           0 
...
000 (4175660.010.000) 10/13 11:56:16 Job submitted from host: <130.199.48.83:9618?addrs=130.199.48.83-9618&noUDP&sock=8867_649e_3>
...
000 (4175661.010.000) 10/13 11:59:21 Job submitted from host: <130.199.48.83:9618?addrs=130.199.48.83-9618&noUDP&sock=8867_649e_3>
...
000 (4175662.010.000) 10/13 12:46:31 Job submitted from host: <130.199.48.83:9618?addrs=130.199.48.83-9618&noUDP&sock=8867_649e_3>
...
001 (4175660.010.000) 10/13 13:15:16 Job executing on host: <130.199.200.28:9618?addrs=130.199.200.28-9618&noUDP&sock=18993_24eb_3>
...
006 (4175660.010.000) 10/13 13:15:23 Image size of job updated: 78572
	0  -  MemoryUsage of job (MB)
	0  -  ResidentSetSize of job (KB)
...
005 (4175660.010.000) 10/13 13:15:23 Job terminated.
	(1) Normal termination (return value 0)
		Usr 0 00:00:00, Sys 0 00:00:00  -  Run Remote Usage
		Usr 0 00:00:00, Sys 0 00:00:00  -  Run Local Usage
		Usr 0 00:00:00, Sys 0 00:00:00  -  Total Remote Usage
		Usr 0 00:00:00, Sys 0 00:00:00  -  Total Local Usage
	0  -  Run Bytes Sent By Job
	0  -  Run Bytes Received By Job
	0  -  Total Bytes Sent By Job
	0  -  Total Bytes Received By Job
	Partitionable Resources :    Usage  Request Allocated 
	   Cpus                 :        0        1         1 
	   Disk (KB)            :     1500     1500   2619173 
	   Memory (MB)          :        0     1500      1536 
	   Xferslots            :                           0 
...
001 (4175661.010.000) 10/13 13:15:23 Job executing on host: <130.199.200.28:9618?addrs=130.199.200.28-9618&noUDP&sock=18993_24eb_3>
...
006 (4175661.010.000) 10/13 13:15:32 Image size of job updated: 35708
	34  -  MemoryUsage of job (MB)
	34556  -  ResidentSetSize of job (KB)
...
001 (4175662.010.000) 10/13 13:15:52 Job executing on host: <130.199.157.17:9618?addrs=130.199.157.17-9618&noUDP&sock=118097_4f22_3>
...
006 (4175662.010.000) 10/13 13:16:00 Image size of job updated: 35772
	34  -  MemoryUsage of job (MB)
	34484  -  ResidentSetSize of job (KB)
...
006 (4175661.010.000) 10/13 13:20:32 Image size of job updated: 35928
	34  -  MemoryUsage of job (MB)
	34744  -  ResidentSetSize of job (KB)
...
006 (4175662.010.000) 10/13 13:21:00 Image size of job updated: 36320
	35  -  MemoryUsage of job (MB)
	34864  -  ResidentSetSize of job (KB)
...
006 (4175661.010.000) 10/13 13:25:32 Image size of job updated: 35980
	34  -  MemoryUsage of job (MB)
	34788  -  ResidentSetSize of job (KB)
...
006 (4175662.010.000) 10/13 13:26:01 Image size of job updated: 36328
	35  -  MemoryUsage of job (MB)
	34864  -  ResidentSetSize of job (KB)
...
006 (4175661.010.000) 10/13 13:30:33 Image size of job updated: 36056
	35  -  MemoryUsage of job (MB)
	34864  -  ResidentSetSize of job (KB)
...
006 (4175662.010.000) 10/13 13:31:02 Image size of job updated: 36336
	35  -  MemoryUsage of job (MB)
	34868  -  ResidentSetSize of job (KB)
...
006 (4175661.010.000) 10/13 13:50:35 Image size of job updated: 36060
	35  -  MemoryUsage of job (MB)
	34868  -  ResidentSetSize of job (KB)
...
006 (4175662.010.000) 10/13 13:56:05 Image size of job updated: 36336
	35  -  MemoryUsage of job (MB)
	34880  -  ResidentSetSize of job (KB)
...
005 (4175661.010.000) 10/13 14:15:03 Job terminated.
	(1) Normal termination (return value 0)
		Usr 0 00:59:34, Sys 0 00:00:03  -  Run Remote Usage
		Usr 0 00:00:00, Sys 0 00:00:00  -  Run Local Usage
		Usr 0 00:59:34, Sys 0 00:00:03  -  Total Remote Usage
		Usr 0 00:00:00, Sys 0 00:00:00  -  Total Local Usage
	0  -  Run Bytes Sent By Job
	0  -  Run Bytes Received By Job
	0  -  Total Bytes Sent By Job
	0  -  Total Bytes Received By Job
	Partitionable Resources :    Usage  Request Allocated 
	   Cpus                 :     1.00        1         1 
	   Disk (KB)            :  7500        7500   2619173 
	   Memory (MB)          :    35        1500      1536 
	   Xferslots            :                           0 
...
005 (4175662.010.000) 10/13 14:19:10 Job terminated.
	(1) Normal termination (return value 0)
		Usr 0 01:03:06, Sys 0 00:00:02  -  Run Remote Usage
		Usr 0 00:00:00, Sys 0 00:00:00  -  Run Local Usage
		Usr 0 01:03:06, Sys 0 00:00:02  -  Total Remote Usage
		Usr 0 00:00:00, Sys 0 00:00:00  -  Total Local Usage
	0  -  Run Bytes Sent By Job
	0  -  Run Bytes Received By Job
	0  -  Total Bytes Sent By Job
	0  -  Total Bytes Received By Job
	Partitionable Resources :    Usage  Request Allocated 
	   Cpus                 :     1.00        1         1 
	   Disk (KB)            :  7500        7500   6743395 
	   Memory (MB)          :    35        1500      1536 
	   Xferslots            :                           0 
...
000 (4175665.010.000) 10/13 14:59:21 Job submitted from host: <130.199.48.83:9618?addrs=130.199.48.83-9618&noUDP&sock=8867_649e_3>
...
000 (4175666.010.000) 10/13 15:01:40 Job submitted from host: <130.199.48.83:9618?addrs=130.199.48.83-9618&noUDP&sock=8867_649e_3>
...
001 (4175666.010.000) 10/13 15:25:43 Job executing on host: <130.199.157.212:9618?addrs=130.199.157.212-9618&noUDP&sock=17319_5827_3>
...
001 (4175665.010.000) 10/13 15:25:44 Job executing on host: <130.199.157.6:9618?addrs=130.199.157.6-9618&noUDP&sock=37863_42d1_3>
...
006 (4175666.010.000) 10/13 15:25:52 Image size of job updated: 89264
	46  -  MemoryUsage of job (MB)
	46696  -  ResidentSetSize of job (KB)
...
006 (4175665.010.000) 10/13 15:25:53 Image size of job updated: 130540
	87  -  MemoryUsage of job (MB)
	88612  -  ResidentSetSize of job (KB)
...
006 (4175665.010.000) 10/13 15:30:44 Image size of job updated: 2803024
	87  -  MemoryUsage of job (MB)
	88612  -  ResidentSetSize of job (KB)
...
005 (4175665.010.000) 10/13 15:30:44 Job terminated.
	(1) Normal termination (return value 0)
		Usr 0 00:04:50, Sys 0 00:00:04  -  Run Remote Usage
		Usr 0 00:00:00, Sys 0 00:00:00  -  Run Local Usage
		Usr 0 00:04:50, Sys 0 00:00:04  -  Total Remote Usage
		Usr 0 00:00:00, Sys 0 00:00:00  -  Total Local Usage
	0  -  Run Bytes Sent By Job
	0  -  Run Bytes Received By Job
	0  -  Total Bytes Sent By Job
	0  -  Total Bytes Received By Job
	Partitionable Resources :    Usage  Request Allocated 
	   Cpus                 :     1.00        1         1 
	   Disk (KB)            :  1500        1500   6743395 
	   Memory (MB)          :    87        1500      1536 
	   Xferslots            :                           0 
...
006 (4175666.010.000) 10/13 15:30:52 Image size of job updated: 1479936
	1394  -  MemoryUsage of job (MB)
	1426536  -  ResidentSetSize of job (KB)
...
006 (4175666.010.000) 10/13 15:35:52 Image size of job updated: 2621776
	2560  -  MemoryUsage of job (MB)
	2620636  -  ResidentSetSize of job (KB)
...
006 (4175666.010.000) 10/13 15:35:58 Image size of job updated: 2642396
	2560  -  MemoryUsage of job (MB)
	2620636  -  ResidentSetSize of job (KB)
...
004 (4175666.010.000) 10/13 15:35:58 Job was evicted.
	(0) Job was not checkpointed.
		Usr 0 00:09:58, Sys 0 00:00:07  -  Run Remote Usage
		Usr 0 00:00:00, Sys 0 00:00:00  -  Run Local Usage
	0  -  Run Bytes Sent By Job
	0  -  Run Bytes Received By Job
	Partitionable Resources :    Usage  Request Allocated 
	   Cpus                 :     1.00        1         1 
	   Disk (KB)            :  1500        1500   3328964 
	   Memory (MB)          :  2560        1500      1536 
	   Xferslots            :                           0 
...
001 (4175666.010.000) 10/13 15:36:23 Job executing on host: <130.199.157.130:9618?addrs=130.199.157.130-9618&noUDP&sock=33605_a862_3>
...
006 (4175666.010.000) 10/13 15:40:32 Image size of job updated: 2996836
	2686  -  MemoryUsage of job (MB)
	2750000  -  ResidentSetSize of job (KB)
...
005 (4175666.010.000) 10/13 15:40:32 Job terminated.
	(1) Normal termination (return value 0)
		Usr 0 00:03:54, Sys 0 00:00:05  -  Run Remote Usage
		Usr 0 00:00:00, Sys 0 00:00:00  -  Run Local Usage
		Usr 0 00:03:54, Sys 0 00:00:05  -  Total Remote Usage
		Usr 0 00:00:00, Sys 0 00:00:00  -  Total Local Usage
	0  -  Run Bytes Sent By Job
	0  -  Run Bytes Received By Job
	0  -  Total Bytes Sent By Job
	0  -  Total Bytes Received By Job
	Partitionable Resources :    Usage  Request Allocated 
	   Cpus                 :     0.98        1         1 
	   Disk (KB)            :  1500        1500  14337878 
	   Memory (MB)          :  2686        2686      2944 
	   Xferslots            :                           0 
...
000 (4177107.030.000) 11/12 00:35:23 Job submitted from host: <130.199.48.83:9618?addrs=130.199.48.83-9618&noUDP&sock=8867_649e_3>
...
001 (4177107.030.000) 11/12 00:55:19 Job executing on host: <130.199.151.172:9618?addrs=130.199.151.172-9618&noUDP&sock=22332_e543_3>
...
006 (4177107.030.000) 11/12 00:55:21 Image size of job updated: 7500
	0  -  MemoryUsage of job (MB)
	0  -  ResidentSetSize of job (KB)
...
005 (4177107.030.000) 11/12 00:55:21 Job terminated.
	(1) Normal termination (return value 1)
		Usr 0 00:00:00, Sys 0 00:00:00  -  Run Remote Usage
		Usr 0 00:00:00, Sys 0 00:00:00  -  Run Local Usage
		Usr 0 00:00:00, Sys 0 00:00:00  -  Total Remote Usage
		Usr 0 00:00:00, Sys 0 00:00:00  -  Total Local Usage
	0  -  Run Bytes Sent By Job
	0  -  Run Bytes Received By Job
	0  -  Total Bytes Sent By Job
	0  -  Total Bytes Received By Job
	Partitionable Resources :    Usage  Request Allocated 
	   Cpus                 :        0        1         1 
	   Disk (KB)            :     7500     7500   1136330 
	   Memory (MB)          :        0     1500      1536 
	   Xferslots            :                           0 
...
000 (4177108.030.000) 11/12 01:24:31 Job submitted from host: <130.199.48.83:9618?addrs=130.199.48.83-9618&noUDP&sock=8867_649e_3>
...
001 (4177108.030.000) 11/12 01:41:29 Job executing on host: <130.199.153.157:9618?addrs=130.199.153.157-9618&noUDP&sock=20686_f514_3>
...
006 (4177108.030.000) 11/12 01:41:29 Image size of job updated: 7500
	0  -  MemoryUsage of job (MB)
	0  -  ResidentSetSize of job (KB)
...
005 (4177108.030.000) 11/12 01:41:30 Job terminated.
	(1) Normal termination (return value 1)
		Usr 0 00:00:00, Sys 0 00:00:00  -  Run Remote Usage
		Usr 0 00:00:00, Sys 0 00:00:00  -  Run Local Usage
		Usr 0 00:00:00, Sys 0 00:00:00  -  Total Remote Usage
		Usr 0 00:00:00, Sys 0 00:00:00  -  Total Local Usage
	0  -  Run Bytes Sent By Job
	0  -  Run Bytes Received By Job
	0  -  Total Bytes Sent By Job
	0  -  Total Bytes Received By Job
	Partitionable Resources :    Usage  Request Allocated 
	   Cpus                 :                 1         1 
	   Disk (KB)            :     7500     7500   1136266 
	   Memory (MB)          :        0     1500      1536 
	   Xferslots            :                           0 
...
000 (4177109.030.000) 11/12 01:46:25 Job submitted from host: <130.199.48.83:9618?addrs=130.199.48.83-9618&noUDP&sock=8867_649e_3>
...
001 (4177109.030.000) 11/12 02:32:15 Job executing on host: <130.199.200.102:9618?addrs=130.199.200.102-9618&noUDP&sock=116967_adaa_3>
...
006 (4177109.030.000) 11/12 02:32:15 Image size of job updated: 7500
	0  -  MemoryUsage of job (MB)
	0  -  ResidentSetSize of job (KB)
...
005 (4177109.030.000) 11/12 02:32:15 Job terminated.
	(1) Normal termination (return value 1)
		Usr 0 00:00:00, Sys 0 00:00:00  -  Run Remote Usage
		Usr 0 00:00:00, Sys 0 00:00:00  -  Run Local Usage
		Usr 0 00:00:00, Sys 0 00:00:00  -  Total Remote Usage
		Usr 0 00:00:00, Sys 0 00:00:00  -  Total Local Usage
	0  -  Run Bytes Sent By Job
	0  -  Run Bytes Received By Job
	0  -  Total Bytes Sent By Job
	0  -  Total Bytes Received By Job
	Partitionable Resources :    Usage  Request Allocated 
	   Cpus                 :                 1         1 
	   Disk (KB)            :     7500     7500   5106402 
	   Memory (MB)          :        0     1500      1536 
	   Xferslots            :                           0 
...
000 (4177110.030.000) 11/12 10:10:52 Job submitted from host: <130.199.48.83:9618?addrs=130.199.48.83-9618&noUDP&sock=8867_649e_3>
...
001 (4177110.030.000) 11/12 10:11:56 Job executing on host: <130.199.200.68:9618?addrs=130.199.200.68-9618&noUDP&sock=18952_2b11_3>
...
006 (4177110.030.000) 11/12 10:12:05 Image size of job updated: 36696
	34  -  MemoryUsage of job (MB)
	34540  -  ResidentSetSize of job (KB)
...
006 (4177110.030.000) 11/12 10:17:06 Image size of job updated: 37032
	34  -  MemoryUsage of job (MB)
	34700  -  ResidentSetSize of job (KB)
...
006 (4177110.030.000) 11/12 10:27:06 Image size of job updated: 37036
	34  -  MemoryUsage of job (MB)
	34700  -  ResidentSetSize of job (KB)
...
006 (4177110.030.000) 11/12 10:32:07 Image size of job updated: 37040
	34  -  MemoryUsage of job (MB)
	34704  -  ResidentSetSize of job (KB)
...
006 (4177110.030.000) 11/12 10:42:08 Image size of job updated: 37048
	34  -  MemoryUsage of job (MB)
	34712  -  ResidentSetSize of job (KB)
...
005 (4177110.030.000) 11/12 11:20:42 Job terminated.
	(1) Normal termination (return value 0)
		Usr 0 01:08:14, Sys 0 00:00:16  -  Run Remote Usage
		Usr 0 00:00:00, Sys 0 00:00:00  -  Run Local Usage
		Usr 0 01:08:14, Sys 0 00:00:16  -  Total Remote Usage
		Usr 0 00:00:00, Sys 0 00:00:00  -  Total Local Usage
	0  -  Run Bytes Sent By Job
	0  -  Run Bytes Received By Job
	0  -  Total Bytes Sent By Job
	0  -  Total Bytes Received By Job
	Partitionable Resources :    Usage  Request Allocated 
	   Cpus                 :     1.00        1         1 
	   Disk (KB)            :  7500        7500   2619223 
	   Memory (MB)          :    34        1500      1536 
	   Xferslots            :                           0 
...
000 (4177111.030.000) 11/12 23:48:23 Job submitted from host: <130.199.48.83:9618?addrs=130.199.48.83-9618&noUDP&sock=8867_649e_3>
...
001 (4177111.030.000) 11/12 23:48:57 Job executing on host: <130.199.157.68:9618?addrs=130.199.157.68-9618&noUDP&sock=18239_8342_3>
...
006 (4177111.030.000) 11/12 23:49:05 Image size of job updated: 86544
	47  -  MemoryUsage of job (MB)
	48084  -  ResidentSetSize of job (KB)
...
000 (4177112.030.000) 11/12 23:50:36 Job submitted from host: <130.199.48.83:9618?addrs=130.199.48.83-9618&noUDP&sock=8867_649e_3>
...
001 (4177112.030.000) 11/12 23:51:07 Job executing on host: <130.199.200.114:9618?addrs=130.199.200.114-9618&noUDP&sock=114287_7e01_3>
...
006 (4177112.030.000) 11/12 23:51:16 Image size of job updated: 299580
	218  -  MemoryUsage of job (MB)
	222456  -  ResidentSetSize of job (KB)
...
006 (4177112.030.000) 11/12 23:52:58 Image size of job updated: 2464412
	218  -  MemoryUsage of job (MB)
	222528  -  ResidentSetSize of job (KB)
...
005 (4177112.030.000) 11/12 23:52:58 Job terminated.
	(1) Normal termination (return value 0)
		Usr 0 00:01:46, Sys 0 00:00:03  -  Run Remote Usage
		Usr 0 00:00:00, Sys 0 00:00:00  -  Run Local Usage
		Usr 0 00:01:46, Sys 0 00:00:03  -  Total Remote Usage
		Usr 0 00:00:00, Sys 0 00:00:00  -  Total Local Usage
	0  -  Run Bytes Sent By Job
	0  -  Run Bytes Received By Job
	0  -  Total Bytes Sent By Job
	0  -  Total Bytes Received By Job
	Partitionable Resources :    Usage  Request Allocated 
	   Cpus                 :     1.00        1         1 
	   Disk (KB)            :  2250        2250   5106407 
	   Memory (MB)          :   218        1500      1536 
	   Xferslots            :                           0 
...
006 (4177111.030.000) 11/12 23:54:05 Image size of job updated: 1818824
	1701  -  MemoryUsage of job (MB)
	1741040  -  ResidentSetSize of job (KB)
...
006 (4177111.030.000) 11/12 23:54:36 Image size of job updated: 1962796
	1701  -  MemoryUsage of job (MB)
	1741044  -  ResidentSetSize of job (KB)
...
005 (4177111.030.000) 11/12 23:54:36 Job terminated.
	(1) Normal termination (return value 0)
		Usr 0 00:05:21, Sys 0 00:00:05  -  Run Remote Usage
		Usr 0 00:00:00, Sys 0 00:00:00  -  Run Local Usage
		Usr 0 00:05:21, Sys 0 00:00:05  -  Total Remote Usage
		Usr 0 00:00:00, Sys 0 00:00:00  -  Total Local Usage
	0  -  Run Bytes Sent By Job
	0  -  Run Bytes Received By Job
	0  -  Total Bytes Sent By Job
	0  -  Total Bytes Received By Job
	Partitionable Resources :    Usage  Request Allocated 
	   Cpus                 :     1.00        1         1 
	   Disk (KB)            :  2250        2250   3328970 
	   Memory (MB)          :  1701        1500      1536 
	   Xferslots            :                           0 
...
000 (4177113.030.000) 11/13 00:01:54 Job submitted from host: <130.199.48.83:9618?addrs=130.199.48.83-9618&noUDP&sock=8867_649e_3>
...
001 (4177113.030.000) 11/13 00:02:37 Job executing on host: <130.199.149.219:9618?addrs=130.199.149.219-9618&noUDP&sock=32900_88be_3>
...
006 (4177113.030.000) 11/13 00:02:46 Image size of job updated: 220244
	140  -  MemoryUsage of job (MB)
	143144  -  ResidentSetSize of job (KB)
...
006 (4177113.030.000) 11/13 00:04:48 Image size of job updated: 1942776
	140  -  MemoryUsage of job (MB)
	143316  -  ResidentSetSize of job (KB)
...
005 (4177113.030.000) 11/13 00:04:48 Job terminated.
	(1) Normal termination (return value 0)
		Usr 0 00:02:03, Sys 0 00:00:04  -  Run Remote Usage
		Usr 0 00:00:00, Sys 0 00:00:00  -  Run Local Usage
		Usr 0 00:02:03, Sys 0 00:00:04  -  Total Remote Usage
		Usr 0 00:00:00, Sys 0 00:00:00  -  Total Local Usage
	0  -  Run Bytes Sent By Job
	0  -  Run Bytes Received By Job
	0  -  Total Bytes Sent By Job
	0  -  Total Bytes Received By Job
	Partitionable Resources :    Usage  Request Allocated 
	   Cpus                 :     1.00        1         1 
	   Disk (KB)            :  2250        2250  14337494 
	   Memory (MB)          :   140        1500      1536 
	   Xferslots            :                           0 
...
000 (4337379.030.000) 02/13 19:10:52 Job submitted from host: <130.199.48.83:9618?addrs=130.199.48.83-9618&noUDP&sock=18276_3907_3>
...
001 (4337379.030.000) 02/13 19:11:17 Job executing on host: <130.199.158.195:9618?addrs=130.199.158.195-9618&noUDP&sock=10183_e3f3_3>
...
006 (4337379.030.000) 02/13 19:11:26 Image size of job updated: 36688
	34  -  MemoryUsage of job (MB)
	34632  -  ResidentSetSize of job (KB)
...
006 (4337379.030.000) 02/13 19:16:27 Image size of job updated: 36960
	34  -  MemoryUsage of job (MB)
	34764  -  ResidentSetSize of job (KB)
...
006 (4337379.030.000) 02/13 19:21:27 Image size of job updated: 36972
	34  -  MemoryUsage of job (MB)
	34768  -  ResidentSetSize of job (KB)
...
006 (4337379.030.000) 02/13 19:26:27 Image size of job updated: 36988
	34  -  MemoryUsage of job (MB)
	34784  -  ResidentSetSize of job (KB)
...
006 (4337379.030.000) 02/13 19:41:28 Image size of job updated: 37024
	35  -  MemoryUsage of job (MB)
	34820  -  ResidentSetSize of job (KB)
...
005 (4337379.030.000) 02/13 19:57:23 Job terminated.
	(1) Normal termination (return value 0)
		Usr 0 00:45:41, Sys 0 00:00:02  -  Run Remote Usage
		Usr 0 00:00:00, Sys 0 00:00:00  -  Run Local Usage
		Usr 0 00:45:41, Sys 0 00:00:02  -  Total Remote Usage
		Usr 0 00:00:00, Sys 0 00:00:00  -  Total Local Usage
	0  -  Run Bytes Sent By Job
	0  -  Run Bytes Received By Job
	0  -  Total Bytes Sent By Job
	0  -  Total Bytes Received By Job
	Partitionable Resources :    Usage  Request Allocated 
	   Cpus                 :     1.00        1         1 
	   Disk (KB)            :  7500        7500   7037864 
	   Memory (MB)          :    35        1500      1536 
	   Xferslots            :                           0 
...
000 (4337381.030.000) 02/13 21:14:05 Job submitted from host: <130.199.48.83:9618?addrs=130.199.48.83-9618&noUDP&sock=18276_3907_3>
...
001 (4337381.030.000) 02/13 21:14:27 Job executing on host: <130.199.149.194:9618?addrs=130.199.149.194-9618&noUDP&sock=17932_59e2_3>
...
006 (4337381.030.000) 02/13 21:14:36 Image size of job updated: 77188
	42  -  MemoryUsage of job (MB)
	42904  -  ResidentSetSize of job (KB)
...
006 (4337381.030.000) 02/13 21:19:26 Image size of job updated: 2362076
	42  -  MemoryUsage of job (MB)
	42904  -  ResidentSetSize of job (KB)
...
005 (4337381.030.000) 02/13 21:19:26 Job terminated.
	(1) Normal termination (return value 0)
		Usr 0 00:04:10, Sys 0 00:00:08  -  Run Remote Usage
		Usr 0 00:00:00, Sys 0 00:00:00  -  Run Local Usage
		Usr 0 00:04:10, Sys 0 00:00:08  -  Total Remote Usage
		Usr 0 00:00:00, Sys 0 00:00:00  -  Total Local Usage
	0  -  Run Bytes Sent By Job
	0  -  Run Bytes Received By Job
	0  -  Total Bytes Sent By Job
	0  -  Total Bytes Received By Job
	Partitionable Resources :    Usage  Request Allocated 
	   Cpus                 :     0.76        1         1 
	   Disk (KB)            :  2250        2250  14337493 
	   Memory (MB)          :    42        1500      1536 
	   Xferslots            :                           0 
...
000 (4366924.030.000) 02/21 02:28:15 Job submitted from host: <130.199.48.83:9618?addrs=130.199.48.83-9618&noUDP&sock=18276_3907_3>
...
001 (4366924.030.000) 02/21 02:28:41 Job executing on host: <130.199.158.180:9618?addrs=130.199.158.180-9618&noUDP&sock=88891_fa93_3>
...
006 (4366924.030.000) 02/21 02:28:49 Image size of job updated: 35576
	34  -  MemoryUsage of job (MB)
	34612  -  ResidentSetSize of job (KB)
...
006 (4366924.030.000) 02/21 02:33:49 Image size of job updated: 35576
	34  -  MemoryUsage of job (MB)
	34800  -  ResidentSetSize of job (KB)
...
006 (4366924.030.000) 02/21 02:38:50 Image size of job updated: 35576
	35  -  MemoryUsage of job (MB)
	34840  -  ResidentSetSize of job (KB)
...
006 (4366924.030.000) 02/21 02:43:51 Image size of job updated: 35576
	35  -  MemoryUsage of job (MB)
	34916  -  ResidentSetSize of job (KB)
...
006 (4366924.030.000) 02/21 03:03:53 Image size of job updated: 35576
	35  -  MemoryUsage of job (MB)
	34920  -  ResidentSetSize of job (KB)
...
005 (4366924.030.000) 02/21 03:25:41 Job terminated.
	(1) Normal termination (return value 0)
		Usr 0 00:56:25, Sys 0 00:00:02  -  Run Remote Usage
		Usr 0 00:00:00, Sys 0 00:00:00  -  Run Local Usage
		Usr 0 00:56:25, Sys 0 00:00:02  -  Total Remote Usage
		Usr 0 00:00:00, Sys 0 00:00:00  -  Total Local Usage
	0  -  Run Bytes Sent By Job
	0  -  Run Bytes Received By Job
	0  -  Total Bytes Sent By Job
	0  -  Total Bytes Received By Job
	Partitionable Resources :    Usage  Request Allocated 
	   Cpus                 :     1.00        1         1 
	   Disk (KB)            :  7500        7500   7037864 
	   Memory (MB)          :    35        1500      1536 
	   Xferslots            :                           0 
...
000 (4366926.030.000) 02/21 04:43:51 Job submitted from host: <130.199.48.83:9618?addrs=130.199.48.83-9618&noUDP&sock=18276_3907_3>
...
000 (4366927.030.000) 02/21 04:47:53 Job submitted from host: <130.199.48.83:9618?addrs=130.199.48.83-9618&noUDP&sock=18276_3907_3>
...
001 (4366926.030.000) 02/21 04:50:40 Job executing on host: <130.199.158.201:9618?addrs=130.199.158.201-9618&noUDP&sock=48938_5bd3_3>
...
006 (4366926.030.000) 02/21 04:50:49 Image size of job updated: 209964
	130  -  MemoryUsage of job (MB)
	132460  -  ResidentSetSize of job (KB)
...
001 (4366927.030.000) 02/21 04:52:15 Job executing on host: <130.199.156.23:9618?addrs=130.199.156.23-9618&noUDP&sock=19220_fca2_3>
...
006 (4366926.030.000) 02/21 04:52:18 Image size of job updated: 1103352
	130  -  MemoryUsage of job (MB)
	133104  -  ResidentSetSize of job (KB)
...
005 (4366926.030.000) 02/21 04:52:18 Job terminated.
	(1) Normal termination (return value 0)
		Usr 0 00:01:33, Sys 0 00:00:01  -  Run Remote Usage
		Usr 0 00:00:00, Sys 0 00:00:00  -  Run Local Usage
		Usr 0 00:01:33, Sys 0 00:00:01  -  Total Remote Usage
		Usr 0 00:00:00, Sys 0 00:00:00  -  Total Local Usage
	0  -  Run Bytes Sent By Job
	0  -  Run Bytes Received By Job
	0  -  Total Bytes Sent By Job
	0  -  Total Bytes Received By Job
	Partitionable Resources :    Usage  Request Allocated 
	   Cpus                 :     1.00        1         1 
	   Disk (KB)            :  2250        2250   7037864 
	   Memory (MB)          :   130        1500      1536 
	   Xferslots            :                           0 
...
006 (4366927.030.000) 02/21 04:52:24 Image size of job updated: 36596
	34  -  MemoryUsage of job (MB)
	34588  -  ResidentSetSize of job (KB)
...
006 (4366927.030.000) 02/21 04:57:25 Image size of job updated: 36804
	34  -  MemoryUsage of job (MB)
	34640  -  ResidentSetSize of job (KB)
...
006 (4366927.030.000) 02/21 05:02:25 Image size of job updated: 36852
	34  -  MemoryUsage of job (MB)
	34684  -  ResidentSetSize of job (KB)
...
006 (4366927.030.000) 02/21 05:07:25 Image size of job updated: 36860
	34  -  MemoryUsage of job (MB)
	34684  -  ResidentSetSize of job (KB)
...
006 (4366927.030.000) 02/21 05:22:27 Image size of job updated: 36868
	34  -  MemoryUsage of job (MB)
	34692  -  ResidentSetSize of job (KB)
...
006 (4366927.030.000) 02/21 05:42:29 Image size of job updated: 36872
	34  -  MemoryUsage of job (MB)
	34696  -  ResidentSetSize of job (KB)
...
005 (4366927.030.000) 02/21 05:53:15 Job terminated.
	(1) Normal termination (return value 0)
		Usr 0 01:00:54, Sys 0 00:00:02  -  Run Remote Usage
		Usr 0 00:00:00, Sys 0 00:00:00  -  Run Local Usage
		Usr 0 01:00:54, Sys 0 00:00:02  -  Total Remote Usage
		Usr 0 00:00:00, Sys 0 00:00:00  -  Total Local Usage
	0  -  Run Bytes Sent By Job
	0  -  Run Bytes Received By Job
	0  -  Total Bytes Sent By Job
	0  -  Total Bytes Received By Job
	Partitionable Resources :    Usage  Request Allocated 
	   Cpus                 :     1.00        1         1 
	   Disk (KB)            :  7500        7500   3325567 
	   Memory (MB)          :    34        1500      1536 
	   Xferslots            :                           0 
...
000 (4366928.030.000) 02/21 21:44:52 Job submitted from host: <130.199.48.83:9618?addrs=130.199.48.83-9618&noUDP&sock=18276_3907_3>
...
001 (4366928.030.000) 02/21 21:45:43 Job executing on host: <130.199.158.168:9618?addrs=130.199.158.168-9618&noUDP&sock=193902_a278_3>
...
006 (4366928.030.000) 02/21 21:45:51 Image size of job updated: 212060
	132  -  MemoryUsage of job (MB)
	134440  -  ResidentSetSize of job (KB)
...
006 (4366928.030.000) 02/21 21:47:49 Image size of job updated: 1775140
	132  -  MemoryUsage of job (MB)
	134440  -  ResidentSetSize of job (KB)
...
005 (4366928.030.000) 02/21 21:47:49 Job terminated.
	(1) Normal termination (return value 0)
		Usr 0 00:02:01, Sys 0 00:00:02  -  Run Remote Usage
		Usr 0 00:00:00, Sys 0 00:00:00  -  Run Local Usage
		Usr 0 00:02:01, Sys 0 00:00:02  -  Total Remote Usage
		Usr 0 00:00:00, Sys 0 00:00:00  -  Total Local Usage
	0  -  Run Bytes Sent By Job
	0  -  Run Bytes Received By Job
	0  -  Total Bytes Sent By Job
	0  -  Total Bytes Received By Job
	Partitionable Resources :    Usage  Request Allocated 
	   Cpus                 :     1.00        1         1 
	   Disk (KB)            :  2250        2250   7037862 
	   Memory (MB)          :   132        1500      1536 
	   Xferslots            :                           0 
...
000 (4366929.030.000) 02/21 23:34:18 Job submitted from host: <130.199.48.83:9618?addrs=130.199.48.83-9618&noUDP&sock=18276_3907_3>
...
001 (4366929.030.000) 02/21 23:35:15 Job executing on host: <130.199.156.47:9618?addrs=130.199.156.47-9618&noUDP&sock=5596_29b0_3>
...
006 (4366929.030.000) 02/21 23:35:24 Image size of job updated: 38356
	36  -  MemoryUsage of job (MB)
	36372  -  ResidentSetSize of job (KB)
...
006 (4366929.030.000) 02/21 23:40:25 Image size of job updated: 38496
	36  -  MemoryUsage of job (MB)
	36460  -  ResidentSetSize of job (KB)
...
006 (4366929.030.000) 02/21 23:45:25 Image size of job updated: 38544
	36  -  MemoryUsage of job (MB)
	36504  -  ResidentSetSize of job (KB)
...
006 (4366929.030.000) 02/21 23:50:25 Image size of job updated: 38548
	36  -  MemoryUsage of job (MB)
	36504  -  ResidentSetSize of job (KB)
...
006 (4366929.030.000) 02/22 00:05:27 Image size of job updated: 38556
	36  -  MemoryUsage of job (MB)
	36512  -  ResidentSetSize of job (KB)
...
006 (4366929.030.000) 02/22 00:25:30 Image size of job updated: 38560
	36  -  MemoryUsage of job (MB)
	36516  -  ResidentSetSize of job (KB)
...
005 (4366929.030.000) 02/22 00:36:57 Job terminated.
	(1) Normal termination (return value 0)
		Usr 0 01:01:27, Sys 0 00:00:04  -  Run Remote Usage
		Usr 0 00:00:00, Sys 0 00:00:00  -  Run Local Usage
		Usr 0 01:01:27, Sys 0 00:00:04  -  Total Remote Usage
		Usr 0 00:00:00, Sys 0 00:00:00  -  Total Local Usage
	0  -  Run Bytes Sent By Job
	0  -  Run Bytes Received By Job
	0  -  Total Bytes Sent By Job
	0  -  Total Bytes Received By Job
	Partitionable Resources :    Usage  Request Allocated 
	   Cpus                 :     1.00        1         1 
	   Disk (KB)            :  7500        7500   3325522 
	   Memory (MB)          :    36        1500      1536 
	   Xferslots            :                           0 
...
000 (4366930.030.000) 02/22 01:20:17 Job submitted from host: <130.199.48.83:9618?addrs=130.199.48.83-9618&noUDP&sock=18276_3907_3>
...
001 (4366930.030.000) 02/22 01:21:06 Job executing on host: <130.199.200.63:9618?addrs=130.199.200.63-9618&noUDP&sock=21524_2c7c_3>
...
006 (4366930.030.000) 02/22 01:21:14 Image size of job updated: 188072
	109  -  MemoryUsage of job (MB)
	110656  -  ResidentSetSize of job (KB)
...
006 (4366930.030.000) 02/22 01:23:51 Image size of job updated: 1794956
	109  -  MemoryUsage of job (MB)
	110656  -  ResidentSetSize of job (KB)
...
005 (4366930.030.000) 02/22 01:23:51 Job terminated.
	(1) Normal termination (return value 0)
		Usr 0 00:02:38, Sys 0 00:00:03  -  Run Remote Usage
		Usr 0 00:00:00, Sys 0 00:00:00  -  Run Local Usage
		Usr 0 00:02:38, Sys 0 00:00:03  -  Total Remote Usage
		Usr 0 00:00:00, Sys 0 00:00:00  -  Total Local Usage
	0  -  Run Bytes Sent By Job
	0  -  Run Bytes Received By Job
	0  -  Total Bytes Sent By Job
	0  -  Total Bytes Received By Job
	Partitionable Resources :    Usage  Request Allocated 
	   Cpus                 :     1.00        1         1 
	   Disk (KB)            :  2250        2250   2619110 
	   Memory (MB)          :   109        1500      1536 
	   Xferslots            :                           0 
...
000 (4366931.030.000) 02/22 16:51:01 Job submitted from host: <130.199.48.83:9618?addrs=130.199.48.83-9618&noUDP&sock=18276_3907_3>
...
001 (4366931.030.000) 02/22 16:51:53 Job executing on host: <130.199.156.235:9618?addrs=130.199.156.235-9618&noUDP&sock=3800_c063_3>
...
006 (4366931.030.000) 02/22 16:51:53 Image size of job updated: 7500
	0  -  MemoryUsage of job (MB)
	0  -  ResidentSetSize of job (KB)
...
005 (4366931.030.000) 02/22 16:51:53 Job terminated.
	(1) Normal termination (return value 1)
		Usr 0 00:00:00, Sys 0 00:00:00  -  Run Remote Usage
		Usr 0 00:00:00, Sys 0 00:00:00  -  Run Local Usage
		Usr 0 00:00:00, Sys 0 00:00:00  -  Total Remote Usage
		Usr 0 00:00:00, Sys 0 00:00:00  -  Total Local Usage
	0  -  Run Bytes Sent By Job
	0  -  Run Bytes Received By Job
	0  -  Total Bytes Sent By Job
	0  -  Total Bytes Received By Job
	Partitionable Resources :    Usage  Request Allocated 
	   Cpus                 :                 1         1 
	   Disk (KB)            :     7500     7500   6743392 
	   Memory (MB)          :        0     1500      1536 
	   Xferslots            :                           0 
...
000 (4366933.030.000) 02/22 17:32:45 Job submitted from host: <130.199.48.83:9618?addrs=130.199.48.83-9618&noUDP&sock=18276_3907_3>
...
001 (4366933.030.000) 02/22 17:33:44 Job executing on host: <130.199.200.49:9618?addrs=130.199.200.49-9618&noUDP&sock=6021_ab83_3>
...
006 (4366933.030.000) 02/22 17:33:44 Image size of job updated: 7500
	0  -  MemoryUsage of job (MB)
	0  -  ResidentSetSize of job (KB)
...
005 (4366933.030.000) 02/22 17:33:44 Job terminated.
	(1) Normal termination (return value 1)
		Usr 0 00:00:00, Sys 0 00:00:00  -  Run Remote Usage
		Usr 0 00:00:00, Sys 0 00:00:00  -  Run Local Usage
		Usr 0 00:00:00, Sys 0 00:00:00  -  Total Remote Usage
		Usr 0 00:00:00, Sys 0 00:00:00  -  Total Local Usage
	0  -  Run Bytes Sent By Job
	0  -  Run Bytes Received By Job
	0  -  Total Bytes Sent By Job
	0  -  Total Bytes Received By Job
	Partitionable Resources :    Usage  Request Allocated 
	   Cpus                 :                 1         1 
	   Disk (KB)            :     7500     7500   2619291 
	   Memory (MB)          :        0     1500      1536 
	   Xferslots            :                           0 
...
000 (4366935.030.000) 02/22 17:47:21 Job submitted from host: <130.199.48.83:9618?addrs=130.199.48.83-9618&noUDP&sock=18276_3907_3>
...
001 (4366935.030.000) 02/22 17:48:24 Job executing on host: <130.199.149.245:9618?addrs=130.199.149.245-9618&noUDP&sock=10836_8e83_3>
...
006 (4366935.030.000) 02/22 17:48:24 Image size of job updated: 7500
	0  -  MemoryUsage of job (MB)
	0  -  ResidentSetSize of job (KB)
...
005 (4366935.030.000) 02/22 17:48:24 Job terminated.
	(1) Normal termination (return value 1)
		Usr 0 00:00:00, Sys 0 00:00:00  -  Run Remote Usage
		Usr 0 00:00:00, Sys 0 00:00:00  -  Run Local Usage
		Usr 0 00:00:00, Sys 0 00:00:00  -  Total Remote Usage
		Usr 0 00:00:00, Sys 0 00:00:00  -  Total Local Usage
	0  -  Run Bytes Sent By Job
	0  -  Run Bytes Received By Job
	0  -  Total Bytes Sent By Job
	0  -  Total Bytes Received By Job
	Partitionable Resources :    Usage  Request Allocated 
	   Cpus                 :                 1         1 
	   Disk (KB)            :     7500     7500  14337484 
	   Memory (MB)          :        0     1500      1536 
	   Xferslots            :                           0 
...
000 (4366937.030.000) 02/22 17:55:05 Job submitted from host: <130.199.48.83:9618?addrs=130.199.48.83-9618&noUDP&sock=18276_3907_3>
...
001 (4366937.030.000) 02/22 17:55:32 Job executing on host: <130.199.158.201:9618?addrs=130.199.158.201-9618&noUDP&sock=48938_5bd3_3>
...
006 (4366937.030.000) 02/22 17:55:32 Image size of job updated: 7500
	0  -  MemoryUsage of job (MB)
	0  -  ResidentSetSize of job (KB)
...
005 (4366937.030.000) 02/22 17:55:32 Job terminated.
	(1) Normal termination (return value 1)
		Usr 0 00:00:00, Sys 0 00:00:00  -  Run Remote Usage
		Usr 0 00:00:00, Sys 0 00:00:00  -  Run Local Usage
		Usr 0 00:00:00, Sys 0 00:00:00  -  Total Remote Usage
		Usr 0 00:00:00, Sys 0 00:00:00  -  Total Local Usage
	0  -  Run Bytes Sent By Job
	0  -  Run Bytes Received By Job
	0  -  Total Bytes Sent By Job
	0  -  Total Bytes Received By Job
	Partitionable Resources :    Usage  Request Allocated 
	   Cpus                 :     0.05        1         1 
	   Disk (KB)            :  7500        7500   7037864 
	   Memory (MB)          :     0        1500      1536 
	   Xferslots            :                           0 
...
000 (4366939.030.000) 02/22 18:08:29 Job submitted from host: <130.199.48.83:9618?addrs=130.199.48.83-9618&noUDP&sock=18276_3907_3>
...
001 (4366939.030.000) 02/22 18:09:52 Job executing on host: <130.199.200.91:9618?addrs=130.199.200.91-9618&noUDP&sock=160037_ca27_3>
...
006 (4366939.030.000) 02/22 18:09:53 Image size of job updated: 7500
	0  -  MemoryUsage of job (MB)
	0  -  ResidentSetSize of job (KB)
...
005 (4366939.030.000) 02/22 18:09:53 Job terminated.
	(1) Normal termination (return value 1)
		Usr 0 00:00:00, Sys 0 00:00:00  -  Run Remote Usage
		Usr 0 00:00:00, Sys 0 00:00:00  -  Run Local Usage
		Usr 0 00:00:00, Sys 0 00:00:00  -  Total Remote Usage
		Usr 0 00:00:00, Sys 0 00:00:00  -  Total Local Usage
	0  -  Run Bytes Sent By Job
	0  -  Run Bytes Received By Job
	0  -  Total Bytes Sent By Job
	0  -  Total Bytes Received By Job
	Partitionable Resources :    Usage  Request Allocated 
	   Cpus                 :        0        1         1 
	   Disk (KB)            :     7500     7500   3804474 
	   Memory (MB)          :        0     1500      1536 
	   Xferslots            :                           0 
...
000 (4366941.030.000) 02/22 18:15:06 Job submitted from host: <130.199.48.83:9618?addrs=130.199.48.83-9618&noUDP&sock=18276_3907_3>
...
001 (4366941.030.000) 02/22 18:16:02 Job executing on host: <130.199.152.124:9618?addrs=130.199.152.124-9618&noUDP&sock=49704_c9bb_3>
...
006 (4366941.030.000) 02/22 18:16:03 Image size of job updated: 7500
	0  -  MemoryUsage of job (MB)
	0  -  ResidentSetSize of job (KB)
...
005 (4366941.030.000) 02/22 18:16:03 Job terminated.
	(1) Normal termination (return value 1)
		Usr 0 00:00:00, Sys 0 00:00:00  -  Run Remote Usage
		Usr 0 00:00:00, Sys 0 00:00:00  -  Run Local Usage
		Usr 0 00:00:00, Sys 0 00:00:00  -  Total Remote Usage
		Usr 0 00:00:00, Sys 0 00:00:00  -  Total Local Usage
	0  -  Run Bytes Sent By Job
	0  -  Run Bytes Received By Job
	0  -  Total Bytes Sent By Job
	0  -  Total Bytes Received By Job
	Partitionable Resources :    Usage  Request Allocated 
	   Cpus                 :                 1         1 
	   Disk (KB)            :     7500     7500   1901573 
	   Memory (MB)          :        0     1500      1536 
	   Xferslots            :                           0 
...
000 (4366944.030.000) 02/22 18:23:51 Job submitted from host: <130.199.48.83:9618?addrs=130.199.48.83-9618&noUDP&sock=18276_3907_3>
...
001 (4366944.030.000) 02/22 18:24:40 Job executing on host: <130.199.156.77:9618?addrs=130.199.156.77-9618&noUDP&sock=22240_c75a_3>
...
006 (4366944.030.000) 02/22 18:24:40 Image size of job updated: 7500
	0  -  MemoryUsage of job (MB)
	0  -  ResidentSetSize of job (KB)
...
005 (4366944.030.000) 02/22 18:24:40 Job terminated.
	(1) Normal termination (return value 1)
		Usr 0 00:00:00, Sys 0 00:00:00  -  Run Remote Usage
		Usr 0 00:00:00, Sys 0 00:00:00  -  Run Local Usage
		Usr 0 00:00:00, Sys 0 00:00:00  -  Total Remote Usage
		Usr 0 00:00:00, Sys 0 00:00:00  -  Total Local Usage
	0  -  Run Bytes Sent By Job
	0  -  Run Bytes Received By Job
	0  -  Total Bytes Sent By Job
	0  -  Total Bytes Received By Job
	Partitionable Resources :    Usage  Request Allocated 
	   Cpus                 :        0        1         1 
	   Disk (KB)            :     7500     7500   3325672 
	   Memory (MB)          :        0     1500      1536 
	   Xferslots            :                           0 
...
000 (240430.030.000) 02/22 18:27:54 Job submitted from host: <130.199.48.37:9618?addrs=130.199.48.37-9618&noUDP&sock=9957_5d42_3>
...
001 (240430.030.000) 02/22 18:28:22 Job executing on host: <130.199.152.207:9618?addrs=130.199.152.207-9618&noUDP&sock=37484_4ff2_3>
...
006 (240430.030.000) 02/22 18:28:22 Image size of job updated: 7500
	0  -  MemoryUsage of job (MB)
	0  -  ResidentSetSize of job (KB)
...
005 (240430.030.000) 02/22 18:28:23 Job terminated.
	(1) Normal termination (return value 1)
		Usr 0 00:00:00, Sys 0 00:00:00  -  Run Remote Usage
		Usr 0 00:00:00, Sys 0 00:00:00  -  Run Local Usage
		Usr 0 00:00:00, Sys 0 00:00:00  -  Total Remote Usage
		Usr 0 00:00:00, Sys 0 00:00:00  -  Total Local Usage
	0  -  Run Bytes Sent By Job
	0  -  Run Bytes Received By Job
	0  -  Total Bytes Sent By Job
	0  -  Total Bytes Received By Job
	Partitionable Resources :    Usage  Request Allocated 
	   Cpus                 :        0        1         1 
	   Disk (KB)            :     7500     7500   1901580 
	   Memory (MB)          :        0     1500      1536 
	   Xferslots            :                           0 
...
000 (240432.030.000) 02/22 18:29:29 Job submitted from host: <130.199.48.37:9618?addrs=130.199.48.37-9618&noUDP&sock=9957_5d42_3>
...
001 (240432.030.000) 02/22 18:30:37 Job executing on host: <130.199.200.17:9618?addrs=130.199.200.17-9618&noUDP&sock=9361_bce1_3>
...
006 (240432.030.000) 02/22 18:30:38 Image size of job updated: 7500
	0  -  MemoryUsage of job (MB)
	0  -  ResidentSetSize of job (KB)
...
005 (240432.030.000) 02/22 18:30:38 Job terminated.
	(1) Normal termination (return value 1)
		Usr 0 00:00:00, Sys 0 00:00:00  -  Run Remote Usage
		Usr 0 00:00:00, Sys 0 00:00:00  -  Run Local Usage
		Usr 0 00:00:00, Sys 0 00:00:00  -  Total Remote Usage
		Usr 0 00:00:00, Sys 0 00:00:00  -  Total Local Usage
	0  -  Run Bytes Sent By Job
	0  -  Run Bytes Received By Job
	0  -  Total Bytes Sent By Job
	0  -  Total Bytes Received By Job
	Partitionable Resources :    Usage  Request Allocated 
	   Cpus                 :                 1         1 
	   Disk (KB)            :     7500     7500   2619171 
	   Memory (MB)          :        0     1500      1536 
	   Xferslots            :                           0 
...
000 (240434.030.000) 02/22 18:33:58 Job submitted from host: <130.199.48.37:9618?addrs=130.199.48.37-9618&noUDP&sock=9957_5d42_3>
...
001 (240434.030.000) 02/22 18:34:16 Job executing on host: <130.199.200.31:9618?addrs=130.199.200.31-9618&noUDP&sock=38212_b710_3>
...
006 (240434.030.000) 02/22 18:34:16 Image size of job updated: 7500
	0  -  MemoryUsage of job (MB)
	0  -  ResidentSetSize of job (KB)
...
005 (240434.030.000) 02/22 18:34:17 Job terminated.
	(1) Normal termination (return value 1)
		Usr 0 00:00:00, Sys 0 00:00:00  -  Run Remote Usage
		Usr 0 00:00:00, Sys 0 00:00:00  -  Run Local Usage
		Usr 0 00:00:00, Sys 0 00:00:00  -  Total Remote Usage
		Usr 0 00:00:00, Sys 0 00:00:00  -  Total Local Usage
	0  -  Run Bytes Sent By Job
	0  -  Run Bytes Received By Job
	0  -  Total Bytes Sent By Job
	0  -  Total Bytes Received By Job
	Partitionable Resources :    Usage  Request Allocated 
	   Cpus                 :                 1         1 
	   Disk (KB)            :     7500     7500   2619002 
	   Memory (MB)          :        0     1500      1536 
	   Xferslots            :                           0 
...
000 (240436.030.000) 02/22 18:37:32 Job submitted from host: <130.199.48.37:9618?addrs=130.199.48.37-9618&noUDP&sock=9957_5d42_3>
...
001 (240436.030.000) 02/22 18:37:57 Job executing on host: <130.199.151.139:9618?addrs=130.199.151.139-9618&noUDP&sock=7813_d0bb_3>
...
006 (240436.030.000) 02/22 18:37:58 Image size of job updated: 7500
	0  -  MemoryUsage of job (MB)
	0  -  ResidentSetSize of job (KB)
...
005 (240436.030.000) 02/22 18:37:58 Job terminated.
	(1) Normal termination (return value 1)
		Usr 0 00:00:00, Sys 0 00:00:00  -  Run Remote Usage
		Usr 0 00:00:00, Sys 0 00:00:00  -  Run Local Usage
		Usr 0 00:00:00, Sys 0 00:00:00  -  Total Remote Usage
		Usr 0 00:00:00, Sys 0 00:00:00  -  Total Local Usage
	0  -  Run Bytes Sent By Job
	0  -  Run Bytes Received By Job
	0  -  Total Bytes Sent By Job
	0  -  Total Bytes Received By Job
	Partitionable Resources :    Usage  Request Allocated 
	   Cpus                 :        0        1         1 
	   Disk (KB)            :     7500     7500   1135890 
	   Memory (MB)          :        0     1500      1536 
	   Xferslots            :                           0 
...
000 (4366952.030.000) 02/23 15:00:01 Job submitted from host: <130.199.48.83:9618?addrs=130.199.48.83-9618&noUDP&sock=18276_3907_3>
...
001 (4366952.030.000) 02/23 15:00:37 Job executing on host: <130.199.200.101:9618?addrs=130.199.200.101-9618&noUDP&sock=432669_603c_3>
...
006 (4366952.030.000) 02/23 15:00:37 Image size of job updated: 7500
	0  -  MemoryUsage of job (MB)
	0  -  ResidentSetSize of job (KB)
...
005 (4366952.030.000) 02/23 15:00:37 Job terminated.
	(1) Normal termination (return value 1)
		Usr 0 00:00:00, Sys 0 00:00:00  -  Run Remote Usage
		Usr 0 00:00:00, Sys 0 00:00:00  -  Run Local Usage
		Usr 0 00:00:00, Sys 0 00:00:00  -  Total Remote Usage
		Usr 0 00:00:00, Sys 0 00:00:00  -  Total Local Usage
	0  -  Run Bytes Sent By Job
	0  -  Run Bytes Received By Job
	0  -  Total Bytes Sent By Job
	0  -  Total Bytes Received By Job
	Partitionable Resources :    Usage  Request Allocated 
	   Cpus                 :                 1         1 
	   Disk (KB)            :     7500     7500   5106344 
	   Memory (MB)          :        0     1500      1536 
	   Xferslots            :                           0 
...
000 (4366961.030.000) 02/24 21:54:33 Job submitted from host: <130.199.48.83:9618?addrs=130.199.48.83-9618&noUDP&sock=18276_3907_3>
...
001 (4366961.030.000) 02/24 21:55:38 Job executing on host: <130.199.156.23:9618?addrs=130.199.156.23-9618&noUDP&sock=19220_fca2_3>
...
006 (4366961.030.000) 02/24 21:55:46 Image size of job updated: 35040
	33  -  MemoryUsage of job (MB)
	33248  -  ResidentSetSize of job (KB)
...
006 (4366961.030.000) 02/24 22:00:46 Image size of job updated: 37004
	34  -  MemoryUsage of job (MB)
	34708  -  ResidentSetSize of job (KB)
...
006 (4366961.030.000) 02/24 22:25:48 Image size of job updated: 37036
	34  -  MemoryUsage of job (MB)
	34740  -  ResidentSetSize of job (KB)
...
005 (4366961.030.000) 02/24 22:28:02 Job terminated.
	(1) Normal termination (return value 0)
		Usr 0 00:32:05, Sys 0 00:00:11  -  Run Remote Usage
		Usr 0 00:00:00, Sys 0 00:00:00  -  Run Local Usage
		Usr 0 00:32:05, Sys 0 00:00:11  -  Total Remote Usage
		Usr 0 00:00:00, Sys 0 00:00:00  -  Total Local Usage
	0  -  Run Bytes Sent By Job
	0  -  Run Bytes Received By Job
	0  -  Total Bytes Sent By Job
	0  -  Total Bytes Received By Job
	Partitionable Resources :    Usage  Request Allocated 
	   Cpus                 :     1.00        1         1 
	   Disk (KB)            :  7500        7500   3325567 
	   Memory (MB)          :    34        1500      1536 
	   Xferslots            :                           0 
...
000 (4366963.030.000) 02/25 00:30:16 Job submitted from host: <130.199.48.83:9618?addrs=130.199.48.83-9618&noUDP&sock=18276_3907_3>
...
001 (4366963.030.000) 02/25 00:30:58 Job executing on host: <130.199.158.233:9618?addrs=130.199.158.233-9618&noUDP&sock=42999_bd7b_3>
...
006 (4366963.030.000) 02/25 00:31:07 Image size of job updated: 204392
	124  -  MemoryUsage of job (MB)
	126816  -  ResidentSetSize of job (KB)
...
005 (4366963.030.000) 02/25 00:33:17 Job terminated.
	(1) Normal termination (return value 0)
		Usr 0 00:02:11, Sys 0 00:00:02  -  Run Remote Usage
		Usr 0 00:00:00, Sys 0 00:00:00  -  Run Local Usage
		Usr 0 00:02:11, Sys 0 00:00:02  -  Total Remote Usage
		Usr 0 00:00:00, Sys 0 00:00:00  -  Total Local Usage
	0  -  Run Bytes Sent By Job
	0  -  Run Bytes Received By Job
	0  -  Total Bytes Sent By Job
	0  -  Total Bytes Received By Job
	Partitionable Resources :    Usage  Request Allocated 
	   Cpus                 :     0.99        1         1 
	   Disk (KB)            :  2250        2250   7037864 
	   Memory (MB)          :   124        1500      1536 
	   Xferslots            :                           0 
...
000 (4366964.030.000) 02/25 00:51:06 Job submitted from host: <130.199.48.83:9618?addrs=130.199.48.83-9618&noUDP&sock=18276_3907_3>
...
001 (4366964.030.000) 02/25 00:52:29 Job executing on host: <130.199.158.178:9618?addrs=130.199.158.178-9618&noUDP&sock=75077_05af_3>
...
006 (4366964.030.000) 02/25 00:52:37 Image size of job updated: 182792
	103  -  MemoryUsage of job (MB)
	105044  -  ResidentSetSize of job (KB)
...
006 (4366964.030.000) 02/25 00:54:47 Image size of job updated: 1514000
	103  -  MemoryUsage of job (MB)
	105044  -  ResidentSetSize of job (KB)
...
005 (4366964.030.000) 02/25 00:54:48 Job terminated.
	(1) Normal termination (return value 0)
		Usr 0 00:02:12, Sys 0 00:00:02  -  Run Remote Usage
		Usr 0 00:00:00, Sys 0 00:00:00  -  Run Local Usage
		Usr 0 00:02:12, Sys 0 00:00:02  -  Total Remote Usage
		Usr 0 00:00:00, Sys 0 00:00:00  -  Total Local Usage
	0  -  Run Bytes Sent By Job
	0  -  Run Bytes Received By Job
	0  -  Total Bytes Sent By Job
	0  -  Total Bytes Received By Job
	Partitionable Resources :    Usage  Request Allocated 
	   Cpus                 :     1.00        1         1 
	   Disk (KB)            :  2250        2250   7037862 
	   Memory (MB)          :   103        1500      1536 
	   Xferslots            :                           0 
...
000 (4366970.030.000) 02/27 22:18:23 Job submitted from host: <130.199.48.83:9618?addrs=130.199.48.83-9618&noUDP&sock=18276_3907_3>
...
001 (4366970.030.000) 02/27 22:20:03 Job executing on host: <130.199.157.3:9618?addrs=130.199.157.3-9618&noUDP&sock=318740_4922_3>
...
006 (4366970.030.000) 02/27 22:20:13 Image size of job updated: 2161516
	1  -  MemoryUsage of job (MB)
	380  -  ResidentSetSize of job (KB)
...
006 (4366970.030.000) 02/27 22:25:13 Image size of job updated: 2161516
	34  -  MemoryUsage of job (MB)
	34796  -  ResidentSetSize of job (KB)
...
006 (4366970.030.000) 02/27 22:30:13 Image size of job updated: 2161516
	35  -  MemoryUsage of job (MB)
	34836  -  ResidentSetSize of job (KB)
...
006 (4366970.030.000) 02/27 22:35:14 Image size of job updated: 2161516
	35  -  MemoryUsage of job (MB)
	34912  -  ResidentSetSize of job (KB)
...
006 (4366970.030.000) 02/27 22:55:16 Image size of job updated: 2161516
	35  -  MemoryUsage of job (MB)
	34916  -  ResidentSetSize of job (KB)
...
005 (4366970.030.000) 02/27 23:13:30 Job terminated.
	(1) Normal termination (return value 0)
		Usr 0 00:52:26, Sys 0 00:00:03  -  Run Remote Usage
		Usr 0 00:00:00, Sys 0 00:00:00  -  Run Local Usage
		Usr 0 00:52:26, Sys 0 00:00:03  -  Total Remote Usage
		Usr 0 00:00:00, Sys 0 00:00:00  -  Total Local Usage
	0  -  Run Bytes Sent By Job
	0  -  Run Bytes Received By Job
	0  -  Total Bytes Sent By Job
	0  -  Total Bytes Received By Job
	Partitionable Resources :    Usage  Request Allocated 
	   Cpus                 :     0.99        1         1 
	   Disk (KB)            :  7500        7500   6743395 
	   Memory (MB)          :    35        1500      1536 
	   Xferslots            :                           0 
...
000 (4366972.030.000) 02/27 23:22:40 Job submitted from host: <130.199.48.83:9618?addrs=130.199.48.83-9618&noUDP&sock=18276_3907_3>
...
001 (4366972.030.000) 02/27 23:23:38 Job executing on host: <130.199.157.136:9618?addrs=130.199.157.136-9618&noUDP&sock=312077_87c1_3>
...
006 (4366972.030.000) 02/27 23:23:47 Image size of job updated: 183848
	104  -  MemoryUsage of job (MB)
	106316  -  ResidentSetSize of job (KB)
...
006 (4366972.030.000) 02/27 23:28:17 Image size of job updated: 2840872
	104  -  MemoryUsage of job (MB)
	106316  -  ResidentSetSize of job (KB)
...
005 (4366972.030.000) 02/27 23:28:18 Job terminated.
	(1) Normal termination (return value 0)
		Usr 0 00:04:06, Sys 0 00:00:05  -  Run Remote Usage
		Usr 0 00:00:00, Sys 0 00:00:00  -  Run Local Usage
		Usr 0 00:04:06, Sys 0 00:00:05  -  Total Remote Usage
		Usr 0 00:00:00, Sys 0 00:00:00  -  Total Local Usage
	0  -  Run Bytes Sent By Job
	0  -  Run Bytes Received By Job
	0  -  Total Bytes Sent By Job
	0  -  Total Bytes Received By Job
	Partitionable Resources :    Usage  Request Allocated 
	   Cpus                 :     1.00        1         1 
	   Disk (KB)            :  2250        2250  14337872 
	   Memory (MB)          :   104        1500      1536 
	   Xferslots            :                           0 
...
000 (245515.030.000) 02/28 02:50:08 Job submitted from host: <130.199.48.37:9618?addrs=130.199.48.37-9618&noUDP&sock=9957_5d42_3>
...
001 (245515.030.000) 02/28 02:52:25 Job executing on host: <130.199.200.104:9618?addrs=130.199.200.104-9618&noUDP&sock=394439_1044_3>
...
006 (245515.030.000) 02/28 02:52:34 Image size of job updated: 36824
	34  -  MemoryUsage of job (MB)
	34684  -  ResidentSetSize of job (KB)
...
006 (245515.030.000) 02/28 02:57:35 Image size of job updated: 37004
	35  -  MemoryUsage of job (MB)
	34828  -  ResidentSetSize of job (KB)
...
006 (245515.030.000) 02/28 03:02:36 Image size of job updated: 37040
	35  -  MemoryUsage of job (MB)
	34860  -  ResidentSetSize of job (KB)
...
006 (245515.030.000) 02/28 03:07:36 Image size of job updated: 37096
	35  -  MemoryUsage of job (MB)
	34916  -  ResidentSetSize of job (KB)
...
006 (245515.030.000) 02/28 03:22:38 Image size of job updated: 37100
	35  -  MemoryUsage of job (MB)
	34920  -  ResidentSetSize of job (KB)
...
006 (245515.030.000) 02/28 03:37:49 Image size of job updated: 2161516
	35  -  MemoryUsage of job (MB)
	34920  -  ResidentSetSize of job (KB)
...
005 (245515.030.000) 02/28 03:37:49 Job terminated.
	(1) Normal termination (return value 0)
		Usr 0 00:45:14, Sys 0 00:00:01  -  Run Remote Usage
		Usr 0 00:00:00, Sys 0 00:00:00  -  Run Local Usage
		Usr 0 00:45:14, Sys 0 00:00:01  -  Total Remote Usage
		Usr 0 00:00:00, Sys 0 00:00:00  -  Total Local Usage
	0  -  Run Bytes Sent By Job
	0  -  Run Bytes Received By Job
	0  -  Total Bytes Sent By Job
	0  -  Total Bytes Received By Job
	Partitionable Resources :    Usage  Request Allocated 
	   Cpus                 :     1.00        1         1 
	   Disk (KB)            :  7500        7500   5106396 
	   Memory (MB)          :    35        1500      1536 
	   Xferslots            :                           0 
...
