000 (4054029.002.000) 07/31 18:24:49 Job submitted from host: <130.199.48.83:9618?addrs=130.199.48.83-9618&noUDP&sock=8867_649e_3>
...
001 (4054029.002.000) 07/31 22:42:46 Job executing on host: <130.199.157.17:9618?addrs=130.199.157.17-9618&noUDP&sock=118097_4f22_3>
...
006 (4054029.002.000) 07/31 22:42:55 Image size of job updated: 35764
	34  -  MemoryUsage of job (MB)
	34592  -  ResidentSetSize of job (KB)
...
006 (4054029.002.000) 07/31 22:47:55 Image size of job updated: 35848
	34  -  MemoryUsage of job (MB)
	34656  -  ResidentSetSize of job (KB)
...
006 (4054029.002.000) 07/31 22:52:55 Image size of job updated: 35860
	34  -  MemoryUsage of job (MB)
	34664  -  ResidentSetSize of job (KB)
...
006 (4054029.002.000) 07/31 23:02:57 Image size of job updated: 35916
	34  -  MemoryUsage of job (MB)
	34720  -  ResidentSetSize of job (KB)
...
006 (4054029.002.000) 07/31 23:07:57 Image size of job updated: 35920
	34  -  MemoryUsage of job (MB)
	34720  -  ResidentSetSize of job (KB)
...
006 (4054029.002.000) 07/31 23:12:58 Image size of job updated: 35924
	34  -  MemoryUsage of job (MB)
	34724  -  ResidentSetSize of job (KB)
...
005 (4054029.002.000) 07/31 23:18:22 Job terminated.
	(1) Normal termination (return value 0)
		Usr 0 00:35:26, Sys 0 00:00:01  -  Run Remote Usage
		Usr 0 00:00:00, Sys 0 00:00:00  -  Run Local Usage
		Usr 0 00:35:26, Sys 0 00:00:01  -  Total Remote Usage
		Usr 0 00:00:00, Sys 0 00:00:00  -  Total Local Usage
	0  -  Run Bytes Sent By Job
	0  -  Run Bytes Received By Job
	0  -  Total Bytes Sent By Job
	0  -  Total Bytes Received By Job
	Partitionable Resources :    Usage  Request Allocated 
	   Cpus                 :     1.00        1         1 
	   Disk (KB)            :  7500        7500   6743395 
	   Memory (MB)          :    34        1500      1536 
	   Xferslots            :                           0 
...
000 (4108529.002.000) 08/01 17:53:25 Job submitted from host: <130.199.48.83:9618?addrs=130.199.48.83-9618&noUDP&sock=8867_649e_3>
...
009 (4108529.002.000) 08/01 17:54:38 Job was aborted by the user.
	via condor_rm (by user ahmed51)
...
000 (4109387.002.000) 08/01 17:56:03 Job submitted from host: <130.199.48.83:9618?addrs=130.199.48.83-9618&noUDP&sock=8867_649e_3>
...
001 (4109387.002.000) 08/01 18:22:28 Job executing on host: <130.199.202.107:9618?addrs=130.199.202.107-9618&noUDP&sock=32079_b2b1_3>
...
006 (4109387.002.000) 08/01 18:22:37 Image size of job updated: 36176
	34  -  MemoryUsage of job (MB)
	34528  -  ResidentSetSize of job (KB)
...
006 (4109387.002.000) 08/01 18:27:38 Image size of job updated: 36360
	34  -  MemoryUsage of job (MB)
	34668  -  ResidentSetSize of job (KB)
...
006 (4109387.002.000) 08/01 18:32:38 Image size of job updated: 36408
	34  -  MemoryUsage of job (MB)
	34716  -  ResidentSetSize of job (KB)
...
006 (4109387.002.000) 08/01 18:37:38 Image size of job updated: 36412
	34  -  MemoryUsage of job (MB)
	34720  -  ResidentSetSize of job (KB)
...
006 (4109387.002.000) 08/01 18:42:39 Image size of job updated: 36476
	34  -  MemoryUsage of job (MB)
	34720  -  ResidentSetSize of job (KB)
...
005 (4109387.002.000) 08/01 18:51:33 Job terminated.
	(1) Normal termination (return value 0)
		Usr 0 00:29:00, Sys 0 00:00:01  -  Run Remote Usage
		Usr 0 00:00:00, Sys 0 00:00:00  -  Run Local Usage
		Usr 0 00:29:00, Sys 0 00:00:01  -  Total Remote Usage
		Usr 0 00:00:00, Sys 0 00:00:00  -  Total Local Usage
	0  -  Run Bytes Sent By Job
	0  -  Run Bytes Received By Job
	0  -  Total Bytes Sent By Job
	0  -  Total Bytes Received By Job
	Partitionable Resources :    Usage  Request Allocated 
	   Cpus                 :     1.00        1         1 
	   Disk (KB)            :  7500        7500   4811675 
	   Memory (MB)          :    34        1500      1536 
	   Xferslots            :                           0 
...
