000 (4054012.000.000) 07/15 20:24:31 Job submitted from host: <130.199.48.83:9618?addrs=130.199.48.83-9618&noUDP&sock=8867_649e_3>
...
001 (4054012.000.000) 07/15 20:25:07 Job executing on host: <130.199.157.155:9618?addrs=130.199.157.155-9618&noUDP&sock=218167_3369_3>
...
006 (4054012.000.000) 07/15 20:25:15 Image size of job updated: 35780
	34  -  MemoryUsage of job (MB)
	34608  -  ResidentSetSize of job (KB)
...
006 (4054012.000.000) 07/15 20:30:15 Image size of job updated: 35948
	34  -  MemoryUsage of job (MB)
	34752  -  ResidentSetSize of job (KB)
...
006 (4054012.000.000) 07/15 20:35:16 Image size of job updated: 35964
	34  -  MemoryUsage of job (MB)
	34760  -  ResidentSetSize of job (KB)
...
006 (4054012.000.000) 07/15 20:40:16 Image size of job updated: 35968
	34  -  MemoryUsage of job (MB)
	34764  -  ResidentSetSize of job (KB)
...
006 (4054012.000.000) 07/15 20:50:17 Image size of job updated: 35980
	34  -  MemoryUsage of job (MB)
	34776  -  ResidentSetSize of job (KB)
...
006 (4054012.000.000) 07/15 21:09:55 Image size of job updated: 35988
	34  -  MemoryUsage of job (MB)
	34776  -  ResidentSetSize of job (KB)
...
005 (4054012.000.000) 07/15 21:09:56 Job terminated.
	(1) Normal termination (return value 0)
		Usr 0 00:44:03, Sys 0 00:00:04  -  Run Remote Usage
		Usr 0 00:00:00, Sys 0 00:00:00  -  Run Local Usage
		Usr 0 00:44:03, Sys 0 00:00:04  -  Total Remote Usage
		Usr 0 00:00:00, Sys 0 00:00:00  -  Total Local Usage
	0  -  Run Bytes Sent By Job
	0  -  Run Bytes Received By Job
	0  -  Total Bytes Sent By Job
	0  -  Total Bytes Received By Job
	Partitionable Resources :    Usage  Request Allocated 
	   Cpus                 :     0.99        1         1 
	   Disk (KB)            :  7500        7500  14337878 
	   Memory (MB)          :    34        1500      1536 
	   Xferslots            :                           0 
...
000 (4159731.000.000) 09/20 03:25:14 Job submitted from host: <130.199.48.83:9618?addrs=130.199.48.83-9618&noUDP&sock=8867_649e_3>
...
001 (4159731.000.000) 09/20 03:35:39 Job executing on host: <130.199.202.106:9618?addrs=130.199.202.106-9618&noUDP&sock=31922_026e_3>
...
006 (4159731.000.000) 09/20 03:35:48 Image size of job updated: 35732
	34  -  MemoryUsage of job (MB)
	34572  -  ResidentSetSize of job (KB)
...
000 (4159732.000.000) 09/20 03:37:24 Job submitted from host: <130.199.48.83:9618?addrs=130.199.48.83-9618&noUDP&sock=8867_649e_3>
...
000 (4159733.000.000) 09/20 03:37:55 Job submitted from host: <130.199.48.83:9618?addrs=130.199.48.83-9618&noUDP&sock=8867_649e_3>
...
000 (4159734.000.000) 09/20 03:38:18 Job submitted from host: <130.199.48.83:9618?addrs=130.199.48.83-9618&noUDP&sock=8867_649e_3>
...
000 (4159735.000.000) 09/20 03:38:40 Job submitted from host: <130.199.48.83:9618?addrs=130.199.48.83-9618&noUDP&sock=8867_649e_3>
...
006 (4159731.000.000) 09/20 03:40:49 Image size of job updated: 35916
	34  -  MemoryUsage of job (MB)
	34728  -  ResidentSetSize of job (KB)
...
006 (4159731.000.000) 09/20 03:50:49 Image size of job updated: 35932
	34  -  MemoryUsage of job (MB)
	34740  -  ResidentSetSize of job (KB)
...
006 (4159731.000.000) 09/20 03:55:50 Image size of job updated: 35952
	34  -  MemoryUsage of job (MB)
	34760  -  ResidentSetSize of job (KB)
...
006 (4159731.000.000) 09/20 04:00:51 Image size of job updated: 35956
	34  -  MemoryUsage of job (MB)
	34764  -  ResidentSetSize of job (KB)
...
006 (4159731.000.000) 09/20 04:10:52 Image size of job updated: 35960
	34  -  MemoryUsage of job (MB)
	34768  -  ResidentSetSize of job (KB)
...
006 (4159731.000.000) 09/20 04:15:53 Image size of job updated: 35964
	34  -  MemoryUsage of job (MB)
	34772  -  ResidentSetSize of job (KB)
...
006 (4159731.000.000) 09/20 04:50:56 Image size of job updated: 35968
	34  -  MemoryUsage of job (MB)
	34776  -  ResidentSetSize of job (KB)
...
001 (4159735.000.000) 09/20 04:53:58 Job executing on host: <130.199.200.92:9618?addrs=130.199.200.92-9618&noUDP&sock=20369_a17f_3>
...
001 (4159732.000.000) 09/20 04:53:59 Job executing on host: <130.199.202.114:9618?addrs=130.199.202.114-9618&noUDP&sock=30148_8f96_3>
...
001 (4159733.000.000) 09/20 04:53:59 Job executing on host: <130.199.157.144:9618?addrs=130.199.157.144-9618&noUDP&sock=217177_e0d9_3>
...
001 (4159734.000.000) 09/20 04:54:00 Job executing on host: <130.199.202.103:9618?addrs=130.199.202.103-9618&noUDP&sock=24512_d68a_3>
...
006 (4159735.000.000) 09/20 04:54:06 Image size of job updated: 35708
	34  -  MemoryUsage of job (MB)
	34548  -  ResidentSetSize of job (KB)
...
006 (4159732.000.000) 09/20 04:54:07 Image size of job updated: 34824
	34  -  MemoryUsage of job (MB)
	34588  -  ResidentSetSize of job (KB)
...
006 (4159733.000.000) 09/20 04:54:07 Image size of job updated: 35640
	34  -  MemoryUsage of job (MB)
	34488  -  ResidentSetSize of job (KB)
...
006 (4159734.000.000) 09/20 04:54:08 Image size of job updated: 35784
	34  -  MemoryUsage of job (MB)
	34588  -  ResidentSetSize of job (KB)
...
006 (4159731.000.000) 09/20 04:55:56 Image size of job updated: 35976
	34  -  MemoryUsage of job (MB)
	34784  -  ResidentSetSize of job (KB)
...
006 (4159735.000.000) 09/20 04:59:06 Image size of job updated: 35920
	34  -  MemoryUsage of job (MB)
	34736  -  ResidentSetSize of job (KB)
...
006 (4159732.000.000) 09/20 04:59:07 Image size of job updated: 34972
	34  -  MemoryUsage of job (MB)
	34736  -  ResidentSetSize of job (KB)
...
006 (4159733.000.000) 09/20 04:59:07 Image size of job updated: 35952
	34  -  MemoryUsage of job (MB)
	34764  -  ResidentSetSize of job (KB)
...
006 (4159734.000.000) 09/20 04:59:08 Image size of job updated: 35980
	34  -  MemoryUsage of job (MB)
	34772  -  ResidentSetSize of job (KB)
...
005 (4159731.000.000) 09/20 05:02:22 Job terminated.
	(1) Normal termination (return value 0)
		Usr 0 01:26:24, Sys 0 00:00:03  -  Run Remote Usage
		Usr 0 00:00:00, Sys 0 00:00:00  -  Run Local Usage
		Usr 0 01:26:24, Sys 0 00:00:03  -  Total Remote Usage
		Usr 0 00:00:00, Sys 0 00:00:00  -  Total Local Usage
	0  -  Run Bytes Sent By Job
	0  -  Run Bytes Received By Job
	0  -  Total Bytes Sent By Job
	0  -  Total Bytes Received By Job
	Partitionable Resources :    Usage  Request Allocated 
	   Cpus                 :     1.00        1         1 
	   Disk (KB)            :  7500        7500   4811698 
	   Memory (MB)          :    34        1500      1536 
	   Xferslots            :                           0 
...
006 (4159735.000.000) 09/20 05:04:07 Image size of job updated: 35940
	34  -  MemoryUsage of job (MB)
	34756  -  ResidentSetSize of job (KB)
...
006 (4159733.000.000) 09/20 05:04:08 Image size of job updated: 35980
	34  -  MemoryUsage of job (MB)
	34792  -  ResidentSetSize of job (KB)
...
006 (4159734.000.000) 09/20 05:04:09 Image size of job updated: 35984
	34  -  MemoryUsage of job (MB)
	34772  -  ResidentSetSize of job (KB)
...
006 (4159735.000.000) 09/20 05:09:08 Image size of job updated: 35952
	34  -  MemoryUsage of job (MB)
	34760  -  ResidentSetSize of job (KB)
...
006 (4159732.000.000) 09/20 05:09:09 Image size of job updated: 35060
	35  -  MemoryUsage of job (MB)
	34824  -  ResidentSetSize of job (KB)
...
006 (4159733.000.000) 09/20 05:09:09 Image size of job updated: 35988
	34  -  MemoryUsage of job (MB)
	34796  -  ResidentSetSize of job (KB)
...
006 (4159734.000.000) 09/20 05:09:10 Image size of job updated: 35992
	34  -  MemoryUsage of job (MB)
	34776  -  ResidentSetSize of job (KB)
...
006 (4159735.000.000) 09/20 05:14:08 Image size of job updated: 35972
	34  -  MemoryUsage of job (MB)
	34780  -  ResidentSetSize of job (KB)
...
006 (4159733.000.000) 09/20 05:14:09 Image size of job updated: 36020
	35  -  MemoryUsage of job (MB)
	34828  -  ResidentSetSize of job (KB)
...
006 (4159735.000.000) 09/20 05:19:09 Image size of job updated: 35976
	34  -  MemoryUsage of job (MB)
	34784  -  ResidentSetSize of job (KB)
...
006 (4159734.000.000) 09/20 05:24:12 Image size of job updated: 36016
	34  -  MemoryUsage of job (MB)
	34800  -  ResidentSetSize of job (KB)
...
006 (4159735.000.000) 09/20 05:29:10 Image size of job updated: 35992
	34  -  MemoryUsage of job (MB)
	34800  -  ResidentSetSize of job (KB)
...
006 (4159733.000.000) 09/20 05:39:12 Image size of job updated: 36028
	35  -  MemoryUsage of job (MB)
	34836  -  ResidentSetSize of job (KB)
...
006 (4159734.000.000) 09/20 05:54:15 Image size of job updated: 36020
	34  -  MemoryUsage of job (MB)
	34804  -  ResidentSetSize of job (KB)
...
006 (4159732.000.000) 09/20 06:09:13 Image size of job updated: 35080
	35  -  MemoryUsage of job (MB)
	34844  -  ResidentSetSize of job (KB)
...
006 (4159735.000.000) 09/20 06:09:14 Image size of job updated: 36004
	34  -  MemoryUsage of job (MB)
	34812  -  ResidentSetSize of job (KB)
...
005 (4159733.000.000) 09/20 06:21:41 Job terminated.
	(1) Normal termination (return value 0)
		Usr 0 01:26:53, Sys 0 00:00:04  -  Run Remote Usage
		Usr 0 00:00:00, Sys 0 00:00:00  -  Run Local Usage
		Usr 0 01:26:53, Sys 0 00:00:04  -  Total Remote Usage
		Usr 0 00:00:00, Sys 0 00:00:00  -  Total Local Usage
	0  -  Run Bytes Sent By Job
	0  -  Run Bytes Received By Job
	0  -  Total Bytes Sent By Job
	0  -  Total Bytes Received By Job
	Partitionable Resources :    Usage  Request Allocated 
	   Cpus                 :     1.00        1         1 
	   Disk (KB)            :  7500        7500  14337878 
	   Memory (MB)          :    35        1500      1536 
	   Xferslots            :                           0 
...
005 (4159732.000.000) 09/20 06:22:41 Job terminated.
	(1) Normal termination (return value 0)
		Usr 0 01:28:11, Sys 0 00:00:03  -  Run Remote Usage
		Usr 0 00:00:00, Sys 0 00:00:00  -  Run Local Usage
		Usr 0 01:28:11, Sys 0 00:00:03  -  Total Remote Usage
		Usr 0 00:00:00, Sys 0 00:00:00  -  Total Local Usage
	0  -  Run Bytes Sent By Job
	0  -  Run Bytes Received By Job
	0  -  Total Bytes Sent By Job
	0  -  Total Bytes Received By Job
	Partitionable Resources :    Usage  Request Allocated 
	   Cpus                 :     0.98        1         1 
	   Disk (KB)            :  7500        7500   4811685 
	   Memory (MB)          :    35        1500      1536 
	   Xferslots            :                           0 
...
005 (4159734.000.000) 09/20 06:23:06 Job terminated.
	(1) Normal termination (return value 0)
		Usr 0 01:28:36, Sys 0 00:00:03  -  Run Remote Usage
		Usr 0 00:00:00, Sys 0 00:00:00  -  Run Local Usage
		Usr 0 01:28:36, Sys 0 00:00:03  -  Total Remote Usage
		Usr 0 00:00:00, Sys 0 00:00:00  -  Total Local Usage
	0  -  Run Bytes Sent By Job
	0  -  Run Bytes Received By Job
	0  -  Total Bytes Sent By Job
	0  -  Total Bytes Received By Job
	Partitionable Resources :    Usage  Request Allocated 
	   Cpus                 :     0.96        1         1 
	   Disk (KB)            :  7500        7500   5106349 
	   Memory (MB)          :    34        1500      1536 
	   Xferslots            :                           0 
...
005 (4159735.000.000) 09/20 06:26:59 Job terminated.
	(1) Normal termination (return value 0)
		Usr 0 01:32:37, Sys 0 00:00:05  -  Run Remote Usage
		Usr 0 00:00:00, Sys 0 00:00:00  -  Run Local Usage
		Usr 0 01:32:37, Sys 0 00:00:05  -  Total Remote Usage
		Usr 0 00:00:00, Sys 0 00:00:00  -  Total Local Usage
	0  -  Run Bytes Sent By Job
	0  -  Run Bytes Received By Job
	0  -  Total Bytes Sent By Job
	0  -  Total Bytes Received By Job
	Partitionable Resources :    Usage  Request Allocated 
	   Cpus                 :     0.99        1         1 
	   Disk (KB)            :  7500        7500   3815130 
	   Memory (MB)          :    34        1500      1536 
	   Xferslots            :                           0 
...
000 (4160437.001.000) 09/21 04:53:21 Job submitted from host: <130.199.48.83:9618?addrs=130.199.48.83-9618&noUDP&sock=8867_649e_3>
...
001 (4160437.001.000) 09/21 04:57:05 Job executing on host: <130.199.156.231:9618?addrs=130.199.156.231-9618&noUDP&sock=31621_bf2e_3>
...
006 (4160437.001.000) 09/21 04:57:11 Image size of job updated: 59136
	0  -  MemoryUsage of job (MB)
	0  -  ResidentSetSize of job (KB)
...
005 (4160437.001.000) 09/21 04:57:11 Job terminated.
	(1) Normal termination (return value 0)
		Usr 0 00:00:00, Sys 0 00:00:00  -  Run Remote Usage
		Usr 0 00:00:00, Sys 0 00:00:00  -  Run Local Usage
		Usr 0 00:00:00, Sys 0 00:00:00  -  Total Remote Usage
		Usr 0 00:00:00, Sys 0 00:00:00  -  Total Local Usage
	0  -  Run Bytes Sent By Job
	0  -  Run Bytes Received By Job
	0  -  Total Bytes Sent By Job
	0  -  Total Bytes Received By Job
	Partitionable Resources :    Usage  Request Allocated 
	   Cpus                 :        0        1         1 
	   Disk (KB)            :     1500     1500   6743395 
	   Memory (MB)          :        0     1500      1536 
	   Xferslots            :                           0 
...
000 (4160438.001.000) 09/21 13:10:24 Job submitted from host: <130.199.48.83:9618?addrs=130.199.48.83-9618&noUDP&sock=8867_649e_3>
...
000 (4160439.001.000) 09/21 13:13:27 Job submitted from host: <130.199.48.83:9618?addrs=130.199.48.83-9618&noUDP&sock=8867_649e_3>
...
001 (4160439.001.000) 09/21 13:21:49 Job executing on host: <130.199.157.156:9618?addrs=130.199.157.156-9618&noUDP&sock=216952_ab2d_3>
...
001 (4160438.001.000) 09/21 13:21:50 Job executing on host: <130.199.157.9:9618?addrs=130.199.157.9-9618&noUDP&sock=117066_02b8_3>
...
006 (4160439.001.000) 09/21 13:21:54 Image size of job updated: 547588
	0  -  MemoryUsage of job (MB)
	0  -  ResidentSetSize of job (KB)
...
005 (4160439.001.000) 09/21 13:21:54 Job terminated.
	(1) Normal termination (return value 0)
		Usr 0 00:00:00, Sys 0 00:00:00  -  Run Remote Usage
		Usr 0 00:00:00, Sys 0 00:00:00  -  Run Local Usage
		Usr 0 00:00:00, Sys 0 00:00:00  -  Total Remote Usage
		Usr 0 00:00:00, Sys 0 00:00:00  -  Total Local Usage
	0  -  Run Bytes Sent By Job
	0  -  Run Bytes Received By Job
	0  -  Total Bytes Sent By Job
	0  -  Total Bytes Received By Job
	Partitionable Resources :    Usage  Request Allocated 
	   Cpus                 :        0        1         1 
	   Disk (KB)            :     1500     1500  14337878 
	   Memory (MB)          :        0     1500      1536 
	   Xferslots            :                           0 
...
006 (4160438.001.000) 09/21 13:21:58 Image size of job updated: 60272
	28  -  MemoryUsage of job (MB)
	28148  -  ResidentSetSize of job (KB)
...
006 (4160438.001.000) 09/21 13:22:04 Image size of job updated: 70072
	28  -  MemoryUsage of job (MB)
	28148  -  ResidentSetSize of job (KB)
...
005 (4160438.001.000) 09/21 13:22:05 Job terminated.
	(1) Normal termination (return value 0)
		Usr 0 00:00:00, Sys 0 00:00:00  -  Run Remote Usage
		Usr 0 00:00:00, Sys 0 00:00:00  -  Run Local Usage
		Usr 0 00:00:00, Sys 0 00:00:00  -  Total Remote Usage
		Usr 0 00:00:00, Sys 0 00:00:00  -  Total Local Usage
	0  -  Run Bytes Sent By Job
	0  -  Run Bytes Received By Job
	0  -  Total Bytes Sent By Job
	0  -  Total Bytes Received By Job
	Partitionable Resources :    Usage  Request Allocated 
	   Cpus                 :     0.11        1         1 
	   Disk (KB)            :  1500        1500   6743395 
	   Memory (MB)          :    28        1500      1536 
	   Xferslots            :                           0 
...
000 (4160440.001.000) 09/21 13:26:39 Job submitted from host: <130.199.48.83:9618?addrs=130.199.48.83-9618&noUDP&sock=8867_649e_3>
...
001 (4160440.001.000) 09/21 13:27:01 Job executing on host: <130.199.157.149:9618?addrs=130.199.157.149-9618&noUDP&sock=217031_abd1_3>
...
006 (4160440.001.000) 09/21 13:27:09 Image size of job updated: 119192
	75  -  MemoryUsage of job (MB)
	76744  -  ResidentSetSize of job (KB)
...
006 (4160440.001.000) 09/21 13:32:09 Image size of job updated: 3352476
	3222  -  MemoryUsage of job (MB)
	3299200  -  ResidentSetSize of job (KB)
...
006 (4160440.001.000) 09/21 13:32:14 Image size of job updated: 3365576
	3223  -  MemoryUsage of job (MB)
	3299500  -  ResidentSetSize of job (KB)
...
004 (4160440.001.000) 09/21 13:32:15 Job was evicted.
	(0) Job was not checkpointed.
		Usr 0 00:04:51, Sys 0 00:00:06  -  Run Remote Usage
		Usr 0 00:00:00, Sys 0 00:00:00  -  Run Local Usage
	0  -  Run Bytes Sent By Job
	0  -  Run Bytes Received By Job
	Partitionable Resources :    Usage  Request Allocated 
	   Cpus                 :     1.00        1         1 
	   Disk (KB)            :  1500        1500  14337878 
	   Memory (MB)          :  3223        1500      1536 
	   Xferslots            :                           0 
...
001 (4160440.001.000) 09/21 13:34:01 Job executing on host: <130.199.156.234:9618?addrs=130.199.156.234-9618&noUDP&sock=36647_698f_3>
...
006 (4160440.001.000) 09/21 13:44:10 Image size of job updated: 4955916
	4730  -  MemoryUsage of job (MB)
	4843380  -  ResidentSetSize of job (KB)
...
005 (4160440.001.000) 09/21 13:44:13 Job terminated.
	(1) Normal termination (return value 0)
		Usr 0 00:09:50, Sys 0 00:00:09  -  Run Remote Usage
		Usr 0 00:00:00, Sys 0 00:00:00  -  Run Local Usage
		Usr 0 00:09:50, Sys 0 00:00:09  -  Total Remote Usage
		Usr 0 00:00:00, Sys 0 00:00:00  -  Total Local Usage
	0  -  Run Bytes Sent By Job
	0  -  Run Bytes Received By Job
	0  -  Total Bytes Sent By Job
	0  -  Total Bytes Received By Job
	Partitionable Resources :    Usage  Request Allocated 
	   Cpus                 :     0.97        1         1 
	   Disk (KB)            :  1500        1500   6743395 
	   Memory (MB)          :  4730        3418      3456 
	   Xferslots            :                           0 
...
000 (4160446.001.000) 09/21 14:19:31 Job submitted from host: <130.199.48.83:9618?addrs=130.199.48.83-9618&noUDP&sock=8867_649e_3>
...
000 (4160447.001.000) 09/21 14:19:57 Job submitted from host: <130.199.48.83:9618?addrs=130.199.48.83-9618&noUDP&sock=8867_649e_3>
...
000 (4160448.001.000) 09/21 14:20:40 Job submitted from host: <130.199.48.83:9618?addrs=130.199.48.83-9618&noUDP&sock=8867_649e_3>
...
000 (4160449.001.000) 09/21 14:20:59 Job submitted from host: <130.199.48.83:9618?addrs=130.199.48.83-9618&noUDP&sock=8867_649e_3>
...
000 (4160450.001.000) 09/21 14:21:22 Job submitted from host: <130.199.48.83:9618?addrs=130.199.48.83-9618&noUDP&sock=8867_649e_3>
...
001 (4160450.001.000) 09/21 14:22:50 Job executing on host: <130.199.151.233:9618?addrs=130.199.151.233-9618&noUDP&sock=17352_c9d6_3>
...
001 (4160446.001.000) 09/21 14:22:50 Job executing on host: <130.199.152.175:9618?addrs=130.199.152.175-9618&noUDP&sock=16013_0307_3>
...
001 (4160449.001.000) 09/21 14:22:50 Job executing on host: <130.199.157.234:9618?addrs=130.199.157.234-9618&noUDP&sock=9935_66cd_3>
...
001 (4160448.001.000) 09/21 14:22:51 Job executing on host: <130.199.149.245:9618?addrs=130.199.149.245-9618&noUDP&sock=51100_9ab9_3>
...
001 (4160447.001.000) 09/21 14:22:51 Job executing on host: <130.199.158.91:9618?addrs=130.199.158.91-9618&noUDP&sock=23354_587d_3>
...
006 (4160449.001.000) 09/21 14:22:59 Image size of job updated: 35724
	34  -  MemoryUsage of job (MB)
	34572  -  ResidentSetSize of job (KB)
...
006 (4160450.001.000) 09/21 14:22:59 Image size of job updated: 33940
	33  -  MemoryUsage of job (MB)
	33196  -  ResidentSetSize of job (KB)
...
006 (4160446.001.000) 09/21 14:22:59 Image size of job updated: 35700
	34  -  MemoryUsage of job (MB)
	34540  -  ResidentSetSize of job (KB)
...
006 (4160447.001.000) 09/21 14:23:00 Image size of job updated: 35592
	34  -  MemoryUsage of job (MB)
	34444  -  ResidentSetSize of job (KB)
...
006 (4160448.001.000) 09/21 14:23:00 Image size of job updated: 35760
	34  -  MemoryUsage of job (MB)
	34600  -  ResidentSetSize of job (KB)
...
006 (4160446.001.000) 09/21 14:28:00 Image size of job updated: 35752
	34  -  MemoryUsage of job (MB)
	34720  -  ResidentSetSize of job (KB)
...
006 (4160447.001.000) 09/21 14:28:00 Image size of job updated: 35924
	34  -  MemoryUsage of job (MB)
	34740  -  ResidentSetSize of job (KB)
...
006 (4160449.001.000) 09/21 14:28:00 Image size of job updated: 35920
	34  -  MemoryUsage of job (MB)
	34736  -  ResidentSetSize of job (KB)
...
006 (4160450.001.000) 09/21 14:28:01 Image size of job updated: 35948
	34  -  MemoryUsage of job (MB)
	34736  -  ResidentSetSize of job (KB)
...
006 (4160448.001.000) 09/21 14:28:01 Image size of job updated: 35948
	34  -  MemoryUsage of job (MB)
	34760  -  ResidentSetSize of job (KB)
...
006 (4160446.001.000) 09/21 14:33:00 Image size of job updated: 35764
	34  -  MemoryUsage of job (MB)
	34728  -  ResidentSetSize of job (KB)
...
006 (4160447.001.000) 09/21 14:33:00 Image size of job updated: 35928
	34  -  MemoryUsage of job (MB)
	34740  -  ResidentSetSize of job (KB)
...
006 (4160449.001.000) 09/21 14:33:01 Image size of job updated: 35968
	34  -  MemoryUsage of job (MB)
	34780  -  ResidentSetSize of job (KB)
...
006 (4160450.001.000) 09/21 14:33:01 Image size of job updated: 35968
	34  -  MemoryUsage of job (MB)
	34756  -  ResidentSetSize of job (KB)
...
006 (4160448.001.000) 09/21 14:33:01 Image size of job updated: 35960
	34  -  MemoryUsage of job (MB)
	34768  -  ResidentSetSize of job (KB)
...
006 (4160446.001.000) 09/21 14:38:00 Image size of job updated: 35824
	34  -  MemoryUsage of job (MB)
	34764  -  ResidentSetSize of job (KB)
...
006 (4160450.001.000) 09/21 14:38:01 Image size of job updated: 35996
	34  -  MemoryUsage of job (MB)
	34780  -  ResidentSetSize of job (KB)
...
006 (4160447.001.000) 09/21 14:38:01 Image size of job updated: 35980
	34  -  MemoryUsage of job (MB)
	34788  -  ResidentSetSize of job (KB)
...
006 (4160450.001.000) 09/21 14:43:02 Image size of job updated: 36000
	34  -  MemoryUsage of job (MB)
	34784  -  ResidentSetSize of job (KB)
...
006 (4160447.001.000) 09/21 14:48:02 Image size of job updated: 36040
	35  -  MemoryUsage of job (MB)
	34848  -  ResidentSetSize of job (KB)
...
006 (4160449.001.000) 09/21 14:48:03 Image size of job updated: 35972
	34  -  MemoryUsage of job (MB)
	34780  -  ResidentSetSize of job (KB)
...
006 (4160450.001.000) 09/21 14:48:03 Image size of job updated: 36004
	34  -  MemoryUsage of job (MB)
	34788  -  ResidentSetSize of job (KB)
...
006 (4160448.001.000) 09/21 14:58:04 Image size of job updated: 35960
	34  -  MemoryUsage of job (MB)
	34772  -  ResidentSetSize of job (KB)
...
006 (4160450.001.000) 09/21 14:58:04 Image size of job updated: 36004
	34  -  MemoryUsage of job (MB)
	34792  -  ResidentSetSize of job (KB)
...
006 (4160448.001.000) 09/21 15:03:04 Image size of job updated: 35960
	34  -  MemoryUsage of job (MB)
	34776  -  ResidentSetSize of job (KB)
...
006 (4160450.001.000) 09/21 15:08:05 Image size of job updated: 36004
	34  -  MemoryUsage of job (MB)
	34800  -  ResidentSetSize of job (KB)
...
005 (4160448.001.000) 09/21 15:10:49 Job terminated.
	(1) Normal termination (return value 0)
		Usr 0 00:47:38, Sys 0 00:00:03  -  Run Remote Usage
		Usr 0 00:00:00, Sys 0 00:00:00  -  Run Local Usage
		Usr 0 00:47:38, Sys 0 00:00:03  -  Total Remote Usage
		Usr 0 00:00:00, Sys 0 00:00:00  -  Total Local Usage
	0  -  Run Bytes Sent By Job
	0  -  Run Bytes Received By Job
	0  -  Total Bytes Sent By Job
	0  -  Total Bytes Received By Job
	Partitionable Resources :    Usage  Request Allocated 
	   Cpus                 :     0.99        1         1 
	   Disk (KB)            :  7500        7500  14337493 
	   Memory (MB)          :    34        1500      1536 
	   Xferslots            :                           0 
...
006 (4160446.001.000) 09/21 15:13:04 Image size of job updated: 35824
	34  -  MemoryUsage of job (MB)
	34768  -  ResidentSetSize of job (KB)
...
006 (4160449.001.000) 09/21 15:13:05 Image size of job updated: 35972
	34  -  MemoryUsage of job (MB)
	34784  -  ResidentSetSize of job (KB)
...
005 (4160447.001.000) 09/21 15:27:29 Job terminated.
	(1) Normal termination (return value 0)
		Usr 0 01:03:52, Sys 0 00:00:07  -  Run Remote Usage
		Usr 0 00:00:00, Sys 0 00:00:00  -  Run Local Usage
		Usr 0 01:03:52, Sys 0 00:00:07  -  Total Remote Usage
		Usr 0 00:00:00, Sys 0 00:00:00  -  Total Local Usage
	0  -  Run Bytes Sent By Job
	0  -  Run Bytes Received By Job
	0  -  Total Bytes Sent By Job
	0  -  Total Bytes Received By Job
	Partitionable Resources :    Usage  Request Allocated 
	   Cpus                 :     1.00        1         1 
	   Disk (KB)            :  7500        7500   7038850 
	   Memory (MB)          :    35        1500      1536 
	   Xferslots            :                           0 
...
005 (4160449.001.000) 09/21 15:27:54 Job terminated.
	(1) Normal termination (return value 0)
		Usr 0 01:04:40, Sys 0 00:00:05  -  Run Remote Usage
		Usr 0 00:00:00, Sys 0 00:00:00  -  Run Local Usage
		Usr 0 01:04:40, Sys 0 00:00:05  -  Total Remote Usage
		Usr 0 00:00:00, Sys 0 00:00:00  -  Total Local Usage
	0  -  Run Bytes Sent By Job
	0  -  Run Bytes Received By Job
	0  -  Total Bytes Sent By Job
	0  -  Total Bytes Received By Job
	Partitionable Resources :    Usage  Request Allocated 
	   Cpus                 :     1.00        1         1 
	   Disk (KB)            :  7500        7500   3329071 
	   Memory (MB)          :    34        1500      1536 
	   Xferslots            :                           0 
...
005 (4160446.001.000) 09/21 15:28:51 Job terminated.
	(1) Normal termination (return value 0)
		Usr 0 01:05:28, Sys 0 00:00:06  -  Run Remote Usage
		Usr 0 00:00:00, Sys 0 00:00:00  -  Run Local Usage
		Usr 0 01:05:28, Sys 0 00:00:06  -  Total Remote Usage
		Usr 0 00:00:00, Sys 0 00:00:00  -  Total Local Usage
	0  -  Run Bytes Sent By Job
	0  -  Run Bytes Received By Job
	0  -  Total Bytes Sent By Job
	0  -  Total Bytes Received By Job
	Partitionable Resources :    Usage  Request Allocated 
	   Cpus                 :     0.99        1         1 
	   Disk (KB)            :  7500        7500   1901586 
	   Memory (MB)          :    34        1500      1536 
	   Xferslots            :                           0 
...
005 (4160450.001.000) 09/21 15:32:16 Job terminated.
	(1) Normal termination (return value 0)
		Usr 0 01:09:01, Sys 0 00:00:05  -  Run Remote Usage
		Usr 0 00:00:00, Sys 0 00:00:00  -  Run Local Usage
		Usr 0 01:09:01, Sys 0 00:00:05  -  Total Remote Usage
		Usr 0 00:00:00, Sys 0 00:00:00  -  Total Local Usage
	0  -  Run Bytes Sent By Job
	0  -  Run Bytes Received By Job
	0  -  Total Bytes Sent By Job
	0  -  Total Bytes Received By Job
	Partitionable Resources :    Usage  Request Allocated 
	   Cpus                 :     1.00        1         1 
	   Disk (KB)            :  7500        7500   1135828 
	   Memory (MB)          :    34        1500      1536 
	   Xferslots            :                           0 
...
000 (4165377.001.000) 09/22 23:58:39 Job submitted from host: <130.199.48.83:9618?addrs=130.199.48.83-9618&noUDP&sock=8867_649e_3>
...
001 (4165377.001.000) 09/22 23:59:19 Job executing on host: <130.199.157.152:9618?addrs=130.199.157.152-9618&noUDP&sock=215433_eca1_3>
...
006 (4165377.001.000) 09/22 23:59:27 Image size of job updated: 127856
	84  -  MemoryUsage of job (MB)
	85408  -  ResidentSetSize of job (KB)
...
006 (4165377.001.000) 09/23 00:03:05 Image size of job updated: 1125452
	84  -  MemoryUsage of job (MB)
	85408  -  ResidentSetSize of job (KB)
...
005 (4165377.001.000) 09/23 00:03:05 Job terminated.
	(1) Normal termination (return value 0)
		Usr 0 00:03:35, Sys 0 00:00:04  -  Run Remote Usage
		Usr 0 00:00:00, Sys 0 00:00:00  -  Run Local Usage
		Usr 0 00:03:35, Sys 0 00:00:04  -  Total Remote Usage
		Usr 0 00:00:00, Sys 0 00:00:00  -  Total Local Usage
	0  -  Run Bytes Sent By Job
	0  -  Run Bytes Received By Job
	0  -  Total Bytes Sent By Job
	0  -  Total Bytes Received By Job
	Partitionable Resources :    Usage  Request Allocated 
	   Cpus                 :     0.99        1         1 
	   Disk (KB)            :  1500        1500  14337878 
	   Memory (MB)          :    84        1500      1536 
	   Xferslots            :                           0 
...
000 (4165378.001.000) 09/23 00:10:04 Job submitted from host: <130.199.48.83:9618?addrs=130.199.48.83-9618&noUDP&sock=8867_649e_3>
...
000 (4165379.001.000) 09/23 00:10:30 Job submitted from host: <130.199.48.83:9618?addrs=130.199.48.83-9618&noUDP&sock=8867_649e_3>
...
001 (4165378.001.000) 09/23 00:10:34 Job executing on host: <130.199.157.2:9618?addrs=130.199.157.2-9618&noUDP&sock=37856_0bab_3>
...
006 (4165378.001.000) 09/23 00:10:43 Image size of job updated: 101892
	59  -  MemoryUsage of job (MB)
	59444  -  ResidentSetSize of job (KB)
...
001 (4165379.001.000) 09/23 00:10:56 Job executing on host: <130.199.157.148:9618?addrs=130.199.157.148-9618&noUDP&sock=215562_c04f_3>
...
000 (4165380.001.000) 09/23 00:11:05 Job submitted from host: <130.199.48.83:9618?addrs=130.199.48.83-9618&noUDP&sock=8867_649e_3>
...
006 (4165379.001.000) 09/23 00:11:05 Image size of job updated: 21400
	6  -  MemoryUsage of job (MB)
	6044  -  ResidentSetSize of job (KB)
...
001 (4165380.001.000) 09/23 00:11:43 Job executing on host: <130.199.157.8:9618?addrs=130.199.157.8-9618&noUDP&sock=115056_defa_3>
...
006 (4165380.001.000) 09/23 00:11:52 Image size of job updated: 140584
	97  -  MemoryUsage of job (MB)
	99232  -  ResidentSetSize of job (KB)
...
000 (4165381.001.000) 09/23 00:11:59 Job submitted from host: <130.199.48.83:9618?addrs=130.199.48.83-9618&noUDP&sock=8867_649e_3>
...
001 (4165381.001.000) 09/23 00:12:51 Job executing on host: <130.199.157.19:9618?addrs=130.199.157.19-9618&noUDP&sock=31623_6139_3>
...
006 (4165381.001.000) 09/23 00:12:59 Image size of job updated: 125544
	83  -  MemoryUsage of job (MB)
	84200  -  ResidentSetSize of job (KB)
...
006 (4165378.001.000) 09/23 00:15:01 Image size of job updated: 3081184
	59  -  MemoryUsage of job (MB)
	59444  -  ResidentSetSize of job (KB)
...
005 (4165378.001.000) 09/23 00:15:01 Job terminated.
	(1) Normal termination (return value 0)
		Usr 0 00:04:05, Sys 0 00:00:04  -  Run Remote Usage
		Usr 0 00:00:00, Sys 0 00:00:00  -  Run Local Usage
		Usr 0 00:04:05, Sys 0 00:00:04  -  Total Remote Usage
		Usr 0 00:00:00, Sys 0 00:00:00  -  Total Local Usage
	0  -  Run Bytes Sent By Job
	0  -  Run Bytes Received By Job
	0  -  Total Bytes Sent By Job
	0  -  Total Bytes Received By Job
	Partitionable Resources :    Usage  Request Allocated 
	   Cpus                 :     1.00        1         1 
	   Disk (KB)            :  1500        1500   6743395 
	   Memory (MB)          :    59        1500      1536 
	   Xferslots            :                           0 
...
006 (4165379.001.000) 09/23 00:16:06 Image size of job updated: 1385460
	1302  -  MemoryUsage of job (MB)
	1332432  -  ResidentSetSize of job (KB)
...
006 (4165380.001.000) 09/23 00:16:08 Image size of job updated: 3087620
	97  -  MemoryUsage of job (MB)
	99232  -  ResidentSetSize of job (KB)
...
005 (4165380.001.000) 09/23 00:16:09 Job terminated.
	(1) Normal termination (return value 0)
		Usr 0 00:04:17, Sys 0 00:00:04  -  Run Remote Usage
		Usr 0 00:00:00, Sys 0 00:00:00  -  Run Local Usage
		Usr 0 00:04:17, Sys 0 00:00:04  -  Total Remote Usage
		Usr 0 00:00:00, Sys 0 00:00:00  -  Total Local Usage
	0  -  Run Bytes Sent By Job
	0  -  Run Bytes Received By Job
	0  -  Total Bytes Sent By Job
	0  -  Total Bytes Received By Job
	Partitionable Resources :    Usage  Request Allocated 
	   Cpus                 :     1.00        1         1 
	   Disk (KB)            :  1500        1500   6743395 
	   Memory (MB)          :    97        1500      1536 
	   Xferslots            :                           0 
...
006 (4165381.001.000) 09/23 00:17:08 Image size of job updated: 3097140
	83  -  MemoryUsage of job (MB)
	84276  -  ResidentSetSize of job (KB)
...
005 (4165381.001.000) 09/23 00:17:08 Job terminated.
	(1) Normal termination (return value 0)
		Usr 0 00:03:55, Sys 0 00:00:04  -  Run Remote Usage
		Usr 0 00:00:00, Sys 0 00:00:00  -  Run Local Usage
		Usr 0 00:03:55, Sys 0 00:00:04  -  Total Remote Usage
		Usr 0 00:00:00, Sys 0 00:00:00  -  Total Local Usage
	0  -  Run Bytes Sent By Job
	0  -  Run Bytes Received By Job
	0  -  Total Bytes Sent By Job
	0  -  Total Bytes Received By Job
	Partitionable Resources :    Usage  Request Allocated 
	   Cpus                 :     1.00        1         1 
	   Disk (KB)            :  1500        1500   6743395 
	   Memory (MB)          :    83        1500      1536 
	   Xferslots            :                           0 
...
006 (4165379.001.000) 09/23 00:18:11 Image size of job updated: 2619388
	1302  -  MemoryUsage of job (MB)
	1332464  -  ResidentSetSize of job (KB)
...
005 (4165379.001.000) 09/23 00:18:13 Job terminated.
	(1) Normal termination (return value 0)
		Usr 0 00:03:10, Sys 0 00:00:04  -  Run Remote Usage
		Usr 0 00:00:00, Sys 0 00:00:00  -  Run Local Usage
		Usr 0 00:03:10, Sys 0 00:00:04  -  Total Remote Usage
		Usr 0 00:00:00, Sys 0 00:00:00  -  Total Local Usage
	0  -  Run Bytes Sent By Job
	0  -  Run Bytes Received By Job
	0  -  Total Bytes Sent By Job
	0  -  Total Bytes Received By Job
	Partitionable Resources :    Usage  Request Allocated 
	   Cpus                 :     0.92        1         1 
	   Disk (KB)            :  1500        1500  14337878 
	   Memory (MB)          :  1302        1500      1536 
	   Xferslots            :                           0 
...
000 (4175647.015.000) 10/12 22:27:42 Job submitted from host: <130.199.48.83:9618?addrs=130.199.48.83-9618&noUDP&sock=8867_649e_3>
...
001 (4175647.015.000) 10/12 22:29:00 Job executing on host: <130.199.153.180:9618?addrs=130.199.153.180-9618&noUDP&sock=12377_4384_3>
...
006 (4175647.015.000) 10/12 22:29:09 Image size of job updated: 35960
	34  -  MemoryUsage of job (MB)
	34520  -  ResidentSetSize of job (KB)
...
006 (4175647.015.000) 10/12 22:34:10 Image size of job updated: 36224
	34  -  MemoryUsage of job (MB)
	34748  -  ResidentSetSize of job (KB)
...
006 (4175647.015.000) 10/12 22:39:10 Image size of job updated: 36236
	34  -  MemoryUsage of job (MB)
	34760  -  ResidentSetSize of job (KB)
...
006 (4175647.015.000) 10/12 22:44:11 Image size of job updated: 36244
	34  -  MemoryUsage of job (MB)
	34764  -  ResidentSetSize of job (KB)
...
000 (4175650.015.000) 10/12 22:52:41 Job submitted from host: <130.199.48.83:9618?addrs=130.199.48.83-9618&noUDP&sock=8867_649e_3>
...
001 (4175650.015.000) 10/12 22:53:47 Job executing on host: <130.199.156.230:9618?addrs=130.199.156.230-9618&noUDP&sock=31307_5ea8_3>
...
006 (4175650.015.000) 10/12 22:53:56 Image size of job updated: 35768
	34  -  MemoryUsage of job (MB)
	34616  -  ResidentSetSize of job (KB)
...
006 (4175650.015.000) 10/12 22:58:57 Image size of job updated: 36028
	35  -  MemoryUsage of job (MB)
	34844  -  ResidentSetSize of job (KB)
...
006 (4175647.015.000) 10/12 22:59:12 Image size of job updated: 36248
	34  -  MemoryUsage of job (MB)
	34768  -  ResidentSetSize of job (KB)
...
006 (4175650.015.000) 10/12 23:03:57 Image size of job updated: 36076
	35  -  MemoryUsage of job (MB)
	34892  -  ResidentSetSize of job (KB)
...
006 (4175647.015.000) 10/12 23:04:13 Image size of job updated: 36256
	34  -  MemoryUsage of job (MB)
	34776  -  ResidentSetSize of job (KB)
...
006 (4175650.015.000) 10/12 23:08:57 Image size of job updated: 36100
	35  -  MemoryUsage of job (MB)
	34912  -  ResidentSetSize of job (KB)
...
006 (4175650.015.000) 10/12 23:23:59 Image size of job updated: 36104
	35  -  MemoryUsage of job (MB)
	34912  -  ResidentSetSize of job (KB)
...
006 (4175647.015.000) 10/12 23:24:14 Image size of job updated: 36272
	34  -  MemoryUsage of job (MB)
	34792  -  ResidentSetSize of job (KB)
...
006 (4175647.015.000) 10/12 23:44:16 Image size of job updated: 36300
	35  -  MemoryUsage of job (MB)
	34820  -  ResidentSetSize of job (KB)
...
006 (4175647.015.000) 10/12 23:46:48 Image size of job updated: 2152896
	35  -  MemoryUsage of job (MB)
	34820  -  ResidentSetSize of job (KB)
...
005 (4175647.015.000) 10/12 23:46:48 Job terminated.
	(1) Normal termination (return value 0)
		Usr 0 01:17:24, Sys 0 00:00:05  -  Run Remote Usage
		Usr 0 00:00:00, Sys 0 00:00:00  -  Run Local Usage
		Usr 0 01:17:24, Sys 0 00:00:05  -  Total Remote Usage
		Usr 0 00:00:00, Sys 0 00:00:00  -  Total Local Usage
	0  -  Run Bytes Sent By Job
	0  -  Run Bytes Received By Job
	0  -  Total Bytes Sent By Job
	0  -  Total Bytes Received By Job
	Partitionable Resources :    Usage  Request Allocated 
	   Cpus                 :     1.00        1         1 
	   Disk (KB)            :  7500        7500   1136332 
	   Memory (MB)          :    35        1500      1536 
	   Xferslots            :                           0 
...
005 (4175650.015.000) 10/13 00:02:29 Job terminated.
	(1) Normal termination (return value 0)
		Usr 0 01:08:28, Sys 0 00:00:03  -  Run Remote Usage
		Usr 0 00:00:00, Sys 0 00:00:00  -  Run Local Usage
		Usr 0 01:08:28, Sys 0 00:00:03  -  Total Remote Usage
		Usr 0 00:00:00, Sys 0 00:00:00  -  Total Local Usage
	0  -  Run Bytes Sent By Job
	0  -  Run Bytes Received By Job
	0  -  Total Bytes Sent By Job
	0  -  Total Bytes Received By Job
	Partitionable Resources :    Usage  Request Allocated 
	   Cpus                 :     1.00        1         1 
	   Disk (KB)            :  7500        7500   6743395 
	   Memory (MB)          :    35        1500      1536 
	   Xferslots            :                           0 
...
000 (4175653.015.000) 10/13 00:59:36 Job submitted from host: <130.199.48.83:9618?addrs=130.199.48.83-9618&noUDP&sock=8867_649e_3>
...
000 (4175654.015.000) 10/13 01:00:13 Job submitted from host: <130.199.48.83:9618?addrs=130.199.48.83-9618&noUDP&sock=8867_649e_3>
...
001 (4175653.015.000) 10/13 01:00:42 Job executing on host: <130.199.156.17:9618?addrs=130.199.156.17-9618&noUDP&sock=16861_64a4_3>
...
001 (4175654.015.000) 10/13 01:00:47 Job executing on host: <130.199.200.107:9618?addrs=130.199.200.107-9618&noUDP&sock=116038_a95f_3>
...
006 (4175654.015.000) 10/13 01:00:48 Image size of job updated: 1500
	0  -  MemoryUsage of job (MB)
	0  -  ResidentSetSize of job (KB)
...
005 (4175654.015.000) 10/13 01:00:49 Job terminated.
	(1) Normal termination (return value 0)
		Usr 0 00:00:00, Sys 0 00:00:00  -  Run Remote Usage
		Usr 0 00:00:00, Sys 0 00:00:00  -  Run Local Usage
		Usr 0 00:00:00, Sys 0 00:00:00  -  Total Remote Usage
		Usr 0 00:00:00, Sys 0 00:00:00  -  Total Local Usage
	0  -  Run Bytes Sent By Job
	0  -  Run Bytes Received By Job
	0  -  Total Bytes Sent By Job
	0  -  Total Bytes Received By Job
	Partitionable Resources :    Usage  Request Allocated 
	   Cpus                 :        0        1         1 
	   Disk (KB)            :     1500     1500   5106403 
	   Memory (MB)          :        0     1500      1536 
	   Xferslots            :                           0 
...
006 (4175653.015.000) 10/13 01:00:51 Image size of job updated: 99648
	47  -  MemoryUsage of job (MB)
	47548  -  ResidentSetSize of job (KB)
...
006 (4175653.015.000) 10/13 01:00:52 Image size of job updated: 99828
	47  -  MemoryUsage of job (MB)
	47728  -  ResidentSetSize of job (KB)
...
005 (4175653.015.000) 10/13 01:00:52 Job terminated.
	(1) Normal termination (return value 0)
		Usr 0 00:00:00, Sys 0 00:00:00  -  Run Remote Usage
		Usr 0 00:00:00, Sys 0 00:00:00  -  Run Local Usage
		Usr 0 00:00:00, Sys 0 00:00:00  -  Total Remote Usage
		Usr 0 00:00:00, Sys 0 00:00:00  -  Total Local Usage
	0  -  Run Bytes Sent By Job
	0  -  Run Bytes Received By Job
	0  -  Total Bytes Sent By Job
	0  -  Total Bytes Received By Job
	Partitionable Resources :    Usage  Request Allocated 
	   Cpus                 :        0        1         1 
	   Disk (KB)            :     1500     1500   3325680 
	   Memory (MB)          :       47     1500      1536 
	   Xferslots            :                           0 
...
000 (4175657.015.000) 10/13 01:14:23 Job submitted from host: <130.199.48.83:9618?addrs=130.199.48.83-9618&noUDP&sock=8867_649e_3>
...
001 (4175657.015.000) 10/13 01:16:30 Job executing on host: <130.199.157.15:9618?addrs=130.199.157.15-9618&noUDP&sock=36462_dcb8_3>
...
006 (4175657.015.000) 10/13 01:16:38 Image size of job updated: 116644
	73  -  MemoryUsage of job (MB)
	74196  -  ResidentSetSize of job (KB)
...
006 (4175657.015.000) 10/13 01:21:38 Image size of job updated: 2604108
	1871  -  MemoryUsage of job (MB)
	1915256  -  ResidentSetSize of job (KB)
...
006 (4175657.015.000) 10/13 01:22:38 Image size of job updated: 3073084
	1871  -  MemoryUsage of job (MB)
	1915344  -  ResidentSetSize of job (KB)
...
005 (4175657.015.000) 10/13 01:22:39 Job terminated.
	(1) Normal termination (return value 0)
		Usr 0 00:05:57, Sys 0 00:00:05  -  Run Remote Usage
		Usr 0 00:00:00, Sys 0 00:00:00  -  Run Local Usage
		Usr 0 00:05:57, Sys 0 00:00:05  -  Total Remote Usage
		Usr 0 00:00:00, Sys 0 00:00:00  -  Total Local Usage
	0  -  Run Bytes Sent By Job
	0  -  Run Bytes Received By Job
	0  -  Total Bytes Sent By Job
	0  -  Total Bytes Received By Job
	Partitionable Resources :    Usage  Request Allocated 
	   Cpus                 :     1.00        1         1 
	   Disk (KB)            :  1500        1500   6743395 
	   Memory (MB)          :  1871        1500      1536 
	   Xferslots            :                           0 
...
000 (4175658.015.000) 10/13 01:31:48 Job submitted from host: <130.199.48.83:9618?addrs=130.199.48.83-9618&noUDP&sock=8867_649e_3>
...
001 (4175658.015.000) 10/13 01:32:49 Job executing on host: <130.199.200.87:9618?addrs=130.199.200.87-9618&noUDP&sock=19044_48fa_3>
...
006 (4175658.015.000) 10/13 01:32:58 Image size of job updated: 141076
	97  -  MemoryUsage of job (MB)
	98436  -  ResidentSetSize of job (KB)
...
006 (4175658.015.000) 10/13 01:37:32 Image size of job updated: 2750200
	97  -  MemoryUsage of job (MB)
	98436  -  ResidentSetSize of job (KB)
...
005 (4175658.015.000) 10/13 01:37:32 Job terminated.
	(1) Normal termination (return value 0)
		Usr 0 00:04:33, Sys 0 00:00:05  -  Run Remote Usage
		Usr 0 00:00:00, Sys 0 00:00:00  -  Run Local Usage
		Usr 0 00:04:33, Sys 0 00:00:05  -  Total Remote Usage
		Usr 0 00:00:00, Sys 0 00:00:00  -  Total Local Usage
	0  -  Run Bytes Sent By Job
	0  -  Run Bytes Received By Job
	0  -  Total Bytes Sent By Job
	0  -  Total Bytes Received By Job
	Partitionable Resources :    Usage  Request Allocated 
	   Cpus                 :     1.00        1         1 
	   Disk (KB)            :  1500        1500   3815015 
	   Memory (MB)          :    97        1500      1536 
	   Xferslots            :                           0 
...
000 (4177056.015.000) 11/01 08:52:31 Job submitted from host: <130.199.48.83:9618?addrs=130.199.48.83-9618&noUDP&sock=8867_649e_3>
...
001 (4177056.015.000) 11/01 08:52:49 Job executing on host: <130.199.152.206:9618?addrs=130.199.152.206-9618&noUDP&sock=14872_e655_3>
...
006 (4177056.015.000) 11/01 08:52:58 Image size of job updated: 37124
	35  -  MemoryUsage of job (MB)
	35008  -  ResidentSetSize of job (KB)
...
006 (4177056.015.000) 11/01 08:57:58 Image size of job updated: 37616
	35  -  MemoryUsage of job (MB)
	35464  -  ResidentSetSize of job (KB)
...
006 (4177056.015.000) 11/01 09:07:59 Image size of job updated: 37620
	35  -  MemoryUsage of job (MB)
	35464  -  ResidentSetSize of job (KB)
...
006 (4177056.015.000) 11/01 09:12:59 Image size of job updated: 37624
	35  -  MemoryUsage of job (MB)
	35464  -  ResidentSetSize of job (KB)
...
006 (4177056.015.000) 11/01 09:33:01 Image size of job updated: 37636
	35  -  MemoryUsage of job (MB)
	35476  -  ResidentSetSize of job (KB)
...
005 (4177056.015.000) 11/01 10:11:04 Job terminated.
	(1) Normal termination (return value 0)
		Usr 0 01:17:46, Sys 0 00:00:05  -  Run Remote Usage
		Usr 0 00:00:00, Sys 0 00:00:00  -  Run Local Usage
		Usr 0 01:17:46, Sys 0 00:00:05  -  Total Remote Usage
		Usr 0 00:00:00, Sys 0 00:00:00  -  Total Local Usage
	0  -  Run Bytes Sent By Job
	0  -  Run Bytes Received By Job
	0  -  Total Bytes Sent By Job
	0  -  Total Bytes Received By Job
	Partitionable Resources :    Usage  Request Allocated 
	   Cpus                 :     0.99        1         1 
	   Disk (KB)            :  7500        7500   1901532 
	   Memory (MB)          :    35        1500      1536 
	   Xferslots            :                           0 
...
000 (4177058.015.000) 11/01 11:37:18 Job submitted from host: <130.199.48.83:9618?addrs=130.199.48.83-9618&noUDP&sock=8867_649e_3>
...
001 (4177058.015.000) 11/01 11:38:07 Job executing on host: <130.199.156.47:9618?addrs=130.199.156.47-9618&noUDP&sock=17821_3894_3>
...
006 (4177058.015.000) 11/01 11:38:07 Image size of job updated: 1500
	0  -  MemoryUsage of job (MB)
	0  -  ResidentSetSize of job (KB)
...
005 (4177058.015.000) 11/01 11:38:08 Job terminated.
	(1) Normal termination (return value 127)
		Usr 0 00:00:00, Sys 0 00:00:00  -  Run Remote Usage
		Usr 0 00:00:00, Sys 0 00:00:00  -  Run Local Usage
		Usr 0 00:00:00, Sys 0 00:00:00  -  Total Remote Usage
		Usr 0 00:00:00, Sys 0 00:00:00  -  Total Local Usage
	0  -  Run Bytes Sent By Job
	0  -  Run Bytes Received By Job
	0  -  Total Bytes Sent By Job
	0  -  Total Bytes Received By Job
	Partitionable Resources :    Usage  Request Allocated 
	   Cpus                 :                 1         1 
	   Disk (KB)            :     1500     1500   3325521 
	   Memory (MB)          :        0     1500      1536 
	   Xferslots            :                           0 
...
000 (4177059.015.000) 11/01 11:39:50 Job submitted from host: <130.199.48.83:9618?addrs=130.199.48.83-9618&noUDP&sock=8867_649e_3>
...
001 (4177059.015.000) 11/01 11:40:16 Job executing on host: <130.199.200.33:9618?addrs=130.199.200.33-9618&noUDP&sock=18800_0fe9_3>
...
006 (4177059.015.000) 11/01 11:40:19 Image size of job updated: 1500
	0  -  MemoryUsage of job (MB)
	0  -  ResidentSetSize of job (KB)
...
005 (4177059.015.000) 11/01 11:40:19 Job terminated.
	(1) Normal termination (return value 127)
		Usr 0 00:00:00, Sys 0 00:00:00  -  Run Remote Usage
		Usr 0 00:00:00, Sys 0 00:00:00  -  Run Local Usage
		Usr 0 00:00:00, Sys 0 00:00:00  -  Total Remote Usage
		Usr 0 00:00:00, Sys 0 00:00:00  -  Total Local Usage
	0  -  Run Bytes Sent By Job
	0  -  Run Bytes Received By Job
	0  -  Total Bytes Sent By Job
	0  -  Total Bytes Received By Job
	Partitionable Resources :    Usage  Request Allocated 
	   Cpus                 :        0        1         1 
	   Disk (KB)            :     1500     1500   2619127 
	   Memory (MB)          :        0     1500      1536 
	   Xferslots            :                           0 
...
000 (4177100.015.000) 11/11 13:54:29 Job submitted from host: <130.199.48.83:9618?addrs=130.199.48.83-9618&noUDP&sock=8867_649e_3>
...
001 (4177100.015.000) 11/11 13:55:32 Job executing on host: <130.199.200.101:9618?addrs=130.199.200.101-9618&noUDP&sock=29153_a7ec_3>
...
006 (4177100.015.000) 11/11 13:55:40 Image size of job updated: 222940
	142  -  MemoryUsage of job (MB)
	145280  -  ResidentSetSize of job (KB)
...
006 (4177100.015.000) 11/11 13:59:01 Image size of job updated: 2989420
	142  -  MemoryUsage of job (MB)
	145280  -  ResidentSetSize of job (KB)
...
005 (4177100.015.000) 11/11 13:59:01 Job terminated.
	(1) Normal termination (return value 0)
		Usr 0 00:03:23, Sys 0 00:00:03  -  Run Remote Usage
		Usr 0 00:00:00, Sys 0 00:00:00  -  Run Local Usage
		Usr 0 00:03:23, Sys 0 00:00:03  -  Total Remote Usage
		Usr 0 00:00:00, Sys 0 00:00:00  -  Total Local Usage
	0  -  Run Bytes Sent By Job
	0  -  Run Bytes Received By Job
	0  -  Total Bytes Sent By Job
	0  -  Total Bytes Received By Job
	Partitionable Resources :    Usage  Request Allocated 
	   Cpus                 :     1.00        1         1 
	   Disk (KB)            :  2250        2250   5106344 
	   Memory (MB)          :   142        1500      1536 
	   Xferslots            :                           0 
...
000 (4177103.015.000) 11/11 15:07:19 Job submitted from host: <130.199.48.83:9618?addrs=130.199.48.83-9618&noUDP&sock=8867_649e_3>
...
001 (4177103.015.000) 11/11 15:08:07 Job executing on host: <130.199.158.168:9618?addrs=130.199.158.168-9618&noUDP&sock=24500_0a4a_3>
...
006 (4177103.015.000) 11/11 15:08:16 Image size of job updated: 204964
	125  -  MemoryUsage of job (MB)
	127620  -  ResidentSetSize of job (KB)
...
006 (4177103.015.000) 11/11 15:13:12 Image size of job updated: 2901812
	125  -  MemoryUsage of job (MB)
	127620  -  ResidentSetSize of job (KB)
...
005 (4177103.015.000) 11/11 15:13:12 Job terminated.
	(1) Normal termination (return value 0)
		Usr 0 00:04:54, Sys 0 00:00:04  -  Run Remote Usage
		Usr 0 00:00:00, Sys 0 00:00:00  -  Run Local Usage
		Usr 0 00:04:54, Sys 0 00:00:04  -  Total Remote Usage
		Usr 0 00:00:00, Sys 0 00:00:00  -  Total Local Usage
	0  -  Run Bytes Sent By Job
	0  -  Run Bytes Received By Job
	0  -  Total Bytes Sent By Job
	0  -  Total Bytes Received By Job
	Partitionable Resources :    Usage  Request Allocated 
	   Cpus                 :     0.98        1         1 
	   Disk (KB)            :  2250        2250   7037864 
	   Memory (MB)          :   125        1500      1536 
	   Xferslots            :                           0 
...
000 (4177107.015.000) 11/12 00:35:22 Job submitted from host: <130.199.48.83:9618?addrs=130.199.48.83-9618&noUDP&sock=8867_649e_3>
...
001 (4177107.015.000) 11/12 00:55:19 Job executing on host: <130.199.152.172:9618?addrs=130.199.152.172-9618&noUDP&sock=15004_ad13_3>
...
006 (4177107.015.000) 11/12 00:55:20 Image size of job updated: 7500
	0  -  MemoryUsage of job (MB)
	0  -  ResidentSetSize of job (KB)
...
005 (4177107.015.000) 11/12 00:55:20 Job terminated.
	(1) Normal termination (return value 1)
		Usr 0 00:00:00, Sys 0 00:00:00  -  Run Remote Usage
		Usr 0 00:00:00, Sys 0 00:00:00  -  Run Local Usage
		Usr 0 00:00:00, Sys 0 00:00:00  -  Total Remote Usage
		Usr 0 00:00:00, Sys 0 00:00:00  -  Total Local Usage
	0  -  Run Bytes Sent By Job
	0  -  Run Bytes Received By Job
	0  -  Total Bytes Sent By Job
	0  -  Total Bytes Received By Job
	Partitionable Resources :    Usage  Request Allocated 
	   Cpus                 :                 1         1 
	   Disk (KB)            :     7500     7500   1901534 
	   Memory (MB)          :        0     1500      1536 
	   Xferslots            :                           0 
...
000 (4177108.015.000) 11/12 01:24:31 Job submitted from host: <130.199.48.83:9618?addrs=130.199.48.83-9618&noUDP&sock=8867_649e_3>
...
001 (4177108.015.000) 11/12 01:41:25 Job executing on host: <130.199.153.144:9618?addrs=130.199.153.144-9618&noUDP&sock=13514_1c21_3>
...
006 (4177108.015.000) 11/12 01:41:25 Image size of job updated: 7500
	0  -  MemoryUsage of job (MB)
	0  -  ResidentSetSize of job (KB)
...
005 (4177108.015.000) 11/12 01:41:26 Job terminated.
	(1) Normal termination (return value 1)
		Usr 0 00:00:00, Sys 0 00:00:00  -  Run Remote Usage
		Usr 0 00:00:00, Sys 0 00:00:00  -  Run Local Usage
		Usr 0 00:00:00, Sys 0 00:00:00  -  Total Remote Usage
		Usr 0 00:00:00, Sys 0 00:00:00  -  Total Local Usage
	0  -  Run Bytes Sent By Job
	0  -  Run Bytes Received By Job
	0  -  Total Bytes Sent By Job
	0  -  Total Bytes Received By Job
	Partitionable Resources :    Usage  Request Allocated 
	   Cpus                 :                 1         1 
	   Disk (KB)            :     7500     7500   1136331 
	   Memory (MB)          :        0     1500      1536 
	   Xferslots            :                           0 
...
000 (4177109.015.000) 11/12 01:46:25 Job submitted from host: <130.199.48.83:9618?addrs=130.199.48.83-9618&noUDP&sock=8867_649e_3>
...
001 (4177109.015.000) 11/12 02:32:02 Job executing on host: <130.199.200.102:9618?addrs=130.199.200.102-9618&noUDP&sock=116967_adaa_3>
...
006 (4177109.015.000) 11/12 02:32:03 Image size of job updated: 7500
	0  -  MemoryUsage of job (MB)
	0  -  ResidentSetSize of job (KB)
...
005 (4177109.015.000) 11/12 02:32:03 Job terminated.
	(1) Normal termination (return value 1)
		Usr 0 00:00:00, Sys 0 00:00:00  -  Run Remote Usage
		Usr 0 00:00:00, Sys 0 00:00:00  -  Run Local Usage
		Usr 0 00:00:00, Sys 0 00:00:00  -  Total Remote Usage
		Usr 0 00:00:00, Sys 0 00:00:00  -  Total Local Usage
	0  -  Run Bytes Sent By Job
	0  -  Run Bytes Received By Job
	0  -  Total Bytes Sent By Job
	0  -  Total Bytes Received By Job
	Partitionable Resources :    Usage  Request Allocated 
	   Cpus                 :                 1         1 
	   Disk (KB)            :     7500     7500   5106402 
	   Memory (MB)          :        0     1500      1536 
	   Xferslots            :                           0 
...
000 (4177110.015.000) 11/12 10:10:52 Job submitted from host: <130.199.48.83:9618?addrs=130.199.48.83-9618&noUDP&sock=8867_649e_3>
...
001 (4177110.015.000) 11/12 10:11:56 Job executing on host: <130.199.158.163:9618?addrs=130.199.158.163-9618&noUDP&sock=25692_4b0b_3>
...
006 (4177110.015.000) 11/12 10:12:05 Image size of job updated: 36732
	34  -  MemoryUsage of job (MB)
	34612  -  ResidentSetSize of job (KB)
...
006 (4177110.015.000) 11/12 10:17:06 Image size of job updated: 36888
	34  -  MemoryUsage of job (MB)
	34736  -  ResidentSetSize of job (KB)
...
006 (4177110.015.000) 11/12 10:22:06 Image size of job updated: 36892
	34  -  MemoryUsage of job (MB)
	34736  -  ResidentSetSize of job (KB)
...
006 (4177110.015.000) 11/12 11:06:51 Image size of job updated: 2161516
	34  -  MemoryUsage of job (MB)
	34736  -  ResidentSetSize of job (KB)
...
005 (4177110.015.000) 11/12 11:06:51 Job terminated.
	(1) Normal termination (return value 0)
		Usr 0 00:54:23, Sys 0 00:00:05  -  Run Remote Usage
		Usr 0 00:00:00, Sys 0 00:00:00  -  Run Local Usage
		Usr 0 00:54:23, Sys 0 00:00:05  -  Total Remote Usage
		Usr 0 00:00:00, Sys 0 00:00:00  -  Total Local Usage
	0  -  Run Bytes Sent By Job
	0  -  Run Bytes Received By Job
	0  -  Total Bytes Sent By Job
	0  -  Total Bytes Received By Job
	Partitionable Resources :    Usage  Request Allocated 
	   Cpus                 :     1.00        1         1 
	   Disk (KB)            :  7500        7500   7037864 
	   Memory (MB)          :    34        1500      1536 
	   Xferslots            :                           0 
...
000 (4177111.015.000) 11/12 23:48:22 Job submitted from host: <130.199.48.83:9618?addrs=130.199.48.83-9618&noUDP&sock=8867_649e_3>
...
001 (4177111.015.000) 11/12 23:48:56 Job executing on host: <130.199.158.229:9618?addrs=130.199.158.229-9618&noUDP&sock=24403_5746_3>
...
006 (4177111.015.000) 11/12 23:49:05 Image size of job updated: 221772
	142  -  MemoryUsage of job (MB)
	144608  -  ResidentSetSize of job (KB)
...
000 (4177112.015.000) 11/12 23:50:36 Job submitted from host: <130.199.48.83:9618?addrs=130.199.48.83-9618&noUDP&sock=8867_649e_3>
...
006 (4177111.015.000) 11/12 23:50:55 Image size of job updated: 1965632
	142  -  MemoryUsage of job (MB)
	144608  -  ResidentSetSize of job (KB)
...
005 (4177111.015.000) 11/12 23:50:55 Job terminated.
	(1) Normal termination (return value 0)
		Usr 0 00:01:50, Sys 0 00:00:02  -  Run Remote Usage
		Usr 0 00:00:00, Sys 0 00:00:00  -  Run Local Usage
		Usr 0 00:01:50, Sys 0 00:00:02  -  Total Remote Usage
		Usr 0 00:00:00, Sys 0 00:00:00  -  Total Local Usage
	0  -  Run Bytes Sent By Job
	0  -  Run Bytes Received By Job
	0  -  Total Bytes Sent By Job
	0  -  Total Bytes Received By Job
	Partitionable Resources :    Usage  Request Allocated 
	   Cpus                 :     0.99        1         1 
	   Disk (KB)            :  2250        2250   7037864 
	   Memory (MB)          :   142        1500      1536 
	   Xferslots            :                           0 
...
001 (4177112.015.000) 11/12 23:51:09 Job executing on host: <130.199.157.19:9618?addrs=130.199.157.19-9618&noUDP&sock=31623_6139_3>
...
006 (4177112.015.000) 11/12 23:51:18 Image size of job updated: 12992
	4  -  MemoryUsage of job (MB)
	3720  -  ResidentSetSize of job (KB)
...
006 (4177112.015.000) 11/12 23:53:54 Image size of job updated: 2061872
	4  -  MemoryUsage of job (MB)
	3720  -  ResidentSetSize of job (KB)
...
005 (4177112.015.000) 11/12 23:53:55 Job terminated.
	(1) Normal termination (return value 0)
		Usr 0 00:02:18, Sys 0 00:00:10  -  Run Remote Usage
		Usr 0 00:00:00, Sys 0 00:00:00  -  Run Local Usage
		Usr 0 00:02:18, Sys 0 00:00:10  -  Total Remote Usage
		Usr 0 00:00:00, Sys 0 00:00:00  -  Total Local Usage
	0  -  Run Bytes Sent By Job
	0  -  Run Bytes Received By Job
	0  -  Total Bytes Sent By Job
	0  -  Total Bytes Received By Job
	Partitionable Resources :    Usage  Request Allocated 
	   Cpus                 :     1.00        1         1 
	   Disk (KB)            :  2250        2250   6743395 
	   Memory (MB)          :     4        1500      1536 
	   Xferslots            :                           0 
...
000 (4177113.015.000) 11/13 00:01:54 Job submitted from host: <130.199.48.83:9618?addrs=130.199.48.83-9618&noUDP&sock=8867_649e_3>
...
001 (4177113.015.000) 11/13 00:02:35 Job executing on host: <130.199.158.172:9618?addrs=130.199.158.172-9618&noUDP&sock=25784_68f5_3>
...
006 (4177113.015.000) 11/13 00:02:43 Image size of job updated: 210928
	131  -  MemoryUsage of job (MB)
	134124  -  ResidentSetSize of job (KB)
...
006 (4177113.015.000) 11/13 00:04:52 Image size of job updated: 1938052
	131  -  MemoryUsage of job (MB)
	134124  -  ResidentSetSize of job (KB)
...
005 (4177113.015.000) 11/13 00:04:53 Job terminated.
	(1) Normal termination (return value 0)
		Usr 0 00:02:12, Sys 0 00:00:02  -  Run Remote Usage
		Usr 0 00:00:00, Sys 0 00:00:00  -  Run Local Usage
		Usr 0 00:02:12, Sys 0 00:00:02  -  Total Remote Usage
		Usr 0 00:00:00, Sys 0 00:00:00  -  Total Local Usage
	0  -  Run Bytes Sent By Job
	0  -  Run Bytes Received By Job
	0  -  Total Bytes Sent By Job
	0  -  Total Bytes Received By Job
	Partitionable Resources :    Usage  Request Allocated 
	   Cpus                 :     1.00        1         1 
	   Disk (KB)            :  2250        2250   7037864 
	   Memory (MB)          :   131        1500      1536 
	   Xferslots            :                           0 
...
000 (4191237.015.000) 12/28 21:38:51 Job submitted from host: <130.199.48.83:9618?addrs=130.199.48.83-9618&noUDP&sock=18276_3907_3>
...
000 (4191237.035.000) 12/28 21:38:52 Job submitted from host: <130.199.48.83:9618?addrs=130.199.48.83-9618&noUDP&sock=18276_3907_3>
...
000 (4191237.055.000) 12/28 21:38:52 Job submitted from host: <130.199.48.83:9618?addrs=130.199.48.83-9618&noUDP&sock=18276_3907_3>
...
000 (4191237.075.000) 12/28 21:38:52 Job submitted from host: <130.199.48.83:9618?addrs=130.199.48.83-9618&noUDP&sock=18276_3907_3>
...
001 (4191237.015.000) 12/28 21:39:09 Job executing on host: <130.199.158.249:9618?addrs=130.199.158.249-9618&noUDP&sock=150153_a0e1_3>
...
001 (4191237.035.000) 12/28 21:39:10 Job executing on host: <130.199.149.244:9618?addrs=130.199.149.244-9618&noUDP&sock=43167_e8f8_3>
...
006 (4191237.015.000) 12/28 21:39:18 Image size of job updated: 2250
	1  -  MemoryUsage of job (MB)
	252  -  ResidentSetSize of job (KB)
...
006 (4191237.035.000) 12/28 21:39:25 Image size of job updated: 2250
	1  -  MemoryUsage of job (MB)
	248  -  ResidentSetSize of job (KB)
...
001 (4191237.055.000) 12/28 21:39:29 Job executing on host: <130.199.149.211:9618?addrs=130.199.149.211-9618&noUDP&sock=24346_4d17_3>
...
006 (4191237.055.000) 12/28 21:39:39 Image size of job updated: 2250
	1  -  MemoryUsage of job (MB)
	248  -  ResidentSetSize of job (KB)
...
001 (4191237.075.000) 12/28 21:39:47 Job executing on host: <130.199.158.100:9618?addrs=130.199.158.100-9618&noUDP&sock=7348_a612_3>
...
006 (4191237.075.000) 12/28 21:39:56 Image size of job updated: 61448
	60  -  MemoryUsage of job (MB)
	60608  -  ResidentSetSize of job (KB)
...
006 (4191237.055.000) 12/28 21:42:47 Image size of job updated: 1978068
	1  -  MemoryUsage of job (MB)
	248  -  ResidentSetSize of job (KB)
...
005 (4191237.055.000) 12/28 21:42:47 Job terminated.
	(1) Normal termination (return value 0)
		Usr 0 00:02:15, Sys 0 00:00:03  -  Run Remote Usage
		Usr 0 00:00:00, Sys 0 00:00:00  -  Run Local Usage
		Usr 0 00:02:15, Sys 0 00:00:03  -  Total Remote Usage
		Usr 0 00:00:00, Sys 0 00:00:00  -  Total Local Usage
	0  -  Run Bytes Sent By Job
	0  -  Run Bytes Received By Job
	0  -  Total Bytes Sent By Job
	0  -  Total Bytes Received By Job
	Partitionable Resources :    Usage  Request Allocated 
	   Cpus                 :     0.65        1         1 
	   Disk (KB)            :  2250        2250  14337494 
	   Memory (MB)          :     1        1500      1536 
	   Xferslots            :                           0 
...
006 (4191237.015.000) 12/28 21:44:18 Image size of job updated: 2050048
	2001  -  MemoryUsage of job (MB)
	2048988  -  ResidentSetSize of job (KB)
...
006 (4191237.035.000) 12/28 21:44:26 Image size of job updated: 2231444
	2179  -  MemoryUsage of job (MB)
	2230448  -  ResidentSetSize of job (KB)
...
006 (4191237.035.000) 12/28 21:44:28 Image size of job updated: 2252188
	2179  -  MemoryUsage of job (MB)
	2230448  -  ResidentSetSize of job (KB)
...
004 (4191237.035.000) 12/28 21:44:29 Job was evicted.
	(0) Job was not checkpointed.
		Usr 0 00:03:36, Sys 0 00:00:06  -  Run Remote Usage
		Usr 0 00:00:00, Sys 0 00:00:00  -  Run Local Usage
	0  -  Run Bytes Sent By Job
	0  -  Run Bytes Received By Job
	Partitionable Resources :    Usage  Request Allocated 
	   Cpus                 :     0.99        1         1 
	   Disk (KB)            :  2250        2250  14337490 
	   Memory (MB)          :  2179        1500      1536 
	   Xferslots            :                           0 
...
006 (4191237.075.000) 12/28 21:44:49 Image size of job updated: 1805096
	60  -  MemoryUsage of job (MB)
	60608  -  ResidentSetSize of job (KB)
...
005 (4191237.075.000) 12/28 21:44:50 Job terminated.
	(1) Normal termination (return value 0)
		Usr 0 00:02:57, Sys 0 00:00:03  -  Run Remote Usage
		Usr 0 00:00:00, Sys 0 00:00:00  -  Run Local Usage
		Usr 0 00:02:57, Sys 0 00:00:03  -  Total Remote Usage
		Usr 0 00:00:00, Sys 0 00:00:00  -  Total Local Usage
	0  -  Run Bytes Sent By Job
	0  -  Run Bytes Received By Job
	0  -  Total Bytes Sent By Job
	0  -  Total Bytes Received By Job
	Partitionable Resources :    Usage  Request Allocated 
	   Cpus                 :        0        1         1 
	   Disk (KB)            :     2250     2250   7038847 
	   Memory (MB)          :       60     1500      1536 
	   Xferslots            :                           0 
...
005 (4191237.015.000) 12/28 21:45:27 Job terminated.
	(1) Normal termination (return value 0)
		Usr 0 00:03:56, Sys 0 00:00:04  -  Run Remote Usage
		Usr 0 00:00:00, Sys 0 00:00:00  -  Run Local Usage
		Usr 0 00:03:56, Sys 0 00:00:04  -  Total Remote Usage
		Usr 0 00:00:00, Sys 0 00:00:00  -  Total Local Usage
	0  -  Run Bytes Sent By Job
	0  -  Run Bytes Received By Job
	0  -  Total Bytes Sent By Job
	0  -  Total Bytes Received By Job
	Partitionable Resources :    Usage  Request Allocated 
	   Cpus                 :        0        1         1 
	   Disk (KB)            :     2250     2250   7037864 
	   Memory (MB)          :     2001     1500      1536 
	   Xferslots            :                           0 
...
001 (4191237.035.000) 12/28 21:45:47 Job executing on host: <130.199.156.235:9618?addrs=130.199.156.235-9618&noUDP&sock=3800_c063_3>
...
006 (4191237.035.000) 12/28 21:56:00 Image size of job updated: 2575192
	2514  -  MemoryUsage of job (MB)
	2573900  -  ResidentSetSize of job (KB)
...
005 (4191237.035.000) 12/28 21:56:47 Job terminated.
	(1) Normal termination (return value 0)
		Usr 0 00:05:15, Sys 0 00:00:06  -  Run Remote Usage
		Usr 0 00:00:00, Sys 0 00:00:00  -  Run Local Usage
		Usr 0 00:05:15, Sys 0 00:00:06  -  Total Remote Usage
		Usr 0 00:00:00, Sys 0 00:00:00  -  Total Local Usage
	0  -  Run Bytes Sent By Job
	0  -  Run Bytes Received By Job
	0  -  Total Bytes Sent By Job
	0  -  Total Bytes Received By Job
	Partitionable Resources :    Usage  Request Allocated 
	   Cpus                 :     0.79        1         1 
	   Disk (KB)            :  2250        2250   6743392 
	   Memory (MB)          :  2514        2198      2304 
	   Xferslots            :                           0 
...
000 (4337379.015.000) 02/13 19:10:52 Job submitted from host: <130.199.48.83:9618?addrs=130.199.48.83-9618&noUDP&sock=18276_3907_3>
...
001 (4337379.015.000) 02/13 19:11:23 Job executing on host: <130.199.157.11:9618?addrs=130.199.157.11-9618&noUDP&sock=23198_f940_3>
...
006 (4337379.015.000) 02/13 19:11:32 Image size of job updated: 35792
	34  -  MemoryUsage of job (MB)
	34600  -  ResidentSetSize of job (KB)
...
006 (4337379.015.000) 02/13 19:16:32 Image size of job updated: 35996
	34  -  MemoryUsage of job (MB)
	34764  -  ResidentSetSize of job (KB)
...
006 (4337379.015.000) 02/13 19:21:32 Image size of job updated: 36008
	34  -  MemoryUsage of job (MB)
	34772  -  ResidentSetSize of job (KB)
...
006 (4337379.015.000) 02/13 19:26:33 Image size of job updated: 36012
	34  -  MemoryUsage of job (MB)
	34776  -  ResidentSetSize of job (KB)
...
006 (4337379.015.000) 02/13 19:36:33 Image size of job updated: 36040
	34  -  MemoryUsage of job (MB)
	34804  -  ResidentSetSize of job (KB)
...
006 (4337379.015.000) 02/13 19:46:35 Image size of job updated: 36064
	34  -  MemoryUsage of job (MB)
	34804  -  ResidentSetSize of job (KB)
...
006 (4337379.015.000) 02/13 19:51:35 Image size of job updated: 36068
	35  -  MemoryUsage of job (MB)
	34820  -  ResidentSetSize of job (KB)
...
005 (4337379.015.000) 02/13 19:56:00 Job terminated.
	(1) Normal termination (return value 0)
		Usr 0 00:44:09, Sys 0 00:00:01  -  Run Remote Usage
		Usr 0 00:00:00, Sys 0 00:00:00  -  Run Local Usage
		Usr 0 00:44:09, Sys 0 00:00:01  -  Total Remote Usage
		Usr 0 00:00:00, Sys 0 00:00:00  -  Total Local Usage
	0  -  Run Bytes Sent By Job
	0  -  Run Bytes Received By Job
	0  -  Total Bytes Sent By Job
	0  -  Total Bytes Received By Job
	Partitionable Resources :    Usage  Request Allocated 
	   Cpus                 :     1.00        1         1 
	   Disk (KB)            :  7500        7500   6743392 
	   Memory (MB)          :    35        1500      1536 
	   Xferslots            :                           0 
...
000 (4337381.015.000) 02/13 21:14:05 Job submitted from host: <130.199.48.83:9618?addrs=130.199.48.83-9618&noUDP&sock=18276_3907_3>
...
001 (4337381.015.000) 02/13 21:14:27 Job executing on host: <130.199.156.52:9618?addrs=130.199.156.52-9618&noUDP&sock=28278_bac0_3>
...
006 (4337381.015.000) 02/13 21:14:35 Image size of job updated: 176864
	98  -  MemoryUsage of job (MB)
	99712  -  ResidentSetSize of job (KB)
...
006 (4337381.015.000) 02/13 21:19:35 Image size of job updated: 2379032
	1479  -  MemoryUsage of job (MB)
	1513764  -  ResidentSetSize of job (KB)
...
005 (4337381.015.000) 02/13 21:19:39 Job terminated.
	(1) Normal termination (return value 0)
		Usr 0 00:04:41, Sys 0 00:00:05  -  Run Remote Usage
		Usr 0 00:00:00, Sys 0 00:00:00  -  Run Local Usage
		Usr 0 00:04:41, Sys 0 00:00:05  -  Total Remote Usage
		Usr 0 00:00:00, Sys 0 00:00:00  -  Total Local Usage
	0  -  Run Bytes Sent By Job
	0  -  Run Bytes Received By Job
	0  -  Total Bytes Sent By Job
	0  -  Total Bytes Received By Job
	Partitionable Resources :    Usage  Request Allocated 
	   Cpus                 :     0.89        1         1 
	   Disk (KB)            :  2250        2250   3325527 
	   Memory (MB)          :  1479        1500      1536 
	   Xferslots            :                           0 
...
000 (4366924.015.000) 02/21 02:28:15 Job submitted from host: <130.199.48.83:9618?addrs=130.199.48.83-9618&noUDP&sock=18276_3907_3>
...
001 (4366924.015.000) 02/21 02:28:39 Job executing on host: <130.199.159.240:9618?addrs=130.199.159.240-9618&noUDP&sock=20330_49af_3>
...
006 (4366924.015.000) 02/21 02:28:48 Image size of job updated: 36752
	34  -  MemoryUsage of job (MB)
	34696  -  ResidentSetSize of job (KB)
...
006 (4366924.015.000) 02/21 02:33:49 Image size of job updated: 37044
	35  -  MemoryUsage of job (MB)
	34860  -  ResidentSetSize of job (KB)
...
006 (4366924.015.000) 02/21 02:38:49 Image size of job updated: 37080
	35  -  MemoryUsage of job (MB)
	34888  -  ResidentSetSize of job (KB)
...
005 (4366924.015.000) 02/21 03:15:05 Job terminated.
	(1) Normal termination (return value 0)
		Usr 0 00:45:39, Sys 0 00:00:03  -  Run Remote Usage
		Usr 0 00:00:00, Sys 0 00:00:00  -  Run Local Usage
		Usr 0 00:45:39, Sys 0 00:00:03  -  Total Remote Usage
		Usr 0 00:00:00, Sys 0 00:00:00  -  Total Local Usage
	0  -  Run Bytes Sent By Job
	0  -  Run Bytes Received By Job
	0  -  Total Bytes Sent By Job
	0  -  Total Bytes Received By Job
	Partitionable Resources :    Usage  Request Allocated 
	   Cpus                 :     1.00        1         1 
	   Disk (KB)            :  7500        7500  14337482 
	   Memory (MB)          :    35        1500      1536 
	   Xferslots            :                           0 
...
000 (4366926.015.000) 02/21 04:43:51 Job submitted from host: <130.199.48.83:9618?addrs=130.199.48.83-9618&noUDP&sock=18276_3907_3>
...
000 (4366927.015.000) 02/21 04:47:53 Job submitted from host: <130.199.48.83:9618?addrs=130.199.48.83-9618&noUDP&sock=18276_3907_3>
...
001 (4366926.015.000) 02/21 04:50:43 Job executing on host: <130.199.200.101:9618?addrs=130.199.200.101-9618&noUDP&sock=432669_603c_3>
...
006 (4366926.015.000) 02/21 04:50:52 Image size of job updated: 167828
	129  -  MemoryUsage of job (MB)
	131868  -  ResidentSetSize of job (KB)
...
001 (4366927.015.000) 02/21 04:52:14 Job executing on host: <130.199.157.140:9618?addrs=130.199.157.140-9618&noUDP&sock=146269_6437_3>
...
006 (4366926.015.000) 02/21 04:52:15 Image size of job updated: 167828
	129  -  MemoryUsage of job (MB)
	131884  -  ResidentSetSize of job (KB)
...
005 (4366926.015.000) 02/21 04:52:15 Job terminated.
	(1) Normal termination (return value 0)
		Usr 0 00:01:26, Sys 0 00:00:02  -  Run Remote Usage
		Usr 0 00:00:00, Sys 0 00:00:00  -  Run Local Usage
		Usr 0 00:01:26, Sys 0 00:00:02  -  Total Remote Usage
		Usr 0 00:00:00, Sys 0 00:00:00  -  Total Local Usage
	0  -  Run Bytes Sent By Job
	0  -  Run Bytes Received By Job
	0  -  Total Bytes Sent By Job
	0  -  Total Bytes Received By Job
	Partitionable Resources :    Usage  Request Allocated 
	   Cpus                 :     1.00        1         1 
	   Disk (KB)            :  2250        2250   5106344 
	   Memory (MB)          :   129        1500      1536 
	   Xferslots            :                           0 
...
006 (4366927.015.000) 02/21 04:52:22 Image size of job updated: 36652
	34  -  MemoryUsage of job (MB)
	34588  -  ResidentSetSize of job (KB)
...
006 (4366927.015.000) 02/21 04:57:22 Image size of job updated: 36880
	34  -  MemoryUsage of job (MB)
	34680  -  ResidentSetSize of job (KB)
...
006 (4366927.015.000) 02/21 05:02:23 Image size of job updated: 36884
	34  -  MemoryUsage of job (MB)
	34680  -  ResidentSetSize of job (KB)
...
006 (4366927.015.000) 02/21 05:12:24 Image size of job updated: 36924
	34  -  MemoryUsage of job (MB)
	34720  -  ResidentSetSize of job (KB)
...
006 (4366927.015.000) 02/21 05:33:46 Image size of job updated: 2161516
	34  -  MemoryUsage of job (MB)
	34720  -  ResidentSetSize of job (KB)
...
005 (4366927.015.000) 02/21 05:33:46 Job terminated.
	(1) Normal termination (return value 0)
		Usr 0 00:41:26, Sys 0 00:00:01  -  Run Remote Usage
		Usr 0 00:00:00, Sys 0 00:00:00  -  Run Local Usage
		Usr 0 00:41:26, Sys 0 00:00:01  -  Total Remote Usage
		Usr 0 00:00:00, Sys 0 00:00:00  -  Total Local Usage
	0  -  Run Bytes Sent By Job
	0  -  Run Bytes Received By Job
	0  -  Total Bytes Sent By Job
	0  -  Total Bytes Received By Job
	Partitionable Resources :    Usage  Request Allocated 
	   Cpus                 :     1.00        1         1 
	   Disk (KB)            :  7500        7500  14337858 
	   Memory (MB)          :    34        1500      1536 
	   Xferslots            :                           0 
...
000 (4366928.015.000) 02/21 21:44:52 Job submitted from host: <130.199.48.83:9618?addrs=130.199.48.83-9618&noUDP&sock=18276_3907_3>
...
001 (4366928.015.000) 02/21 21:45:19 Job executing on host: <130.199.158.181:9618?addrs=130.199.158.181-9618&noUDP&sock=142223_e230_3>
...
006 (4366928.015.000) 02/21 21:45:27 Image size of job updated: 182576
	138  -  MemoryUsage of job (MB)
	141220  -  ResidentSetSize of job (KB)
...
006 (4366928.015.000) 02/21 21:47:21 Image size of job updated: 2215156
	139  -  MemoryUsage of job (MB)
	141340  -  ResidentSetSize of job (KB)
...
005 (4366928.015.000) 02/21 21:47:21 Job terminated.
	(1) Normal termination (return value 0)
		Usr 0 00:01:58, Sys 0 00:00:02  -  Run Remote Usage
		Usr 0 00:00:00, Sys 0 00:00:00  -  Run Local Usage
		Usr 0 00:01:58, Sys 0 00:00:02  -  Total Remote Usage
		Usr 0 00:00:00, Sys 0 00:00:00  -  Total Local Usage
	0  -  Run Bytes Sent By Job
	0  -  Run Bytes Received By Job
	0  -  Total Bytes Sent By Job
	0  -  Total Bytes Received By Job
	Partitionable Resources :    Usage  Request Allocated 
	   Cpus                 :        0        1         1 
	   Disk (KB)            :     2250     2250   7037864 
	   Memory (MB)          :      139     1500      1536 
	   Xferslots            :                           0 
...
000 (4366929.015.000) 02/21 23:34:17 Job submitted from host: <130.199.48.83:9618?addrs=130.199.48.83-9618&noUDP&sock=18276_3907_3>
...
001 (4366929.015.000) 02/21 23:34:58 Job executing on host: <130.199.153.13:9618?addrs=130.199.153.13-9618&noUDP&sock=21189_2686_3>
...
006 (4366929.015.000) 02/21 23:35:07 Image size of job updated: 36456
	34  -  MemoryUsage of job (MB)
	34416  -  ResidentSetSize of job (KB)
...
006 (4366929.015.000) 02/21 23:40:08 Image size of job updated: 36992
	34  -  MemoryUsage of job (MB)
	34668  -  ResidentSetSize of job (KB)
...
006 (4366929.015.000) 02/21 23:45:08 Image size of job updated: 37000
	34  -  MemoryUsage of job (MB)
	34672  -  ResidentSetSize of job (KB)
...
006 (4366929.015.000) 02/21 23:50:08 Image size of job updated: 37036
	34  -  MemoryUsage of job (MB)
	34684  -  ResidentSetSize of job (KB)
...
006 (4366929.015.000) 02/21 23:55:09 Image size of job updated: 37040
	34  -  MemoryUsage of job (MB)
	34684  -  ResidentSetSize of job (KB)
...
006 (4366929.015.000) 02/22 00:15:12 Image size of job updated: 37080
	34  -  MemoryUsage of job (MB)
	34724  -  ResidentSetSize of job (KB)
...
006 (4366929.015.000) 02/22 00:45:15 Image size of job updated: 37088
	34  -  MemoryUsage of job (MB)
	34724  -  ResidentSetSize of job (KB)
...
006 (4366929.015.000) 02/22 00:52:29 Image size of job updated: 2161516
	34  -  MemoryUsage of job (MB)
	34724  -  ResidentSetSize of job (KB)
...
005 (4366929.015.000) 02/22 00:52:29 Job terminated.
	(1) Normal termination (return value 0)
		Usr 0 01:16:50, Sys 0 00:00:08  -  Run Remote Usage
		Usr 0 00:00:00, Sys 0 00:00:00  -  Run Local Usage
		Usr 0 01:16:50, Sys 0 00:00:08  -  Total Remote Usage
		Usr 0 00:00:00, Sys 0 00:00:00  -  Total Local Usage
	0  -  Run Bytes Sent By Job
	0  -  Run Bytes Received By Job
	0  -  Total Bytes Sent By Job
	0  -  Total Bytes Received By Job
	Partitionable Resources :    Usage  Request Allocated 
	   Cpus                 :     1.00        1         1 
	   Disk (KB)            :  7500        7500   1136278 
	   Memory (MB)          :    34        1500      1536 
	   Xferslots            :                           0 
...
000 (4366930.015.000) 02/22 01:20:17 Job submitted from host: <130.199.48.83:9618?addrs=130.199.48.83-9618&noUDP&sock=18276_3907_3>
...
001 (4366930.015.000) 02/22 01:20:43 Job executing on host: <130.199.156.3:9618?addrs=130.199.156.3-9618&noUDP&sock=2162_585e_3>
...
006 (4366930.015.000) 02/22 01:20:51 Image size of job updated: 183792
	104  -  MemoryUsage of job (MB)
	106316  -  ResidentSetSize of job (KB)
...
006 (4366930.015.000) 02/22 01:23:25 Image size of job updated: 183792
	105  -  MemoryUsage of job (MB)
	106608  -  ResidentSetSize of job (KB)
...
005 (4366930.015.000) 02/22 01:23:25 Job terminated.
	(1) Normal termination (return value 0)
		Usr 0 00:02:35, Sys 0 00:00:03  -  Run Remote Usage
		Usr 0 00:00:00, Sys 0 00:00:00  -  Run Local Usage
		Usr 0 00:02:35, Sys 0 00:00:03  -  Total Remote Usage
		Usr 0 00:00:00, Sys 0 00:00:00  -  Total Local Usage
	0  -  Run Bytes Sent By Job
	0  -  Run Bytes Received By Job
	0  -  Total Bytes Sent By Job
	0  -  Total Bytes Received By Job
	Partitionable Resources :    Usage  Request Allocated 
	   Cpus                 :     0.99        1         1 
	   Disk (KB)            :  2250        2250   3325564 
	   Memory (MB)          :   105        1500      1536 
	   Xferslots            :                           0 
...
000 (4366931.015.000) 02/22 16:51:01 Job submitted from host: <130.199.48.83:9618?addrs=130.199.48.83-9618&noUDP&sock=18276_3907_3>
...
001 (4366931.015.000) 02/22 16:51:55 Job executing on host: <130.199.157.143:9618?addrs=130.199.157.143-9618&noUDP&sock=347153_a438_3>
...
006 (4366931.015.000) 02/22 16:51:57 Image size of job updated: 7500
	0  -  MemoryUsage of job (MB)
	0  -  ResidentSetSize of job (KB)
...
005 (4366931.015.000) 02/22 16:52:00 Job terminated.
	(1) Normal termination (return value 1)
		Usr 0 00:00:00, Sys 0 00:00:00  -  Run Remote Usage
		Usr 0 00:00:00, Sys 0 00:00:00  -  Run Local Usage
		Usr 0 00:00:00, Sys 0 00:00:00  -  Total Remote Usage
		Usr 0 00:00:00, Sys 0 00:00:00  -  Total Local Usage
	0  -  Run Bytes Sent By Job
	0  -  Run Bytes Received By Job
	0  -  Total Bytes Sent By Job
	0  -  Total Bytes Received By Job
	Partitionable Resources :    Usage  Request Allocated 
	   Cpus                 :     0.04        1         1 
	   Disk (KB)            :  7500        7500  14337862 
	   Memory (MB)          :     0        1500      1536 
	   Xferslots            :                           0 
...
000 (4366933.015.000) 02/22 17:32:44 Job submitted from host: <130.199.48.83:9618?addrs=130.199.48.83-9618&noUDP&sock=18276_3907_3>
...
001 (4366933.015.000) 02/22 17:33:44 Job executing on host: <130.199.158.197:9618?addrs=130.199.158.197-9618&noUDP&sock=112791_06f0_3>
...
006 (4366933.015.000) 02/22 17:33:44 Image size of job updated: 7500
	0  -  MemoryUsage of job (MB)
	0  -  ResidentSetSize of job (KB)
...
005 (4366933.015.000) 02/22 17:33:44 Job terminated.
	(1) Normal termination (return value 1)
		Usr 0 00:00:00, Sys 0 00:00:00  -  Run Remote Usage
		Usr 0 00:00:00, Sys 0 00:00:00  -  Run Local Usage
		Usr 0 00:00:00, Sys 0 00:00:00  -  Total Remote Usage
		Usr 0 00:00:00, Sys 0 00:00:00  -  Total Local Usage
	0  -  Run Bytes Sent By Job
	0  -  Run Bytes Received By Job
	0  -  Total Bytes Sent By Job
	0  -  Total Bytes Received By Job
	Partitionable Resources :    Usage  Request Allocated 
	   Cpus                 :        0        1         1 
	   Disk (KB)            :     7500     7500   7037864 
	   Memory (MB)          :        0     1500      1536 
	   Xferslots            :                           0 
...
000 (4366935.015.000) 02/22 17:47:21 Job submitted from host: <130.199.48.83:9618?addrs=130.199.48.83-9618&noUDP&sock=18276_3907_3>
...
001 (4366935.015.000) 02/22 17:48:22 Job executing on host: <130.199.158.215:9618?addrs=130.199.158.215-9618&noUDP&sock=190973_a4a3_3>
...
006 (4366935.015.000) 02/22 17:48:23 Image size of job updated: 7500
	0  -  MemoryUsage of job (MB)
	0  -  ResidentSetSize of job (KB)
...
005 (4366935.015.000) 02/22 17:48:23 Job terminated.
	(1) Normal termination (return value 1)
		Usr 0 00:00:00, Sys 0 00:00:00  -  Run Remote Usage
		Usr 0 00:00:00, Sys 0 00:00:00  -  Run Local Usage
		Usr 0 00:00:00, Sys 0 00:00:00  -  Total Remote Usage
		Usr 0 00:00:00, Sys 0 00:00:00  -  Total Local Usage
	0  -  Run Bytes Sent By Job
	0  -  Run Bytes Received By Job
	0  -  Total Bytes Sent By Job
	0  -  Total Bytes Received By Job
	Partitionable Resources :    Usage  Request Allocated 
	   Cpus                 :        0        1         1 
	   Disk (KB)            :     7500     7500   7037864 
	   Memory (MB)          :        0     1500      1536 
	   Xferslots            :                           0 
...
000 (4366937.015.000) 02/22 17:55:05 Job submitted from host: <130.199.48.83:9618?addrs=130.199.48.83-9618&noUDP&sock=18276_3907_3>
...
001 (4366937.015.000) 02/22 17:55:31 Job executing on host: <130.199.157.144:9618?addrs=130.199.157.144-9618&noUDP&sock=85113_4a1d_3>
...
006 (4366937.015.000) 02/22 17:55:32 Image size of job updated: 7500
	0  -  MemoryUsage of job (MB)
	0  -  ResidentSetSize of job (KB)
...
005 (4366937.015.000) 02/22 17:55:32 Job terminated.
	(1) Normal termination (return value 1)
		Usr 0 00:00:00, Sys 0 00:00:00  -  Run Remote Usage
		Usr 0 00:00:00, Sys 0 00:00:00  -  Run Local Usage
		Usr 0 00:00:00, Sys 0 00:00:00  -  Total Remote Usage
		Usr 0 00:00:00, Sys 0 00:00:00  -  Total Local Usage
	0  -  Run Bytes Sent By Job
	0  -  Run Bytes Received By Job
	0  -  Total Bytes Sent By Job
	0  -  Total Bytes Received By Job
	Partitionable Resources :    Usage  Request Allocated 
	   Cpus                 :        0        1         1 
	   Disk (KB)            :     7500     7500  14337878 
	   Memory (MB)          :        0     1500      1536 
	   Xferslots            :                           0 
...
000 (4366939.015.000) 02/22 18:08:29 Job submitted from host: <130.199.48.83:9618?addrs=130.199.48.83-9618&noUDP&sock=18276_3907_3>
...
001 (4366939.015.000) 02/22 18:09:51 Job executing on host: <130.199.157.17:9618?addrs=130.199.157.17-9618&noUDP&sock=293753_3732_3>
...
006 (4366939.015.000) 02/22 18:09:52 Image size of job updated: 7500
	0  -  MemoryUsage of job (MB)
	0  -  ResidentSetSize of job (KB)
...
005 (4366939.015.000) 02/22 18:09:52 Job terminated.
	(1) Normal termination (return value 1)
		Usr 0 00:00:00, Sys 0 00:00:00  -  Run Remote Usage
		Usr 0 00:00:00, Sys 0 00:00:00  -  Run Local Usage
		Usr 0 00:00:00, Sys 0 00:00:00  -  Total Remote Usage
		Usr 0 00:00:00, Sys 0 00:00:00  -  Total Local Usage
	0  -  Run Bytes Sent By Job
	0  -  Run Bytes Received By Job
	0  -  Total Bytes Sent By Job
	0  -  Total Bytes Received By Job
	Partitionable Resources :    Usage  Request Allocated 
	   Cpus                 :                 1         1 
	   Disk (KB)            :     7500     7500   6743392 
	   Memory (MB)          :        0     1500      1536 
	   Xferslots            :                           0 
...
000 (4366941.015.000) 02/22 18:15:06 Job submitted from host: <130.199.48.83:9618?addrs=130.199.48.83-9618&noUDP&sock=18276_3907_3>
...
001 (4366941.015.000) 02/22 18:16:02 Job executing on host: <130.199.157.136:9618?addrs=130.199.157.136-9618&noUDP&sock=312077_87c1_3>
...
006 (4366941.015.000) 02/22 18:16:03 Image size of job updated: 7500
	0  -  MemoryUsage of job (MB)
	0  -  ResidentSetSize of job (KB)
...
005 (4366941.015.000) 02/22 18:16:03 Job terminated.
	(1) Normal termination (return value 1)
		Usr 0 00:00:00, Sys 0 00:00:00  -  Run Remote Usage
		Usr 0 00:00:00, Sys 0 00:00:00  -  Run Local Usage
		Usr 0 00:00:00, Sys 0 00:00:00  -  Total Remote Usage
		Usr 0 00:00:00, Sys 0 00:00:00  -  Total Local Usage
	0  -  Run Bytes Sent By Job
	0  -  Run Bytes Received By Job
	0  -  Total Bytes Sent By Job
	0  -  Total Bytes Received By Job
	Partitionable Resources :    Usage  Request Allocated 
	   Cpus                 :                 1         1 
	   Disk (KB)            :     7500     7500  14337872 
	   Memory (MB)          :        0     1500      1536 
	   Xferslots            :                           0 
...
000 (4366944.015.000) 02/22 18:23:51 Job submitted from host: <130.199.48.83:9618?addrs=130.199.48.83-9618&noUDP&sock=18276_3907_3>
...
001 (4366944.015.000) 02/22 18:24:38 Job executing on host: <130.199.200.91:9618?addrs=130.199.200.91-9618&noUDP&sock=160037_ca27_3>
...
006 (4366944.015.000) 02/22 18:24:38 Image size of job updated: 7500
	0  -  MemoryUsage of job (MB)
	0  -  ResidentSetSize of job (KB)
...
005 (4366944.015.000) 02/22 18:24:39 Job terminated.
	(1) Normal termination (return value 1)
		Usr 0 00:00:00, Sys 0 00:00:00  -  Run Remote Usage
		Usr 0 00:00:00, Sys 0 00:00:00  -  Run Local Usage
		Usr 0 00:00:00, Sys 0 00:00:00  -  Total Remote Usage
		Usr 0 00:00:00, Sys 0 00:00:00  -  Total Local Usage
	0  -  Run Bytes Sent By Job
	0  -  Run Bytes Received By Job
	0  -  Total Bytes Sent By Job
	0  -  Total Bytes Received By Job
	Partitionable Resources :    Usage  Request Allocated 
	   Cpus                 :                 1         1 
	   Disk (KB)            :     7500     7500   3804474 
	   Memory (MB)          :        0     1500      1536 
	   Xferslots            :                           0 
...
000 (240430.015.000) 02/22 18:27:54 Job submitted from host: <130.199.48.37:9618?addrs=130.199.48.37-9618&noUDP&sock=9957_5d42_3>
...
001 (240430.015.000) 02/22 18:28:22 Job executing on host: <130.199.200.102:9618?addrs=130.199.200.102-9618&noUDP&sock=377045_1506_3>
...
006 (240430.015.000) 02/22 18:28:23 Image size of job updated: 7500
	0  -  MemoryUsage of job (MB)
	0  -  ResidentSetSize of job (KB)
...
005 (240430.015.000) 02/22 18:28:23 Job terminated.
	(1) Normal termination (return value 1)
		Usr 0 00:00:00, Sys 0 00:00:00  -  Run Remote Usage
		Usr 0 00:00:00, Sys 0 00:00:00  -  Run Local Usage
		Usr 0 00:00:00, Sys 0 00:00:00  -  Total Remote Usage
		Usr 0 00:00:00, Sys 0 00:00:00  -  Total Local Usage
	0  -  Run Bytes Sent By Job
	0  -  Run Bytes Received By Job
	0  -  Total Bytes Sent By Job
	0  -  Total Bytes Received By Job
	Partitionable Resources :    Usage  Request Allocated 
	   Cpus                 :                 1         1 
	   Disk (KB)            :     7500     7500   5106400 
	   Memory (MB)          :        0     1500      1536 
	   Xferslots            :                           0 
...
000 (240432.015.000) 02/22 18:29:28 Job submitted from host: <130.199.48.37:9618?addrs=130.199.48.37-9618&noUDP&sock=9957_5d42_3>
...
001 (240432.015.000) 02/22 18:30:37 Job executing on host: <130.199.159.234:9618?addrs=130.199.159.234-9618&noUDP&sock=111333_96a8_3>
...
006 (240432.015.000) 02/22 18:30:38 Image size of job updated: 7500
	0  -  MemoryUsage of job (MB)
	0  -  ResidentSetSize of job (KB)
...
005 (240432.015.000) 02/22 18:30:38 Job terminated.
	(1) Normal termination (return value 1)
		Usr 0 00:00:00, Sys 0 00:00:00  -  Run Remote Usage
		Usr 0 00:00:00, Sys 0 00:00:00  -  Run Local Usage
		Usr 0 00:00:00, Sys 0 00:00:00  -  Total Remote Usage
		Usr 0 00:00:00, Sys 0 00:00:00  -  Total Local Usage
	0  -  Run Bytes Sent By Job
	0  -  Run Bytes Received By Job
	0  -  Total Bytes Sent By Job
	0  -  Total Bytes Received By Job
	Partitionable Resources :    Usage  Request Allocated 
	   Cpus                 :        0        1         1 
	   Disk (KB)            :     7500     7500   7037662 
	   Memory (MB)          :        0     1500      1536 
	   Xferslots            :                           0 
...
000 (240434.015.000) 02/22 18:33:58 Job submitted from host: <130.199.48.37:9618?addrs=130.199.48.37-9618&noUDP&sock=9957_5d42_3>
...
001 (240434.015.000) 02/22 18:34:18 Job executing on host: <130.199.200.113:9618?addrs=130.199.200.113-9618&noUDP&sock=336239_7f8e_3>
...
006 (240434.015.000) 02/22 18:34:20 Image size of job updated: 2161316
	0  -  MemoryUsage of job (MB)
	0  -  ResidentSetSize of job (KB)
...
005 (240434.015.000) 02/22 18:34:20 Job terminated.
	(1) Normal termination (return value 1)
		Usr 0 00:00:00, Sys 0 00:00:01  -  Run Remote Usage
		Usr 0 00:00:00, Sys 0 00:00:00  -  Run Local Usage
		Usr 0 00:00:00, Sys 0 00:00:01  -  Total Remote Usage
		Usr 0 00:00:00, Sys 0 00:00:00  -  Total Local Usage
	0  -  Run Bytes Sent By Job
	0  -  Run Bytes Received By Job
	0  -  Total Bytes Sent By Job
	0  -  Total Bytes Received By Job
	Partitionable Resources :    Usage  Request Allocated 
	   Cpus                 :        0        1         1 
	   Disk (KB)            :     7500     7500   5106409 
	   Memory (MB)          :        0     1500      1536 
	   Xferslots            :                           0 
...
000 (240436.015.000) 02/22 18:37:32 Job submitted from host: <130.199.48.37:9618?addrs=130.199.48.37-9618&noUDP&sock=9957_5d42_3>
...
001 (240436.015.000) 02/22 18:37:57 Job executing on host: <130.199.152.151:9618?addrs=130.199.152.151-9618&noUDP&sock=28797_fc88_3>
...
006 (240436.015.000) 02/22 18:37:58 Image size of job updated: 7500
	0  -  MemoryUsage of job (MB)
	0  -  ResidentSetSize of job (KB)
...
005 (240436.015.000) 02/22 18:37:58 Job terminated.
	(1) Normal termination (return value 1)
		Usr 0 00:00:00, Sys 0 00:00:00  -  Run Remote Usage
		Usr 0 00:00:00, Sys 0 00:00:00  -  Run Local Usage
		Usr 0 00:00:00, Sys 0 00:00:00  -  Total Remote Usage
		Usr 0 00:00:00, Sys 0 00:00:00  -  Total Local Usage
	0  -  Run Bytes Sent By Job
	0  -  Run Bytes Received By Job
	0  -  Total Bytes Sent By Job
	0  -  Total Bytes Received By Job
	Partitionable Resources :    Usage  Request Allocated 
	   Cpus                 :        0        1         1 
	   Disk (KB)            :     7500     7500   1901635 
	   Memory (MB)          :        0     1500      1536 
	   Xferslots            :                           0 
...
000 (4366952.015.000) 02/23 15:00:01 Job submitted from host: <130.199.48.83:9618?addrs=130.199.48.83-9618&noUDP&sock=18276_3907_3>
...
001 (4366952.015.000) 02/23 15:00:35 Job executing on host: <130.199.158.240:9618?addrs=130.199.158.240-9618&noUDP&sock=121465_3d14_3>
...
006 (4366952.015.000) 02/23 15:00:36 Image size of job updated: 7500
	0  -  MemoryUsage of job (MB)
	0  -  ResidentSetSize of job (KB)
...
005 (4366952.015.000) 02/23 15:00:36 Job terminated.
	(1) Normal termination (return value 1)
		Usr 0 00:00:00, Sys 0 00:00:00  -  Run Remote Usage
		Usr 0 00:00:00, Sys 0 00:00:00  -  Run Local Usage
		Usr 0 00:00:00, Sys 0 00:00:00  -  Total Remote Usage
		Usr 0 00:00:00, Sys 0 00:00:00  -  Total Local Usage
	0  -  Run Bytes Sent By Job
	0  -  Run Bytes Received By Job
	0  -  Total Bytes Sent By Job
	0  -  Total Bytes Received By Job
	Partitionable Resources :    Usage  Request Allocated 
	   Cpus                 :                 1         1 
	   Disk (KB)            :     7500     7500   7037864 
	   Memory (MB)          :        0     1500      1536 
	   Xferslots            :                           0 
...
000 (4366961.015.000) 02/24 21:54:33 Job submitted from host: <130.199.48.83:9618?addrs=130.199.48.83-9618&noUDP&sock=18276_3907_3>
...
001 (4366961.015.000) 02/24 21:55:38 Job executing on host: <130.199.157.20:9618?addrs=130.199.157.20-9618&noUDP&sock=283954_f4b0_3>
...
006 (4366961.015.000) 02/24 21:55:47 Image size of job updated: 36608
	34  -  MemoryUsage of job (MB)
	34580  -  ResidentSetSize of job (KB)
...
006 (4366961.015.000) 02/24 22:00:47 Image size of job updated: 36860
	34  -  MemoryUsage of job (MB)
	34680  -  ResidentSetSize of job (KB)
...
006 (4366961.015.000) 02/24 22:05:48 Image size of job updated: 36860
	34  -  MemoryUsage of job (MB)
	34696  -  ResidentSetSize of job (KB)
...
005 (4366961.015.000) 02/24 22:18:47 Job terminated.
	(1) Normal termination (return value 0)
		Usr 0 00:19:44, Sys 0 00:00:00  -  Run Remote Usage
		Usr 0 00:00:00, Sys 0 00:00:00  -  Run Local Usage
		Usr 0 00:19:44, Sys 0 00:00:00  -  Total Remote Usage
		Usr 0 00:00:00, Sys 0 00:00:00  -  Total Local Usage
	0  -  Run Bytes Sent By Job
	0  -  Run Bytes Received By Job
	0  -  Total Bytes Sent By Job
	0  -  Total Bytes Received By Job
	Partitionable Resources :    Usage  Request Allocated 
	   Cpus                 :     0.82        1         1 
	   Disk (KB)            :  7500        7500   6743395 
	   Memory (MB)          :    34        1500      1536 
	   Xferslots            :                           0 
...
000 (4366963.015.000) 02/25 00:30:16 Job submitted from host: <130.199.48.83:9618?addrs=130.199.48.83-9618&noUDP&sock=18276_3907_3>
...
001 (4366963.015.000) 02/25 00:31:02 Job executing on host: <130.199.157.138:9618?addrs=130.199.157.138-9618&noUDP&sock=271284_0f8e_3>
...
006 (4366963.015.000) 02/25 00:31:10 Image size of job updated: 143772
	139  -  MemoryUsage of job (MB)
	142288  -  ResidentSetSize of job (KB)
...
006 (4366963.015.000) 02/25 00:32:47 Image size of job updated: 1532220
	139  -  MemoryUsage of job (MB)
	142296  -  ResidentSetSize of job (KB)
...
005 (4366963.015.000) 02/25 00:32:48 Job terminated.
	(1) Normal termination (return value 0)
		Usr 0 00:01:40, Sys 0 00:00:02  -  Run Remote Usage
		Usr 0 00:00:00, Sys 0 00:00:00  -  Run Local Usage
		Usr 0 00:01:40, Sys 0 00:00:02  -  Total Remote Usage
		Usr 0 00:00:00, Sys 0 00:00:00  -  Total Local Usage
	0  -  Run Bytes Sent By Job
	0  -  Run Bytes Received By Job
	0  -  Total Bytes Sent By Job
	0  -  Total Bytes Received By Job
	Partitionable Resources :    Usage  Request Allocated 
	   Cpus                 :     1.00        1         1 
	   Disk (KB)            :  2250        2250  14337878 
	   Memory (MB)          :   139        1500      1536 
	   Xferslots            :                           0 
...
000 (4366964.015.000) 02/25 00:51:06 Job submitted from host: <130.199.48.83:9618?addrs=130.199.48.83-9618&noUDP&sock=18276_3907_3>
...
001 (4366964.015.000) 02/25 00:52:28 Job executing on host: <130.199.157.132:9618?addrs=130.199.157.132-9618&noUDP&sock=141623_fdba_3>
...
006 (4366964.015.000) 02/25 00:52:37 Image size of job updated: 206740
	127  -  MemoryUsage of job (MB)
	129920  -  ResidentSetSize of job (KB)
...
006 (4366964.015.000) 02/25 00:54:18 Image size of job updated: 1519672
	128  -  MemoryUsage of job (MB)
	130436  -  ResidentSetSize of job (KB)
...
005 (4366964.015.000) 02/25 00:54:18 Job terminated.
	(1) Normal termination (return value 0)
		Usr 0 00:01:43, Sys 0 00:00:02  -  Run Remote Usage
		Usr 0 00:00:00, Sys 0 00:00:00  -  Run Local Usage
		Usr 0 00:01:43, Sys 0 00:00:02  -  Total Remote Usage
		Usr 0 00:00:00, Sys 0 00:00:00  -  Total Local Usage
	0  -  Run Bytes Sent By Job
	0  -  Run Bytes Received By Job
	0  -  Total Bytes Sent By Job
	0  -  Total Bytes Received By Job
	Partitionable Resources :    Usage  Request Allocated 
	   Cpus                 :     0.99        1         1 
	   Disk (KB)            :  2250        2250  14337862 
	   Memory (MB)          :   128        1500      1536 
	   Xferslots            :                           0 
...
000 (4366970.015.000) 02/27 22:18:22 Job submitted from host: <130.199.48.83:9618?addrs=130.199.48.83-9618&noUDP&sock=18276_3907_3>
...
001 (4366970.015.000) 02/27 22:20:00 Job executing on host: <130.199.156.231:9618?addrs=130.199.156.231-9618&noUDP&sock=289671_506b_3>
...
006 (4366970.015.000) 02/27 22:20:09 Image size of job updated: 35604
	34  -  MemoryUsage of job (MB)
	34708  -  ResidentSetSize of job (KB)
...
006 (4366970.015.000) 02/27 22:25:09 Image size of job updated: 35756
	35  -  MemoryUsage of job (MB)
	34860  -  ResidentSetSize of job (KB)
...
006 (4366970.015.000) 02/27 22:30:09 Image size of job updated: 35784
	35  -  MemoryUsage of job (MB)
	34888  -  ResidentSetSize of job (KB)
...
005 (4366970.015.000) 02/27 23:13:19 Job terminated.
	(1) Normal termination (return value 0)
		Usr 0 00:52:56, Sys 0 00:00:01  -  Run Remote Usage
		Usr 0 00:00:00, Sys 0 00:00:00  -  Run Local Usage
		Usr 0 00:52:56, Sys 0 00:00:01  -  Total Remote Usage
		Usr 0 00:00:00, Sys 0 00:00:00  -  Total Local Usage
	0  -  Run Bytes Sent By Job
	0  -  Run Bytes Received By Job
	0  -  Total Bytes Sent By Job
	0  -  Total Bytes Received By Job
	Partitionable Resources :    Usage  Request Allocated 
	   Cpus                 :     0.99        1         1 
	   Disk (KB)            :  7500        7500   6743387 
	   Memory (MB)          :    35        1500      1536 
	   Xferslots            :                           0 
...
000 (4366972.015.000) 02/27 23:22:40 Job submitted from host: <130.199.48.83:9618?addrs=130.199.48.83-9618&noUDP&sock=18276_3907_3>
...
001 (4366972.015.000) 02/27 23:23:37 Job executing on host: <130.199.157.5:9618?addrs=130.199.157.5-9618&noUDP&sock=455257_3159_3>
...
006 (4366972.015.000) 02/27 23:23:45 Image size of job updated: 174756
	97  -  MemoryUsage of job (MB)
	98376  -  ResidentSetSize of job (KB)
...
006 (4366972.015.000) 02/27 23:28:31 Image size of job updated: 3216304
	97  -  MemoryUsage of job (MB)
	98376  -  ResidentSetSize of job (KB)
...
005 (4366972.015.000) 02/27 23:28:31 Job terminated.
	(1) Normal termination (return value 0)
		Usr 0 00:04:27, Sys 0 00:00:04  -  Run Remote Usage
		Usr 0 00:00:00, Sys 0 00:00:00  -  Run Local Usage
		Usr 0 00:04:27, Sys 0 00:00:04  -  Total Remote Usage
		Usr 0 00:00:00, Sys 0 00:00:00  -  Total Local Usage
	0  -  Run Bytes Sent By Job
	0  -  Run Bytes Received By Job
	0  -  Total Bytes Sent By Job
	0  -  Total Bytes Received By Job
	Partitionable Resources :    Usage  Request Allocated 
	   Cpus                 :     0.91        1         1 
	   Disk (KB)            :  2250        2250   6743392 
	   Memory (MB)          :    97        1500      1536 
	   Xferslots            :                           0 
...
000 (245515.015.000) 02/28 02:50:08 Job submitted from host: <130.199.48.37:9618?addrs=130.199.48.37-9618&noUDP&sock=9957_5d42_3>
...
001 (245515.015.000) 02/28 02:52:27 Job executing on host: <130.199.157.19:9618?addrs=130.199.157.19-9618&noUDP&sock=154328_f696_3>
...
006 (245515.015.000) 02/28 02:52:36 Image size of job updated: 36812
	34  -  MemoryUsage of job (MB)
	34704  -  ResidentSetSize of job (KB)
...
006 (245515.015.000) 02/28 02:57:37 Image size of job updated: 37032
	35  -  MemoryUsage of job (MB)
	34856  -  ResidentSetSize of job (KB)
...
006 (245515.015.000) 02/28 03:02:38 Image size of job updated: 37068
	35  -  MemoryUsage of job (MB)
	34884  -  ResidentSetSize of job (KB)
...
005 (245515.015.000) 02/28 03:44:28 Job terminated.
	(1) Normal termination (return value 0)
		Usr 0 00:51:47, Sys 0 00:00:02  -  Run Remote Usage
		Usr 0 00:00:00, Sys 0 00:00:00  -  Run Local Usage
		Usr 0 00:51:47, Sys 0 00:00:02  -  Total Remote Usage
		Usr 0 00:00:00, Sys 0 00:00:00  -  Total Local Usage
	0  -  Run Bytes Sent By Job
	0  -  Run Bytes Received By Job
	0  -  Total Bytes Sent By Job
	0  -  Total Bytes Received By Job
	Partitionable Resources :    Usage  Request Allocated 
	   Cpus                 :     1.00        1         1 
	   Disk (KB)            :  7500        7500   6743392 
	   Memory (MB)          :    35        1500      1536 
	   Xferslots            :                           0 
...
