000 (4054012.001.000) 07/15 20:24:31 Job submitted from host: <130.199.48.83:9618?addrs=130.199.48.83-9618&noUDP&sock=8867_649e_3>
...
001 (4054012.001.000) 07/15 20:25:07 Job executing on host: <130.199.202.111:9618?addrs=130.199.202.111-9618&noUDP&sock=30957_9964_3>
...
006 (4054012.001.000) 07/15 20:25:15 Image size of job updated: 35716
	34  -  MemoryUsage of job (MB)
	34560  -  ResidentSetSize of job (KB)
...
006 (4054012.001.000) 07/15 20:30:15 Image size of job updated: 35952
	34  -  MemoryUsage of job (MB)
	34764  -  ResidentSetSize of job (KB)
...
006 (4054012.001.000) 07/15 20:35:16 Image size of job updated: 36032
	35  -  MemoryUsage of job (MB)
	34840  -  ResidentSetSize of job (KB)
...
006 (4054012.001.000) 07/15 20:40:17 Image size of job updated: 36096
	35  -  MemoryUsage of job (MB)
	34900  -  ResidentSetSize of job (KB)
...
006 (4054012.001.000) 07/15 21:14:22 Image size of job updated: 2152896
	35  -  MemoryUsage of job (MB)
	34900  -  ResidentSetSize of job (KB)
...
005 (4054012.001.000) 07/15 21:14:22 Job terminated.
	(1) Normal termination (return value 0)
		Usr 0 00:49:00, Sys 0 00:00:02  -  Run Remote Usage
		Usr 0 00:00:00, Sys 0 00:00:00  -  Run Local Usage
		Usr 0 00:49:00, Sys 0 00:00:02  -  Total Remote Usage
		Usr 0 00:00:00, Sys 0 00:00:00  -  Total Local Usage
	0  -  Run Bytes Sent By Job
	0  -  Run Bytes Received By Job
	0  -  Total Bytes Sent By Job
	0  -  Total Bytes Received By Job
	Partitionable Resources :    Usage  Request Allocated 
	   Cpus                 :     0.99        1         1 
	   Disk (KB)            :  7500        7500   4811669 
	   Memory (MB)          :    35        1500      1536 
	   Xferslots            :                           0 
...
000 (4119728.000.000) 08/14 12:38:44 Job submitted from host: <130.199.48.83:9618?addrs=130.199.48.83-9618&noUDP&sock=8867_649e_3>
...
001 (4119728.000.000) 08/14 13:19:26 Job executing on host: <130.199.156.239:9618?addrs=130.199.156.239-9618&noUDP&sock=40206_ca79_3>
...
006 (4119728.000.000) 08/14 13:19:35 Image size of job updated: 33908
	33  -  MemoryUsage of job (MB)
	33192  -  ResidentSetSize of job (KB)
...
006 (4119728.000.000) 08/14 13:24:35 Image size of job updated: 35992
	34  -  MemoryUsage of job (MB)
	34804  -  ResidentSetSize of job (KB)
...
006 (4119728.000.000) 08/14 13:29:35 Image size of job updated: 36000
	34  -  MemoryUsage of job (MB)
	34808  -  ResidentSetSize of job (KB)
...
006 (4119728.000.000) 08/14 13:34:36 Image size of job updated: 36032
	35  -  MemoryUsage of job (MB)
	34840  -  ResidentSetSize of job (KB)
...
006 (4119728.000.000) 08/14 13:54:38 Image size of job updated: 36052
	35  -  MemoryUsage of job (MB)
	34860  -  ResidentSetSize of job (KB)
...
005 (4119728.000.000) 08/14 14:15:56 Job terminated.
	(1) Normal termination (return value 0)
		Usr 0 00:56:10, Sys 0 00:00:02  -  Run Remote Usage
		Usr 0 00:00:00, Sys 0 00:00:00  -  Run Local Usage
		Usr 0 00:56:10, Sys 0 00:00:02  -  Total Remote Usage
		Usr 0 00:00:00, Sys 0 00:00:00  -  Total Local Usage
	0  -  Run Bytes Sent By Job
	0  -  Run Bytes Received By Job
	0  -  Total Bytes Sent By Job
	0  -  Total Bytes Received By Job
	Partitionable Resources :    Usage  Request Allocated 
	   Cpus                 :     1.00        1         1 
	   Disk (KB)            :  7500        7500   6743395 
	   Memory (MB)          :    35        1500      1536 
	   Xferslots            :                           0 
...
000 (4159731.001.000) 09/20 03:25:14 Job submitted from host: <130.199.48.83:9618?addrs=130.199.48.83-9618&noUDP&sock=8867_649e_3>
...
001 (4159731.001.000) 09/20 03:35:39 Job executing on host: <130.199.157.7:9618?addrs=130.199.157.7-9618&noUDP&sock=36738_3673_3>
...
006 (4159731.001.000) 09/20 03:35:48 Image size of job updated: 35808
	34  -  MemoryUsage of job (MB)
	34648  -  ResidentSetSize of job (KB)
...
000 (4159732.001.000) 09/20 03:37:24 Job submitted from host: <130.199.48.83:9618?addrs=130.199.48.83-9618&noUDP&sock=8867_649e_3>
...
000 (4159733.001.000) 09/20 03:37:55 Job submitted from host: <130.199.48.83:9618?addrs=130.199.48.83-9618&noUDP&sock=8867_649e_3>
...
000 (4159734.001.000) 09/20 03:38:18 Job submitted from host: <130.199.48.83:9618?addrs=130.199.48.83-9618&noUDP&sock=8867_649e_3>
...
000 (4159735.001.000) 09/20 03:38:40 Job submitted from host: <130.199.48.83:9618?addrs=130.199.48.83-9618&noUDP&sock=8867_649e_3>
...
006 (4159731.001.000) 09/20 03:40:48 Image size of job updated: 35948
	34  -  MemoryUsage of job (MB)
	34764  -  ResidentSetSize of job (KB)
...
006 (4159731.001.000) 09/20 03:45:48 Image size of job updated: 35952
	34  -  MemoryUsage of job (MB)
	34764  -  ResidentSetSize of job (KB)
...
006 (4159731.001.000) 09/20 03:50:49 Image size of job updated: 35964
	34  -  MemoryUsage of job (MB)
	34776  -  ResidentSetSize of job (KB)
...
006 (4159731.001.000) 09/20 03:55:49 Image size of job updated: 35984
	34  -  MemoryUsage of job (MB)
	34792  -  ResidentSetSize of job (KB)
...
006 (4159731.001.000) 09/20 04:00:49 Image size of job updated: 36024
	35  -  MemoryUsage of job (MB)
	34832  -  ResidentSetSize of job (KB)
...
001 (4159735.001.000) 09/20 04:53:56 Job executing on host: <130.199.156.12:9618?addrs=130.199.156.12-9618&noUDP&sock=25239_eca3_3>
...
001 (4159732.001.000) 09/20 04:53:59 Job executing on host: <130.199.200.106:9618?addrs=130.199.200.106-9618&noUDP&sock=115694_ca3a_3>
...
001 (4159734.001.000) 09/20 04:53:59 Job executing on host: <130.199.202.111:9618?addrs=130.199.202.111-9618&noUDP&sock=30957_9964_3>
...
001 (4159733.001.000) 09/20 04:53:59 Job executing on host: <130.199.157.15:9618?addrs=130.199.157.15-9618&noUDP&sock=36462_dcb8_3>
...
006 (4159735.001.000) 09/20 04:54:05 Image size of job updated: 35664
	34  -  MemoryUsage of job (MB)
	34504  -  ResidentSetSize of job (KB)
...
006 (4159732.001.000) 09/20 04:54:07 Image size of job updated: 36344
	34  -  MemoryUsage of job (MB)
	34616  -  ResidentSetSize of job (KB)
...
006 (4159734.001.000) 09/20 04:54:07 Image size of job updated: 35876
	34  -  MemoryUsage of job (MB)
	34716  -  ResidentSetSize of job (KB)
...
006 (4159733.001.000) 09/20 04:54:08 Image size of job updated: 35832
	34  -  MemoryUsage of job (MB)
	34672  -  ResidentSetSize of job (KB)
...
006 (4159735.001.000) 09/20 04:59:06 Image size of job updated: 35928
	34  -  MemoryUsage of job (MB)
	34756  -  ResidentSetSize of job (KB)
...
006 (4159732.001.000) 09/20 04:59:07 Image size of job updated: 36496
	34  -  MemoryUsage of job (MB)
	34756  -  ResidentSetSize of job (KB)
...
006 (4159734.001.000) 09/20 04:59:07 Image size of job updated: 35928
	34  -  MemoryUsage of job (MB)
	34740  -  ResidentSetSize of job (KB)
...
006 (4159733.001.000) 09/20 04:59:09 Image size of job updated: 35924
	34  -  MemoryUsage of job (MB)
	34736  -  ResidentSetSize of job (KB)
...
006 (4159735.001.000) 09/20 05:04:06 Image size of job updated: 35980
	34  -  MemoryUsage of job (MB)
	34792  -  ResidentSetSize of job (KB)
...
006 (4159732.001.000) 09/20 05:04:07 Image size of job updated: 36512
	34  -  MemoryUsage of job (MB)
	34768  -  ResidentSetSize of job (KB)
...
006 (4159734.001.000) 09/20 05:04:08 Image size of job updated: 35960
	34  -  MemoryUsage of job (MB)
	34772  -  ResidentSetSize of job (KB)
...
006 (4159733.001.000) 09/20 05:04:10 Image size of job updated: 36012
	35  -  MemoryUsage of job (MB)
	34824  -  ResidentSetSize of job (KB)
...
006 (4159732.001.000) 09/20 05:09:08 Image size of job updated: 36536
	34  -  MemoryUsage of job (MB)
	34792  -  ResidentSetSize of job (KB)
...
006 (4159734.001.000) 09/20 05:09:09 Image size of job updated: 36000
	34  -  MemoryUsage of job (MB)
	34808  -  ResidentSetSize of job (KB)
...
006 (4159732.001.000) 09/20 05:14:08 Image size of job updated: 36544
	34  -  MemoryUsage of job (MB)
	34796  -  ResidentSetSize of job (KB)
...
006 (4159734.001.000) 09/20 05:14:09 Image size of job updated: 36004
	34  -  MemoryUsage of job (MB)
	34812  -  ResidentSetSize of job (KB)
...
006 (4159733.001.000) 09/20 05:14:11 Image size of job updated: 36048
	35  -  MemoryUsage of job (MB)
	34856  -  ResidentSetSize of job (KB)
...
006 (4159735.001.000) 09/20 05:19:08 Image size of job updated: 35988
	34  -  MemoryUsage of job (MB)
	34796  -  ResidentSetSize of job (KB)
...
006 (4159732.001.000) 09/20 05:19:08 Image size of job updated: 36556
	34  -  MemoryUsage of job (MB)
	34808  -  ResidentSetSize of job (KB)
...
006 (4159734.001.000) 09/20 05:19:09 Image size of job updated: 36028
	35  -  MemoryUsage of job (MB)
	34836  -  ResidentSetSize of job (KB)
...
006 (4159731.001.000) 09/20 05:20:57 Image size of job updated: 36032
	35  -  MemoryUsage of job (MB)
	34840  -  ResidentSetSize of job (KB)
...
006 (4159735.001.000) 09/20 05:24:08 Image size of job updated: 35996
	34  -  MemoryUsage of job (MB)
	34804  -  ResidentSetSize of job (KB)
...
006 (4159732.001.000) 09/20 05:24:10 Image size of job updated: 36580
	35  -  MemoryUsage of job (MB)
	34832  -  ResidentSetSize of job (KB)
...
006 (4159734.001.000) 09/20 05:24:10 Image size of job updated: 36060
	35  -  MemoryUsage of job (MB)
	34868  -  ResidentSetSize of job (KB)
...
006 (4159735.001.000) 09/20 05:29:09 Image size of job updated: 36024
	35  -  MemoryUsage of job (MB)
	34832  -  ResidentSetSize of job (KB)
...
006 (4159735.001.000) 09/20 05:34:09 Image size of job updated: 36028
	35  -  MemoryUsage of job (MB)
	34836  -  ResidentSetSize of job (KB)
...
006 (4159732.001.000) 09/20 05:34:10 Image size of job updated: 36584
	35  -  MemoryUsage of job (MB)
	34836  -  ResidentSetSize of job (KB)
...
006 (4159731.001.000) 09/20 05:40:42 Image size of job updated: 36036
	35  -  MemoryUsage of job (MB)
	34840  -  ResidentSetSize of job (KB)
...
005 (4159731.001.000) 09/20 05:40:42 Job terminated.
	(1) Normal termination (return value 0)
		Usr 0 02:04:08, Sys 0 00:00:04  -  Run Remote Usage
		Usr 0 00:00:00, Sys 0 00:00:00  -  Run Local Usage
		Usr 0 02:04:08, Sys 0 00:00:04  -  Total Remote Usage
		Usr 0 00:00:00, Sys 0 00:00:00  -  Total Local Usage
	0  -  Run Bytes Sent By Job
	0  -  Run Bytes Received By Job
	0  -  Total Bytes Sent By Job
	0  -  Total Bytes Received By Job
	Partitionable Resources :    Usage  Request Allocated 
	   Cpus                 :     1.00        1         1 
	   Disk (KB)            :  7500        7500   6743395 
	   Memory (MB)          :    35        1500      1536 
	   Xferslots            :                           0 
...
006 (4159735.001.000) 09/20 05:44:10 Image size of job updated: 36048
	35  -  MemoryUsage of job (MB)
	34856  -  ResidentSetSize of job (KB)
...
006 (4159732.001.000) 09/20 05:44:12 Image size of job updated: 36592
	35  -  MemoryUsage of job (MB)
	34844  -  ResidentSetSize of job (KB)
...
006 (4159733.001.000) 09/20 05:44:14 Image size of job updated: 36052
	35  -  MemoryUsage of job (MB)
	34860  -  ResidentSetSize of job (KB)
...
006 (4159733.001.000) 09/20 05:54:15 Image size of job updated: 36056
	35  -  MemoryUsage of job (MB)
	34864  -  ResidentSetSize of job (KB)
...
006 (4159735.001.000) 09/20 05:59:11 Image size of job updated: 36056
	35  -  MemoryUsage of job (MB)
	34864  -  ResidentSetSize of job (KB)
...
006 (4159732.001.000) 09/20 06:19:14 Image size of job updated: 36616
	35  -  MemoryUsage of job (MB)
	34868  -  ResidentSetSize of job (KB)
...
005 (4159734.001.000) 09/20 06:30:43 Job terminated.
	(1) Normal termination (return value 0)
		Usr 0 01:36:17, Sys 0 00:00:03  -  Run Remote Usage
		Usr 0 00:00:00, Sys 0 00:00:00  -  Run Local Usage
		Usr 0 01:36:17, Sys 0 00:00:03  -  Total Remote Usage
		Usr 0 00:00:00, Sys 0 00:00:00  -  Total Local Usage
	0  -  Run Bytes Sent By Job
	0  -  Run Bytes Received By Job
	0  -  Total Bytes Sent By Job
	0  -  Total Bytes Received By Job
	Partitionable Resources :    Usage  Request Allocated 
	   Cpus                 :     1.00        1         1 
	   Disk (KB)            :  7500        7500   4811669 
	   Memory (MB)          :    35        1500      1536 
	   Xferslots            :                           0 
...
005 (4159732.001.000) 09/20 06:32:05 Job terminated.
	(1) Normal termination (return value 0)
		Usr 0 01:37:41, Sys 0 00:00:06  -  Run Remote Usage
		Usr 0 00:00:00, Sys 0 00:00:00  -  Run Local Usage
		Usr 0 01:37:41, Sys 0 00:00:06  -  Total Remote Usage
		Usr 0 00:00:00, Sys 0 00:00:00  -  Total Local Usage
	0  -  Run Bytes Sent By Job
	0  -  Run Bytes Received By Job
	0  -  Total Bytes Sent By Job
	0  -  Total Bytes Received By Job
	Partitionable Resources :    Usage  Request Allocated 
	   Cpus                 :     0.99        1         1 
	   Disk (KB)            :  7500        7500   5106404 
	   Memory (MB)          :    35        1500      1536 
	   Xferslots            :                           0 
...
006 (4159735.001.000) 09/20 06:39:16 Image size of job updated: 36064
	35  -  MemoryUsage of job (MB)
	34872  -  ResidentSetSize of job (KB)
...
006 (4159733.001.000) 09/20 06:53:26 Image size of job updated: 2152896
	35  -  MemoryUsage of job (MB)
	34864  -  ResidentSetSize of job (KB)
...
005 (4159733.001.000) 09/20 06:53:26 Job terminated.
	(1) Normal termination (return value 0)
		Usr 0 01:57:42, Sys 0 00:00:10  -  Run Remote Usage
		Usr 0 00:00:00, Sys 0 00:00:00  -  Run Local Usage
		Usr 0 01:57:42, Sys 0 00:00:10  -  Total Remote Usage
		Usr 0 00:00:00, Sys 0 00:00:00  -  Total Local Usage
	0  -  Run Bytes Sent By Job
	0  -  Run Bytes Received By Job
	0  -  Total Bytes Sent By Job
	0  -  Total Bytes Received By Job
	Partitionable Resources :    Usage  Request Allocated 
	   Cpus                 :     1.00        1         1 
	   Disk (KB)            :  7500        7500   6743395 
	   Memory (MB)          :    35        1500      1536 
	   Xferslots            :                           0 
...
005 (4159735.001.000) 09/20 07:15:18 Job terminated.
	(1) Normal termination (return value 0)
		Usr 0 02:20:35, Sys 0 00:00:09  -  Run Remote Usage
		Usr 0 00:00:00, Sys 0 00:00:00  -  Run Local Usage
		Usr 0 02:20:35, Sys 0 00:00:09  -  Total Remote Usage
		Usr 0 00:00:00, Sys 0 00:00:00  -  Total Local Usage
	0  -  Run Bytes Sent By Job
	0  -  Run Bytes Received By Job
	0  -  Total Bytes Sent By Job
	0  -  Total Bytes Received By Job
	Partitionable Resources :    Usage  Request Allocated 
	   Cpus                 :     0.99        1         1 
	   Disk (KB)            :  7500        7500   3325677 
	   Memory (MB)          :    35        1500      1536 
	   Xferslots            :                           0 
...
000 (4160437.002.000) 09/21 04:53:21 Job submitted from host: <130.199.48.83:9618?addrs=130.199.48.83-9618&noUDP&sock=8867_649e_3>
...
001 (4160437.002.000) 09/21 04:57:04 Job executing on host: <130.199.202.101:9618?addrs=130.199.202.101-9618&noUDP&sock=30903_8245_3>
...
006 (4160437.002.000) 09/21 04:57:11 Image size of job updated: 46884
	0  -  MemoryUsage of job (MB)
	0  -  ResidentSetSize of job (KB)
...
005 (4160437.002.000) 09/21 04:57:11 Job terminated.
	(1) Normal termination (return value 0)
		Usr 0 00:00:00, Sys 0 00:00:00  -  Run Remote Usage
		Usr 0 00:00:00, Sys 0 00:00:00  -  Run Local Usage
		Usr 0 00:00:00, Sys 0 00:00:00  -  Total Remote Usage
		Usr 0 00:00:00, Sys 0 00:00:00  -  Total Local Usage
	0  -  Run Bytes Sent By Job
	0  -  Run Bytes Received By Job
	0  -  Total Bytes Sent By Job
	0  -  Total Bytes Received By Job
	Partitionable Resources :    Usage  Request Allocated 
	   Cpus                 :        0        1         1 
	   Disk (KB)            :     1500     1500   4811691 
	   Memory (MB)          :        0     1500      1536 
	   Xferslots            :                           0 
...
000 (4160438.002.000) 09/21 13:10:24 Job submitted from host: <130.199.48.83:9618?addrs=130.199.48.83-9618&noUDP&sock=8867_649e_3>
...
000 (4160439.002.000) 09/21 13:13:27 Job submitted from host: <130.199.48.83:9618?addrs=130.199.48.83-9618&noUDP&sock=8867_649e_3>
...
001 (4160439.002.000) 09/21 13:21:49 Job executing on host: <130.199.157.147:9618?addrs=130.199.157.147-9618&noUDP&sock=135792_8da0_3>
...
001 (4160438.002.000) 09/21 13:21:50 Job executing on host: <130.199.156.239:9618?addrs=130.199.156.239-9618&noUDP&sock=40206_ca79_3>
...
006 (4160439.002.000) 09/21 13:21:55 Image size of job updated: 78480
	0  -  MemoryUsage of job (MB)
	0  -  ResidentSetSize of job (KB)
...
005 (4160439.002.000) 09/21 13:21:55 Job terminated.
	(1) Normal termination (return value 0)
		Usr 0 00:00:00, Sys 0 00:00:00  -  Run Remote Usage
		Usr 0 00:00:00, Sys 0 00:00:00  -  Run Local Usage
		Usr 0 00:00:00, Sys 0 00:00:00  -  Total Remote Usage
		Usr 0 00:00:00, Sys 0 00:00:00  -  Total Local Usage
	0  -  Run Bytes Sent By Job
	0  -  Run Bytes Received By Job
	0  -  Total Bytes Sent By Job
	0  -  Total Bytes Received By Job
	Partitionable Resources :    Usage  Request Allocated 
	   Cpus                 :        0        1         1 
	   Disk (KB)            :     1500     1500  14337878 
	   Memory (MB)          :        0     1500      1536 
	   Xferslots            :                           0 
...
006 (4160438.002.000) 09/21 13:21:55 Image size of job updated: 546912
	0  -  MemoryUsage of job (MB)
	0  -  ResidentSetSize of job (KB)
...
005 (4160438.002.000) 09/21 13:21:56 Job terminated.
	(1) Normal termination (return value 0)
		Usr 0 00:00:00, Sys 0 00:00:00  -  Run Remote Usage
		Usr 0 00:00:00, Sys 0 00:00:00  -  Run Local Usage
		Usr 0 00:00:00, Sys 0 00:00:00  -  Total Remote Usage
		Usr 0 00:00:00, Sys 0 00:00:00  -  Total Local Usage
	0  -  Run Bytes Sent By Job
	0  -  Run Bytes Received By Job
	0  -  Total Bytes Sent By Job
	0  -  Total Bytes Received By Job
	Partitionable Resources :    Usage  Request Allocated 
	   Cpus                 :        0        1         1 
	   Disk (KB)            :     1500     1500   6743395 
	   Memory (MB)          :        0     1500      1536 
	   Xferslots            :                           0 
...
000 (4160440.002.000) 09/21 13:26:39 Job submitted from host: <130.199.48.83:9618?addrs=130.199.48.83-9618&noUDP&sock=8867_649e_3>
...
001 (4160440.002.000) 09/21 13:27:01 Job executing on host: <130.199.157.139:9618?addrs=130.199.157.139-9618&noUDP&sock=216434_ba6b_3>
...
006 (4160440.002.000) 09/21 13:27:09 Image size of job updated: 108908
	65  -  MemoryUsage of job (MB)
	66460  -  ResidentSetSize of job (KB)
...
006 (4160440.002.000) 09/21 13:32:09 Image size of job updated: 3230412
	3103  -  MemoryUsage of job (MB)
	3177136  -  ResidentSetSize of job (KB)
...
006 (4160440.002.000) 09/21 13:32:12 Image size of job updated: 3251056
	3103  -  MemoryUsage of job (MB)
	3177136  -  ResidentSetSize of job (KB)
...
004 (4160440.002.000) 09/21 13:32:12 Job was evicted.
	(0) Job was not checkpointed.
		Usr 0 00:04:55, Sys 0 00:00:06  -  Run Remote Usage
		Usr 0 00:00:00, Sys 0 00:00:00  -  Run Local Usage
	0  -  Run Bytes Sent By Job
	0  -  Run Bytes Received By Job
	Partitionable Resources :    Usage  Request Allocated 
	   Cpus                 :     1.00        1         1 
	   Disk (KB)            :  1500        1500  14337878 
	   Memory (MB)          :  3103        1500      1536 
	   Xferslots            :                           0 
...
001 (4160440.002.000) 09/21 13:34:01 Job executing on host: <130.199.157.132:9618?addrs=130.199.157.132-9618&noUDP&sock=216811_0b3f_3>
...
006 (4160440.002.000) 09/21 13:43:58 Image size of job updated: 5228960
	3174  -  MemoryUsage of job (MB)
	3250000  -  ResidentSetSize of job (KB)
...
005 (4160440.002.000) 09/21 13:44:00 Job terminated.
	(1) Normal termination (return value 0)
		Usr 0 00:07:54, Sys 0 00:00:09  -  Run Remote Usage
		Usr 0 00:00:00, Sys 0 00:00:00  -  Run Local Usage
		Usr 0 00:07:54, Sys 0 00:00:09  -  Total Remote Usage
		Usr 0 00:00:00, Sys 0 00:00:00  -  Total Local Usage
	0  -  Run Bytes Sent By Job
	0  -  Run Bytes Received By Job
	0  -  Total Bytes Sent By Job
	0  -  Total Bytes Received By Job
	Partitionable Resources :    Usage  Request Allocated 
	   Cpus                 :     0.09        1         1 
	   Disk (KB)            :  1500        1500  14337878 
	   Memory (MB)          :  3174        3174      3200 
	   Xferslots            :                           0 
...
000 (4160446.002.000) 09/21 14:19:31 Job submitted from host: <130.199.48.83:9618?addrs=130.199.48.83-9618&noUDP&sock=8867_649e_3>
...
000 (4160447.002.000) 09/21 14:19:57 Job submitted from host: <130.199.48.83:9618?addrs=130.199.48.83-9618&noUDP&sock=8867_649e_3>
...
000 (4160448.002.000) 09/21 14:20:40 Job submitted from host: <130.199.48.83:9618?addrs=130.199.48.83-9618&noUDP&sock=8867_649e_3>
...
000 (4160449.002.000) 09/21 14:20:59 Job submitted from host: <130.199.48.83:9618?addrs=130.199.48.83-9618&noUDP&sock=8867_649e_3>
...
000 (4160450.002.000) 09/21 14:21:22 Job submitted from host: <130.199.48.83:9618?addrs=130.199.48.83-9618&noUDP&sock=8867_649e_3>
...
001 (4160450.002.000) 09/21 14:22:48 Job executing on host: <130.199.157.77:9618?addrs=130.199.157.77-9618&noUDP&sock=22836_67bb_3>
...
001 (4160446.002.000) 09/21 14:22:50 Job executing on host: <130.199.152.144:9618?addrs=130.199.152.144-9618&noUDP&sock=16005_7add_3>
...
001 (4160449.002.000) 09/21 14:22:50 Job executing on host: <130.199.153.181:9618?addrs=130.199.153.181-9618&noUDP&sock=14662_6ff9_3>
...
001 (4160447.002.000) 09/21 14:22:51 Job executing on host: <130.199.159.242:9618?addrs=130.199.159.242-9618&noUDP&sock=26908_244c_3>
...
001 (4160448.002.000) 09/21 14:22:51 Job executing on host: <130.199.149.198:9618?addrs=130.199.149.198-9618&noUDP&sock=35603_ffe1_3>
...
006 (4160450.002.000) 09/21 14:22:57 Image size of job updated: 35428
	34  -  MemoryUsage of job (MB)
	34416  -  ResidentSetSize of job (KB)
...
006 (4160446.002.000) 09/21 14:22:59 Image size of job updated: 35808
	34  -  MemoryUsage of job (MB)
	34648  -  ResidentSetSize of job (KB)
...
006 (4160449.002.000) 09/21 14:22:59 Image size of job updated: 35380
	34  -  MemoryUsage of job (MB)
	34372  -  ResidentSetSize of job (KB)
...
006 (4160448.002.000) 09/21 14:23:00 Image size of job updated: 35816
	34  -  MemoryUsage of job (MB)
	34656  -  ResidentSetSize of job (KB)
...
006 (4160447.002.000) 09/21 14:23:00 Image size of job updated: 35788
	34  -  MemoryUsage of job (MB)
	34616  -  ResidentSetSize of job (KB)
...
006 (4160450.002.000) 09/21 14:27:57 Image size of job updated: 35772
	34  -  MemoryUsage of job (MB)
	34756  -  ResidentSetSize of job (KB)
...
006 (4160448.002.000) 09/21 14:28:00 Image size of job updated: 35816
	34  -  MemoryUsage of job (MB)
	34740  -  ResidentSetSize of job (KB)
...
006 (4160446.002.000) 09/21 14:28:00 Image size of job updated: 35948
	34  -  MemoryUsage of job (MB)
	34764  -  ResidentSetSize of job (KB)
...
006 (4160449.002.000) 09/21 14:28:00 Image size of job updated: 35932
	34  -  MemoryUsage of job (MB)
	34740  -  ResidentSetSize of job (KB)
...
006 (4160447.002.000) 09/21 14:28:01 Image size of job updated: 35788
	34  -  MemoryUsage of job (MB)
	34756  -  ResidentSetSize of job (KB)
...
006 (4160450.002.000) 09/21 14:32:57 Image size of job updated: 35824
	34  -  MemoryUsage of job (MB)
	34792  -  ResidentSetSize of job (KB)
...
006 (4160448.002.000) 09/21 14:33:00 Image size of job updated: 35856
	34  -  MemoryUsage of job (MB)
	34796  -  ResidentSetSize of job (KB)
...
006 (4160446.002.000) 09/21 14:33:01 Image size of job updated: 35952
	34  -  MemoryUsage of job (MB)
	34764  -  ResidentSetSize of job (KB)
...
006 (4160449.002.000) 09/21 14:33:01 Image size of job updated: 35964
	34  -  MemoryUsage of job (MB)
	34772  -  ResidentSetSize of job (KB)
...
006 (4160447.002.000) 09/21 14:33:01 Image size of job updated: 35828
	34  -  MemoryUsage of job (MB)
	34772  -  ResidentSetSize of job (KB)
...
006 (4160450.002.000) 09/21 14:37:58 Image size of job updated: 35852
	34  -  MemoryUsage of job (MB)
	34796  -  ResidentSetSize of job (KB)
...
006 (4160446.002.000) 09/21 14:38:01 Image size of job updated: 35980
	34  -  MemoryUsage of job (MB)
	34788  -  ResidentSetSize of job (KB)
...
006 (4160449.002.000) 09/21 14:38:01 Image size of job updated: 36012
	34  -  MemoryUsage of job (MB)
	34816  -  ResidentSetSize of job (KB)
...
006 (4160448.002.000) 09/21 14:38:01 Image size of job updated: 35864
	34  -  MemoryUsage of job (MB)
	34804  -  ResidentSetSize of job (KB)
...
006 (4160447.002.000) 09/21 14:38:02 Image size of job updated: 35868
	34  -  MemoryUsage of job (MB)
	34812  -  ResidentSetSize of job (KB)
...
006 (4160450.002.000) 09/21 14:42:58 Image size of job updated: 35856
	34  -  MemoryUsage of job (MB)
	34800  -  ResidentSetSize of job (KB)
...
006 (4160450.002.000) 09/21 14:47:58 Image size of job updated: 35860
	34  -  MemoryUsage of job (MB)
	34804  -  ResidentSetSize of job (KB)
...
006 (4160446.002.000) 09/21 14:48:02 Image size of job updated: 36008
	34  -  MemoryUsage of job (MB)
	34816  -  ResidentSetSize of job (KB)
...
006 (4160446.002.000) 09/21 14:53:02 Image size of job updated: 36008
	35  -  MemoryUsage of job (MB)
	34828  -  ResidentSetSize of job (KB)
...
006 (4160447.002.000) 09/21 14:53:03 Image size of job updated: 35868
	34  -  MemoryUsage of job (MB)
	34816  -  ResidentSetSize of job (KB)
...
006 (4160450.002.000) 09/21 14:58:00 Image size of job updated: 35876
	35  -  MemoryUsage of job (MB)
	34820  -  ResidentSetSize of job (KB)
...
006 (4160449.002.000) 09/21 14:58:03 Image size of job updated: 36012
	35  -  MemoryUsage of job (MB)
	34852  -  ResidentSetSize of job (KB)
...
006 (4160447.002.000) 09/21 14:58:04 Image size of job updated: 35872
	34  -  MemoryUsage of job (MB)
	34816  -  ResidentSetSize of job (KB)
...
006 (4160448.002.000) 09/21 15:03:04 Image size of job updated: 35864
	34  -  MemoryUsage of job (MB)
	34808  -  ResidentSetSize of job (KB)
...
006 (4160446.002.000) 09/21 15:08:04 Image size of job updated: 36008
	35  -  MemoryUsage of job (MB)
	34844  -  ResidentSetSize of job (KB)
...
006 (4160449.002.000) 09/21 15:08:04 Image size of job updated: 36012
	35  -  MemoryUsage of job (MB)
	34888  -  ResidentSetSize of job (KB)
...
006 (4160448.002.000) 09/21 15:08:04 Image size of job updated: 35892
	35  -  MemoryUsage of job (MB)
	34836  -  ResidentSetSize of job (KB)
...
005 (4160448.002.000) 09/21 15:11:56 Job terminated.
	(1) Normal termination (return value 0)
		Usr 0 00:48:23, Sys 0 00:00:08  -  Run Remote Usage
		Usr 0 00:00:00, Sys 0 00:00:00  -  Run Local Usage
		Usr 0 00:48:23, Sys 0 00:00:08  -  Total Remote Usage
		Usr 0 00:00:00, Sys 0 00:00:00  -  Total Local Usage
	0  -  Run Bytes Sent By Job
	0  -  Run Bytes Received By Job
	0  -  Total Bytes Sent By Job
	0  -  Total Bytes Received By Job
	Partitionable Resources :    Usage  Request Allocated 
	   Cpus                 :     0.99        1         1 
	   Disk (KB)            :  7500        7500  14337496 
	   Memory (MB)          :    35        1500      1536 
	   Xferslots            :                           0 
...
006 (4160447.002.000) 09/21 15:12:34 Image size of job updated: 35880
	34  -  MemoryUsage of job (MB)
	34816  -  ResidentSetSize of job (KB)
...
005 (4160447.002.000) 09/21 15:12:34 Job terminated.
	(1) Normal termination (return value 0)
		Usr 0 00:48:44, Sys 0 00:00:12  -  Run Remote Usage
		Usr 0 00:00:00, Sys 0 00:00:00  -  Run Local Usage
		Usr 0 00:48:44, Sys 0 00:00:12  -  Total Remote Usage
		Usr 0 00:00:00, Sys 0 00:00:00  -  Total Local Usage
	0  -  Run Bytes Sent By Job
	0  -  Run Bytes Received By Job
	0  -  Total Bytes Sent By Job
	0  -  Total Bytes Received By Job
	Partitionable Resources :    Usage  Request Allocated 
	   Cpus                 :     0.99        1         1 
	   Disk (KB)            :  7500        7500  14337494 
	   Memory (MB)          :    34        1500      1536 
	   Xferslots            :                           0 
...
006 (4160450.002.000) 09/21 15:23:03 Image size of job updated: 35876
	35  -  MemoryUsage of job (MB)
	34824  -  ResidentSetSize of job (KB)
...
006 (4160450.002.000) 09/21 15:28:04 Image size of job updated: 35876
	35  -  MemoryUsage of job (MB)
	34840  -  ResidentSetSize of job (KB)
...
006 (4160446.002.000) 09/21 15:33:06 Image size of job updated: 36008
	35  -  MemoryUsage of job (MB)
	34860  -  ResidentSetSize of job (KB)
...
005 (4160446.002.000) 09/21 15:33:33 Job terminated.
	(1) Normal termination (return value 0)
		Usr 0 01:10:17, Sys 0 00:00:03  -  Run Remote Usage
		Usr 0 00:00:00, Sys 0 00:00:00  -  Run Local Usage
		Usr 0 01:10:17, Sys 0 00:00:03  -  Total Remote Usage
		Usr 0 00:00:00, Sys 0 00:00:00  -  Total Local Usage
	0  -  Run Bytes Sent By Job
	0  -  Run Bytes Received By Job
	0  -  Total Bytes Sent By Job
	0  -  Total Bytes Received By Job
	Partitionable Resources :    Usage  Request Allocated 
	   Cpus                 :     0.97        1         1 
	   Disk (KB)            :  7500        7500   1901584 
	   Memory (MB)          :    35        1500      1536 
	   Xferslots            :                           0 
...
005 (4160449.002.000) 09/21 15:35:32 Job terminated.
	(1) Normal termination (return value 0)
		Usr 0 01:12:18, Sys 0 00:00:06  -  Run Remote Usage
		Usr 0 00:00:00, Sys 0 00:00:00  -  Run Local Usage
		Usr 0 01:12:18, Sys 0 00:00:06  -  Total Remote Usage
		Usr 0 00:00:00, Sys 0 00:00:00  -  Total Local Usage
	0  -  Run Bytes Sent By Job
	0  -  Run Bytes Received By Job
	0  -  Total Bytes Sent By Job
	0  -  Total Bytes Received By Job
	Partitionable Resources :    Usage  Request Allocated 
	   Cpus                 :     1.00        1         1 
	   Disk (KB)            :  7500        7500   1135890 
	   Memory (MB)          :    35        1500      1536 
	   Xferslots            :                           0 
...
005 (4160450.002.000) 09/21 15:38:18 Job terminated.
	(1) Normal termination (return value 0)
		Usr 0 01:15:02, Sys 0 00:00:07  -  Run Remote Usage
		Usr 0 00:00:00, Sys 0 00:00:00  -  Run Local Usage
		Usr 0 01:15:02, Sys 0 00:00:07  -  Total Remote Usage
		Usr 0 00:00:00, Sys 0 00:00:00  -  Total Local Usage
	0  -  Run Bytes Sent By Job
	0  -  Run Bytes Received By Job
	0  -  Total Bytes Sent By Job
	0  -  Total Bytes Received By Job
	Partitionable Resources :    Usage  Request Allocated 
	   Cpus                 :     0.99        1         1 
	   Disk (KB)            :  7500        7500   3329009 
	   Memory (MB)          :    35        1500      1536 
	   Xferslots            :                           0 
...
000 (4165377.002.000) 09/22 23:58:39 Job submitted from host: <130.199.48.83:9618?addrs=130.199.48.83-9618&noUDP&sock=8867_649e_3>
...
001 (4165377.002.000) 09/22 23:59:17 Job executing on host: <130.199.200.99:9618?addrs=130.199.200.99-9618&noUDP&sock=119160_bc35_3>
...
006 (4165377.002.000) 09/22 23:59:26 Image size of job updated: 147676
	104  -  MemoryUsage of job (MB)
	106308  -  ResidentSetSize of job (KB)
...
006 (4165377.002.000) 09/23 00:03:22 Image size of job updated: 2762888
	104  -  MemoryUsage of job (MB)
	106308  -  ResidentSetSize of job (KB)
...
005 (4165377.002.000) 09/23 00:03:22 Job terminated.
	(1) Normal termination (return value 0)
		Usr 0 00:03:56, Sys 0 00:00:04  -  Run Remote Usage
		Usr 0 00:00:00, Sys 0 00:00:00  -  Run Local Usage
		Usr 0 00:03:56, Sys 0 00:00:04  -  Total Remote Usage
		Usr 0 00:00:00, Sys 0 00:00:00  -  Total Local Usage
	0  -  Run Bytes Sent By Job
	0  -  Run Bytes Received By Job
	0  -  Total Bytes Sent By Job
	0  -  Total Bytes Received By Job
	Partitionable Resources :    Usage  Request Allocated 
	   Cpus                 :     0.99        1         1 
	   Disk (KB)            :  1500        1500   5106409 
	   Memory (MB)          :   104        1500      1536 
	   Xferslots            :                           0 
...
000 (4165378.002.000) 09/23 00:10:04 Job submitted from host: <130.199.48.83:9618?addrs=130.199.48.83-9618&noUDP&sock=8867_649e_3>
...
000 (4165379.002.000) 09/23 00:10:30 Job submitted from host: <130.199.48.83:9618?addrs=130.199.48.83-9618&noUDP&sock=8867_649e_3>
...
001 (4165378.002.000) 09/23 00:10:34 Job executing on host: <130.199.202.109:9618?addrs=130.199.202.109-9618&noUDP&sock=400631_c0dd_3>
...
001 (4165379.002.000) 09/23 00:10:37 Job executing on host: <130.199.157.138:9618?addrs=130.199.157.138-9618&noUDP&sock=215569_f774_3>
...
006 (4165378.002.000) 09/23 00:10:42 Image size of job updated: 131516
	89  -  MemoryUsage of job (MB)
	91132  -  ResidentSetSize of job (KB)
...
006 (4165379.002.000) 09/23 00:10:47 Image size of job updated: 21624
	6  -  MemoryUsage of job (MB)
	6108  -  ResidentSetSize of job (KB)
...
000 (4165380.002.000) 09/23 00:11:05 Job submitted from host: <130.199.48.83:9618?addrs=130.199.48.83-9618&noUDP&sock=8867_649e_3>
...
001 (4165380.002.000) 09/23 00:11:43 Job executing on host: <130.199.157.2:9618?addrs=130.199.157.2-9618&noUDP&sock=37856_0bab_3>
...
006 (4165380.002.000) 09/23 00:11:52 Image size of job updated: 130568
	88  -  MemoryUsage of job (MB)
	89136  -  ResidentSetSize of job (KB)
...
000 (4165381.002.000) 09/23 00:11:59 Job submitted from host: <130.199.48.83:9618?addrs=130.199.48.83-9618&noUDP&sock=8867_649e_3>
...
001 (4165381.002.000) 09/23 00:12:51 Job executing on host: <130.199.157.20:9618?addrs=130.199.157.20-9618&noUDP&sock=36855_3de1_3>
...
006 (4165381.002.000) 09/23 00:12:59 Image size of job updated: 140296
	96  -  MemoryUsage of job (MB)
	97848  -  ResidentSetSize of job (KB)
...
006 (4165378.002.000) 09/23 00:14:28 Image size of job updated: 2723544
	89  -  MemoryUsage of job (MB)
	91136  -  ResidentSetSize of job (KB)
...
005 (4165378.002.000) 09/23 00:14:28 Job terminated.
	(1) Normal termination (return value 0)
		Usr 0 00:03:46, Sys 0 00:00:03  -  Run Remote Usage
		Usr 0 00:00:00, Sys 0 00:00:00  -  Run Local Usage
		Usr 0 00:03:46, Sys 0 00:00:03  -  Total Remote Usage
		Usr 0 00:00:00, Sys 0 00:00:00  -  Total Local Usage
	0  -  Run Bytes Sent By Job
	0  -  Run Bytes Received By Job
	0  -  Total Bytes Sent By Job
	0  -  Total Bytes Received By Job
	Partitionable Resources :    Usage  Request Allocated 
	   Cpus                 :     1.00        1         1 
	   Disk (KB)            :  1500        1500   4811701 
	   Memory (MB)          :    89        1500      1536 
	   Xferslots            :                           0 
...
005 (4165379.002.000) 09/23 00:14:41 Job terminated.
	(1) Normal termination (return value 0)
		Usr 0 00:03:43, Sys 0 00:00:04  -  Run Remote Usage
		Usr 0 00:00:00, Sys 0 00:00:00  -  Run Local Usage
		Usr 0 00:03:43, Sys 0 00:00:04  -  Total Remote Usage
		Usr 0 00:00:00, Sys 0 00:00:00  -  Total Local Usage
	0  -  Run Bytes Sent By Job
	0  -  Run Bytes Received By Job
	0  -  Total Bytes Sent By Job
	0  -  Total Bytes Received By Job
	Partitionable Resources :    Usage  Request Allocated 
	   Cpus                 :     1.00        1         1 
	   Disk (KB)            :  1500        1500  14337878 
	   Memory (MB)          :     6        1500      1536 
	   Xferslots            :                           0 
...
006 (4165380.002.000) 09/23 00:16:06 Image size of job updated: 2706896
	88  -  MemoryUsage of job (MB)
	89136  -  ResidentSetSize of job (KB)
...
005 (4165380.002.000) 09/23 00:16:06 Job terminated.
	(1) Normal termination (return value 0)
		Usr 0 00:04:04, Sys 0 00:00:04  -  Run Remote Usage
		Usr 0 00:00:00, Sys 0 00:00:00  -  Run Local Usage
		Usr 0 00:04:04, Sys 0 00:00:04  -  Total Remote Usage
		Usr 0 00:00:00, Sys 0 00:00:00  -  Total Local Usage
	0  -  Run Bytes Sent By Job
	0  -  Run Bytes Received By Job
	0  -  Total Bytes Sent By Job
	0  -  Total Bytes Received By Job
	Partitionable Resources :    Usage  Request Allocated 
	   Cpus                 :     1.00        1         1 
	   Disk (KB)            :  1500        1500   6743395 
	   Memory (MB)          :    88        1500      1536 
	   Xferslots            :                           0 
...
006 (4165381.002.000) 09/23 00:17:40 Image size of job updated: 2744528
	96  -  MemoryUsage of job (MB)
	97848  -  ResidentSetSize of job (KB)
...
005 (4165381.002.000) 09/23 00:17:41 Job terminated.
	(1) Normal termination (return value 0)
		Usr 0 00:04:41, Sys 0 00:00:04  -  Run Remote Usage
		Usr 0 00:00:00, Sys 0 00:00:00  -  Run Local Usage
		Usr 0 00:04:41, Sys 0 00:00:04  -  Total Remote Usage
		Usr 0 00:00:00, Sys 0 00:00:00  -  Total Local Usage
	0  -  Run Bytes Sent By Job
	0  -  Run Bytes Received By Job
	0  -  Total Bytes Sent By Job
	0  -  Total Bytes Received By Job
	Partitionable Resources :    Usage  Request Allocated 
	   Cpus                 :     0.97        1         1 
	   Disk (KB)            :  1500        1500   6743395 
	   Memory (MB)          :    96        1500      1536 
	   Xferslots            :                           0 
...
000 (4175660.000.000) 10/13 11:56:15 Job submitted from host: <130.199.48.83:9618?addrs=130.199.48.83-9618&noUDP&sock=8867_649e_3>
...
000 (4175661.000.000) 10/13 11:59:21 Job submitted from host: <130.199.48.83:9618?addrs=130.199.48.83-9618&noUDP&sock=8867_649e_3>
...
000 (4175662.000.000) 10/13 12:46:31 Job submitted from host: <130.199.48.83:9618?addrs=130.199.48.83-9618&noUDP&sock=8867_649e_3>
...
001 (4175661.000.000) 10/13 13:15:16 Job executing on host: <130.199.152.145:9618?addrs=130.199.152.145-9618&noUDP&sock=13979_46c9_3>
...
001 (4175660.000.000) 10/13 13:15:17 Job executing on host: <130.199.156.242:9618?addrs=130.199.156.242-9618&noUDP&sock=36802_77c8_3>
...
006 (4175660.000.000) 10/13 13:15:21 Image size of job updated: 66640
	0  -  MemoryUsage of job (MB)
	0  -  ResidentSetSize of job (KB)
...
005 (4175660.000.000) 10/13 13:15:21 Job terminated.
	(1) Normal termination (return value 0)
		Usr 0 00:00:00, Sys 0 00:00:00  -  Run Remote Usage
		Usr 0 00:00:00, Sys 0 00:00:00  -  Run Local Usage
		Usr 0 00:00:00, Sys 0 00:00:00  -  Total Remote Usage
		Usr 0 00:00:00, Sys 0 00:00:00  -  Total Local Usage
	0  -  Run Bytes Sent By Job
	0  -  Run Bytes Received By Job
	0  -  Total Bytes Sent By Job
	0  -  Total Bytes Received By Job
	Partitionable Resources :    Usage  Request Allocated 
	   Cpus                 :        0        1         1 
	   Disk (KB)            :     1500     1500   6743395 
	   Memory (MB)          :        0     1500      1536 
	   Xferslots            :                           0 
...
006 (4175661.000.000) 10/13 13:15:24 Image size of job updated: 35972
	34  -  MemoryUsage of job (MB)
	34548  -  ResidentSetSize of job (KB)
...
001 (4175662.000.000) 10/13 13:15:26 Job executing on host: <130.199.200.55:9618?addrs=130.199.200.55-9618&noUDP&sock=15478_b0eb_3>
...
006 (4175662.000.000) 10/13 13:15:35 Image size of job updated: 35692
	34  -  MemoryUsage of job (MB)
	34544  -  ResidentSetSize of job (KB)
...
006 (4175661.000.000) 10/13 13:20:24 Image size of job updated: 36272
	34  -  MemoryUsage of job (MB)
	34816  -  ResidentSetSize of job (KB)
...
006 (4175662.000.000) 10/13 13:20:36 Image size of job updated: 35988
	34  -  MemoryUsage of job (MB)
	34804  -  ResidentSetSize of job (KB)
...
006 (4175661.000.000) 10/13 13:25:25 Image size of job updated: 36284
	35  -  MemoryUsage of job (MB)
	34824  -  ResidentSetSize of job (KB)
...
006 (4175662.000.000) 10/13 13:25:36 Image size of job updated: 36004
	35  -  MemoryUsage of job (MB)
	34820  -  ResidentSetSize of job (KB)
...
006 (4175661.000.000) 10/13 13:30:26 Image size of job updated: 36296
	35  -  MemoryUsage of job (MB)
	34828  -  ResidentSetSize of job (KB)
...
006 (4175662.000.000) 10/13 13:30:36 Image size of job updated: 36012
	35  -  MemoryUsage of job (MB)
	34824  -  ResidentSetSize of job (KB)
...
006 (4175661.000.000) 10/13 13:35:26 Image size of job updated: 36304
	35  -  MemoryUsage of job (MB)
	34836  -  ResidentSetSize of job (KB)
...
006 (4175662.000.000) 10/13 13:35:37 Image size of job updated: 36016
	35  -  MemoryUsage of job (MB)
	34824  -  ResidentSetSize of job (KB)
...
006 (4175662.000.000) 10/13 13:55:38 Image size of job updated: 36016
	35  -  MemoryUsage of job (MB)
	34864  -  ResidentSetSize of job (KB)
...
006 (4175662.000.000) 10/13 14:00:38 Image size of job updated: 36016
	35  -  MemoryUsage of job (MB)
	34872  -  ResidentSetSize of job (KB)
...
006 (4175662.000.000) 10/13 14:15:40 Image size of job updated: 36016
	35  -  MemoryUsage of job (MB)
	34888  -  ResidentSetSize of job (KB)
...
005 (4175661.000.000) 10/13 14:22:48 Job terminated.
	(1) Normal termination (return value 0)
		Usr 0 01:07:19, Sys 0 00:00:05  -  Run Remote Usage
		Usr 0 00:00:00, Sys 0 00:00:00  -  Run Local Usage
		Usr 0 01:07:19, Sys 0 00:00:05  -  Total Remote Usage
		Usr 0 00:00:00, Sys 0 00:00:00  -  Total Local Usage
	0  -  Run Bytes Sent By Job
	0  -  Run Bytes Received By Job
	0  -  Total Bytes Sent By Job
	0  -  Total Bytes Received By Job
	Partitionable Resources :    Usage  Request Allocated 
	   Cpus                 :     0.96        1         1 
	   Disk (KB)            :  7500        7500   1901520 
	   Memory (MB)          :    35        1500      1536 
	   Xferslots            :                           0 
...
006 (4175662.000.000) 10/13 14:31:51 Image size of job updated: 2152896
	35  -  MemoryUsage of job (MB)
	34888  -  ResidentSetSize of job (KB)
...
005 (4175662.000.000) 10/13 14:31:51 Job terminated.
	(1) Normal termination (return value 0)
		Usr 0 01:16:16, Sys 0 00:00:04  -  Run Remote Usage
		Usr 0 00:00:00, Sys 0 00:00:00  -  Run Local Usage
		Usr 0 01:16:16, Sys 0 00:00:04  -  Total Remote Usage
		Usr 0 00:00:00, Sys 0 00:00:00  -  Total Local Usage
	0  -  Run Bytes Sent By Job
	0  -  Run Bytes Received By Job
	0  -  Total Bytes Sent By Job
	0  -  Total Bytes Received By Job
	Partitionable Resources :    Usage  Request Allocated 
	   Cpus                 :     1.00        1         1 
	   Disk (KB)            :  7500        7500   2619291 
	   Memory (MB)          :    35        1500      1536 
	   Xferslots            :                           0 
...
000 (4175665.000.000) 10/13 14:59:21 Job submitted from host: <130.199.48.83:9618?addrs=130.199.48.83-9618&noUDP&sock=8867_649e_3>
...
000 (4175666.000.000) 10/13 15:01:40 Job submitted from host: <130.199.48.83:9618?addrs=130.199.48.83-9618&noUDP&sock=8867_649e_3>
...
001 (4175666.000.000) 10/13 15:25:44 Job executing on host: <130.199.152.171:9618?addrs=130.199.152.171-9618&noUDP&sock=15044_55e8_3>
...
001 (4175665.000.000) 10/13 15:25:45 Job executing on host: <130.199.156.241:9618?addrs=130.199.156.241-9618&noUDP&sock=30125_481c_3>
...
006 (4175666.000.000) 10/13 15:25:52 Image size of job updated: 73280
	35  -  MemoryUsage of job (MB)
	35160  -  ResidentSetSize of job (KB)
...
006 (4175665.000.000) 10/13 15:25:54 Image size of job updated: 129704
	87  -  MemoryUsage of job (MB)
	88180  -  ResidentSetSize of job (KB)
...
006 (4175666.000.000) 10/13 15:30:52 Image size of job updated: 2478620
	2118  -  MemoryUsage of job (MB)
	2168516  -  ResidentSetSize of job (KB)
...
006 (4175665.000.000) 10/13 15:30:55 Image size of job updated: 2481736
	2424  -  MemoryUsage of job (MB)
	2481420  -  ResidentSetSize of job (KB)
...
006 (4175666.000.000) 10/13 15:30:56 Image size of job updated: 2502324
	2118  -  MemoryUsage of job (MB)
	2168808  -  ResidentSetSize of job (KB)
...
004 (4175666.000.000) 10/13 15:30:56 Job was evicted.
	(0) Job was not checkpointed.
		Usr 0 00:04:55, Sys 0 00:00:05  -  Run Remote Usage
		Usr 0 00:00:00, Sys 0 00:00:00  -  Run Local Usage
	0  -  Run Bytes Sent By Job
	0  -  Run Bytes Received By Job
	Partitionable Resources :    Usage  Request Allocated 
	   Cpus                 :     0.98        1         1 
	   Disk (KB)            :  1500        1500   1901483 
	   Memory (MB)          :  2118        1500      1536 
	   Xferslots            :                           0 
...
006 (4175665.000.000) 10/13 15:31:01 Image size of job updated: 2515500
	2424  -  MemoryUsage of job (MB)
	2481420  -  ResidentSetSize of job (KB)
...
004 (4175665.000.000) 10/13 15:31:02 Job was evicted.
	(0) Job was not checkpointed.
		Usr 0 00:05:06, Sys 0 00:00:05  -  Run Remote Usage
		Usr 0 00:00:00, Sys 0 00:00:00  -  Run Local Usage
	0  -  Run Bytes Sent By Job
	0  -  Run Bytes Received By Job
	Partitionable Resources :    Usage  Request Allocated 
	   Cpus                 :     1.00        1         1 
	   Disk (KB)            :  1500        1500   6743395 
	   Memory (MB)          :  2424        1500      1536 
	   Xferslots            :                           0 
...
001 (4175665.000.000) 10/13 15:32:23 Job executing on host: <130.199.200.109:9618?addrs=130.199.200.109-9618&noUDP&sock=113959_af32_3>
...
001 (4175666.000.000) 10/13 15:32:24 Job executing on host: <130.199.156.235:9618?addrs=130.199.156.235-9618&noUDP&sock=116238_f586_3>
...
005 (4175665.000.000) 10/13 15:36:28 Job terminated.
	(1) Normal termination (return value 0)
		Usr 0 00:03:57, Sys 0 00:00:05  -  Run Remote Usage
		Usr 0 00:00:00, Sys 0 00:00:00  -  Run Local Usage
		Usr 0 00:03:57, Sys 0 00:00:05  -  Total Remote Usage
		Usr 0 00:00:00, Sys 0 00:00:00  -  Total Local Usage
	0  -  Run Bytes Sent By Job
	0  -  Run Bytes Received By Job
	0  -  Total Bytes Sent By Job
	0  -  Total Bytes Received By Job
	Partitionable Resources :    Usage  Request Allocated 
	   Cpus                 :     1.00        1         1 
	   Disk (KB)            :  1500        1500   5106398 
	   Memory (MB)          :  2442        2442      2560 
	   Xferslots            :                           0 
...
006 (4175666.000.000) 10/13 15:37:32 Image size of job updated: 2750000
	2529  -  MemoryUsage of job (MB)
	2589364  -  ResidentSetSize of job (KB)
...
006 (4175666.000.000) 10/13 15:38:26 Image size of job updated: 3526948
	2529  -  MemoryUsage of job (MB)
	2589364  -  ResidentSetSize of job (KB)
...
005 (4175666.000.000) 10/13 15:38:27 Job terminated.
	(1) Normal termination (return value 0)
		Usr 0 00:05:52, Sys 0 00:00:05  -  Run Remote Usage
		Usr 0 00:00:00, Sys 0 00:00:00  -  Run Local Usage
		Usr 0 00:05:52, Sys 0 00:00:05  -  Total Remote Usage
		Usr 0 00:00:00, Sys 0 00:00:00  -  Total Local Usage
	0  -  Run Bytes Sent By Job
	0  -  Run Bytes Received By Job
	0  -  Total Bytes Sent By Job
	0  -  Total Bytes Received By Job
	Partitionable Resources :    Usage  Request Allocated 
	   Cpus                 :     1.00        1         1 
	   Disk (KB)            :  1500        1500   6743395 
	   Memory (MB)          :  2529        2198      2304 
	   Xferslots            :                           0 
...
000 (4177107.020.000) 11/12 00:35:23 Job submitted from host: <130.199.48.83:9618?addrs=130.199.48.83-9618&noUDP&sock=8867_649e_3>
...
001 (4177107.020.000) 11/12 00:55:19 Job executing on host: <130.199.200.28:9618?addrs=130.199.200.28-9618&noUDP&sock=18993_24eb_3>
...
006 (4177107.020.000) 11/12 00:55:20 Image size of job updated: 2161296
	0  -  MemoryUsage of job (MB)
	0  -  ResidentSetSize of job (KB)
...
005 (4177107.020.000) 11/12 00:55:20 Job terminated.
	(1) Normal termination (return value 1)
		Usr 0 00:00:00, Sys 0 00:00:00  -  Run Remote Usage
		Usr 0 00:00:00, Sys 0 00:00:00  -  Run Local Usage
		Usr 0 00:00:00, Sys 0 00:00:00  -  Total Remote Usage
		Usr 0 00:00:00, Sys 0 00:00:00  -  Total Local Usage
	0  -  Run Bytes Sent By Job
	0  -  Run Bytes Received By Job
	0  -  Total Bytes Sent By Job
	0  -  Total Bytes Received By Job
	Partitionable Resources :    Usage  Request Allocated 
	   Cpus                 :     0.05        1         1 
	   Disk (KB)            :  7500        7500   2619173 
	   Memory (MB)          :     0        1500      1536 
	   Xferslots            :                           0 
...
000 (4177108.020.000) 11/12 01:24:31 Job submitted from host: <130.199.48.83:9618?addrs=130.199.48.83-9618&noUDP&sock=8867_649e_3>
...
001 (4177108.020.000) 11/12 01:41:26 Job executing on host: <130.199.151.179:9618?addrs=130.199.151.179-9618&noUDP&sock=12718_2f99_3>
...
006 (4177108.020.000) 11/12 01:41:26 Image size of job updated: 7500
	0  -  MemoryUsage of job (MB)
	0  -  ResidentSetSize of job (KB)
...
005 (4177108.020.000) 11/12 01:41:27 Job terminated.
	(1) Normal termination (return value 1)
		Usr 0 00:00:00, Sys 0 00:00:00  -  Run Remote Usage
		Usr 0 00:00:00, Sys 0 00:00:00  -  Run Local Usage
		Usr 0 00:00:00, Sys 0 00:00:00  -  Total Remote Usage
		Usr 0 00:00:00, Sys 0 00:00:00  -  Total Local Usage
	0  -  Run Bytes Sent By Job
	0  -  Run Bytes Received By Job
	0  -  Total Bytes Sent By Job
	0  -  Total Bytes Received By Job
	Partitionable Resources :    Usage  Request Allocated 
	   Cpus                 :                 1         1 
	   Disk (KB)            :     7500     7500   1136276 
	   Memory (MB)          :        0     1500      1536 
	   Xferslots            :                           0 
...
000 (4177109.020.000) 11/12 01:46:25 Job submitted from host: <130.199.48.83:9618?addrs=130.199.48.83-9618&noUDP&sock=8867_649e_3>
...
001 (4177109.020.000) 11/12 02:32:07 Job executing on host: <130.199.200.102:9618?addrs=130.199.200.102-9618&noUDP&sock=116967_adaa_3>
...
006 (4177109.020.000) 11/12 02:32:07 Image size of job updated: 7500
	0  -  MemoryUsage of job (MB)
	0  -  ResidentSetSize of job (KB)
...
005 (4177109.020.000) 11/12 02:32:07 Job terminated.
	(1) Normal termination (return value 1)
		Usr 0 00:00:00, Sys 0 00:00:00  -  Run Remote Usage
		Usr 0 00:00:00, Sys 0 00:00:00  -  Run Local Usage
		Usr 0 00:00:00, Sys 0 00:00:00  -  Total Remote Usage
		Usr 0 00:00:00, Sys 0 00:00:00  -  Total Local Usage
	0  -  Run Bytes Sent By Job
	0  -  Run Bytes Received By Job
	0  -  Total Bytes Sent By Job
	0  -  Total Bytes Received By Job
	Partitionable Resources :    Usage  Request Allocated 
	   Cpus                 :        0        1         1 
	   Disk (KB)            :     7500     7500   5106402 
	   Memory (MB)          :        0     1500      1536 
	   Xferslots            :                           0 
...
000 (4177110.020.000) 11/12 10:10:52 Job submitted from host: <130.199.48.83:9618?addrs=130.199.48.83-9618&noUDP&sock=8867_649e_3>
...
001 (4177110.020.000) 11/12 10:11:55 Job executing on host: <130.199.152.218:9618?addrs=130.199.152.218-9618&noUDP&sock=15069_3f6c_3>
...
006 (4177110.020.000) 11/12 10:12:04 Image size of job updated: 34936
	33  -  MemoryUsage of job (MB)
	33252  -  ResidentSetSize of job (KB)
...
006 (4177110.020.000) 11/12 10:17:05 Image size of job updated: 36864
	34  -  MemoryUsage of job (MB)
	34704  -  ResidentSetSize of job (KB)
...
006 (4177110.020.000) 11/12 10:27:05 Image size of job updated: 36876
	34  -  MemoryUsage of job (MB)
	34712  -  ResidentSetSize of job (KB)
...
006 (4177110.020.000) 11/12 11:02:09 Image size of job updated: 36900
	34  -  MemoryUsage of job (MB)
	34736  -  ResidentSetSize of job (KB)
...
005 (4177110.020.000) 11/12 11:26:24 Job terminated.
	(1) Normal termination (return value 0)
		Usr 0 01:13:25, Sys 0 00:00:13  -  Run Remote Usage
		Usr 0 00:00:00, Sys 0 00:00:00  -  Run Local Usage
		Usr 0 01:13:25, Sys 0 00:00:13  -  Total Remote Usage
		Usr 0 00:00:00, Sys 0 00:00:00  -  Total Local Usage
	0  -  Run Bytes Sent By Job
	0  -  Run Bytes Received By Job
	0  -  Total Bytes Sent By Job
	0  -  Total Bytes Received By Job
	Partitionable Resources :    Usage  Request Allocated 
	   Cpus                 :     0.98        1         1 
	   Disk (KB)            :  7500        7500   1901579 
	   Memory (MB)          :    34        1500      1536 
	   Xferslots            :                           0 
...
000 (4177111.020.000) 11/12 23:48:22 Job submitted from host: <130.199.48.83:9618?addrs=130.199.48.83-9618&noUDP&sock=8867_649e_3>
...
001 (4177111.020.000) 11/12 23:48:56 Job executing on host: <130.199.152.156:9618?addrs=130.199.152.156-9618&noUDP&sock=14559_d6d5_3>
...
006 (4177111.020.000) 11/12 23:49:05 Image size of job updated: 70276
	39  -  MemoryUsage of job (MB)
	39112  -  ResidentSetSize of job (KB)
...
000 (4177112.020.000) 11/12 23:50:36 Job submitted from host: <130.199.48.83:9618?addrs=130.199.48.83-9618&noUDP&sock=8867_649e_3>
...
001 (4177112.020.000) 11/12 23:51:09 Job executing on host: <130.199.157.138:9618?addrs=130.199.157.138-9618&noUDP&sock=215569_f774_3>
...
006 (4177112.020.000) 11/12 23:51:18 Image size of job updated: 297368
	218  -  MemoryUsage of job (MB)
	222744  -  ResidentSetSize of job (KB)
...
006 (4177111.020.000) 11/12 23:52:15 Image size of job updated: 1172624
	39  -  MemoryUsage of job (MB)
	39200  -  ResidentSetSize of job (KB)
...
005 (4177111.020.000) 11/12 23:52:16 Job terminated.
	(1) Normal termination (return value 0)
		Usr 0 00:02:44, Sys 0 00:00:14  -  Run Remote Usage
		Usr 0 00:00:00, Sys 0 00:00:00  -  Run Local Usage
		Usr 0 00:02:44, Sys 0 00:00:14  -  Total Remote Usage
		Usr 0 00:00:00, Sys 0 00:00:00  -  Total Local Usage
	0  -  Run Bytes Sent By Job
	0  -  Run Bytes Received By Job
	0  -  Total Bytes Sent By Job
	0  -  Total Bytes Received By Job
	Partitionable Resources :    Usage  Request Allocated 
	   Cpus                 :     0.96        1         1 
	   Disk (KB)            :  2250        2250   1901578 
	   Memory (MB)          :    39        1500      1536 
	   Xferslots            :                           0 
...
006 (4177112.020.000) 11/12 23:52:54 Image size of job updated: 1946864
	218  -  MemoryUsage of job (MB)
	222744  -  ResidentSetSize of job (KB)
...
005 (4177112.020.000) 11/12 23:52:54 Job terminated.
	(1) Normal termination (return value 0)
		Usr 0 00:01:39, Sys 0 00:00:03  -  Run Remote Usage
		Usr 0 00:00:00, Sys 0 00:00:00  -  Run Local Usage
		Usr 0 00:01:39, Sys 0 00:00:03  -  Total Remote Usage
		Usr 0 00:00:00, Sys 0 00:00:00  -  Total Local Usage
	0  -  Run Bytes Sent By Job
	0  -  Run Bytes Received By Job
	0  -  Total Bytes Sent By Job
	0  -  Total Bytes Received By Job
	Partitionable Resources :    Usage  Request Allocated 
	   Cpus                 :     0.94        1         1 
	   Disk (KB)            :  2250        2250  14337878 
	   Memory (MB)          :   218        1500      1536 
	   Xferslots            :                           0 
...
000 (4177113.020.000) 11/13 00:01:54 Job submitted from host: <130.199.48.83:9618?addrs=130.199.48.83-9618&noUDP&sock=8867_649e_3>
...
001 (4177113.020.000) 11/13 00:02:35 Job executing on host: <130.199.152.136:9618?addrs=130.199.152.136-9618&noUDP&sock=15920_9419_3>
...
006 (4177113.020.000) 11/13 00:02:44 Image size of job updated: 198212
	118  -  MemoryUsage of job (MB)
	120548  -  ResidentSetSize of job (KB)
...
006 (4177113.020.000) 11/13 00:05:30 Image size of job updated: 1952400
	118  -  MemoryUsage of job (MB)
	120548  -  ResidentSetSize of job (KB)
...
005 (4177113.020.000) 11/13 00:05:30 Job terminated.
	(1) Normal termination (return value 0)
		Usr 0 00:02:47, Sys 0 00:00:04  -  Run Remote Usage
		Usr 0 00:00:00, Sys 0 00:00:00  -  Run Local Usage
		Usr 0 00:02:47, Sys 0 00:00:04  -  Total Remote Usage
		Usr 0 00:00:00, Sys 0 00:00:00  -  Total Local Usage
	0  -  Run Bytes Sent By Job
	0  -  Run Bytes Received By Job
	0  -  Total Bytes Sent By Job
	0  -  Total Bytes Received By Job
	Partitionable Resources :    Usage  Request Allocated 
	   Cpus                 :     0.97        1         1 
	   Disk (KB)            :  2250        2250   1901568 
	   Memory (MB)          :   118        1500      1536 
	   Xferslots            :                           0 
...
000 (4337379.020.000) 02/13 19:10:52 Job submitted from host: <130.199.48.83:9618?addrs=130.199.48.83-9618&noUDP&sock=18276_3907_3>
...
001 (4337379.020.000) 02/13 19:11:20 Job executing on host: <130.199.200.106:9618?addrs=130.199.200.106-9618&noUDP&sock=434147_24ee_3>
...
006 (4337379.020.000) 02/13 19:11:29 Image size of job updated: 36700
	34  -  MemoryUsage of job (MB)
	34640  -  ResidentSetSize of job (KB)
...
006 (4337379.020.000) 02/13 19:16:30 Image size of job updated: 36944
	34  -  MemoryUsage of job (MB)
	34764  -  ResidentSetSize of job (KB)
...
006 (4337379.020.000) 02/13 19:21:30 Image size of job updated: 36952
	34  -  MemoryUsage of job (MB)
	34768  -  ResidentSetSize of job (KB)
...
006 (4337379.020.000) 02/13 19:26:30 Image size of job updated: 37012
	35  -  MemoryUsage of job (MB)
	34828  -  ResidentSetSize of job (KB)
...
006 (4337379.020.000) 02/13 19:31:31 Image size of job updated: 37016
	35  -  MemoryUsage of job (MB)
	34828  -  ResidentSetSize of job (KB)
...
005 (4337379.020.000) 02/13 19:49:23 Job terminated.
	(1) Normal termination (return value 0)
		Usr 0 00:37:54, Sys 0 00:00:03  -  Run Remote Usage
		Usr 0 00:00:00, Sys 0 00:00:00  -  Run Local Usage
		Usr 0 00:37:54, Sys 0 00:00:03  -  Total Remote Usage
		Usr 0 00:00:00, Sys 0 00:00:00  -  Total Local Usage
	0  -  Run Bytes Sent By Job
	0  -  Run Bytes Received By Job
	0  -  Total Bytes Sent By Job
	0  -  Total Bytes Received By Job
	Partitionable Resources :    Usage  Request Allocated 
	   Cpus                 :     1.00        1         1 
	   Disk (KB)            :  7500        7500   5106395 
	   Memory (MB)          :    35        1500      1536 
	   Xferslots            :                           0 
...
000 (4337381.020.000) 02/13 21:14:05 Job submitted from host: <130.199.48.83:9618?addrs=130.199.48.83-9618&noUDP&sock=18276_3907_3>
...
001 (4337381.020.000) 02/13 21:14:27 Job executing on host: <130.199.156.4:9618?addrs=130.199.156.4-9618&noUDP&sock=22572_da3f_3>
...
006 (4337381.020.000) 02/13 21:14:35 Image size of job updated: 141792
	64  -  MemoryUsage of job (MB)
	64968  -  ResidentSetSize of job (KB)
...
006 (4337381.020.000) 02/13 21:19:35 Image size of job updated: 2254444
	1533  -  MemoryUsage of job (MB)
	1568860  -  ResidentSetSize of job (KB)
...
006 (4337381.020.000) 02/13 21:19:36 Image size of job updated: 2254444
	1533  -  MemoryUsage of job (MB)
	1568868  -  ResidentSetSize of job (KB)
...
005 (4337381.020.000) 02/13 21:19:37 Job terminated.
	(1) Normal termination (return value 0)
		Usr 0 00:04:42, Sys 0 00:00:05  -  Run Remote Usage
		Usr 0 00:00:00, Sys 0 00:00:00  -  Run Local Usage
		Usr 0 00:04:42, Sys 0 00:00:05  -  Total Remote Usage
		Usr 0 00:00:00, Sys 0 00:00:00  -  Total Local Usage
	0  -  Run Bytes Sent By Job
	0  -  Run Bytes Received By Job
	0  -  Total Bytes Sent By Job
	0  -  Total Bytes Received By Job
	Partitionable Resources :    Usage  Request Allocated 
	   Cpus                 :     0.80        1         1 
	   Disk (KB)            :  2250        2250   3325670 
	   Memory (MB)          :  1533        1500      1536 
	   Xferslots            :                           0 
...
000 (4366924.020.000) 02/21 02:28:15 Job submitted from host: <130.199.48.83:9618?addrs=130.199.48.83-9618&noUDP&sock=18276_3907_3>
...
001 (4366924.020.000) 02/21 02:28:40 Job executing on host: <130.199.149.186:9618?addrs=130.199.149.186-9618&noUDP&sock=12464_cc53_3>
...
006 (4366924.020.000) 02/21 02:28:49 Image size of job updated: 36840
	34  -  MemoryUsage of job (MB)
	34708  -  ResidentSetSize of job (KB)
...
006 (4366924.020.000) 02/21 02:33:49 Image size of job updated: 37088
	35  -  MemoryUsage of job (MB)
	34916  -  ResidentSetSize of job (KB)
...
006 (4366924.020.000) 02/21 02:38:49 Image size of job updated: 37092
	35  -  MemoryUsage of job (MB)
	34916  -  ResidentSetSize of job (KB)
...
006 (4366924.020.000) 02/21 03:17:54 Image size of job updated: 2161516
	35  -  MemoryUsage of job (MB)
	34916  -  ResidentSetSize of job (KB)
...
005 (4366924.020.000) 02/21 03:17:54 Job terminated.
	(1) Normal termination (return value 0)
		Usr 0 00:48:43, Sys 0 00:00:03  -  Run Remote Usage
		Usr 0 00:00:00, Sys 0 00:00:00  -  Run Local Usage
		Usr 0 00:48:43, Sys 0 00:00:03  -  Total Remote Usage
		Usr 0 00:00:00, Sys 0 00:00:00  -  Total Local Usage
	0  -  Run Bytes Sent By Job
	0  -  Run Bytes Received By Job
	0  -  Total Bytes Sent By Job
	0  -  Total Bytes Received By Job
	Partitionable Resources :    Usage  Request Allocated 
	   Cpus                 :     1.00        1         1 
	   Disk (KB)            :  7500        7500  14337496 
	   Memory (MB)          :    35        1500      1536 
	   Xferslots            :                           0 
...
000 (4366926.020.000) 02/21 04:43:51 Job submitted from host: <130.199.48.83:9618?addrs=130.199.48.83-9618&noUDP&sock=18276_3907_3>
...
000 (4366927.020.000) 02/21 04:47:53 Job submitted from host: <130.199.48.83:9618?addrs=130.199.48.83-9618&noUDP&sock=18276_3907_3>
...
001 (4366926.020.000) 02/21 04:50:43 Job executing on host: <130.199.200.99:9618?addrs=130.199.200.99-9618&noUDP&sock=24856_b5af_3>
...
006 (4366926.020.000) 02/21 04:50:51 Image size of job updated: 215864
	136  -  MemoryUsage of job (MB)
	138288  -  ResidentSetSize of job (KB)
...
001 (4366927.020.000) 02/21 04:52:14 Job executing on host: <130.199.157.149:9618?addrs=130.199.157.149-9618&noUDP&sock=39339_6578_3>
...
006 (4366926.020.000) 02/21 04:52:15 Image size of job updated: 1250200
	136  -  MemoryUsage of job (MB)
	138336  -  ResidentSetSize of job (KB)
...
005 (4366926.020.000) 02/21 04:52:15 Job terminated.
	(1) Normal termination (return value 0)
		Usr 0 00:01:28, Sys 0 00:00:02  -  Run Remote Usage
		Usr 0 00:00:00, Sys 0 00:00:00  -  Run Local Usage
		Usr 0 00:01:28, Sys 0 00:00:02  -  Total Remote Usage
		Usr 0 00:00:00, Sys 0 00:00:00  -  Total Local Usage
	0  -  Run Bytes Sent By Job
	0  -  Run Bytes Received By Job
	0  -  Total Bytes Sent By Job
	0  -  Total Bytes Received By Job
	Partitionable Resources :    Usage  Request Allocated 
	   Cpus                 :     1.00        1         1 
	   Disk (KB)            :  2250        2250   5106409 
	   Memory (MB)          :   136        1500      1536 
	   Xferslots            :                           0 
...
006 (4366927.020.000) 02/21 04:52:23 Image size of job updated: 35776
	34  -  MemoryUsage of job (MB)
	34628  -  ResidentSetSize of job (KB)
...
006 (4366927.020.000) 02/21 04:57:24 Image size of job updated: 35920
	34  -  MemoryUsage of job (MB)
	34664  -  ResidentSetSize of job (KB)
...
006 (4366927.020.000) 02/21 05:02:24 Image size of job updated: 35932
	34  -  MemoryUsage of job (MB)
	34676  -  ResidentSetSize of job (KB)
...
006 (4366927.020.000) 02/21 05:07:24 Image size of job updated: 35952
	34  -  MemoryUsage of job (MB)
	34696  -  ResidentSetSize of job (KB)
...
005 (4366927.020.000) 02/21 05:35:39 Job terminated.
	(1) Normal termination (return value 0)
		Usr 0 00:43:16, Sys 0 00:00:01  -  Run Remote Usage
		Usr 0 00:00:00, Sys 0 00:00:00  -  Run Local Usage
		Usr 0 00:43:16, Sys 0 00:00:01  -  Total Remote Usage
		Usr 0 00:00:00, Sys 0 00:00:00  -  Total Local Usage
	0  -  Run Bytes Sent By Job
	0  -  Run Bytes Received By Job
	0  -  Total Bytes Sent By Job
	0  -  Total Bytes Received By Job
	Partitionable Resources :    Usage  Request Allocated 
	   Cpus                 :     1.00        1         1 
	   Disk (KB)            :  7500        7500  14337878 
	   Memory (MB)          :    34        1500      1536 
	   Xferslots            :                           0 
...
000 (4366928.020.000) 02/21 21:44:52 Job submitted from host: <130.199.48.83:9618?addrs=130.199.48.83-9618&noUDP&sock=18276_3907_3>
...
001 (4366928.020.000) 02/21 21:45:21 Job executing on host: <130.199.156.238:9618?addrs=130.199.156.238-9618&noUDP&sock=304191_b5f9_3>
...
006 (4366928.020.000) 02/21 21:45:30 Image size of job updated: 171376
	121  -  MemoryUsage of job (MB)
	123796  -  ResidentSetSize of job (KB)
...
005 (4366928.020.000) 02/21 21:47:33 Job terminated.
	(1) Normal termination (return value 0)
		Usr 0 00:02:06, Sys 0 00:00:02  -  Run Remote Usage
		Usr 0 00:00:00, Sys 0 00:00:00  -  Run Local Usage
		Usr 0 00:02:06, Sys 0 00:00:02  -  Total Remote Usage
		Usr 0 00:00:00, Sys 0 00:00:00  -  Total Local Usage
	0  -  Run Bytes Sent By Job
	0  -  Run Bytes Received By Job
	0  -  Total Bytes Sent By Job
	0  -  Total Bytes Received By Job
	Partitionable Resources :    Usage  Request Allocated 
	   Cpus                 :     1.00        1         1 
	   Disk (KB)            :  2250        2250   6743392 
	   Memory (MB)          :   121        1500      1536 
	   Xferslots            :                           0 
...
000 (4366929.020.000) 02/21 23:34:17 Job submitted from host: <130.199.48.83:9618?addrs=130.199.48.83-9618&noUDP&sock=18276_3907_3>
...
001 (4366929.020.000) 02/21 23:35:14 Job executing on host: <130.199.157.10:9618?addrs=130.199.157.10-9618&noUDP&sock=430324_3688_3>
...
006 (4366929.020.000) 02/21 23:35:23 Image size of job updated: 36716
	34  -  MemoryUsage of job (MB)
	34612  -  ResidentSetSize of job (KB)
...
006 (4366929.020.000) 02/21 23:40:23 Image size of job updated: 36716
	34  -  MemoryUsage of job (MB)
	34664  -  ResidentSetSize of job (KB)
...
006 (4366929.020.000) 02/21 23:45:23 Image size of job updated: 36716
	34  -  MemoryUsage of job (MB)
	34676  -  ResidentSetSize of job (KB)
...
006 (4366929.020.000) 02/21 23:50:24 Image size of job updated: 36716
	34  -  MemoryUsage of job (MB)
	34696  -  ResidentSetSize of job (KB)
...
006 (4366929.020.000) 02/22 00:25:27 Image size of job updated: 36716
	34  -  MemoryUsage of job (MB)
	34752  -  ResidentSetSize of job (KB)
...
006 (4366929.020.000) 02/22 00:26:29 Image size of job updated: 2161516
	34  -  MemoryUsage of job (MB)
	34752  -  ResidentSetSize of job (KB)
...
005 (4366929.020.000) 02/22 00:26:29 Job terminated.
	(1) Normal termination (return value 0)
		Usr 0 00:50:43, Sys 0 00:00:01  -  Run Remote Usage
		Usr 0 00:00:00, Sys 0 00:00:00  -  Run Local Usage
		Usr 0 00:50:43, Sys 0 00:00:01  -  Total Remote Usage
		Usr 0 00:00:00, Sys 0 00:00:00  -  Total Local Usage
	0  -  Run Bytes Sent By Job
	0  -  Run Bytes Received By Job
	0  -  Total Bytes Sent By Job
	0  -  Total Bytes Received By Job
	Partitionable Resources :    Usage  Request Allocated 
	   Cpus                 :     1.00        1         1 
	   Disk (KB)            :  7500        7500   6743395 
	   Memory (MB)          :    34        1500      1536 
	   Xferslots            :                           0 
...
000 (4366930.020.000) 02/22 01:20:17 Job submitted from host: <130.199.48.83:9618?addrs=130.199.48.83-9618&noUDP&sock=18276_3907_3>
...
001 (4366930.020.000) 02/22 01:21:08 Job executing on host: <130.199.157.10:9618?addrs=130.199.157.10-9618&noUDP&sock=430324_3688_3>
...
006 (4366930.020.000) 02/22 01:21:16 Image size of job updated: 14660
	4  -  MemoryUsage of job (MB)
	3708  -  ResidentSetSize of job (KB)
...
006 (4366930.020.000) 02/22 01:23:53 Image size of job updated: 1762780
	4  -  MemoryUsage of job (MB)
	3708  -  ResidentSetSize of job (KB)
...
005 (4366930.020.000) 02/22 01:23:53 Job terminated.
	(1) Normal termination (return value 0)
		Usr 0 00:02:03, Sys 0 00:00:16  -  Run Remote Usage
		Usr 0 00:00:00, Sys 0 00:00:00  -  Run Local Usage
		Usr 0 00:02:03, Sys 0 00:00:16  -  Total Remote Usage
		Usr 0 00:00:00, Sys 0 00:00:00  -  Total Local Usage
	0  -  Run Bytes Sent By Job
	0  -  Run Bytes Received By Job
	0  -  Total Bytes Sent By Job
	0  -  Total Bytes Received By Job
	Partitionable Resources :    Usage  Request Allocated 
	   Cpus                 :     0.97        1         1 
	   Disk (KB)            :  2250        2250   6743395 
	   Memory (MB)          :     4        1500      1536 
	   Xferslots            :                           0 
...
000 (4366931.020.000) 02/22 16:51:01 Job submitted from host: <130.199.48.83:9618?addrs=130.199.48.83-9618&noUDP&sock=18276_3907_3>
...
001 (4366931.020.000) 02/22 16:51:52 Job executing on host: <130.199.200.109:9618?addrs=130.199.200.109-9618&noUDP&sock=456850_5b6e_3>
...
006 (4366931.020.000) 02/22 16:51:52 Image size of job updated: 7500
	0  -  MemoryUsage of job (MB)
	0  -  ResidentSetSize of job (KB)
...
005 (4366931.020.000) 02/22 16:51:53 Job terminated.
	(1) Normal termination (return value 1)
		Usr 0 00:00:00, Sys 0 00:00:00  -  Run Remote Usage
		Usr 0 00:00:00, Sys 0 00:00:00  -  Run Local Usage
		Usr 0 00:00:00, Sys 0 00:00:00  -  Total Remote Usage
		Usr 0 00:00:00, Sys 0 00:00:00  -  Total Local Usage
	0  -  Run Bytes Sent By Job
	0  -  Run Bytes Received By Job
	0  -  Total Bytes Sent By Job
	0  -  Total Bytes Received By Job
	Partitionable Resources :    Usage  Request Allocated 
	   Cpus                 :        0        1         1 
	   Disk (KB)            :     7500     7500   5106396 
	   Memory (MB)          :        0     1500      1536 
	   Xferslots            :                           0 
...
000 (4366933.020.000) 02/22 17:32:44 Job submitted from host: <130.199.48.83:9618?addrs=130.199.48.83-9618&noUDP&sock=18276_3907_3>
...
001 (4366933.020.000) 02/22 17:33:44 Job executing on host: <130.199.156.10:9618?addrs=130.199.156.10-9618&noUDP&sock=24879_fd29_3>
...
006 (4366933.020.000) 02/22 17:33:44 Image size of job updated: 7500
	0  -  MemoryUsage of job (MB)
	0  -  ResidentSetSize of job (KB)
...
005 (4366933.020.000) 02/22 17:33:44 Job terminated.
	(1) Normal termination (return value 1)
		Usr 0 00:00:00, Sys 0 00:00:00  -  Run Remote Usage
		Usr 0 00:00:00, Sys 0 00:00:00  -  Run Local Usage
		Usr 0 00:00:00, Sys 0 00:00:00  -  Total Remote Usage
		Usr 0 00:00:00, Sys 0 00:00:00  -  Total Local Usage
	0  -  Run Bytes Sent By Job
	0  -  Run Bytes Received By Job
	0  -  Total Bytes Sent By Job
	0  -  Total Bytes Received By Job
	Partitionable Resources :    Usage  Request Allocated 
	   Cpus                 :        0        1         1 
	   Disk (KB)            :     7500     7500   3325681 
	   Memory (MB)          :        0     1500      1536 
	   Xferslots            :                           0 
...
000 (4366935.020.000) 02/22 17:47:21 Job submitted from host: <130.199.48.83:9618?addrs=130.199.48.83-9618&noUDP&sock=18276_3907_3>
...
001 (4366935.020.000) 02/22 17:48:21 Job executing on host: <130.199.156.52:9618?addrs=130.199.156.52-9618&noUDP&sock=28278_bac0_3>
...
006 (4366935.020.000) 02/22 17:48:21 Image size of job updated: 7500
	0  -  MemoryUsage of job (MB)
	0  -  ResidentSetSize of job (KB)
...
005 (4366935.020.000) 02/22 17:48:21 Job terminated.
	(1) Normal termination (return value 1)
		Usr 0 00:00:00, Sys 0 00:00:00  -  Run Remote Usage
		Usr 0 00:00:00, Sys 0 00:00:00  -  Run Local Usage
		Usr 0 00:00:00, Sys 0 00:00:00  -  Total Remote Usage
		Usr 0 00:00:00, Sys 0 00:00:00  -  Total Local Usage
	0  -  Run Bytes Sent By Job
	0  -  Run Bytes Received By Job
	0  -  Total Bytes Sent By Job
	0  -  Total Bytes Received By Job
	Partitionable Resources :    Usage  Request Allocated 
	   Cpus                 :                 1         1 
	   Disk (KB)            :     7500     7500   3325527 
	   Memory (MB)          :        0     1500      1536 
	   Xferslots            :                           0 
...
000 (4366937.020.000) 02/22 17:55:05 Job submitted from host: <130.199.48.83:9618?addrs=130.199.48.83-9618&noUDP&sock=18276_3907_3>
...
001 (4366937.020.000) 02/22 17:55:31 Job executing on host: <130.199.200.96:9618?addrs=130.199.200.96-9618&noUDP&sock=185502_2404_3>
...
006 (4366937.020.000) 02/22 17:55:32 Image size of job updated: 7500
	0  -  MemoryUsage of job (MB)
	0  -  ResidentSetSize of job (KB)
...
005 (4366937.020.000) 02/22 17:55:32 Job terminated.
	(1) Normal termination (return value 1)
		Usr 0 00:00:00, Sys 0 00:00:00  -  Run Remote Usage
		Usr 0 00:00:00, Sys 0 00:00:00  -  Run Local Usage
		Usr 0 00:00:00, Sys 0 00:00:00  -  Total Remote Usage
		Usr 0 00:00:00, Sys 0 00:00:00  -  Total Local Usage
	0  -  Run Bytes Sent By Job
	0  -  Run Bytes Received By Job
	0  -  Total Bytes Sent By Job
	0  -  Total Bytes Received By Job
	Partitionable Resources :    Usage  Request Allocated 
	   Cpus                 :        0        1         1 
	   Disk (KB)            :     7500     7500   3803309 
	   Memory (MB)          :        0     1500      1536 
	   Xferslots            :                           0 
...
000 (4366939.020.000) 02/22 18:08:29 Job submitted from host: <130.199.48.83:9618?addrs=130.199.48.83-9618&noUDP&sock=18276_3907_3>
...
001 (4366939.020.000) 02/22 18:09:51 Job executing on host: <130.199.202.107:9618?addrs=130.199.202.107-9618&noUDP&sock=159628_58a8_3>
...
006 (4366939.020.000) 02/22 18:09:51 Image size of job updated: 10212
	0  -  MemoryUsage of job (MB)
	0  -  ResidentSetSize of job (KB)
...
005 (4366939.020.000) 02/22 18:09:52 Job terminated.
	(1) Normal termination (return value 1)
		Usr 0 00:00:00, Sys 0 00:00:00  -  Run Remote Usage
		Usr 0 00:00:00, Sys 0 00:00:00  -  Run Local Usage
		Usr 0 00:00:00, Sys 0 00:00:00  -  Total Remote Usage
		Usr 0 00:00:00, Sys 0 00:00:00  -  Total Local Usage
	0  -  Run Bytes Sent By Job
	0  -  Run Bytes Received By Job
	0  -  Total Bytes Sent By Job
	0  -  Total Bytes Received By Job
	Partitionable Resources :    Usage  Request Allocated 
	   Cpus                 :                 1         1 
	   Disk (KB)            :     7500     7500   4811784 
	   Memory (MB)          :        0     1500      1536 
	   Xferslots            :                           0 
...
000 (4366941.020.000) 02/22 18:15:06 Job submitted from host: <130.199.48.83:9618?addrs=130.199.48.83-9618&noUDP&sock=18276_3907_3>
...
001 (4366941.020.000) 02/22 18:16:01 Job executing on host: <130.199.158.218:9618?addrs=130.199.158.218-9618&noUDP&sock=83081_2fea_3>
...
006 (4366941.020.000) 02/22 18:16:02 Image size of job updated: 7500
	0  -  MemoryUsage of job (MB)
	0  -  ResidentSetSize of job (KB)
...
005 (4366941.020.000) 02/22 18:16:02 Job terminated.
	(1) Normal termination (return value 1)
		Usr 0 00:00:00, Sys 0 00:00:00  -  Run Remote Usage
		Usr 0 00:00:00, Sys 0 00:00:00  -  Run Local Usage
		Usr 0 00:00:00, Sys 0 00:00:00  -  Total Remote Usage
		Usr 0 00:00:00, Sys 0 00:00:00  -  Total Local Usage
	0  -  Run Bytes Sent By Job
	0  -  Run Bytes Received By Job
	0  -  Total Bytes Sent By Job
	0  -  Total Bytes Received By Job
	Partitionable Resources :    Usage  Request Allocated 
	   Cpus                 :                 1         1 
	   Disk (KB)            :     7500     7500   7037864 
	   Memory (MB)          :        0     1500      1536 
	   Xferslots            :                           0 
...
000 (4366944.020.000) 02/22 18:23:51 Job submitted from host: <130.199.48.83:9618?addrs=130.199.48.83-9618&noUDP&sock=18276_3907_3>
...
001 (4366944.020.000) 02/22 18:24:38 Job executing on host: <130.199.158.200:9618?addrs=130.199.158.200-9618&noUDP&sock=84992_fe9a_3>
...
006 (4366944.020.000) 02/22 18:24:39 Image size of job updated: 7500
	0  -  MemoryUsage of job (MB)
	0  -  ResidentSetSize of job (KB)
...
005 (4366944.020.000) 02/22 18:24:39 Job terminated.
	(1) Normal termination (return value 1)
		Usr 0 00:00:00, Sys 0 00:00:00  -  Run Remote Usage
		Usr 0 00:00:00, Sys 0 00:00:00  -  Run Local Usage
		Usr 0 00:00:00, Sys 0 00:00:00  -  Total Remote Usage
		Usr 0 00:00:00, Sys 0 00:00:00  -  Total Local Usage
	0  -  Run Bytes Sent By Job
	0  -  Run Bytes Received By Job
	0  -  Total Bytes Sent By Job
	0  -  Total Bytes Received By Job
	Partitionable Resources :    Usage  Request Allocated 
	   Cpus                 :                 1         1 
	   Disk (KB)            :     7500     7500   7037864 
	   Memory (MB)          :        0     1500      1536 
	   Xferslots            :                           0 
...
000 (240430.020.000) 02/22 18:27:54 Job submitted from host: <130.199.48.37:9618?addrs=130.199.48.37-9618&noUDP&sock=9957_5d42_3>
...
001 (240430.020.000) 02/22 18:28:17 Job executing on host: <130.199.158.210:9618?addrs=130.199.158.210-9618&noUDP&sock=68689_4d04_3>
...
006 (240430.020.000) 02/22 18:28:17 Image size of job updated: 7500
	0  -  MemoryUsage of job (MB)
	0  -  ResidentSetSize of job (KB)
...
005 (240430.020.000) 02/22 18:28:18 Job terminated.
	(1) Normal termination (return value 1)
		Usr 0 00:00:00, Sys 0 00:00:00  -  Run Remote Usage
		Usr 0 00:00:00, Sys 0 00:00:00  -  Run Local Usage
		Usr 0 00:00:00, Sys 0 00:00:00  -  Total Remote Usage
		Usr 0 00:00:00, Sys 0 00:00:00  -  Total Local Usage
	0  -  Run Bytes Sent By Job
	0  -  Run Bytes Received By Job
	0  -  Total Bytes Sent By Job
	0  -  Total Bytes Received By Job
	Partitionable Resources :    Usage  Request Allocated 
	   Cpus                 :                 1         1 
	   Disk (KB)            :     7500     7500   7037864 
	   Memory (MB)          :        0     1500      1536 
	   Xferslots            :                           0 
...
000 (240432.020.000) 02/22 18:29:29 Job submitted from host: <130.199.48.37:9618?addrs=130.199.48.37-9618&noUDP&sock=9957_5d42_3>
...
001 (240432.020.000) 02/22 18:30:38 Job executing on host: <130.199.152.212:9618?addrs=130.199.152.212-9618&noUDP&sock=49983_1687_3>
...
006 (240432.020.000) 02/22 18:30:39 Image size of job updated: 7500
	0  -  MemoryUsage of job (MB)
	0  -  ResidentSetSize of job (KB)
...
005 (240432.020.000) 02/22 18:30:39 Job terminated.
	(1) Normal termination (return value 1)
		Usr 0 00:00:00, Sys 0 00:00:00  -  Run Remote Usage
		Usr 0 00:00:00, Sys 0 00:00:00  -  Run Local Usage
		Usr 0 00:00:00, Sys 0 00:00:00  -  Total Remote Usage
		Usr 0 00:00:00, Sys 0 00:00:00  -  Total Local Usage
	0  -  Run Bytes Sent By Job
	0  -  Run Bytes Received By Job
	0  -  Total Bytes Sent By Job
	0  -  Total Bytes Received By Job
	Partitionable Resources :    Usage  Request Allocated 
	   Cpus                 :                 1         1 
	   Disk (KB)            :     7500     7500   1901626 
	   Memory (MB)          :        0     1500      1536 
	   Xferslots            :                           0 
...
000 (240434.020.000) 02/22 18:33:58 Job submitted from host: <130.199.48.37:9618?addrs=130.199.48.37-9618&noUDP&sock=9957_5d42_3>
...
001 (240434.020.000) 02/22 18:34:19 Job executing on host: <130.199.156.26:9618?addrs=130.199.156.26-9618&noUDP&sock=22654_cdf3_3>
...
006 (240434.020.000) 02/22 18:34:21 Image size of job updated: 7500
	0  -  MemoryUsage of job (MB)
	0  -  ResidentSetSize of job (KB)
...
005 (240434.020.000) 02/22 18:34:21 Job terminated.
	(1) Normal termination (return value 1)
		Usr 0 00:00:00, Sys 0 00:00:00  -  Run Remote Usage
		Usr 0 00:00:00, Sys 0 00:00:00  -  Run Local Usage
		Usr 0 00:00:00, Sys 0 00:00:00  -  Total Remote Usage
		Usr 0 00:00:00, Sys 0 00:00:00  -  Total Local Usage
	0  -  Run Bytes Sent By Job
	0  -  Run Bytes Received By Job
	0  -  Total Bytes Sent By Job
	0  -  Total Bytes Received By Job
	Partitionable Resources :    Usage  Request Allocated 
	   Cpus                 :                 1         1 
	   Disk (KB)            :     7500     7500   3325681 
	   Memory (MB)          :        0     1500      1536 
	   Xferslots            :                           0 
...
000 (240436.020.000) 02/22 18:37:32 Job submitted from host: <130.199.48.37:9618?addrs=130.199.48.37-9618&noUDP&sock=9957_5d42_3>
...
001 (240436.020.000) 02/22 18:37:57 Job executing on host: <130.199.200.11:9618?addrs=130.199.200.11-9618&noUDP&sock=44355_e5a4_3>
...
006 (240436.020.000) 02/22 18:37:57 Image size of job updated: 7500
	0  -  MemoryUsage of job (MB)
	0  -  ResidentSetSize of job (KB)
...
005 (240436.020.000) 02/22 18:37:57 Job terminated.
	(1) Normal termination (return value 1)
		Usr 0 00:00:00, Sys 0 00:00:00  -  Run Remote Usage
		Usr 0 00:00:00, Sys 0 00:00:00  -  Run Local Usage
		Usr 0 00:00:00, Sys 0 00:00:00  -  Total Remote Usage
		Usr 0 00:00:00, Sys 0 00:00:00  -  Total Local Usage
	0  -  Run Bytes Sent By Job
	0  -  Run Bytes Received By Job
	0  -  Total Bytes Sent By Job
	0  -  Total Bytes Received By Job
	Partitionable Resources :    Usage  Request Allocated 
	   Cpus                 :                 1         1 
	   Disk (KB)            :     7500     7500   2619129 
	   Memory (MB)          :        0     1500      1536 
	   Xferslots            :                           0 
...
000 (4366952.020.000) 02/23 15:00:01 Job submitted from host: <130.199.48.83:9618?addrs=130.199.48.83-9618&noUDP&sock=18276_3907_3>
...
001 (4366952.020.000) 02/23 15:00:37 Job executing on host: <130.199.157.17:9618?addrs=130.199.157.17-9618&noUDP&sock=293753_3732_3>
...
006 (4366952.020.000) 02/23 15:00:38 Image size of job updated: 7500
	0  -  MemoryUsage of job (MB)
	0  -  ResidentSetSize of job (KB)
...
005 (4366952.020.000) 02/23 15:00:38 Job terminated.
	(1) Normal termination (return value 1)
		Usr 0 00:00:00, Sys 0 00:00:00  -  Run Remote Usage
		Usr 0 00:00:00, Sys 0 00:00:00  -  Run Local Usage
		Usr 0 00:00:00, Sys 0 00:00:00  -  Total Remote Usage
		Usr 0 00:00:00, Sys 0 00:00:00  -  Total Local Usage
	0  -  Run Bytes Sent By Job
	0  -  Run Bytes Received By Job
	0  -  Total Bytes Sent By Job
	0  -  Total Bytes Received By Job
	Partitionable Resources :    Usage  Request Allocated 
	   Cpus                 :                 1         1 
	   Disk (KB)            :     7500     7500   6743392 
	   Memory (MB)          :        0     1500      1536 
	   Xferslots            :                           0 
...
000 (4366961.020.000) 02/24 21:54:33 Job submitted from host: <130.199.48.83:9618?addrs=130.199.48.83-9618&noUDP&sock=18276_3907_3>
...
001 (4366961.020.000) 02/24 21:55:41 Job executing on host: <130.199.158.183:9618?addrs=130.199.158.183-9618&noUDP&sock=109878_1970_3>
...
006 (4366961.020.000) 02/24 21:55:50 Image size of job updated: 36604
	34  -  MemoryUsage of job (MB)
	34564  -  ResidentSetSize of job (KB)
...
006 (4366961.020.000) 02/24 22:00:51 Image size of job updated: 36864
	34  -  MemoryUsage of job (MB)
	34688  -  ResidentSetSize of job (KB)
...
006 (4366961.020.000) 02/24 22:10:52 Image size of job updated: 36892
	34  -  MemoryUsage of job (MB)
	34716  -  ResidentSetSize of job (KB)
...
006 (4366961.020.000) 02/24 22:15:52 Image size of job updated: 36900
	34  -  MemoryUsage of job (MB)
	34716  -  ResidentSetSize of job (KB)
...
005 (4366961.020.000) 02/24 22:22:59 Job terminated.
	(1) Normal termination (return value 0)
		Usr 0 00:27:06, Sys 0 00:00:03  -  Run Remote Usage
		Usr 0 00:00:00, Sys 0 00:00:00  -  Run Local Usage
		Usr 0 00:27:06, Sys 0 00:00:03  -  Total Remote Usage
		Usr 0 00:00:00, Sys 0 00:00:00  -  Total Local Usage
	0  -  Run Bytes Sent By Job
	0  -  Run Bytes Received By Job
	0  -  Total Bytes Sent By Job
	0  -  Total Bytes Received By Job
	Partitionable Resources :    Usage  Request Allocated 
	   Cpus                 :     1.00        1         1 
	   Disk (KB)            :  7500        7500   7037864 
	   Memory (MB)          :    34        1500      1536 
	   Xferslots            :                           0 
...
000 (4366963.020.000) 02/25 00:30:16 Job submitted from host: <130.199.48.83:9618?addrs=130.199.48.83-9618&noUDP&sock=18276_3907_3>
...
001 (4366963.020.000) 02/25 00:31:00 Job executing on host: <130.199.157.144:9618?addrs=130.199.157.144-9618&noUDP&sock=85113_4a1d_3>
...
006 (4366963.020.000) 02/25 00:31:09 Image size of job updated: 214488
	134  -  MemoryUsage of job (MB)
	136896  -  ResidentSetSize of job (KB)
...
006 (4366963.020.000) 02/25 00:32:45 Image size of job updated: 1596692
	134  -  MemoryUsage of job (MB)
	136900  -  ResidentSetSize of job (KB)
...
005 (4366963.020.000) 02/25 00:32:45 Job terminated.
	(1) Normal termination (return value 0)
		Usr 0 00:01:39, Sys 0 00:00:02  -  Run Remote Usage
		Usr 0 00:00:00, Sys 0 00:00:00  -  Run Local Usage
		Usr 0 00:01:39, Sys 0 00:00:02  -  Total Remote Usage
		Usr 0 00:00:00, Sys 0 00:00:00  -  Total Local Usage
	0  -  Run Bytes Sent By Job
	0  -  Run Bytes Received By Job
	0  -  Total Bytes Sent By Job
	0  -  Total Bytes Received By Job
	Partitionable Resources :    Usage  Request Allocated 
	   Cpus                 :     1.00        1         1 
	   Disk (KB)            :  2250        2250  14337878 
	   Memory (MB)          :   134        1500      1536 
	   Xferslots            :                           0 
...
000 (4366964.020.000) 02/25 00:51:06 Job submitted from host: <130.199.48.83:9618?addrs=130.199.48.83-9618&noUDP&sock=18276_3907_3>
...
001 (4366964.020.000) 02/25 00:52:28 Job executing on host: <130.199.158.181:9618?addrs=130.199.158.181-9618&noUDP&sock=142223_e230_3>
...
006 (4366964.020.000) 02/25 00:52:37 Image size of job updated: 127064
	123  -  MemoryUsage of job (MB)
	125664  -  ResidentSetSize of job (KB)
...
006 (4366964.020.000) 02/25 00:54:46 Image size of job updated: 1931592
	123  -  MemoryUsage of job (MB)
	125664  -  ResidentSetSize of job (KB)
...
005 (4366964.020.000) 02/25 00:54:46 Job terminated.
	(1) Normal termination (return value 0)
		Usr 0 00:02:12, Sys 0 00:00:02  -  Run Remote Usage
		Usr 0 00:00:00, Sys 0 00:00:00  -  Run Local Usage
		Usr 0 00:02:12, Sys 0 00:00:02  -  Total Remote Usage
		Usr 0 00:00:00, Sys 0 00:00:00  -  Total Local Usage
	0  -  Run Bytes Sent By Job
	0  -  Run Bytes Received By Job
	0  -  Total Bytes Sent By Job
	0  -  Total Bytes Received By Job
	Partitionable Resources :    Usage  Request Allocated 
	   Cpus                 :     1.00        1         1 
	   Disk (KB)            :  2250        2250   7037864 
	   Memory (MB)          :   123        1500      1536 
	   Xferslots            :                           0 
...
000 (4366970.020.000) 02/27 22:18:22 Job submitted from host: <130.199.48.83:9618?addrs=130.199.48.83-9618&noUDP&sock=18276_3907_3>
...
001 (4366970.020.000) 02/27 22:20:01 Job executing on host: <130.199.202.113:9618?addrs=130.199.202.113-9618&noUDP&sock=99611_b936_3>
...
006 (4366970.020.000) 02/27 22:20:09 Image size of job updated: 36852
	34  -  MemoryUsage of job (MB)
	34712  -  ResidentSetSize of job (KB)
...
006 (4366970.020.000) 02/27 22:25:09 Image size of job updated: 37184
	35  -  MemoryUsage of job (MB)
	34920  -  ResidentSetSize of job (KB)
...
006 (4366970.020.000) 02/27 22:30:10 Image size of job updated: 37188
	35  -  MemoryUsage of job (MB)
	34920  -  ResidentSetSize of job (KB)
...
005 (4366970.020.000) 02/27 23:05:15 Job terminated.
	(1) Normal termination (return value 0)
		Usr 0 00:45:04, Sys 0 00:00:02  -  Run Remote Usage
		Usr 0 00:00:00, Sys 0 00:00:00  -  Run Local Usage
		Usr 0 00:45:04, Sys 0 00:00:02  -  Total Remote Usage
		Usr 0 00:00:00, Sys 0 00:00:00  -  Total Local Usage
	0  -  Run Bytes Sent By Job
	0  -  Run Bytes Received By Job
	0  -  Total Bytes Sent By Job
	0  -  Total Bytes Received By Job
	Partitionable Resources :    Usage  Request Allocated 
	   Cpus                 :     0.98        1         1 
	   Disk (KB)            :  7500        7500   4811809 
	   Memory (MB)          :    35        1500      1536 
	   Xferslots            :                           0 
...
000 (4366972.020.000) 02/27 23:22:40 Job submitted from host: <130.199.48.83:9618?addrs=130.199.48.83-9618&noUDP&sock=18276_3907_3>
...
001 (4366972.020.000) 02/27 23:23:37 Job executing on host: <130.199.156.238:9618?addrs=130.199.156.238-9618&noUDP&sock=304191_b5f9_3>
...
006 (4366972.020.000) 02/27 23:23:45 Image size of job updated: 189044
	110  -  MemoryUsage of job (MB)
	112376  -  ResidentSetSize of job (KB)
...
006 (4366972.020.000) 02/27 23:28:34 Image size of job updated: 2718456
	110  -  MemoryUsage of job (MB)
	112376  -  ResidentSetSize of job (KB)
...
005 (4366972.020.000) 02/27 23:28:34 Job terminated.
	(1) Normal termination (return value 0)
		Usr 0 00:04:48, Sys 0 00:00:04  -  Run Remote Usage
		Usr 0 00:00:00, Sys 0 00:00:00  -  Run Local Usage
		Usr 0 00:04:48, Sys 0 00:00:04  -  Total Remote Usage
		Usr 0 00:00:00, Sys 0 00:00:00  -  Total Local Usage
	0  -  Run Bytes Sent By Job
	0  -  Run Bytes Received By Job
	0  -  Total Bytes Sent By Job
	0  -  Total Bytes Received By Job
	Partitionable Resources :    Usage  Request Allocated 
	   Cpus                 :     0.99        1         1 
	   Disk (KB)            :  2250        2250   6743392 
	   Memory (MB)          :   110        1500      1536 
	   Xferslots            :                           0 
...
000 (245515.020.000) 02/28 02:50:08 Job submitted from host: <130.199.48.37:9618?addrs=130.199.48.37-9618&noUDP&sock=9957_5d42_3>
...
001 (245515.020.000) 02/28 02:52:25 Job executing on host: <130.199.202.103:9618?addrs=130.199.202.103-9618&noUDP&sock=118491_0151_3>
...
006 (245515.020.000) 02/28 02:52:34 Image size of job updated: 36800
	34  -  MemoryUsage of job (MB)
	34708  -  ResidentSetSize of job (KB)
...
006 (245515.020.000) 02/28 02:57:35 Image size of job updated: 37084
	35  -  MemoryUsage of job (MB)
	34916  -  ResidentSetSize of job (KB)
...
006 (245515.020.000) 02/28 03:02:36 Image size of job updated: 37088
	35  -  MemoryUsage of job (MB)
	34916  -  ResidentSetSize of job (KB)
...
005 (245515.020.000) 02/28 03:37:22 Job terminated.
	(1) Normal termination (return value 0)
		Usr 0 00:44:52, Sys 0 00:00:01  -  Run Remote Usage
		Usr 0 00:00:00, Sys 0 00:00:00  -  Run Local Usage
		Usr 0 00:44:52, Sys 0 00:00:01  -  Total Remote Usage
		Usr 0 00:00:00, Sys 0 00:00:00  -  Total Local Usage
	0  -  Run Bytes Sent By Job
	0  -  Run Bytes Received By Job
	0  -  Total Bytes Sent By Job
	0  -  Total Bytes Received By Job
	Partitionable Resources :    Usage  Request Allocated 
	   Cpus                 :     1.00        1         1 
	   Disk (KB)            :  7500        7500   5106351 
	   Memory (MB)          :    35        1500      1536 
	   Xferslots            :                           0 
...
