000 (4054029.003.000) 07/31 18:24:49 Job submitted from host: <130.199.48.83:9618?addrs=130.199.48.83-9618&noUDP&sock=8867_649e_3>
...
001 (4054029.003.000) 07/31 22:42:46 Job executing on host: <130.199.157.142:9618?addrs=130.199.157.142-9618&noUDP&sock=215418_2d51_3>
...
006 (4054029.003.000) 07/31 22:42:54 Image size of job updated: 35708
	34  -  MemoryUsage of job (MB)
	34548  -  ResidentSetSize of job (KB)
...
006 (4054029.003.000) 07/31 22:47:54 Image size of job updated: 35960
	34  -  MemoryUsage of job (MB)
	34788  -  ResidentSetSize of job (KB)
...
006 (4054029.003.000) 07/31 23:02:55 Image size of job updated: 35964
	34  -  MemoryUsage of job (MB)
	34788  -  ResidentSetSize of job (KB)
...
005 (4054029.003.000) 07/31 23:11:48 Job terminated.
	(1) Normal termination (return value 0)
		Usr 0 00:28:23, Sys 0 00:00:01  -  Run Remote Usage
		Usr 0 00:00:00, Sys 0 00:00:00  -  Run Local Usage
		Usr 0 00:28:23, Sys 0 00:00:01  -  Total Remote Usage
		Usr 0 00:00:00, Sys 0 00:00:00  -  Total Local Usage
	0  -  Run Bytes Sent By Job
	0  -  Run Bytes Received By Job
	0  -  Total Bytes Sent By Job
	0  -  Total Bytes Received By Job
	Partitionable Resources :    Usage  Request Allocated 
	   Cpus                 :     1.00        1         1 
	   Disk (KB)            :  7500        7500  14337878 
	   Memory (MB)          :    34        1500      1536 
	   Xferslots            :                           0 
...
000 (4108529.003.000) 08/01 17:53:25 Job submitted from host: <130.199.48.83:9618?addrs=130.199.48.83-9618&noUDP&sock=8867_649e_3>
...
009 (4108529.003.000) 08/01 17:54:40 Job was aborted by the user.
	via condor_rm (by user ahmed51)
...
000 (4109387.003.000) 08/01 17:56:03 Job submitted from host: <130.199.48.83:9618?addrs=130.199.48.83-9618&noUDP&sock=8867_649e_3>
...
001 (4109387.003.000) 08/01 18:22:28 Job executing on host: <130.199.152.139:9618?addrs=130.199.152.139-9618&noUDP&sock=15904_83c4_3>
...
006 (4109387.003.000) 08/01 18:22:37 Image size of job updated: 35580
	34  -  MemoryUsage of job (MB)
	34428  -  ResidentSetSize of job (KB)
...
006 (4109387.003.000) 08/01 18:27:38 Image size of job updated: 35844
	34  -  MemoryUsage of job (MB)
	34676  -  ResidentSetSize of job (KB)
...
006 (4109387.003.000) 08/01 18:32:38 Image size of job updated: 35928
	34  -  MemoryUsage of job (MB)
	34752  -  ResidentSetSize of job (KB)
...
006 (4109387.003.000) 08/01 18:47:39 Image size of job updated: 35940
	34  -  MemoryUsage of job (MB)
	34764  -  ResidentSetSize of job (KB)
...
006 (4109387.003.000) 08/01 18:52:39 Image size of job updated: 35944
	34  -  MemoryUsage of job (MB)
	34764  -  ResidentSetSize of job (KB)
...
005 (4109387.003.000) 08/01 19:04:29 Job terminated.
	(1) Normal termination (return value 0)
		Usr 0 00:41:43, Sys 0 00:00:04  -  Run Remote Usage
		Usr 0 00:00:00, Sys 0 00:00:00  -  Run Local Usage
		Usr 0 00:41:43, Sys 0 00:00:04  -  Total Remote Usage
		Usr 0 00:00:00, Sys 0 00:00:00  -  Total Local Usage
	0  -  Run Bytes Sent By Job
	0  -  Run Bytes Received By Job
	0  -  Total Bytes Sent By Job
	0  -  Total Bytes Received By Job
	Partitionable Resources :    Usage  Request Allocated 
	   Cpus                 :     0.99        1         1 
	   Disk (KB)            :  7500        7500   1901575 
	   Memory (MB)          :    34        1500      1536 
	   Xferslots            :                           0 
...
