000 (4054012.002.000) 07/15 20:24:31 Job submitted from host: <130.199.48.83:9618?addrs=130.199.48.83-9618&noUDP&sock=8867_649e_3>
...
001 (4054012.002.000) 07/15 20:25:07 Job executing on host: <130.199.157.137:9618?addrs=130.199.157.137-9618&noUDP&sock=215829_40da_3>
...
006 (4054012.002.000) 07/15 20:25:15 Image size of job updated: 35740
	34  -  MemoryUsage of job (MB)
	34588  -  ResidentSetSize of job (KB)
...
006 (4054012.002.000) 07/15 20:30:15 Image size of job updated: 35980
	34  -  MemoryUsage of job (MB)
	34792  -  ResidentSetSize of job (KB)
...
006 (4054012.002.000) 07/15 20:35:16 Image size of job updated: 35992
	34  -  MemoryUsage of job (MB)
	34800  -  ResidentSetSize of job (KB)
...
006 (4054012.002.000) 07/15 20:40:16 Image size of job updated: 35996
	34  -  MemoryUsage of job (MB)
	34804  -  ResidentSetSize of job (KB)
...
006 (4054012.002.000) 07/15 20:45:16 Image size of job updated: 36004
	34  -  MemoryUsage of job (MB)
	34812  -  ResidentSetSize of job (KB)
...
006 (4054012.002.000) 07/15 20:50:17 Image size of job updated: 36024
	35  -  MemoryUsage of job (MB)
	34832  -  ResidentSetSize of job (KB)
...
006 (4054012.002.000) 07/15 21:10:20 Image size of job updated: 36116
	35  -  MemoryUsage of job (MB)
	34924  -  ResidentSetSize of job (KB)
...
005 (4054012.002.000) 07/15 21:18:53 Job terminated.
	(1) Normal termination (return value 0)
		Usr 0 00:52:37, Sys 0 00:00:03  -  Run Remote Usage
		Usr 0 00:00:00, Sys 0 00:00:00  -  Run Local Usage
		Usr 0 00:52:37, Sys 0 00:00:03  -  Total Remote Usage
		Usr 0 00:00:00, Sys 0 00:00:00  -  Total Local Usage
	0  -  Run Bytes Sent By Job
	0  -  Run Bytes Received By Job
	0  -  Total Bytes Sent By Job
	0  -  Total Bytes Received By Job
	Partitionable Resources :    Usage  Request Allocated 
	   Cpus                 :     1.00        1         1 
	   Disk (KB)            :  7500        7500  14337878 
	   Memory (MB)          :    35        1500      1536 
	   Xferslots            :                           0 
...
