000 (4054018.000.000) 07/24 16:36:24 Job submitted from host: <130.199.48.83:9618?addrs=130.199.48.83-9618&noUDP&sock=8867_649e_3>
...
001 (4054018.000.000) 07/24 16:41:23 Job executing on host: <130.199.157.85:9618?addrs=130.199.157.85-9618&noUDP&sock=23701_2ab2_3>
...
006 (4054018.000.000) 07/24 16:41:31 Image size of job updated: 35408
	34  -  MemoryUsage of job (MB)
	34272  -  ResidentSetSize of job (KB)
...
006 (4054018.000.000) 07/24 16:41:49 Image size of job updated: 35444
	34  -  MemoryUsage of job (MB)
	34272  -  ResidentSetSize of job (KB)
...
005 (4054018.000.000) 07/24 16:41:49 Job terminated.
	(1) Normal termination (return value 0)
		Usr 0 00:00:24, Sys 0 00:00:00  -  Run Remote Usage
		Usr 0 00:00:00, Sys 0 00:00:00  -  Run Local Usage
		Usr 0 00:00:24, Sys 0 00:00:00  -  Total Remote Usage
		Usr 0 00:00:00, Sys 0 00:00:00  -  Total Local Usage
	0  -  Run Bytes Sent By Job
	0  -  Run Bytes Received By Job
	0  -  Total Bytes Sent By Job
	0  -  Total Bytes Received By Job
	Partitionable Resources :    Usage  Request Allocated 
	   Cpus                 :     0.97        1         1 
	   Disk (KB)            :  7500        7500   3328910 
	   Memory (MB)          :    34        1500      1536 
	   Xferslots            :                           0 
...
