000 (4054021.000.000) 07/31 07:55:47 Job submitted from host: <130.199.48.83:9618?addrs=130.199.48.83-9618&noUDP&sock=8867_649e_3>
...
001 (4054021.000.000) 07/31 07:56:10 Job executing on host: <130.199.157.6:9618?addrs=130.199.157.6-9618&noUDP&sock=37863_42d1_3>
...
006 (4054021.000.000) 07/31 07:56:19 Image size of job updated: 35452
	34  -  MemoryUsage of job (MB)
	34284  -  ResidentSetSize of job (KB)
...
005 (4054021.000.000) 07/31 07:56:28 Job terminated.
	(1) Normal termination (return value 0)
		Usr 0 00:00:15, Sys 0 00:00:00  -  Run Remote Usage
		Usr 0 00:00:00, Sys 0 00:00:00  -  Run Local Usage
		Usr 0 00:00:15, Sys 0 00:00:00  -  Total Remote Usage
		Usr 0 00:00:00, Sys 0 00:00:00  -  Total Local Usage
	0  -  Run Bytes Sent By Job
	0  -  Run Bytes Received By Job
	0  -  Total Bytes Sent By Job
	0  -  Total Bytes Received By Job
	Partitionable Resources :    Usage  Request Allocated 
	   Cpus                 :     0.93        1         1 
	   Disk (KB)            :  7500        7500   6743395 
	   Memory (MB)          :    34        1500      1536 
	   Xferslots            :                           0 
...
