000 (4054013.000.000) 07/15 20:24:31 Job submitted from host: <130.199.48.83:9618?addrs=130.199.48.83-9618&noUDP&sock=8867_649e_3>
...
001 (4054013.000.000) 07/15 20:25:08 Job executing on host: <130.199.200.104:9618?addrs=130.199.200.104-9618&noUDP&sock=115978_ac20_3>
...
006 (4054013.000.000) 07/15 20:25:17 Image size of job updated: 35484
	34  -  MemoryUsage of job (MB)
	34312  -  ResidentSetSize of job (KB)
...
005 (4054013.000.000) 07/15 20:25:27 Job terminated.
	(1) Normal termination (return value 0)
		Usr 0 00:00:16, Sys 0 00:00:00  -  Run Remote Usage
		Usr 0 00:00:00, Sys 0 00:00:00  -  Run Local Usage
		Usr 0 00:00:16, Sys 0 00:00:00  -  Total Remote Usage
		Usr 0 00:00:00, Sys 0 00:00:00  -  Total Local Usage
	0  -  Run Bytes Sent By Job
	0  -  Run Bytes Received By Job
	0  -  Total Bytes Sent By Job
	0  -  Total Bytes Received By Job
	Partitionable Resources :    Usage  Request Allocated 
	   Cpus                 :     0.79        1         1 
	   Disk (KB)            :  7500        7500   5106402 
	   Memory (MB)          :    34        1500      1536 
	   Xferslots            :                           0 
...
000 (4159736.001.000) 09/20 03:40:33 Job submitted from host: <130.199.48.83:9618?addrs=130.199.48.83-9618&noUDP&sock=8867_649e_3>
...
000 (4159737.001.000) 09/20 03:40:57 Job submitted from host: <130.199.48.83:9618?addrs=130.199.48.83-9618&noUDP&sock=8867_649e_3>
...
000 (4159738.001.000) 09/20 03:41:33 Job submitted from host: <130.199.48.83:9618?addrs=130.199.48.83-9618&noUDP&sock=8867_649e_3>
...
000 (4159739.001.000) 09/20 03:41:55 Job submitted from host: <130.199.48.83:9618?addrs=130.199.48.83-9618&noUDP&sock=8867_649e_3>
...
000 (4159740.001.000) 09/20 03:42:15 Job submitted from host: <130.199.48.83:9618?addrs=130.199.48.83-9618&noUDP&sock=8867_649e_3>
...
001 (4159736.001.000) 09/20 04:53:57 Job executing on host: <130.199.156.86:9618?addrs=130.199.156.86-9618&noUDP&sock=27054_5955_3>
...
001 (4159739.001.000) 09/20 04:53:57 Job executing on host: <130.199.156.25:9618?addrs=130.199.156.25-9618&noUDP&sock=18010_0981_3>
...
001 (4159740.001.000) 09/20 04:53:57 Job executing on host: <130.199.152.137:9618?addrs=130.199.152.137-9618&noUDP&sock=15976_4d43_3>
...
006 (4159739.001.000) 09/20 04:53:57 Image size of job updated: 7500
	0  -  MemoryUsage of job (MB)
	0  -  ResidentSetSize of job (KB)
...
006 (4159736.001.000) 09/20 04:53:57 Image size of job updated: 7500
	0  -  MemoryUsage of job (MB)
	0  -  ResidentSetSize of job (KB)
...
005 (4159739.001.000) 09/20 04:53:57 Job terminated.
	(1) Normal termination (return value 1)
		Usr 0 00:00:00, Sys 0 00:00:00  -  Run Remote Usage
		Usr 0 00:00:00, Sys 0 00:00:00  -  Run Local Usage
		Usr 0 00:00:00, Sys 0 00:00:00  -  Total Remote Usage
		Usr 0 00:00:00, Sys 0 00:00:00  -  Total Local Usage
	0  -  Run Bytes Sent By Job
	0  -  Run Bytes Received By Job
	0  -  Total Bytes Sent By Job
	0  -  Total Bytes Received By Job
	Partitionable Resources :    Usage  Request Allocated 
	   Cpus                 :                 1         1 
	   Disk (KB)            :     7500     7500   3325681 
	   Memory (MB)          :        0     1500      1536 
	   Xferslots            :                           0 
...
005 (4159736.001.000) 09/20 04:53:57 Job terminated.
	(1) Normal termination (return value 1)
		Usr 0 00:00:00, Sys 0 00:00:00  -  Run Remote Usage
		Usr 0 00:00:00, Sys 0 00:00:00  -  Run Local Usage
		Usr 0 00:00:00, Sys 0 00:00:00  -  Total Remote Usage
		Usr 0 00:00:00, Sys 0 00:00:00  -  Total Local Usage
	0  -  Run Bytes Sent By Job
	0  -  Run Bytes Received By Job
	0  -  Total Bytes Sent By Job
	0  -  Total Bytes Received By Job
	Partitionable Resources :    Usage  Request Allocated 
	   Cpus                 :                 1         1 
	   Disk (KB)            :     7500     7500   3325567 
	   Memory (MB)          :        0     1500      1536 
	   Xferslots            :                           0 
...
001 (4159737.001.000) 09/20 04:53:58 Job executing on host: <130.199.200.29:9618?addrs=130.199.200.29-9618&noUDP&sock=19109_db54_3>
...
001 (4159738.001.000) 09/20 04:53:58 Job executing on host: <130.199.200.39:9618?addrs=130.199.200.39-9618&noUDP&sock=37750_7f78_3>
...
006 (4159740.001.000) 09/20 04:53:59 Image size of job updated: 37680
	0  -  MemoryUsage of job (MB)
	0  -  ResidentSetSize of job (KB)
...
006 (4159737.001.000) 09/20 04:53:59 Image size of job updated: 7500
	0  -  MemoryUsage of job (MB)
	0  -  ResidentSetSize of job (KB)
...
005 (4159740.001.000) 09/20 04:53:59 Job terminated.
	(1) Normal termination (return value 1)
		Usr 0 00:00:00, Sys 0 00:00:00  -  Run Remote Usage
		Usr 0 00:00:00, Sys 0 00:00:00  -  Run Local Usage
		Usr 0 00:00:00, Sys 0 00:00:00  -  Total Remote Usage
		Usr 0 00:00:00, Sys 0 00:00:00  -  Total Local Usage
	0  -  Run Bytes Sent By Job
	0  -  Run Bytes Received By Job
	0  -  Total Bytes Sent By Job
	0  -  Total Bytes Received By Job
	Partitionable Resources :    Usage  Request Allocated 
	   Cpus                 :        0        1         1 
	   Disk (KB)            :     7500     7500   1901524 
	   Memory (MB)          :        0     1500      1536 
	   Xferslots            :                           0 
...
006 (4159738.001.000) 09/20 04:53:59 Image size of job updated: 7500
	0  -  MemoryUsage of job (MB)
	0  -  ResidentSetSize of job (KB)
...
005 (4159737.001.000) 09/20 04:53:59 Job terminated.
	(1) Normal termination (return value 1)
		Usr 0 00:00:00, Sys 0 00:00:00  -  Run Remote Usage
		Usr 0 00:00:00, Sys 0 00:00:00  -  Run Local Usage
		Usr 0 00:00:00, Sys 0 00:00:00  -  Total Remote Usage
		Usr 0 00:00:00, Sys 0 00:00:00  -  Total Local Usage
	0  -  Run Bytes Sent By Job
	0  -  Run Bytes Received By Job
	0  -  Total Bytes Sent By Job
	0  -  Total Bytes Received By Job
	Partitionable Resources :    Usage  Request Allocated 
	   Cpus                 :        0        1         1 
	   Disk (KB)            :     7500     7500   2619115 
	   Memory (MB)          :        0     1500      1536 
	   Xferslots            :                           0 
...
005 (4159738.001.000) 09/20 04:53:59 Job terminated.
	(1) Normal termination (return value 1)
		Usr 0 00:00:00, Sys 0 00:00:00  -  Run Remote Usage
		Usr 0 00:00:00, Sys 0 00:00:00  -  Run Local Usage
		Usr 0 00:00:00, Sys 0 00:00:00  -  Total Remote Usage
		Usr 0 00:00:00, Sys 0 00:00:00  -  Total Local Usage
	0  -  Run Bytes Sent By Job
	0  -  Run Bytes Received By Job
	0  -  Total Bytes Sent By Job
	0  -  Total Bytes Received By Job
	Partitionable Resources :    Usage  Request Allocated 
	   Cpus                 :     0.07        1         1 
	   Disk (KB)            :  7500        7500   2619172 
	   Memory (MB)          :     0        1500      1536 
	   Xferslots            :                           0 
...
000 (4159750.001.000) 09/21 02:41:53 Job submitted from host: <130.199.48.83:9618?addrs=130.199.48.83-9618&noUDP&sock=8867_649e_3>
...
001 (4159750.001.000) 09/21 02:42:39 Job executing on host: <130.199.156.239:9618?addrs=130.199.156.239-9618&noUDP&sock=40206_ca79_3>
...
006 (4159750.001.000) 09/21 02:42:47 Image size of job updated: 35468
	34  -  MemoryUsage of job (MB)
	34304  -  ResidentSetSize of job (KB)
...
006 (4159750.001.000) 09/21 02:43:14 Image size of job updated: 35480
	34  -  MemoryUsage of job (MB)
	34304  -  ResidentSetSize of job (KB)
...
005 (4159750.001.000) 09/21 02:43:15 Job terminated.
	(1) Normal termination (return value 0)
		Usr 0 00:00:30, Sys 0 00:00:00  -  Run Remote Usage
		Usr 0 00:00:00, Sys 0 00:00:00  -  Run Local Usage
		Usr 0 00:00:30, Sys 0 00:00:00  -  Total Remote Usage
		Usr 0 00:00:00, Sys 0 00:00:00  -  Total Local Usage
	0  -  Run Bytes Sent By Job
	0  -  Run Bytes Received By Job
	0  -  Total Bytes Sent By Job
	0  -  Total Bytes Received By Job
	Partitionable Resources :    Usage  Request Allocated 
	   Cpus                 :        0        1         1 
	   Disk (KB)            :     7500     7500   6743395 
	   Memory (MB)          :       34     1500      1536 
	   Xferslots            :                           0 
...
000 (4159751.001.000) 09/21 02:45:54 Job submitted from host: <130.199.48.83:9618?addrs=130.199.48.83-9618&noUDP&sock=8867_649e_3>
...
000 (4159752.001.000) 09/21 02:46:35 Job submitted from host: <130.199.48.83:9618?addrs=130.199.48.83-9618&noUDP&sock=8867_649e_3>
...
001 (4159751.001.000) 09/21 02:46:54 Job executing on host: <130.199.157.5:9618?addrs=130.199.157.5-9618&noUDP&sock=118115_0182_3>
...
001 (4159752.001.000) 09/21 02:46:55 Job executing on host: <130.199.156.234:9618?addrs=130.199.156.234-9618&noUDP&sock=36647_698f_3>
...
000 (4159753.001.000) 09/21 02:46:58 Job submitted from host: <130.199.48.83:9618?addrs=130.199.48.83-9618&noUDP&sock=8867_649e_3>
...
006 (4159751.001.000) 09/21 02:47:03 Image size of job updated: 35468
	34  -  MemoryUsage of job (MB)
	34304  -  ResidentSetSize of job (KB)
...
006 (4159752.001.000) 09/21 02:47:03 Image size of job updated: 33912
	33  -  MemoryUsage of job (MB)
	33200  -  ResidentSetSize of job (KB)
...
001 (4159753.001.000) 09/21 02:47:23 Job executing on host: <130.199.157.141:9618?addrs=130.199.157.141-9618&noUDP&sock=215519_246a_3>
...
000 (4159754.001.000) 09/21 02:47:25 Job submitted from host: <130.199.48.83:9618?addrs=130.199.48.83-9618&noUDP&sock=8867_649e_3>
...
006 (4159753.001.000) 09/21 02:47:31 Image size of job updated: 34576
	34  -  MemoryUsage of job (MB)
	34312  -  ResidentSetSize of job (KB)
...
001 (4159754.001.000) 09/21 02:47:31 Job executing on host: <130.199.157.11:9618?addrs=130.199.157.11-9618&noUDP&sock=39480_0566_3>
...
006 (4159751.001.000) 09/21 02:47:32 Image size of job updated: 2152880
	34  -  MemoryUsage of job (MB)
	34304  -  ResidentSetSize of job (KB)
...
005 (4159751.001.000) 09/21 02:47:32 Job terminated.
	(1) Normal termination (return value 0)
		Usr 0 00:00:33, Sys 0 00:00:00  -  Run Remote Usage
		Usr 0 00:00:00, Sys 0 00:00:00  -  Run Local Usage
		Usr 0 00:00:33, Sys 0 00:00:00  -  Total Remote Usage
		Usr 0 00:00:00, Sys 0 00:00:00  -  Total Local Usage
	0  -  Run Bytes Sent By Job
	0  -  Run Bytes Received By Job
	0  -  Total Bytes Sent By Job
	0  -  Total Bytes Received By Job
	Partitionable Resources :    Usage  Request Allocated 
	   Cpus                 :        0        1         1 
	   Disk (KB)            :     7500     7500   6743395 
	   Memory (MB)          :       34     1500      1536 
	   Xferslots            :                           0 
...
006 (4159752.001.000) 09/21 02:47:35 Image size of job updated: 2152880
	33  -  MemoryUsage of job (MB)
	33200  -  ResidentSetSize of job (KB)
...
005 (4159752.001.000) 09/21 02:47:35 Job terminated.
	(1) Normal termination (return value 0)
		Usr 0 00:00:33, Sys 0 00:00:00  -  Run Remote Usage
		Usr 0 00:00:00, Sys 0 00:00:00  -  Run Local Usage
		Usr 0 00:00:33, Sys 0 00:00:00  -  Total Remote Usage
		Usr 0 00:00:00, Sys 0 00:00:00  -  Total Local Usage
	0  -  Run Bytes Sent By Job
	0  -  Run Bytes Received By Job
	0  -  Total Bytes Sent By Job
	0  -  Total Bytes Received By Job
	Partitionable Resources :    Usage  Request Allocated 
	   Cpus                 :     0.93        1         1 
	   Disk (KB)            :  7500        7500   6743395 
	   Memory (MB)          :    33        1500      1536 
	   Xferslots            :                           0 
...
006 (4159754.001.000) 09/21 02:47:40 Image size of job updated: 34572
	34  -  MemoryUsage of job (MB)
	34308  -  ResidentSetSize of job (KB)
...
005 (4159753.001.000) 09/21 02:47:50 Job terminated.
	(1) Normal termination (return value 0)
		Usr 0 00:00:24, Sys 0 00:00:00  -  Run Remote Usage
		Usr 0 00:00:00, Sys 0 00:00:00  -  Run Local Usage
		Usr 0 00:00:24, Sys 0 00:00:00  -  Total Remote Usage
		Usr 0 00:00:00, Sys 0 00:00:00  -  Total Local Usage
	0  -  Run Bytes Sent By Job
	0  -  Run Bytes Received By Job
	0  -  Total Bytes Sent By Job
	0  -  Total Bytes Received By Job
	Partitionable Resources :    Usage  Request Allocated 
	   Cpus                 :     0.93        1         1 
	   Disk (KB)            :  7500        7500  14337878 
	   Memory (MB)          :    34        1500      1536 
	   Xferslots            :                           0 
...
006 (4159754.001.000) 09/21 02:48:06 Image size of job updated: 34576
	34  -  MemoryUsage of job (MB)
	34308  -  ResidentSetSize of job (KB)
...
005 (4159754.001.000) 09/21 02:48:06 Job terminated.
	(1) Normal termination (return value 0)
		Usr 0 00:00:31, Sys 0 00:00:00  -  Run Remote Usage
		Usr 0 00:00:00, Sys 0 00:00:00  -  Run Local Usage
		Usr 0 00:00:31, Sys 0 00:00:00  -  Total Remote Usage
		Usr 0 00:00:00, Sys 0 00:00:00  -  Total Local Usage
	0  -  Run Bytes Sent By Job
	0  -  Run Bytes Received By Job
	0  -  Total Bytes Sent By Job
	0  -  Total Bytes Received By Job
	Partitionable Resources :    Usage  Request Allocated 
	   Cpus                 :     0.81        1         1 
	   Disk (KB)            :  7500        7500   6743395 
	   Memory (MB)          :    34        1500      1536 
	   Xferslots            :                           0 
...
000 (4160441.001.000) 09/21 14:14:32 Job submitted from host: <130.199.48.83:9618?addrs=130.199.48.83-9618&noUDP&sock=8867_649e_3>
...
000 (4160442.001.000) 09/21 14:14:57 Job submitted from host: <130.199.48.83:9618?addrs=130.199.48.83-9618&noUDP&sock=8867_649e_3>
...
001 (4160441.001.000) 09/21 14:15:21 Job executing on host: <130.199.156.79:9618?addrs=130.199.156.79-9618&noUDP&sock=19059_084a_3>
...
001 (4160442.001.000) 09/21 14:15:22 Job executing on host: <130.199.157.115:9618?addrs=130.199.157.115-9618&noUDP&sock=21402_8ff3_3>
...
006 (4160441.001.000) 09/21 14:15:30 Image size of job updated: 35468
	34  -  MemoryUsage of job (MB)
	34304  -  ResidentSetSize of job (KB)
...
006 (4160442.001.000) 09/21 14:15:30 Image size of job updated: 27916
	27  -  MemoryUsage of job (MB)
	27552  -  ResidentSetSize of job (KB)
...
006 (4160441.001.000) 09/21 14:15:47 Image size of job updated: 35480
	34  -  MemoryUsage of job (MB)
	34304  -  ResidentSetSize of job (KB)
...
005 (4160441.001.000) 09/21 14:15:47 Job terminated.
	(1) Normal termination (return value 0)
		Usr 0 00:00:22, Sys 0 00:00:00  -  Run Remote Usage
		Usr 0 00:00:00, Sys 0 00:00:00  -  Run Local Usage
		Usr 0 00:00:22, Sys 0 00:00:00  -  Total Remote Usage
		Usr 0 00:00:00, Sys 0 00:00:00  -  Total Local Usage
	0  -  Run Bytes Sent By Job
	0  -  Run Bytes Received By Job
	0  -  Total Bytes Sent By Job
	0  -  Total Bytes Received By Job
	Partitionable Resources :    Usage  Request Allocated 
	   Cpus                 :     0.82        1         1 
	   Disk (KB)            :  7500        7500   3325681 
	   Memory (MB)          :    34        1500      1536 
	   Xferslots            :                           0 
...
006 (4160442.001.000) 09/21 14:15:50 Image size of job updated: 35480
	28  -  MemoryUsage of job (MB)
	27676  -  ResidentSetSize of job (KB)
...
005 (4160442.001.000) 09/21 14:15:50 Job terminated.
	(1) Normal termination (return value 0)
		Usr 0 00:00:24, Sys 0 00:00:00  -  Run Remote Usage
		Usr 0 00:00:00, Sys 0 00:00:00  -  Run Local Usage
		Usr 0 00:00:24, Sys 0 00:00:00  -  Total Remote Usage
		Usr 0 00:00:00, Sys 0 00:00:00  -  Total Local Usage
	0  -  Run Bytes Sent By Job
	0  -  Run Bytes Received By Job
	0  -  Total Bytes Sent By Job
	0  -  Total Bytes Received By Job
	Partitionable Resources :    Usage  Request Allocated 
	   Cpus                 :     0.76        1         1 
	   Disk (KB)            :  7500        7500   3328959 
	   Memory (MB)          :    28        1500      1536 
	   Xferslots            :                           0 
...
000 (4160443.001.000) 09/21 14:16:13 Job submitted from host: <130.199.48.83:9618?addrs=130.199.48.83-9618&noUDP&sock=8867_649e_3>
...
001 (4160443.001.000) 09/21 14:16:40 Job executing on host: <130.199.156.74:9618?addrs=130.199.156.74-9618&noUDP&sock=21422_e45d_3>
...
006 (4160443.001.000) 09/21 14:16:48 Image size of job updated: 34568
	34  -  MemoryUsage of job (MB)
	34304  -  ResidentSetSize of job (KB)
...
000 (4160444.001.000) 09/21 14:16:52 Job submitted from host: <130.199.48.83:9618?addrs=130.199.48.83-9618&noUDP&sock=8867_649e_3>
...
006 (4160443.001.000) 09/21 14:17:05 Image size of job updated: 2152880
	34  -  MemoryUsage of job (MB)
	34304  -  ResidentSetSize of job (KB)
...
005 (4160443.001.000) 09/21 14:17:05 Job terminated.
	(1) Normal termination (return value 0)
		Usr 0 00:00:23, Sys 0 00:00:00  -  Run Remote Usage
		Usr 0 00:00:00, Sys 0 00:00:00  -  Run Local Usage
		Usr 0 00:00:23, Sys 0 00:00:00  -  Total Remote Usage
		Usr 0 00:00:00, Sys 0 00:00:00  -  Total Local Usage
	0  -  Run Bytes Sent By Job
	0  -  Run Bytes Received By Job
	0  -  Total Bytes Sent By Job
	0  -  Total Bytes Received By Job
	Partitionable Resources :    Usage  Request Allocated 
	   Cpus                 :        0        1         1 
	   Disk (KB)            :     7500     7500   3325681 
	   Memory (MB)          :       34     1500      1536 
	   Xferslots            :                           0 
...
000 (4160445.001.000) 09/21 14:17:13 Job submitted from host: <130.199.48.83:9618?addrs=130.199.48.83-9618&noUDP&sock=8867_649e_3>
...
001 (4160444.001.000) 09/21 14:19:42 Job executing on host: <130.199.156.74:9618?addrs=130.199.156.74-9618&noUDP&sock=21422_e45d_3>
...
006 (4160444.001.000) 09/21 14:19:51 Image size of job updated: 34568
	34  -  MemoryUsage of job (MB)
	34304  -  ResidentSetSize of job (KB)
...
006 (4160444.001.000) 09/21 14:20:08 Image size of job updated: 2152880
	34  -  MemoryUsage of job (MB)
	34304  -  ResidentSetSize of job (KB)
...
005 (4160444.001.000) 09/21 14:20:08 Job terminated.
	(1) Normal termination (return value 0)
		Usr 0 00:00:23, Sys 0 00:00:00  -  Run Remote Usage
		Usr 0 00:00:00, Sys 0 00:00:00  -  Run Local Usage
		Usr 0 00:00:23, Sys 0 00:00:00  -  Total Remote Usage
		Usr 0 00:00:00, Sys 0 00:00:00  -  Total Local Usage
	0  -  Run Bytes Sent By Job
	0  -  Run Bytes Received By Job
	0  -  Total Bytes Sent By Job
	0  -  Total Bytes Received By Job
	Partitionable Resources :    Usage  Request Allocated 
	   Cpus                 :     0.99        1         1 
	   Disk (KB)            :  7500        7500   3325681 
	   Memory (MB)          :    34        1500      1536 
	   Xferslots            :                           0 
...
001 (4160445.001.000) 09/21 14:22:52 Job executing on host: <130.199.157.137:9618?addrs=130.199.157.137-9618&noUDP&sock=215829_40da_3>
...
006 (4160445.001.000) 09/21 14:23:01 Image size of job updated: 35476
	34  -  MemoryUsage of job (MB)
	34308  -  ResidentSetSize of job (KB)
...
006 (4160445.001.000) 09/21 14:23:08 Image size of job updated: 35480
	34  -  MemoryUsage of job (MB)
	34308  -  ResidentSetSize of job (KB)
...
005 (4160445.001.000) 09/21 14:23:08 Job terminated.
	(1) Normal termination (return value 0)
		Usr 0 00:00:12, Sys 0 00:00:00  -  Run Remote Usage
		Usr 0 00:00:00, Sys 0 00:00:00  -  Run Local Usage
		Usr 0 00:00:12, Sys 0 00:00:00  -  Total Remote Usage
		Usr 0 00:00:00, Sys 0 00:00:00  -  Total Local Usage
	0  -  Run Bytes Sent By Job
	0  -  Run Bytes Received By Job
	0  -  Total Bytes Sent By Job
	0  -  Total Bytes Received By Job
	Partitionable Resources :    Usage  Request Allocated 
	   Cpus                 :                 1         1 
	   Disk (KB)            :     7500     7500  14337878 
	   Memory (MB)          :       34     1500      1536 
	   Xferslots            :                           0 
...
000 (4165382.001.000) 09/23 00:14:40 Job submitted from host: <130.199.48.83:9618?addrs=130.199.48.83-9618&noUDP&sock=8867_649e_3>
...
001 (4165382.001.000) 09/23 00:14:56 Job executing on host: <130.199.157.138:9618?addrs=130.199.157.138-9618&noUDP&sock=215569_f774_3>
...
006 (4165382.001.000) 09/23 00:15:04 Image size of job updated: 189080
	144  -  MemoryUsage of job (MB)
	147420  -  ResidentSetSize of job (KB)
...
006 (4165382.001.000) 09/23 00:15:08 Image size of job updated: 215888
	145  -  MemoryUsage of job (MB)
	147488  -  ResidentSetSize of job (KB)
...
005 (4165382.001.000) 09/23 00:15:08 Job terminated.
	(1) Normal termination (return value 0)
		Usr 0 00:00:11, Sys 0 00:00:00  -  Run Remote Usage
		Usr 0 00:00:00, Sys 0 00:00:00  -  Run Local Usage
		Usr 0 00:00:11, Sys 0 00:00:00  -  Total Remote Usage
		Usr 0 00:00:00, Sys 0 00:00:00  -  Total Local Usage
	0  -  Run Bytes Sent By Job
	0  -  Run Bytes Received By Job
	0  -  Total Bytes Sent By Job
	0  -  Total Bytes Received By Job
	Partitionable Resources :    Usage  Request Allocated 
	   Cpus                 :        0        1         1 
	   Disk (KB)            :     1500     1500  14337878 
	   Memory (MB)          :      145     1500      1536 
	   Xferslots            :                           0 
...
000 (4165383.001.000) 09/23 00:15:12 Job submitted from host: <130.199.48.83:9618?addrs=130.199.48.83-9618&noUDP&sock=8867_649e_3>
...
001 (4165383.001.000) 09/23 00:15:20 Job executing on host: <130.199.157.132:9618?addrs=130.199.157.132-9618&noUDP&sock=216811_0b3f_3>
...
006 (4165383.001.000) 09/23 00:15:28 Image size of job updated: 162448
	118  -  MemoryUsage of job (MB)
	120640  -  ResidentSetSize of job (KB)
...
006 (4165383.001.000) 09/23 00:15:35 Image size of job updated: 728048
	118  -  MemoryUsage of job (MB)
	120640  -  ResidentSetSize of job (KB)
...
005 (4165383.001.000) 09/23 00:15:35 Job terminated.
	(1) Normal termination (return value 0)
		Usr 0 00:00:12, Sys 0 00:00:00  -  Run Remote Usage
		Usr 0 00:00:00, Sys 0 00:00:00  -  Run Local Usage
		Usr 0 00:00:12, Sys 0 00:00:00  -  Total Remote Usage
		Usr 0 00:00:00, Sys 0 00:00:00  -  Total Local Usage
	0  -  Run Bytes Sent By Job
	0  -  Run Bytes Received By Job
	0  -  Total Bytes Sent By Job
	0  -  Total Bytes Received By Job
	Partitionable Resources :    Usage  Request Allocated 
	   Cpus                 :        0        1         1 
	   Disk (KB)            :     1500     1500  14337878 
	   Memory (MB)          :      118     1500      1536 
	   Xferslots            :                           0 
...
000 (4165384.001.000) 09/23 00:15:42 Job submitted from host: <130.199.48.83:9618?addrs=130.199.48.83-9618&noUDP&sock=8867_649e_3>
...
001 (4165384.001.000) 09/23 00:15:52 Job executing on host: <130.199.202.115:9618?addrs=130.199.202.115-9618&noUDP&sock=32169_2e8f_3>
...
006 (4165384.001.000) 09/23 00:16:01 Image size of job updated: 156688
	152  -  MemoryUsage of job (MB)
	154908  -  ResidentSetSize of job (KB)
...
005 (4165384.001.000) 09/23 00:16:06 Job terminated.
	(1) Normal termination (return value 0)
		Usr 0 00:00:12, Sys 0 00:00:00  -  Run Remote Usage
		Usr 0 00:00:00, Sys 0 00:00:00  -  Run Local Usage
		Usr 0 00:00:12, Sys 0 00:00:00  -  Total Remote Usage
		Usr 0 00:00:00, Sys 0 00:00:00  -  Total Local Usage
	0  -  Run Bytes Sent By Job
	0  -  Run Bytes Received By Job
	0  -  Total Bytes Sent By Job
	0  -  Total Bytes Received By Job
	Partitionable Resources :    Usage  Request Allocated 
	   Cpus                 :     0.59        1         1 
	   Disk (KB)            :  1500        1500   4811694 
	   Memory (MB)          :   152        1500      1536 
	   Xferslots            :                           0 
...
000 (4165385.001.000) 09/23 00:16:08 Job submitted from host: <130.199.48.83:9618?addrs=130.199.48.83-9618&noUDP&sock=8867_649e_3>
...
001 (4165385.001.000) 09/23 00:16:12 Job executing on host: <130.199.157.2:9618?addrs=130.199.157.2-9618&noUDP&sock=37856_0bab_3>
...
006 (4165385.001.000) 09/23 00:16:20 Image size of job updated: 172656
	129  -  MemoryUsage of job (MB)
	131496  -  ResidentSetSize of job (KB)
...
006 (4165385.001.000) 09/23 00:16:26 Image size of job updated: 230840
	129  -  MemoryUsage of job (MB)
	131508  -  ResidentSetSize of job (KB)
...
005 (4165385.001.000) 09/23 00:16:26 Job terminated.
	(1) Normal termination (return value 0)
		Usr 0 00:00:12, Sys 0 00:00:00  -  Run Remote Usage
		Usr 0 00:00:00, Sys 0 00:00:00  -  Run Local Usage
		Usr 0 00:00:12, Sys 0 00:00:00  -  Total Remote Usage
		Usr 0 00:00:00, Sys 0 00:00:00  -  Total Local Usage
	0  -  Run Bytes Sent By Job
	0  -  Run Bytes Received By Job
	0  -  Total Bytes Sent By Job
	0  -  Total Bytes Received By Job
	Partitionable Resources :    Usage  Request Allocated 
	   Cpus                 :     0.99        1         1 
	   Disk (KB)            :  1500        1500   6743395 
	   Memory (MB)          :   129        1500      1536 
	   Xferslots            :                           0 
...
000 (4165386.001.000) 09/23 00:16:39 Job submitted from host: <130.199.48.83:9618?addrs=130.199.48.83-9618&noUDP&sock=8867_649e_3>
...
001 (4165386.001.000) 09/23 00:16:57 Job executing on host: <130.199.157.8:9618?addrs=130.199.157.8-9618&noUDP&sock=115056_defa_3>
...
006 (4165386.001.000) 09/23 00:17:06 Image size of job updated: 168352
	124  -  MemoryUsage of job (MB)
	126024  -  ResidentSetSize of job (KB)
...
006 (4165386.001.000) 09/23 00:17:14 Image size of job updated: 212752
	124  -  MemoryUsage of job (MB)
	126096  -  ResidentSetSize of job (KB)
...
005 (4165386.001.000) 09/23 00:17:14 Job terminated.
	(1) Normal termination (return value 0)
		Usr 0 00:00:14, Sys 0 00:00:00  -  Run Remote Usage
		Usr 0 00:00:00, Sys 0 00:00:00  -  Run Local Usage
		Usr 0 00:00:14, Sys 0 00:00:00  -  Total Remote Usage
		Usr 0 00:00:00, Sys 0 00:00:00  -  Total Local Usage
	0  -  Run Bytes Sent By Job
	0  -  Run Bytes Received By Job
	0  -  Total Bytes Sent By Job
	0  -  Total Bytes Received By Job
	Partitionable Resources :    Usage  Request Allocated 
	   Cpus                 :        0        1         1 
	   Disk (KB)            :     1500     1500   6743395 
	   Memory (MB)          :      124     1500      1536 
	   Xferslots            :                           0 
...
000 (4175648.015.000) 10/12 22:30:35 Job submitted from host: <130.199.48.83:9618?addrs=130.199.48.83-9618&noUDP&sock=8867_649e_3>
...
001 (4175648.015.000) 10/12 22:32:32 Job executing on host: <130.199.158.110:9618?addrs=130.199.158.110-9618&noUDP&sock=23569_63f4_3>
...
006 (4175648.015.000) 10/12 22:32:41 Image size of job updated: 35648
	34  -  MemoryUsage of job (MB)
	34304  -  ResidentSetSize of job (KB)
...
006 (4175648.015.000) 10/12 22:32:56 Image size of job updated: 35660
	34  -  MemoryUsage of job (MB)
	34304  -  ResidentSetSize of job (KB)
...
005 (4175648.015.000) 10/12 22:32:56 Job terminated.
	(1) Normal termination (return value 0)
		Usr 0 00:00:21, Sys 0 00:00:00  -  Run Remote Usage
		Usr 0 00:00:00, Sys 0 00:00:00  -  Run Local Usage
		Usr 0 00:00:21, Sys 0 00:00:00  -  Total Remote Usage
		Usr 0 00:00:00, Sys 0 00:00:00  -  Total Local Usage
	0  -  Run Bytes Sent By Job
	0  -  Run Bytes Received By Job
	0  -  Total Bytes Sent By Job
	0  -  Total Bytes Received By Job
	Partitionable Resources :    Usage  Request Allocated 
	   Cpus                 :        0        1         1 
	   Disk (KB)            :     7500     7500   7038852 
	   Memory (MB)          :       34     1500      1536 
	   Xferslots            :                           0 
...
000 (4175649.015.000) 10/12 22:51:48 Job submitted from host: <130.199.48.83:9618?addrs=130.199.48.83-9618&noUDP&sock=8867_649e_3>
...
001 (4175649.015.000) 10/12 22:53:26 Job executing on host: <130.199.158.10:9618?addrs=130.199.158.10-9618&noUDP&sock=22031_a203_3>
...
006 (4175649.015.000) 10/12 22:53:35 Image size of job updated: 24408
	24  -  MemoryUsage of job (MB)
	23972  -  ResidentSetSize of job (KB)
...
006 (4175649.015.000) 10/12 22:54:00 Image size of job updated: 35796
	24  -  MemoryUsage of job (MB)
	23972  -  ResidentSetSize of job (KB)
...
005 (4175649.015.000) 10/12 22:54:00 Job terminated.
	(1) Normal termination (return value 0)
		Usr 0 00:00:29, Sys 0 00:00:01  -  Run Remote Usage
		Usr 0 00:00:00, Sys 0 00:00:00  -  Run Local Usage
		Usr 0 00:00:29, Sys 0 00:00:01  -  Total Remote Usage
		Usr 0 00:00:00, Sys 0 00:00:00  -  Total Local Usage
	0  -  Run Bytes Sent By Job
	0  -  Run Bytes Received By Job
	0  -  Total Bytes Sent By Job
	0  -  Total Bytes Received By Job
	Partitionable Resources :    Usage  Request Allocated 
	   Cpus                 :     0.97        1         1 
	   Disk (KB)            :  7500        7500   3328962 
	   Memory (MB)          :    24        1500      1536 
	   Xferslots            :                           0 
...
000 (4175651.014.000) 10/12 23:59:18 Job submitted from host: <130.199.48.83:9618?addrs=130.199.48.83-9618&noUDP&sock=8867_649e_3>
...
000 (4175652.015.000) 10/12 23:59:59 Job submitted from host: <130.199.48.83:9618?addrs=130.199.48.83-9618&noUDP&sock=8867_649e_3>
...
001 (4175651.014.000) 10/13 00:00:20 Job executing on host: <130.199.149.182:9618?addrs=130.199.149.182-9618&noUDP&sock=24461_b27b_3>
...
006 (4175651.014.000) 10/13 00:00:25 Image size of job updated: 54956
	0  -  MemoryUsage of job (MB)
	0  -  ResidentSetSize of job (KB)
...
005 (4175651.014.000) 10/13 00:00:25 Job terminated.
	(1) Normal termination (return value 0)
		Usr 0 00:00:00, Sys 0 00:00:00  -  Run Remote Usage
		Usr 0 00:00:00, Sys 0 00:00:00  -  Run Local Usage
		Usr 0 00:00:00, Sys 0 00:00:00  -  Total Remote Usage
		Usr 0 00:00:00, Sys 0 00:00:00  -  Total Local Usage
	0  -  Run Bytes Sent By Job
	0  -  Run Bytes Received By Job
	0  -  Total Bytes Sent By Job
	0  -  Total Bytes Received By Job
	Partitionable Resources :    Usage  Request Allocated 
	   Cpus                 :        0        1         1 
	   Disk (KB)            :     1500     1500  14337496 
	   Memory (MB)          :        0     1500      1536 
	   Xferslots            :                           0 
...
001 (4175652.015.000) 10/13 00:00:27 Job executing on host: <130.199.158.254:9618?addrs=130.199.158.254-9618&noUDP&sock=26314_25f6_3>
...
006 (4175652.015.000) 10/13 00:00:28 Image size of job updated: 1500
	0  -  MemoryUsage of job (MB)
	0  -  ResidentSetSize of job (KB)
...
005 (4175652.015.000) 10/13 00:00:28 Job terminated.
	(1) Normal termination (return value 0)
		Usr 0 00:00:00, Sys 0 00:00:00  -  Run Remote Usage
		Usr 0 00:00:00, Sys 0 00:00:00  -  Run Local Usage
		Usr 0 00:00:00, Sys 0 00:00:00  -  Total Remote Usage
		Usr 0 00:00:00, Sys 0 00:00:00  -  Total Local Usage
	0  -  Run Bytes Sent By Job
	0  -  Run Bytes Received By Job
	0  -  Total Bytes Sent By Job
	0  -  Total Bytes Received By Job
	Partitionable Resources :    Usage  Request Allocated 
	   Cpus                 :        0        1         1 
	   Disk (KB)            :     1500     1500   7037864 
	   Memory (MB)          :        0     1500      1536 
	   Xferslots            :                           0 
...
000 (4175655.015.000) 10/13 01:01:17 Job submitted from host: <130.199.48.83:9618?addrs=130.199.48.83-9618&noUDP&sock=8867_649e_3>
...
001 (4175655.015.000) 10/13 01:03:05 Job executing on host: <130.199.200.6:9618?addrs=130.199.200.6-9618&noUDP&sock=19773_011e_3>
...
006 (4175655.015.000) 10/13 01:03:14 Image size of job updated: 79216
	38  -  MemoryUsage of job (MB)
	38736  -  ResidentSetSize of job (KB)
...
005 (4175655.015.000) 10/13 01:03:15 Job terminated.
	(1) Normal termination (return value 0)
		Usr 0 00:00:00, Sys 0 00:00:00  -  Run Remote Usage
		Usr 0 00:00:00, Sys 0 00:00:00  -  Run Local Usage
		Usr 0 00:00:00, Sys 0 00:00:00  -  Total Remote Usage
		Usr 0 00:00:00, Sys 0 00:00:00  -  Total Local Usage
	0  -  Run Bytes Sent By Job
	0  -  Run Bytes Received By Job
	0  -  Total Bytes Sent By Job
	0  -  Total Bytes Received By Job
	Partitionable Resources :    Usage  Request Allocated 
	   Cpus                 :        0        1         1 
	   Disk (KB)            :     1500     1500   2619118 
	   Memory (MB)          :       38     1500      1536 
	   Xferslots            :                           0 
...
000 (4175656.015.000) 10/13 01:13:37 Job submitted from host: <130.199.48.83:9618?addrs=130.199.48.83-9618&noUDP&sock=8867_649e_3>
...
001 (4175656.015.000) 10/13 01:15:07 Job executing on host: <130.199.158.208:9618?addrs=130.199.158.208-9618&noUDP&sock=26046_5465_3>
...
006 (4175656.015.000) 10/13 01:15:15 Image size of job updated: 156572
	112  -  MemoryUsage of job (MB)
	114240  -  ResidentSetSize of job (KB)
...
006 (4175656.015.000) 10/13 01:15:24 Image size of job updated: 719808
	112  -  MemoryUsage of job (MB)
	114240  -  ResidentSetSize of job (KB)
...
005 (4175656.015.000) 10/13 01:15:24 Job terminated.
	(1) Normal termination (return value 0)
		Usr 0 00:00:15, Sys 0 00:00:00  -  Run Remote Usage
		Usr 0 00:00:00, Sys 0 00:00:00  -  Run Local Usage
		Usr 0 00:00:15, Sys 0 00:00:00  -  Total Remote Usage
		Usr 0 00:00:00, Sys 0 00:00:00  -  Total Local Usage
	0  -  Run Bytes Sent By Job
	0  -  Run Bytes Received By Job
	0  -  Total Bytes Sent By Job
	0  -  Total Bytes Received By Job
	Partitionable Resources :    Usage  Request Allocated 
	   Cpus                 :        0        1         1 
	   Disk (KB)            :     1500     1500   7037864 
	   Memory (MB)          :      112     1500      1536 
	   Xferslots            :                           0 
...
000 (4175659.015.000) 10/13 01:32:47 Job submitted from host: <130.199.48.83:9618?addrs=130.199.48.83-9618&noUDP&sock=8867_649e_3>
...
001 (4175659.015.000) 10/13 01:33:13 Job executing on host: <130.199.158.142:9618?addrs=130.199.158.142-9618&noUDP&sock=32941_8298_3>
...
006 (4175659.015.000) 10/13 01:33:21 Image size of job updated: 150208
	106  -  MemoryUsage of job (MB)
	107576  -  ResidentSetSize of job (KB)
...
006 (4175659.015.000) 10/13 01:33:33 Image size of job updated: 723216
	106  -  MemoryUsage of job (MB)
	107576  -  ResidentSetSize of job (KB)
...
005 (4175659.015.000) 10/13 01:33:33 Job terminated.
	(1) Normal termination (return value 0)
		Usr 0 00:00:19, Sys 0 00:00:01  -  Run Remote Usage
		Usr 0 00:00:00, Sys 0 00:00:00  -  Run Local Usage
		Usr 0 00:00:19, Sys 0 00:00:01  -  Total Remote Usage
		Usr 0 00:00:00, Sys 0 00:00:00  -  Total Local Usage
	0  -  Run Bytes Sent By Job
	0  -  Run Bytes Received By Job
	0  -  Total Bytes Sent By Job
	0  -  Total Bytes Received By Job
	Partitionable Resources :    Usage  Request Allocated 
	   Cpus                 :     0.85        1         1 
	   Disk (KB)            :  1500        1500   7038845 
	   Memory (MB)          :   106        1500      1536 
	   Xferslots            :                           0 
...
000 (4177055.015.000) 11/01 08:51:19 Job submitted from host: <130.199.48.83:9618?addrs=130.199.48.83-9618&noUDP&sock=8867_649e_3>
...
001 (4177055.015.000) 11/01 08:52:22 Job executing on host: <130.199.200.16:9618?addrs=130.199.200.16-9618&noUDP&sock=20433_e2d3_3>
...
006 (4177055.015.000) 11/01 08:52:30 Image size of job updated: 28352
	27  -  MemoryUsage of job (MB)
	27144  -  ResidentSetSize of job (KB)
...
006 (4177055.015.000) 11/01 08:52:51 Image size of job updated: 36760
	27  -  MemoryUsage of job (MB)
	27144  -  ResidentSetSize of job (KB)
...
005 (4177055.015.000) 11/01 08:53:10 Job terminated.
	(1) Normal termination (return value 0)
		Usr 0 00:00:25, Sys 0 00:00:00  -  Run Remote Usage
		Usr 0 00:00:00, Sys 0 00:00:00  -  Run Local Usage
		Usr 0 00:00:25, Sys 0 00:00:00  -  Total Remote Usage
		Usr 0 00:00:00, Sys 0 00:00:00  -  Total Local Usage
	0  -  Run Bytes Sent By Job
	0  -  Run Bytes Received By Job
	0  -  Total Bytes Sent By Job
	0  -  Total Bytes Received By Job
	Partitionable Resources :    Usage  Request Allocated 
	   Cpus                 :        0        1         1 
	   Disk (KB)            :     7500     7500   2619289 
	   Memory (MB)          :       27     1500      1536 
	   Xferslots            :                           0 
...
000 (4177057.015.000) 11/01 11:33:10 Job submitted from host: <130.199.48.83:9618?addrs=130.199.48.83-9618&noUDP&sock=8867_649e_3>
...
001 (4177057.015.000) 11/01 11:33:43 Job executing on host: <130.199.156.37:9618?addrs=130.199.156.37-9618&noUDP&sock=21159_a7e7_3>
...
006 (4177057.015.000) 11/01 11:33:44 Image size of job updated: 1500
	0  -  MemoryUsage of job (MB)
	0  -  ResidentSetSize of job (KB)
...
005 (4177057.015.000) 11/01 11:33:44 Job terminated.
	(1) Normal termination (return value 127)
		Usr 0 00:00:00, Sys 0 00:00:00  -  Run Remote Usage
		Usr 0 00:00:00, Sys 0 00:00:00  -  Run Local Usage
		Usr 0 00:00:00, Sys 0 00:00:00  -  Total Remote Usage
		Usr 0 00:00:00, Sys 0 00:00:00  -  Total Local Usage
	0  -  Run Bytes Sent By Job
	0  -  Run Bytes Received By Job
	0  -  Total Bytes Sent By Job
	0  -  Total Bytes Received By Job
	Partitionable Resources :    Usage  Request Allocated 
	   Cpus                 :                 1         1 
	   Disk (KB)            :     1500     1500   3325560 
	   Memory (MB)          :        0     1500      1536 
	   Xferslots            :                           0 
...
000 (4177103.035.000) 11/11 15:07:20 Job submitted from host: <130.199.48.83:9618?addrs=130.199.48.83-9618&noUDP&sock=8867_649e_3>
...
000 (4177104.015.000) 11/11 15:08:01 Job submitted from host: <130.199.48.83:9618?addrs=130.199.48.83-9618&noUDP&sock=8867_649e_3>
...
001 (4177103.035.000) 11/11 15:08:09 Job executing on host: <130.199.149.218:9618?addrs=130.199.149.218-9618&noUDP&sock=32676_a417_3>
...
001 (4177104.015.000) 11/11 15:08:11 Job executing on host: <130.199.200.111:9618?addrs=130.199.200.111-9618&noUDP&sock=36784_c568_3>
...
006 (4177103.035.000) 11/11 15:08:18 Image size of job updated: 195620
	116  -  MemoryUsage of job (MB)
	117968  -  ResidentSetSize of job (KB)
...
006 (4177104.015.000) 11/11 15:08:19 Image size of job updated: 229696
	150  -  MemoryUsage of job (MB)
	153560  -  ResidentSetSize of job (KB)
...
006 (4177104.015.000) 11/11 15:08:24 Image size of job updated: 243356
	150  -  MemoryUsage of job (MB)
	153576  -  ResidentSetSize of job (KB)
...
005 (4177104.015.000) 11/11 15:08:25 Job terminated.
	(1) Normal termination (return value 0)
		Usr 0 00:00:11, Sys 0 00:00:00  -  Run Remote Usage
		Usr 0 00:00:00, Sys 0 00:00:00  -  Run Local Usage
		Usr 0 00:00:11, Sys 0 00:00:00  -  Total Remote Usage
		Usr 0 00:00:00, Sys 0 00:00:00  -  Total Local Usage
	0  -  Run Bytes Sent By Job
	0  -  Run Bytes Received By Job
	0  -  Total Bytes Sent By Job
	0  -  Total Bytes Received By Job
	Partitionable Resources :    Usage  Request Allocated 
	   Cpus                 :     0.86        1         1 
	   Disk (KB)            :  2250        2250   5106401 
	   Memory (MB)          :   150        1500      1536 
	   Xferslots            :                           0 
...
006 (4177103.035.000) 11/11 15:08:30 Image size of job updated: 292908
	116  -  MemoryUsage of job (MB)
	117988  -  ResidentSetSize of job (KB)
...
005 (4177103.035.000) 11/11 15:08:31 Job terminated.
	(1) Normal termination (return value 0)
		Usr 0 00:00:16, Sys 0 00:00:01  -  Run Remote Usage
		Usr 0 00:00:00, Sys 0 00:00:00  -  Run Local Usage
		Usr 0 00:00:16, Sys 0 00:00:01  -  Total Remote Usage
		Usr 0 00:00:00, Sys 0 00:00:00  -  Total Local Usage
	0  -  Run Bytes Sent By Job
	0  -  Run Bytes Received By Job
	0  -  Total Bytes Sent By Job
	0  -  Total Bytes Received By Job
	Partitionable Resources :    Usage  Request Allocated 
	   Cpus                 :     0.22        1         1 
	   Disk (KB)            :  2250        2250  14337494 
	   Memory (MB)          :   116        1500      1536 
	   Xferslots            :                           0 
...
000 (4191233.015.000) 12/28 18:02:25 Job submitted from host: <130.199.48.83:9618?addrs=130.199.48.83-9618&noUDP&sock=18276_3907_3>
...
001 (4191233.015.000) 12/28 18:05:54 Job executing on host: <130.199.157.19:9618?addrs=130.199.157.19-9618&noUDP&sock=154328_f696_3>
...
006 (4191233.015.000) 12/28 18:05:54 Image size of job updated: 7500
	0  -  MemoryUsage of job (MB)
	0  -  ResidentSetSize of job (KB)
...
005 (4191233.015.000) 12/28 18:05:55 Job terminated.
	(1) Normal termination (return value 1)
		Usr 0 00:00:00, Sys 0 00:00:00  -  Run Remote Usage
		Usr 0 00:00:00, Sys 0 00:00:00  -  Run Local Usage
		Usr 0 00:00:00, Sys 0 00:00:00  -  Total Remote Usage
		Usr 0 00:00:00, Sys 0 00:00:00  -  Total Local Usage
	0  -  Run Bytes Sent By Job
	0  -  Run Bytes Received By Job
	0  -  Total Bytes Sent By Job
	0  -  Total Bytes Received By Job
	Partitionable Resources :    Usage  Request Allocated 
	   Cpus                 :                 1         1 
	   Disk (KB)            :     7500     7500   6743392 
	   Memory (MB)          :        0     1500      1536 
	   Xferslots            :                           0 
...
000 (4191235.015.000) 12/28 18:36:16 Job submitted from host: <130.199.48.83:9618?addrs=130.199.48.83-9618&noUDP&sock=18276_3907_3>
...
001 (4191235.015.000) 12/28 18:36:36 Job executing on host: <130.199.156.36:9618?addrs=130.199.156.36-9618&noUDP&sock=44973_7c7a_3>
...
006 (4191235.015.000) 12/28 18:36:37 Image size of job updated: 7500
	0  -  MemoryUsage of job (MB)
	0  -  ResidentSetSize of job (KB)
...
005 (4191235.015.000) 12/28 18:36:37 Job terminated.
	(1) Normal termination (return value 1)
		Usr 0 00:00:00, Sys 0 00:00:01  -  Run Remote Usage
		Usr 0 00:00:00, Sys 0 00:00:00  -  Run Local Usage
		Usr 0 00:00:00, Sys 0 00:00:01  -  Total Remote Usage
		Usr 0 00:00:00, Sys 0 00:00:00  -  Total Local Usage
	0  -  Run Bytes Sent By Job
	0  -  Run Bytes Received By Job
	0  -  Total Bytes Sent By Job
	0  -  Total Bytes Received By Job
	Partitionable Resources :    Usage  Request Allocated 
	   Cpus                 :                 1         1 
	   Disk (KB)            :     7500     7500   3325623 
	   Memory (MB)          :        0     1500      1536 
	   Xferslots            :                           0 
...
000 (4191236.015.000) 12/28 18:43:55 Job submitted from host: <130.199.48.83:9618?addrs=130.199.48.83-9618&noUDP&sock=18276_3907_3>
...
001 (4191236.015.000) 12/28 18:44:11 Job executing on host: <130.199.158.220:9618?addrs=130.199.158.220-9618&noUDP&sock=122243_773d_3>
...
006 (4191236.015.000) 12/28 18:44:19 Image size of job updated: 24844
	24  -  MemoryUsage of job (MB)
	23924  -  ResidentSetSize of job (KB)
...
005 (4191236.015.000) 12/28 18:44:34 Job terminated.
	(1) Normal termination (return value 0)
		Usr 0 00:00:16, Sys 0 00:00:00  -  Run Remote Usage
		Usr 0 00:00:00, Sys 0 00:00:00  -  Run Local Usage
		Usr 0 00:00:16, Sys 0 00:00:00  -  Total Remote Usage
		Usr 0 00:00:00, Sys 0 00:00:00  -  Total Local Usage
	0  -  Run Bytes Sent By Job
	0  -  Run Bytes Received By Job
	0  -  Total Bytes Sent By Job
	0  -  Total Bytes Received By Job
	Partitionable Resources :    Usage  Request Allocated 
	   Cpus                 :     0.60        1         1 
	   Disk (KB)            :  7500        7500   7037864 
	   Memory (MB)          :    24        1500      1536 
	   Xferslots            :                           0 
...
000 (4191237.095.000) 12/28 21:38:52 Job submitted from host: <130.199.48.83:9618?addrs=130.199.48.83-9618&noUDP&sock=18276_3907_3>
...
001 (4191237.095.000) 12/28 21:40:16 Job executing on host: <130.199.149.231:9618?addrs=130.199.149.231-9618&noUDP&sock=4432_c583_3>
...
006 (4191237.095.000) 12/28 21:40:54 Image size of job updated: 2250
	1  -  MemoryUsage of job (MB)
	256  -  ResidentSetSize of job (KB)
...
006 (4191237.095.000) 12/28 21:42:02 Image size of job updated: 232352
	1  -  MemoryUsage of job (MB)
	256  -  ResidentSetSize of job (KB)
...
005 (4191237.095.000) 12/28 21:42:02 Job terminated.
	(1) Normal termination (return value 0)
		Usr 0 00:00:12, Sys 0 00:00:01  -  Run Remote Usage
		Usr 0 00:00:00, Sys 0 00:00:00  -  Run Local Usage
		Usr 0 00:00:12, Sys 0 00:00:01  -  Total Remote Usage
		Usr 0 00:00:00, Sys 0 00:00:00  -  Total Local Usage
	0  -  Run Bytes Sent By Job
	0  -  Run Bytes Received By Job
	0  -  Total Bytes Sent By Job
	0  -  Total Bytes Received By Job
	Partitionable Resources :    Usage  Request Allocated 
	   Cpus                 :     0.51        1         1 
	   Disk (KB)            :  2250        2250  14337494 
	   Memory (MB)          :     1        1500      1536 
	   Xferslots            :                           0 
...
000 (4337380.015.000) 02/13 19:10:53 Job submitted from host: <130.199.48.83:9618?addrs=130.199.48.83-9618&noUDP&sock=18276_3907_3>
...
001 (4337380.015.000) 02/13 19:11:23 Job executing on host: <130.199.158.142:9618?addrs=130.199.158.142-9618&noUDP&sock=37528_3cdb_3>
...
006 (4337380.015.000) 02/13 19:11:32 Image size of job updated: 36508
	34  -  MemoryUsage of job (MB)
	34360  -  ResidentSetSize of job (KB)
...
005 (4337380.015.000) 02/13 19:11:53 Job terminated.
	(1) Normal termination (return value 0)
		Usr 0 00:00:27, Sys 0 00:00:00  -  Run Remote Usage
		Usr 0 00:00:00, Sys 0 00:00:00  -  Run Local Usage
		Usr 0 00:00:27, Sys 0 00:00:00  -  Total Remote Usage
		Usr 0 00:00:00, Sys 0 00:00:00  -  Total Local Usage
	0  -  Run Bytes Sent By Job
	0  -  Run Bytes Received By Job
	0  -  Total Bytes Sent By Job
	0  -  Total Bytes Received By Job
	Partitionable Resources :    Usage  Request Allocated 
	   Cpus                 :     0.93        1         1 
	   Disk (KB)            :  7500        7500   7038836 
	   Memory (MB)          :    34        1500      1536 
	   Xferslots            :                           0 
...
000 (4337381.115.000) 02/13 21:14:05 Job submitted from host: <130.199.48.83:9618?addrs=130.199.48.83-9618&noUDP&sock=18276_3907_3>
...
001 (4337381.115.000) 02/13 21:15:22 Job executing on host: <130.199.200.8:9618?addrs=130.199.200.8-9618&noUDP&sock=32931_5863_3>
...
006 (4337381.115.000) 02/13 21:15:31 Image size of job updated: 80012
	44  -  MemoryUsage of job (MB)
	44972  -  ResidentSetSize of job (KB)
...
006 (4337381.115.000) 02/13 21:15:58 Image size of job updated: 288424
	44  -  MemoryUsage of job (MB)
	44972  -  ResidentSetSize of job (KB)
...
005 (4337381.115.000) 02/13 21:15:58 Job terminated.
	(1) Normal termination (return value 0)
		Usr 0 00:00:20, Sys 0 00:00:01  -  Run Remote Usage
		Usr 0 00:00:00, Sys 0 00:00:00  -  Run Local Usage
		Usr 0 00:00:20, Sys 0 00:00:01  -  Total Remote Usage
		Usr 0 00:00:00, Sys 0 00:00:00  -  Total Local Usage
	0  -  Run Bytes Sent By Job
	0  -  Run Bytes Received By Job
	0  -  Total Bytes Sent By Job
	0  -  Total Bytes Received By Job
	Partitionable Resources :    Usage  Request Allocated 
	   Cpus                 :     0.54        1         1 
	   Disk (KB)            :  2250        2250   2619178 
	   Memory (MB)          :    44        1500      1536 
	   Xferslots            :                           0 
...
000 (4366925.015.000) 02/21 02:28:17 Job submitted from host: <130.199.48.83:9618?addrs=130.199.48.83-9618&noUDP&sock=18276_3907_3>
...
001 (4366925.015.000) 02/21 02:32:00 Job executing on host: <130.199.157.6:9618?addrs=130.199.157.6-9618&noUDP&sock=106203_021d_3>
...
006 (4366925.015.000) 02/21 02:32:09 Image size of job updated: 36496
	34  -  MemoryUsage of job (MB)
	34360  -  ResidentSetSize of job (KB)
...
005 (4366925.015.000) 02/21 02:32:16 Job terminated.
	(1) Normal termination (return value 0)
		Usr 0 00:00:13, Sys 0 00:00:00  -  Run Remote Usage
		Usr 0 00:00:00, Sys 0 00:00:00  -  Run Local Usage
		Usr 0 00:00:13, Sys 0 00:00:00  -  Total Remote Usage
		Usr 0 00:00:00, Sys 0 00:00:00  -  Total Local Usage
	0  -  Run Bytes Sent By Job
	0  -  Run Bytes Received By Job
	0  -  Total Bytes Sent By Job
	0  -  Total Bytes Received By Job
	Partitionable Resources :    Usage  Request Allocated 
	   Cpus                 :        0        1         1 
	   Disk (KB)            :     7500     7500   6743392 
	   Memory (MB)          :       34     1500      1536 
	   Xferslots            :                           0 
...
000 (4366926.115.000) 02/21 04:43:51 Job submitted from host: <130.199.48.83:9618?addrs=130.199.48.83-9618&noUDP&sock=18276_3907_3>
...
001 (4366926.115.000) 02/21 04:51:32 Job executing on host: <130.199.158.30:9618?addrs=130.199.158.30-9618&noUDP&sock=24077_2a81_3>
...
006 (4366926.115.000) 02/21 04:51:40 Image size of job updated: 185156
	107  -  MemoryUsage of job (MB)
	109504  -  ResidentSetSize of job (KB)
...
006 (4366926.115.000) 02/21 04:51:56 Image size of job updated: 299200
	107  -  MemoryUsage of job (MB)
	109504  -  ResidentSetSize of job (KB)
...
005 (4366926.115.000) 02/21 04:51:56 Job terminated.
	(1) Normal termination (return value 0)
		Usr 0 00:00:22, Sys 0 00:00:01  -  Run Remote Usage
		Usr 0 00:00:00, Sys 0 00:00:00  -  Run Local Usage
		Usr 0 00:00:22, Sys 0 00:00:01  -  Total Remote Usage
		Usr 0 00:00:00, Sys 0 00:00:00  -  Total Local Usage
	0  -  Run Bytes Sent By Job
	0  -  Run Bytes Received By Job
	0  -  Total Bytes Sent By Job
	0  -  Total Bytes Received By Job
	Partitionable Resources :    Usage  Request Allocated 
	   Cpus                 :     0.91        1         1 
	   Disk (KB)            :  2250        2250   3329012 
	   Memory (MB)          :   107        1500      1536 
	   Xferslots            :                           0 
...
000 (4366932.015.000) 02/22 16:51:03 Job submitted from host: <130.199.48.83:9618?addrs=130.199.48.83-9618&noUDP&sock=18276_3907_3>
...
001 (4366932.015.000) 02/22 16:51:47 Job executing on host: <130.199.200.109:9618?addrs=130.199.200.109-9618&noUDP&sock=456850_5b6e_3>
...
006 (4366932.015.000) 02/22 16:51:47 Image size of job updated: 7500
	0  -  MemoryUsage of job (MB)
	0  -  ResidentSetSize of job (KB)
...
005 (4366932.015.000) 02/22 16:51:48 Job terminated.
	(1) Normal termination (return value 1)
		Usr 0 00:00:00, Sys 0 00:00:00  -  Run Remote Usage
		Usr 0 00:00:00, Sys 0 00:00:00  -  Run Local Usage
		Usr 0 00:00:00, Sys 0 00:00:00  -  Total Remote Usage
		Usr 0 00:00:00, Sys 0 00:00:00  -  Total Local Usage
	0  -  Run Bytes Sent By Job
	0  -  Run Bytes Received By Job
	0  -  Total Bytes Sent By Job
	0  -  Total Bytes Received By Job
	Partitionable Resources :    Usage  Request Allocated 
	   Cpus                 :                 1         1 
	   Disk (KB)            :     7500     7500   5106396 
	   Memory (MB)          :        0     1500      1536 
	   Xferslots            :                           0 
...
000 (4366934.015.000) 02/22 17:32:46 Job submitted from host: <130.199.48.83:9618?addrs=130.199.48.83-9618&noUDP&sock=18276_3907_3>
...
001 (4366934.015.000) 02/22 17:33:49 Job executing on host: <130.199.158.43:9618?addrs=130.199.158.43-9618&noUDP&sock=29515_3971_3>
...
006 (4366934.015.000) 02/22 17:33:49 Image size of job updated: 7500
	0  -  MemoryUsage of job (MB)
	0  -  ResidentSetSize of job (KB)
...
005 (4366934.015.000) 02/22 17:33:50 Job terminated.
	(1) Normal termination (return value 1)
		Usr 0 00:00:00, Sys 0 00:00:00  -  Run Remote Usage
		Usr 0 00:00:00, Sys 0 00:00:00  -  Run Local Usage
		Usr 0 00:00:00, Sys 0 00:00:00  -  Total Remote Usage
		Usr 0 00:00:00, Sys 0 00:00:00  -  Total Local Usage
	0  -  Run Bytes Sent By Job
	0  -  Run Bytes Received By Job
	0  -  Total Bytes Sent By Job
	0  -  Total Bytes Received By Job
	Partitionable Resources :    Usage  Request Allocated 
	   Cpus                 :                 1         1 
	   Disk (KB)            :     7500     7500   3328917 
	   Memory (MB)          :        0     1500      1536 
	   Xferslots            :                           0 
...
000 (4366936.015.000) 02/22 17:47:22 Job submitted from host: <130.199.48.83:9618?addrs=130.199.48.83-9618&noUDP&sock=18276_3907_3>
...
001 (4366936.015.000) 02/22 17:48:24 Job executing on host: <130.199.156.239:9618?addrs=130.199.156.239-9618&noUDP&sock=98812_d99e_3>
...
006 (4366936.015.000) 02/22 17:48:24 Image size of job updated: 7500
	0  -  MemoryUsage of job (MB)
	0  -  ResidentSetSize of job (KB)
...
005 (4366936.015.000) 02/22 17:48:25 Job terminated.
	(1) Normal termination (return value 1)
		Usr 0 00:00:00, Sys 0 00:00:00  -  Run Remote Usage
		Usr 0 00:00:00, Sys 0 00:00:00  -  Run Local Usage
		Usr 0 00:00:00, Sys 0 00:00:00  -  Total Remote Usage
		Usr 0 00:00:00, Sys 0 00:00:00  -  Total Local Usage
	0  -  Run Bytes Sent By Job
	0  -  Run Bytes Received By Job
	0  -  Total Bytes Sent By Job
	0  -  Total Bytes Received By Job
	Partitionable Resources :    Usage  Request Allocated 
	   Cpus                 :        0        1         1 
	   Disk (KB)            :     7500     7500   6743395 
	   Memory (MB)          :        0     1500      1536 
	   Xferslots            :                           0 
...
000 (4366938.015.000) 02/22 17:55:05 Job submitted from host: <130.199.48.83:9618?addrs=130.199.48.83-9618&noUDP&sock=18276_3907_3>
...
001 (4366938.015.000) 02/22 17:55:32 Job executing on host: <130.199.200.105:9618?addrs=130.199.200.105-9618&noUDP&sock=215229_5c64_3>
...
006 (4366938.015.000) 02/22 17:55:33 Image size of job updated: 7500
	0  -  MemoryUsage of job (MB)
	0  -  ResidentSetSize of job (KB)
...
005 (4366938.015.000) 02/22 17:55:33 Job terminated.
	(1) Normal termination (return value 1)
		Usr 0 00:00:00, Sys 0 00:00:00  -  Run Remote Usage
		Usr 0 00:00:00, Sys 0 00:00:00  -  Run Local Usage
		Usr 0 00:00:00, Sys 0 00:00:00  -  Total Remote Usage
		Usr 0 00:00:00, Sys 0 00:00:00  -  Total Local Usage
	0  -  Run Bytes Sent By Job
	0  -  Run Bytes Received By Job
	0  -  Total Bytes Sent By Job
	0  -  Total Bytes Received By Job
	Partitionable Resources :    Usage  Request Allocated 
	   Cpus                 :                 1         1 
	   Disk (KB)            :     7500     7500   5106402 
	   Memory (MB)          :        0     1500      1536 
	   Xferslots            :                           0 
...
000 (4366940.015.000) 02/22 18:08:30 Job submitted from host: <130.199.48.83:9618?addrs=130.199.48.83-9618&noUDP&sock=18276_3907_3>
...
001 (4366940.015.000) 02/22 18:09:53 Job executing on host: <130.199.156.25:9618?addrs=130.199.156.25-9618&noUDP&sock=3432_48be_3>
...
006 (4366940.015.000) 02/22 18:09:53 Image size of job updated: 7500
	0  -  MemoryUsage of job (MB)
	0  -  ResidentSetSize of job (KB)
...
005 (4366940.015.000) 02/22 18:09:53 Job terminated.
	(1) Normal termination (return value 1)
		Usr 0 00:00:00, Sys 0 00:00:00  -  Run Remote Usage
		Usr 0 00:00:00, Sys 0 00:00:00  -  Run Local Usage
		Usr 0 00:00:00, Sys 0 00:00:00  -  Total Remote Usage
		Usr 0 00:00:00, Sys 0 00:00:00  -  Total Local Usage
	0  -  Run Bytes Sent By Job
	0  -  Run Bytes Received By Job
	0  -  Total Bytes Sent By Job
	0  -  Total Bytes Received By Job
	Partitionable Resources :    Usage  Request Allocated 
	   Cpus                 :                 1         1 
	   Disk (KB)            :     7500     7500   3325681 
	   Memory (MB)          :        0     1500      1536 
	   Xferslots            :                           0 
...
000 (4366942.015.000) 02/22 18:15:07 Job submitted from host: <130.199.48.83:9618?addrs=130.199.48.83-9618&noUDP&sock=18276_3907_3>
...
001 (4366942.015.000) 02/22 18:16:04 Job executing on host: <130.199.202.106:9618?addrs=130.199.202.106-9618&noUDP&sock=412432_9ef3_3>
...
006 (4366942.015.000) 02/22 18:16:05 Image size of job updated: 7500
	0  -  MemoryUsage of job (MB)
	0  -  ResidentSetSize of job (KB)
...
005 (4366942.015.000) 02/22 18:16:06 Job terminated.
	(1) Normal termination (return value 1)
		Usr 0 00:00:00, Sys 0 00:00:01  -  Run Remote Usage
		Usr 0 00:00:00, Sys 0 00:00:00  -  Run Local Usage
		Usr 0 00:00:00, Sys 0 00:00:01  -  Total Remote Usage
		Usr 0 00:00:00, Sys 0 00:00:00  -  Total Local Usage
	0  -  Run Bytes Sent By Job
	0  -  Run Bytes Received By Job
	0  -  Total Bytes Sent By Job
	0  -  Total Bytes Received By Job
	Partitionable Resources :    Usage  Request Allocated 
	   Cpus                 :                 1         1 
	   Disk (KB)            :     7500     7500   4811789 
	   Memory (MB)          :        0     1500      1536 
	   Xferslots            :                           0 
...
000 (4366945.015.000) 02/22 18:23:52 Job submitted from host: <130.199.48.83:9618?addrs=130.199.48.83-9618&noUDP&sock=18276_3907_3>
...
001 (4366945.015.000) 02/22 18:24:41 Job executing on host: <130.199.156.15:9618?addrs=130.199.156.15-9618&noUDP&sock=30873_03a5_3>
...
006 (4366945.015.000) 02/22 18:24:41 Image size of job updated: 7500
	0  -  MemoryUsage of job (MB)
	0  -  ResidentSetSize of job (KB)
...
005 (4366945.015.000) 02/22 18:24:41 Job terminated.
	(1) Normal termination (return value 1)
		Usr 0 00:00:00, Sys 0 00:00:00  -  Run Remote Usage
		Usr 0 00:00:00, Sys 0 00:00:00  -  Run Local Usage
		Usr 0 00:00:00, Sys 0 00:00:00  -  Total Remote Usage
		Usr 0 00:00:00, Sys 0 00:00:00  -  Total Local Usage
	0  -  Run Bytes Sent By Job
	0  -  Run Bytes Received By Job
	0  -  Total Bytes Sent By Job
	0  -  Total Bytes Received By Job
	Partitionable Resources :    Usage  Request Allocated 
	   Cpus                 :                 1         1 
	   Disk (KB)            :     7500     7500   3325681 
	   Memory (MB)          :        0     1500      1536 
	   Xferslots            :                           0 
...
000 (240431.015.000) 02/22 18:27:55 Job submitted from host: <130.199.48.37:9618?addrs=130.199.48.37-9618&noUDP&sock=9957_5d42_3>
...
001 (240431.015.000) 02/22 18:28:22 Job executing on host: <130.199.158.195:9618?addrs=130.199.158.195-9618&noUDP&sock=10183_e3f3_3>
...
006 (240431.015.000) 02/22 18:28:22 Image size of job updated: 7500
	0  -  MemoryUsage of job (MB)
	0  -  ResidentSetSize of job (KB)
...
005 (240431.015.000) 02/22 18:28:22 Job terminated.
	(1) Normal termination (return value 1)
		Usr 0 00:00:00, Sys 0 00:00:00  -  Run Remote Usage
		Usr 0 00:00:00, Sys 0 00:00:00  -  Run Local Usage
		Usr 0 00:00:00, Sys 0 00:00:00  -  Total Remote Usage
		Usr 0 00:00:00, Sys 0 00:00:00  -  Total Local Usage
	0  -  Run Bytes Sent By Job
	0  -  Run Bytes Received By Job
	0  -  Total Bytes Sent By Job
	0  -  Total Bytes Received By Job
	Partitionable Resources :    Usage  Request Allocated 
	   Cpus                 :                 1         1 
	   Disk (KB)            :     7500     7500   7037864 
	   Memory (MB)          :        0     1500      1536 
	   Xferslots            :                           0 
...
000 (240433.015.000) 02/22 18:29:29 Job submitted from host: <130.199.48.37:9618?addrs=130.199.48.37-9618&noUDP&sock=9957_5d42_3>
...
001 (240433.015.000) 02/22 18:30:42 Job executing on host: <130.199.158.84:9618?addrs=130.199.158.84-9618&noUDP&sock=34756_ef4a_3>
...
006 (240433.015.000) 02/22 18:30:43 Image size of job updated: 7500
	0  -  MemoryUsage of job (MB)
	0  -  ResidentSetSize of job (KB)
...
005 (240433.015.000) 02/22 18:30:43 Job terminated.
	(1) Normal termination (return value 1)
		Usr 0 00:00:00, Sys 0 00:00:00  -  Run Remote Usage
		Usr 0 00:00:00, Sys 0 00:00:00  -  Run Local Usage
		Usr 0 00:00:00, Sys 0 00:00:00  -  Total Remote Usage
		Usr 0 00:00:00, Sys 0 00:00:00  -  Total Local Usage
	0  -  Run Bytes Sent By Job
	0  -  Run Bytes Received By Job
	0  -  Total Bytes Sent By Job
	0  -  Total Bytes Received By Job
	Partitionable Resources :    Usage  Request Allocated 
	   Cpus                 :        0        1         1 
	   Disk (KB)            :     7500     7500   7038852 
	   Memory (MB)          :        0     1500      1536 
	   Xferslots            :                           0 
...
000 (240435.015.000) 02/22 18:33:58 Job submitted from host: <130.199.48.37:9618?addrs=130.199.48.37-9618&noUDP&sock=9957_5d42_3>
...
001 (240435.015.000) 02/22 18:34:19 Job executing on host: <130.199.149.250:9618?addrs=130.199.149.250-9618&noUDP&sock=3137_eb9e_3>
...
006 (240435.015.000) 02/22 18:34:19 Image size of job updated: 7500
	0  -  MemoryUsage of job (MB)
	0  -  ResidentSetSize of job (KB)
...
005 (240435.015.000) 02/22 18:34:19 Job terminated.
	(1) Normal termination (return value 1)
		Usr 0 00:00:00, Sys 0 00:00:00  -  Run Remote Usage
		Usr 0 00:00:00, Sys 0 00:00:00  -  Run Local Usage
		Usr 0 00:00:00, Sys 0 00:00:00  -  Total Remote Usage
		Usr 0 00:00:00, Sys 0 00:00:00  -  Total Local Usage
	0  -  Run Bytes Sent By Job
	0  -  Run Bytes Received By Job
	0  -  Total Bytes Sent By Job
	0  -  Total Bytes Received By Job
	Partitionable Resources :    Usage  Request Allocated 
	   Cpus                 :        0        1         1 
	   Disk (KB)            :     7500     7500  14337491 
	   Memory (MB)          :        0     1500      1536 
	   Xferslots            :                           0 
...
000 (4366958.015.000) 02/23 17:36:32 Job submitted from host: <130.199.48.83:9618?addrs=130.199.48.83-9618&noUDP&sock=18276_3907_3>
...
001 (4366958.015.000) 02/23 17:37:53 Job executing on host: <130.199.156.237:9618?addrs=130.199.156.237-9618&noUDP&sock=3247_bbe7_3>
...
006 (4366958.015.000) 02/23 17:38:02 Image size of job updated: 34480
	34  -  MemoryUsage of job (MB)
	34360  -  ResidentSetSize of job (KB)
...
006 (4366958.015.000) 02/23 17:38:12 Image size of job updated: 2161500
	34  -  MemoryUsage of job (MB)
	34360  -  ResidentSetSize of job (KB)
...
005 (4366958.015.000) 02/23 17:38:12 Job terminated.
	(1) Normal termination (return value 0)
		Usr 0 00:00:17, Sys 0 00:00:00  -  Run Remote Usage
		Usr 0 00:00:00, Sys 0 00:00:00  -  Run Local Usage
		Usr 0 00:00:17, Sys 0 00:00:00  -  Total Remote Usage
		Usr 0 00:00:00, Sys 0 00:00:00  -  Total Local Usage
	0  -  Run Bytes Sent By Job
	0  -  Run Bytes Received By Job
	0  -  Total Bytes Sent By Job
	0  -  Total Bytes Received By Job
	Partitionable Resources :    Usage  Request Allocated 
	   Cpus                 :     0.98        1         1 
	   Disk (KB)            :  7500        7500   6743384 
	   Memory (MB)          :    34        1500      1536 
	   Xferslots            :                           0 
...
000 (4366962.015.000) 02/24 21:54:34 Job submitted from host: <130.199.48.83:9618?addrs=130.199.48.83-9618&noUDP&sock=18276_3907_3>
...
001 (4366962.015.000) 02/24 21:56:44 Job executing on host: <130.199.200.112:9618?addrs=130.199.200.112-9618&noUDP&sock=187614_8fe1_3>
...
006 (4366962.015.000) 02/24 21:56:53 Image size of job updated: 36480
	34  -  MemoryUsage of job (MB)
	34332  -  ResidentSetSize of job (KB)
...
005 (4366962.015.000) 02/24 21:56:59 Job terminated.
	(1) Normal termination (return value 0)
		Usr 0 00:00:13, Sys 0 00:00:01  -  Run Remote Usage
		Usr 0 00:00:00, Sys 0 00:00:00  -  Run Local Usage
		Usr 0 00:00:13, Sys 0 00:00:01  -  Total Remote Usage
		Usr 0 00:00:00, Sys 0 00:00:00  -  Total Local Usage
	0  -  Run Bytes Sent By Job
	0  -  Run Bytes Received By Job
	0  -  Total Bytes Sent By Job
	0  -  Total Bytes Received By Job
	Partitionable Resources :    Usage  Request Allocated 
	   Cpus                 :        0        1         1 
	   Disk (KB)            :     7500     7500   5106407 
	   Memory (MB)          :       34     1500      1536 
	   Xferslots            :                           0 
...
000 (4366963.115.000) 02/25 00:30:17 Job submitted from host: <130.199.48.83:9618?addrs=130.199.48.83-9618&noUDP&sock=18276_3907_3>
...
001 (4366963.115.000) 02/25 00:31:04 Job executing on host: <130.199.153.196:9618?addrs=130.199.153.196-9618&noUDP&sock=27670_4e20_3>
...
006 (4366963.115.000) 02/25 00:31:13 Image size of job updated: 161800
	83  -  MemoryUsage of job (MB)
	84624  -  ResidentSetSize of job (KB)
...
006 (4366963.115.000) 02/25 00:31:28 Image size of job updated: 161800
	83  -  MemoryUsage of job (MB)
	84676  -  ResidentSetSize of job (KB)
...
005 (4366963.115.000) 02/25 00:31:28 Job terminated.
	(1) Normal termination (return value 0)
		Usr 0 00:00:17, Sys 0 00:00:01  -  Run Remote Usage
		Usr 0 00:00:00, Sys 0 00:00:00  -  Run Local Usage
		Usr 0 00:00:17, Sys 0 00:00:01  -  Total Remote Usage
		Usr 0 00:00:00, Sys 0 00:00:00  -  Total Local Usage
	0  -  Run Bytes Sent By Job
	0  -  Run Bytes Received By Job
	0  -  Total Bytes Sent By Job
	0  -  Total Bytes Received By Job
	Partitionable Resources :    Usage  Request Allocated 
	   Cpus                 :     0.09        1         1 
	   Disk (KB)            :  2250        2250   1136326 
	   Memory (MB)          :    83        1500      1536 
	   Xferslots            :                           0 
...
000 (4366964.115.000) 02/25 00:51:06 Job submitted from host: <130.199.48.83:9618?addrs=130.199.48.83-9618&noUDP&sock=18276_3907_3>
...
001 (4366964.115.000) 02/25 00:52:34 Job executing on host: <130.199.157.4:9618?addrs=130.199.157.4-9618&noUDP&sock=329153_de64_3>
...
006 (4366964.115.000) 02/25 00:52:42 Image size of job updated: 143708
	130  -  MemoryUsage of job (MB)
	132628  -  ResidentSetSize of job (KB)
...
006 (4366964.115.000) 02/25 00:52:49 Image size of job updated: 143708
	130  -  MemoryUsage of job (MB)
	132716  -  ResidentSetSize of job (KB)
...
005 (4366964.115.000) 02/25 00:52:49 Job terminated.
	(1) Normal termination (return value 0)
		Usr 0 00:00:12, Sys 0 00:00:00  -  Run Remote Usage
		Usr 0 00:00:00, Sys 0 00:00:00  -  Run Local Usage
		Usr 0 00:00:12, Sys 0 00:00:00  -  Total Remote Usage
		Usr 0 00:00:00, Sys 0 00:00:00  -  Total Local Usage
	0  -  Run Bytes Sent By Job
	0  -  Run Bytes Received By Job
	0  -  Total Bytes Sent By Job
	0  -  Total Bytes Received By Job
	Partitionable Resources :    Usage  Request Allocated 
	   Cpus                 :     0.00        1         1 
	   Disk (KB)            :  2250        2250   6743389 
	   Memory (MB)          :   130        1500      1536 
	   Xferslots            :                           0 
...
000 (4366971.015.000) 02/27 22:18:24 Job submitted from host: <130.199.48.83:9618?addrs=130.199.48.83-9618&noUDP&sock=18276_3907_3>
...
001 (4366971.015.000) 02/27 22:20:06 Job executing on host: <130.199.202.109:9618?addrs=130.199.202.109-9618&noUDP&sock=19041_55ea_3>
...
006 (4366971.015.000) 02/27 22:20:15 Image size of job updated: 33708
	33  -  MemoryUsage of job (MB)
	33252  -  ResidentSetSize of job (KB)
...
005 (4366971.015.000) 02/27 22:20:28 Job terminated.
	(1) Normal termination (return value 0)
		Usr 0 00:00:15, Sys 0 00:00:00  -  Run Remote Usage
		Usr 0 00:00:00, Sys 0 00:00:00  -  Run Local Usage
		Usr 0 00:00:15, Sys 0 00:00:00  -  Total Remote Usage
		Usr 0 00:00:00, Sys 0 00:00:00  -  Total Local Usage
	0  -  Run Bytes Sent By Job
	0  -  Run Bytes Received By Job
	0  -  Total Bytes Sent By Job
	0  -  Total Bytes Received By Job
	Partitionable Resources :    Usage  Request Allocated 
	   Cpus                 :     0.06        1         1 
	   Disk (KB)            :  7500        7500   4811798 
	   Memory (MB)          :    33        1500      1536 
	   Xferslots            :                           0 
...
000 (4366972.115.000) 02/27 23:22:41 Job submitted from host: <130.199.48.83:9618?addrs=130.199.48.83-9618&noUDP&sock=18276_3907_3>
...
001 (4366972.115.000) 02/27 23:23:41 Job executing on host: <130.199.156.4:9618?addrs=130.199.156.4-9618&noUDP&sock=22572_da3f_3>
...
006 (4366972.115.000) 02/27 23:23:50 Image size of job updated: 191216
	112  -  MemoryUsage of job (MB)
	114336  -  ResidentSetSize of job (KB)
...
006 (4366972.115.000) 02/27 23:24:04 Image size of job updated: 277100
	112  -  MemoryUsage of job (MB)
	114336  -  ResidentSetSize of job (KB)
...
005 (4366972.115.000) 02/27 23:24:05 Job terminated.
	(1) Normal termination (return value 0)
		Usr 0 00:00:19, Sys 0 00:00:01  -  Run Remote Usage
		Usr 0 00:00:00, Sys 0 00:00:00  -  Run Local Usage
		Usr 0 00:00:19, Sys 0 00:00:01  -  Total Remote Usage
		Usr 0 00:00:00, Sys 0 00:00:00  -  Total Local Usage
	0  -  Run Bytes Sent By Job
	0  -  Run Bytes Received By Job
	0  -  Total Bytes Sent By Job
	0  -  Total Bytes Received By Job
	Partitionable Resources :    Usage  Request Allocated 
	   Cpus                 :     0.85        1         1 
	   Disk (KB)            :  2250        2250   3325670 
	   Memory (MB)          :   112        1500      1536 
	   Xferslots            :                           0 
...
