000 (4054013.003.000) 07/15 20:24:31 Job submitted from host: <130.199.48.83:9618?addrs=130.199.48.83-9618&noUDP&sock=8867_649e_3>
...
001 (4054013.003.000) 07/15 20:25:06 Job executing on host: <130.199.156.46:9618?addrs=130.199.156.46-9618&noUDP&sock=18048_104b_3>
...
006 (4054013.003.000) 07/15 20:25:15 Image size of job updated: 35440
	34  -  MemoryUsage of job (MB)
	34288  -  ResidentSetSize of job (KB)
...
006 (4054013.003.000) 07/15 20:25:35 Image size of job updated: 35484
	34  -  MemoryUsage of job (MB)
	34288  -  ResidentSetSize of job (KB)
...
005 (4054013.003.000) 07/15 20:25:35 Job terminated.
	(1) Normal termination (return value 0)
		Usr 0 00:00:24, Sys 0 00:00:00  -  Run Remote Usage
		Usr 0 00:00:00, Sys 0 00:00:00  -  Run Local Usage
		Usr 0 00:00:24, Sys 0 00:00:00  -  Total Remote Usage
		Usr 0 00:00:00, Sys 0 00:00:00  -  Total Local Usage
	0  -  Run Bytes Sent By Job
	0  -  Run Bytes Received By Job
	0  -  Total Bytes Sent By Job
	0  -  Total Bytes Received By Job
	Partitionable Resources :    Usage  Request Allocated 
	   Cpus                 :        0        1         1 
	   Disk (KB)            :     7500     7500   3325612 
	   Memory (MB)          :       34     1500      1536 
	   Xferslots            :                           0 
...
000 (4054016.000.000) 07/23 12:26:31 Job submitted from host: <130.199.48.83:9618?addrs=130.199.48.83-9618&noUDP&sock=8867_649e_3>
...
001 (4054016.000.000) 07/23 12:28:27 Job executing on host: <130.199.202.114:9618?addrs=130.199.202.114-9618&noUDP&sock=30148_8f96_3>
...
006 (4054016.000.000) 07/23 12:28:35 Image size of job updated: 35480
	34  -  MemoryUsage of job (MB)
	34308  -  ResidentSetSize of job (KB)
...
006 (4054016.000.000) 07/23 12:30:29 Image size of job updated: 35492
	34  -  MemoryUsage of job (MB)
	34308  -  ResidentSetSize of job (KB)
...
005 (4054016.000.000) 07/23 12:30:30 Job terminated.
	(1) Normal termination (return value 0)
		Usr 0 00:01:55, Sys 0 00:00:01  -  Run Remote Usage
		Usr 0 00:00:00, Sys 0 00:00:00  -  Run Local Usage
		Usr 0 00:01:55, Sys 0 00:00:01  -  Total Remote Usage
		Usr 0 00:00:00, Sys 0 00:00:00  -  Total Local Usage
	0  -  Run Bytes Sent By Job
	0  -  Run Bytes Received By Job
	0  -  Total Bytes Sent By Job
	0  -  Total Bytes Received By Job
	Partitionable Resources :    Usage  Request Allocated 
	   Cpus                 :     0.98        1         1 
	   Disk (KB)            :  7500        7500   4811685 
	   Memory (MB)          :    34        1500      1536 
	   Xferslots            :                           0 
...
