000 (4054013.001.000) 07/15 20:24:31 Job submitted from host: <130.199.48.83:9618?addrs=130.199.48.83-9618&noUDP&sock=8867_649e_3>
...
001 (4054013.001.000) 07/15 20:25:07 Job executing on host: <130.199.200.102:9618?addrs=130.199.200.102-9618&noUDP&sock=116967_adaa_3>
...
006 (4054013.001.000) 07/15 20:25:15 Image size of job updated: 35488
	34  -  MemoryUsage of job (MB)
	34312  -  ResidentSetSize of job (KB)
...
006 (4054013.001.000) 07/15 20:25:24 Image size of job updated: 2152880
	34  -  MemoryUsage of job (MB)
	34312  -  ResidentSetSize of job (KB)
...
005 (4054013.001.000) 07/15 20:25:25 Job terminated.
	(1) Normal termination (return value 0)
		Usr 0 00:00:15, Sys 0 00:00:00  -  Run Remote Usage
		Usr 0 00:00:00, Sys 0 00:00:00  -  Run Local Usage
		Usr 0 00:00:15, Sys 0 00:00:00  -  Total Remote Usage
		Usr 0 00:00:00, Sys 0 00:00:00  -  Total Local Usage
	0  -  Run Bytes Sent By Job
	0  -  Run Bytes Received By Job
	0  -  Total Bytes Sent By Job
	0  -  Total Bytes Received By Job
	Partitionable Resources :    Usage  Request Allocated 
	   Cpus                 :     0.98        1         1 
	   Disk (KB)            :  7500        7500   5106402 
	   Memory (MB)          :    34        1500      1536 
	   Xferslots            :                           0 
...
000 (4159736.002.000) 09/20 03:40:33 Job submitted from host: <130.199.48.83:9618?addrs=130.199.48.83-9618&noUDP&sock=8867_649e_3>
...
000 (4159737.002.000) 09/20 03:40:57 Job submitted from host: <130.199.48.83:9618?addrs=130.199.48.83-9618&noUDP&sock=8867_649e_3>
...
000 (4159738.002.000) 09/20 03:41:33 Job submitted from host: <130.199.48.83:9618?addrs=130.199.48.83-9618&noUDP&sock=8867_649e_3>
...
000 (4159739.002.000) 09/20 03:41:55 Job submitted from host: <130.199.48.83:9618?addrs=130.199.48.83-9618&noUDP&sock=8867_649e_3>
...
000 (4159740.002.000) 09/20 03:42:15 Job submitted from host: <130.199.48.83:9618?addrs=130.199.48.83-9618&noUDP&sock=8867_649e_3>
...
001 (4159737.002.000) 09/20 04:53:58 Job executing on host: <130.199.200.72:9618?addrs=130.199.200.72-9618&noUDP&sock=18996_17fb_3>
...
001 (4159736.002.000) 09/20 04:53:58 Job executing on host: <130.199.152.219:9618?addrs=130.199.152.219-9618&noUDP&sock=15039_c0cd_3>
...
001 (4159738.002.000) 09/20 04:53:58 Job executing on host: <130.199.200.25:9618?addrs=130.199.200.25-9618&noUDP&sock=18891_dccd_3>
...
001 (4159739.002.000) 09/20 04:53:58 Job executing on host: <130.199.200.67:9618?addrs=130.199.200.67-9618&noUDP&sock=18992_d3e6_3>
...
006 (4159737.002.000) 09/20 04:53:58 Image size of job updated: 7500
	0  -  MemoryUsage of job (MB)
	0  -  ResidentSetSize of job (KB)
...
005 (4159737.002.000) 09/20 04:53:58 Job terminated.
	(1) Normal termination (return value 1)
		Usr 0 00:00:00, Sys 0 00:00:00  -  Run Remote Usage
		Usr 0 00:00:00, Sys 0 00:00:00  -  Run Local Usage
		Usr 0 00:00:00, Sys 0 00:00:00  -  Total Remote Usage
		Usr 0 00:00:00, Sys 0 00:00:00  -  Total Local Usage
	0  -  Run Bytes Sent By Job
	0  -  Run Bytes Received By Job
	0  -  Total Bytes Sent By Job
	0  -  Total Bytes Received By Job
	Partitionable Resources :    Usage  Request Allocated 
	   Cpus                 :                 1         1 
	   Disk (KB)            :     7500     7500   2619127 
	   Memory (MB)          :        0     1500      1536 
	   Xferslots            :                           0 
...
001 (4159740.002.000) 09/20 04:53:58 Job executing on host: <130.199.149.232:9618?addrs=130.199.149.232-9618&noUDP&sock=49936_368d_3>
...
006 (4159738.002.000) 09/20 04:53:58 Image size of job updated: 7500
	0  -  MemoryUsage of job (MB)
	0  -  ResidentSetSize of job (KB)
...
005 (4159738.002.000) 09/20 04:53:59 Job terminated.
	(1) Normal termination (return value 1)
		Usr 0 00:00:00, Sys 0 00:00:00  -  Run Remote Usage
		Usr 0 00:00:00, Sys 0 00:00:00  -  Run Local Usage
		Usr 0 00:00:00, Sys 0 00:00:00  -  Total Remote Usage
		Usr 0 00:00:00, Sys 0 00:00:00  -  Total Local Usage
	0  -  Run Bytes Sent By Job
	0  -  Run Bytes Received By Job
	0  -  Total Bytes Sent By Job
	0  -  Total Bytes Received By Job
	Partitionable Resources :    Usage  Request Allocated 
	   Cpus                 :                 1         1 
	   Disk (KB)            :     7500     7500   2619170 
	   Memory (MB)          :        0     1500      1536 
	   Xferslots            :                           0 
...
006 (4159739.002.000) 09/20 04:53:59 Image size of job updated: 7500
	0  -  MemoryUsage of job (MB)
	0  -  ResidentSetSize of job (KB)
...
006 (4159736.002.000) 09/20 04:53:59 Image size of job updated: 7500
	0  -  MemoryUsage of job (MB)
	0  -  ResidentSetSize of job (KB)
...
005 (4159739.002.000) 09/20 04:53:59 Job terminated.
	(1) Normal termination (return value 1)
		Usr 0 00:00:00, Sys 0 00:00:00  -  Run Remote Usage
		Usr 0 00:00:00, Sys 0 00:00:00  -  Run Local Usage
		Usr 0 00:00:00, Sys 0 00:00:00  -  Total Remote Usage
		Usr 0 00:00:00, Sys 0 00:00:00  -  Total Local Usage
	0  -  Run Bytes Sent By Job
	0  -  Run Bytes Received By Job
	0  -  Total Bytes Sent By Job
	0  -  Total Bytes Received By Job
	Partitionable Resources :    Usage  Request Allocated 
	   Cpus                 :        0        1         1 
	   Disk (KB)            :     7500     7500   2619224 
	   Memory (MB)          :        0     1500      1536 
	   Xferslots            :                           0 
...
006 (4159740.002.000) 09/20 04:53:59 Image size of job updated: 7500
	0  -  MemoryUsage of job (MB)
	0  -  ResidentSetSize of job (KB)
...
005 (4159740.002.000) 09/20 04:53:59 Job terminated.
	(1) Normal termination (return value 1)
		Usr 0 00:00:00, Sys 0 00:00:00  -  Run Remote Usage
		Usr 0 00:00:00, Sys 0 00:00:00  -  Run Local Usage
		Usr 0 00:00:00, Sys 0 00:00:00  -  Total Remote Usage
		Usr 0 00:00:00, Sys 0 00:00:00  -  Total Local Usage
	0  -  Run Bytes Sent By Job
	0  -  Run Bytes Received By Job
	0  -  Total Bytes Sent By Job
	0  -  Total Bytes Received By Job
	Partitionable Resources :    Usage  Request Allocated 
	   Cpus                 :        0        1         1 
	   Disk (KB)            :     7500     7500  14337493 
	   Memory (MB)          :        0     1500      1536 
	   Xferslots            :                           0 
...
005 (4159736.002.000) 09/20 04:53:59 Job terminated.
	(1) Normal termination (return value 1)
		Usr 0 00:00:00, Sys 0 00:00:00  -  Run Remote Usage
		Usr 0 00:00:00, Sys 0 00:00:00  -  Run Local Usage
		Usr 0 00:00:00, Sys 0 00:00:00  -  Total Remote Usage
		Usr 0 00:00:00, Sys 0 00:00:00  -  Total Local Usage
	0  -  Run Bytes Sent By Job
	0  -  Run Bytes Received By Job
	0  -  Total Bytes Sent By Job
	0  -  Total Bytes Received By Job
	Partitionable Resources :    Usage  Request Allocated 
	   Cpus                 :        0        1         1 
	   Disk (KB)            :     7500     7500   1901436 
	   Memory (MB)          :        0     1500      1536 
	   Xferslots            :                           0 
...
000 (4159750.002.000) 09/21 02:41:54 Job submitted from host: <130.199.48.83:9618?addrs=130.199.48.83-9618&noUDP&sock=8867_649e_3>
...
001 (4159750.002.000) 09/21 02:42:37 Job executing on host: <130.199.157.17:9618?addrs=130.199.157.17-9618&noUDP&sock=118097_4f22_3>
...
006 (4159750.002.000) 09/21 02:42:46 Image size of job updated: 35468
	34  -  MemoryUsage of job (MB)
	34304  -  ResidentSetSize of job (KB)
...
006 (4159750.002.000) 09/21 02:43:15 Image size of job updated: 35480
	34  -  MemoryUsage of job (MB)
	34304  -  ResidentSetSize of job (KB)
...
005 (4159750.002.000) 09/21 02:43:16 Job terminated.
	(1) Normal termination (return value 0)
		Usr 0 00:00:32, Sys 0 00:00:00  -  Run Remote Usage
		Usr 0 00:00:00, Sys 0 00:00:00  -  Run Local Usage
		Usr 0 00:00:32, Sys 0 00:00:00  -  Total Remote Usage
		Usr 0 00:00:00, Sys 0 00:00:00  -  Total Local Usage
	0  -  Run Bytes Sent By Job
	0  -  Run Bytes Received By Job
	0  -  Total Bytes Sent By Job
	0  -  Total Bytes Received By Job
	Partitionable Resources :    Usage  Request Allocated 
	   Cpus                 :     0.82        1         1 
	   Disk (KB)            :  7500        7500   6743395 
	   Memory (MB)          :    34        1500      1536 
	   Xferslots            :                           0 
...
000 (4159751.002.000) 09/21 02:45:54 Job submitted from host: <130.199.48.83:9618?addrs=130.199.48.83-9618&noUDP&sock=8867_649e_3>
...
000 (4159752.002.000) 09/21 02:46:35 Job submitted from host: <130.199.48.83:9618?addrs=130.199.48.83-9618&noUDP&sock=8867_649e_3>
...
001 (4159752.002.000) 09/21 02:46:54 Job executing on host: <130.199.157.137:9618?addrs=130.199.157.137-9618&noUDP&sock=215829_40da_3>
...
001 (4159751.002.000) 09/21 02:46:54 Job executing on host: <130.199.157.149:9618?addrs=130.199.157.149-9618&noUDP&sock=217031_abd1_3>
...
000 (4159753.002.000) 09/21 02:46:58 Job submitted from host: <130.199.48.83:9618?addrs=130.199.48.83-9618&noUDP&sock=8867_649e_3>
...
006 (4159752.002.000) 09/21 02:47:02 Image size of job updated: 35476
	34  -  MemoryUsage of job (MB)
	34308  -  ResidentSetSize of job (KB)
...
006 (4159751.002.000) 09/21 02:47:03 Image size of job updated: 35472
	34  -  MemoryUsage of job (MB)
	34304  -  ResidentSetSize of job (KB)
...
006 (4159751.002.000) 09/21 02:47:23 Image size of job updated: 35480
	34  -  MemoryUsage of job (MB)
	34304  -  ResidentSetSize of job (KB)
...
005 (4159751.002.000) 09/21 02:47:23 Job terminated.
	(1) Normal termination (return value 0)
		Usr 0 00:00:26, Sys 0 00:00:00  -  Run Remote Usage
		Usr 0 00:00:00, Sys 0 00:00:00  -  Run Local Usage
		Usr 0 00:00:26, Sys 0 00:00:00  -  Total Remote Usage
		Usr 0 00:00:00, Sys 0 00:00:00  -  Total Local Usage
	0  -  Run Bytes Sent By Job
	0  -  Run Bytes Received By Job
	0  -  Total Bytes Sent By Job
	0  -  Total Bytes Received By Job
	Partitionable Resources :    Usage  Request Allocated 
	   Cpus                 :     0.06        1         1 
	   Disk (KB)            :  7500        7500  14337878 
	   Memory (MB)          :    34        1500      1536 
	   Xferslots            :                           0 
...
001 (4159753.002.000) 09/21 02:47:23 Job executing on host: <130.199.200.100:9618?addrs=130.199.200.100-9618&noUDP&sock=117101_1672_3>
...
000 (4159754.002.000) 09/21 02:47:25 Job submitted from host: <130.199.48.83:9618?addrs=130.199.48.83-9618&noUDP&sock=8867_649e_3>
...
006 (4159752.002.000) 09/21 02:47:26 Image size of job updated: 35484
	34  -  MemoryUsage of job (MB)
	34308  -  ResidentSetSize of job (KB)
...
005 (4159752.002.000) 09/21 02:47:26 Job terminated.
	(1) Normal termination (return value 0)
		Usr 0 00:00:25, Sys 0 00:00:00  -  Run Remote Usage
		Usr 0 00:00:00, Sys 0 00:00:00  -  Run Local Usage
		Usr 0 00:00:25, Sys 0 00:00:00  -  Total Remote Usage
		Usr 0 00:00:00, Sys 0 00:00:00  -  Total Local Usage
	0  -  Run Bytes Sent By Job
	0  -  Run Bytes Received By Job
	0  -  Total Bytes Sent By Job
	0  -  Total Bytes Received By Job
	Partitionable Resources :    Usage  Request Allocated 
	   Cpus                 :        0        1         1 
	   Disk (KB)            :     7500     7500  14337878 
	   Memory (MB)          :       34     1500      1536 
	   Xferslots            :                           0 
...
006 (4159753.002.000) 09/21 02:47:32 Image size of job updated: 34572
	34  -  MemoryUsage of job (MB)
	34308  -  ResidentSetSize of job (KB)
...
001 (4159754.002.000) 09/21 02:47:33 Job executing on host: <130.199.157.5:9618?addrs=130.199.157.5-9618&noUDP&sock=118115_0182_3>
...
006 (4159754.002.000) 09/21 02:47:41 Image size of job updated: 34572
	34  -  MemoryUsage of job (MB)
	34308  -  ResidentSetSize of job (KB)
...
005 (4159753.002.000) 09/21 02:47:51 Job terminated.
	(1) Normal termination (return value 0)
		Usr 0 00:00:25, Sys 0 00:00:00  -  Run Remote Usage
		Usr 0 00:00:00, Sys 0 00:00:00  -  Run Local Usage
		Usr 0 00:00:25, Sys 0 00:00:00  -  Total Remote Usage
		Usr 0 00:00:00, Sys 0 00:00:00  -  Total Local Usage
	0  -  Run Bytes Sent By Job
	0  -  Run Bytes Received By Job
	0  -  Total Bytes Sent By Job
	0  -  Total Bytes Received By Job
	Partitionable Resources :    Usage  Request Allocated 
	   Cpus                 :        0        1         1 
	   Disk (KB)            :     7500     7500   5106409 
	   Memory (MB)          :       34     1500      1536 
	   Xferslots            :                           0 
...
006 (4159754.002.000) 09/21 02:48:12 Image size of job updated: 34576
	34  -  MemoryUsage of job (MB)
	34308  -  ResidentSetSize of job (KB)
...
005 (4159754.002.000) 09/21 02:48:12 Job terminated.
	(1) Normal termination (return value 0)
		Usr 0 00:00:34, Sys 0 00:00:00  -  Run Remote Usage
		Usr 0 00:00:00, Sys 0 00:00:00  -  Run Local Usage
		Usr 0 00:00:34, Sys 0 00:00:00  -  Total Remote Usage
		Usr 0 00:00:00, Sys 0 00:00:00  -  Total Local Usage
	0  -  Run Bytes Sent By Job
	0  -  Run Bytes Received By Job
	0  -  Total Bytes Sent By Job
	0  -  Total Bytes Received By Job
	Partitionable Resources :    Usage  Request Allocated 
	   Cpus                 :     0.76        1         1 
	   Disk (KB)            :  7500        7500   6743395 
	   Memory (MB)          :    34        1500      1536 
	   Xferslots            :                           0 
...
000 (4160441.002.000) 09/21 14:14:32 Job submitted from host: <130.199.48.83:9618?addrs=130.199.48.83-9618&noUDP&sock=8867_649e_3>
...
000 (4160442.002.000) 09/21 14:14:57 Job submitted from host: <130.199.48.83:9618?addrs=130.199.48.83-9618&noUDP&sock=8867_649e_3>
...
001 (4160441.002.000) 09/21 14:15:21 Job executing on host: <130.199.156.74:9618?addrs=130.199.156.74-9618&noUDP&sock=21422_e45d_3>
...
006 (4160441.002.000) 09/21 14:15:30 Image size of job updated: 35468
	34  -  MemoryUsage of job (MB)
	34304  -  ResidentSetSize of job (KB)
...
001 (4160442.002.000) 09/21 14:15:41 Job executing on host: <130.199.149.251:9618?addrs=130.199.149.251-9618&noUDP&sock=51952_406b_3>
...
006 (4160441.002.000) 09/21 14:15:47 Image size of job updated: 2152880
	34  -  MemoryUsage of job (MB)
	34304  -  ResidentSetSize of job (KB)
...
005 (4160441.002.000) 09/21 14:15:47 Job terminated.
	(1) Normal termination (return value 0)
		Usr 0 00:00:23, Sys 0 00:00:00  -  Run Remote Usage
		Usr 0 00:00:00, Sys 0 00:00:00  -  Run Local Usage
		Usr 0 00:00:23, Sys 0 00:00:00  -  Total Remote Usage
		Usr 0 00:00:00, Sys 0 00:00:00  -  Total Local Usage
	0  -  Run Bytes Sent By Job
	0  -  Run Bytes Received By Job
	0  -  Total Bytes Sent By Job
	0  -  Total Bytes Received By Job
	Partitionable Resources :    Usage  Request Allocated 
	   Cpus                 :        0        1         1 
	   Disk (KB)            :     7500     7500   3325681 
	   Memory (MB)          :       34     1500      1536 
	   Xferslots            :                           0 
...
006 (4160442.002.000) 09/21 14:15:50 Image size of job updated: 34572
	34  -  MemoryUsage of job (MB)
	34308  -  ResidentSetSize of job (KB)
...
005 (4160442.002.000) 09/21 14:15:59 Job terminated.
	(1) Normal termination (return value 0)
		Usr 0 00:00:16, Sys 0 00:00:00  -  Run Remote Usage
		Usr 0 00:00:00, Sys 0 00:00:00  -  Run Local Usage
		Usr 0 00:00:16, Sys 0 00:00:00  -  Total Remote Usage
		Usr 0 00:00:00, Sys 0 00:00:00  -  Total Local Usage
	0  -  Run Bytes Sent By Job
	0  -  Run Bytes Received By Job
	0  -  Total Bytes Sent By Job
	0  -  Total Bytes Received By Job
	Partitionable Resources :    Usage  Request Allocated 
	   Cpus                 :        0        1         1 
	   Disk (KB)            :     7500     7500  14337493 
	   Memory (MB)          :       34     1500      1536 
	   Xferslots            :                           0 
...
000 (4160443.002.000) 09/21 14:16:13 Job submitted from host: <130.199.48.83:9618?addrs=130.199.48.83-9618&noUDP&sock=8867_649e_3>
...
000 (4160444.002.000) 09/21 14:16:52 Job submitted from host: <130.199.48.83:9618?addrs=130.199.48.83-9618&noUDP&sock=8867_649e_3>
...
001 (4160443.002.000) 09/21 14:17:05 Job executing on host: <130.199.156.74:9618?addrs=130.199.156.74-9618&noUDP&sock=21422_e45d_3>
...
000 (4160445.002.000) 09/21 14:17:13 Job submitted from host: <130.199.48.83:9618?addrs=130.199.48.83-9618&noUDP&sock=8867_649e_3>
...
006 (4160443.002.000) 09/21 14:17:14 Image size of job updated: 34568
	34  -  MemoryUsage of job (MB)
	34304  -  ResidentSetSize of job (KB)
...
006 (4160443.002.000) 09/21 14:17:31 Image size of job updated: 34572
	34  -  MemoryUsage of job (MB)
	34304  -  ResidentSetSize of job (KB)
...
005 (4160443.002.000) 09/21 14:17:31 Job terminated.
	(1) Normal termination (return value 0)
		Usr 0 00:00:24, Sys 0 00:00:00  -  Run Remote Usage
		Usr 0 00:00:00, Sys 0 00:00:00  -  Run Local Usage
		Usr 0 00:00:24, Sys 0 00:00:00  -  Total Remote Usage
		Usr 0 00:00:00, Sys 0 00:00:00  -  Total Local Usage
	0  -  Run Bytes Sent By Job
	0  -  Run Bytes Received By Job
	0  -  Total Bytes Sent By Job
	0  -  Total Bytes Received By Job
	Partitionable Resources :    Usage  Request Allocated 
	   Cpus                 :        0        1         1 
	   Disk (KB)            :     7500     7500   3325681 
	   Memory (MB)          :       34     1500      1536 
	   Xferslots            :                           0 
...
001 (4160444.002.000) 09/21 14:20:09 Job executing on host: <130.199.156.74:9618?addrs=130.199.156.74-9618&noUDP&sock=21422_e45d_3>
...
006 (4160444.002.000) 09/21 14:20:18 Image size of job updated: 34024
	33  -  MemoryUsage of job (MB)
	33768  -  ResidentSetSize of job (KB)
...
006 (4160444.002.000) 09/21 14:20:40 Image size of job updated: 2152880
	33  -  MemoryUsage of job (MB)
	33768  -  ResidentSetSize of job (KB)
...
005 (4160444.002.000) 09/21 14:20:42 Job terminated.
	(1) Normal termination (return value 0)
		Usr 0 00:00:23, Sys 0 00:00:00  -  Run Remote Usage
		Usr 0 00:00:00, Sys 0 00:00:00  -  Run Local Usage
		Usr 0 00:00:23, Sys 0 00:00:00  -  Total Remote Usage
		Usr 0 00:00:00, Sys 0 00:00:00  -  Total Local Usage
	0  -  Run Bytes Sent By Job
	0  -  Run Bytes Received By Job
	0  -  Total Bytes Sent By Job
	0  -  Total Bytes Received By Job
	Partitionable Resources :    Usage  Request Allocated 
	   Cpus                 :        0        1         1 
	   Disk (KB)            :     7500     7500   3325681 
	   Memory (MB)          :       33     1500      1536 
	   Xferslots            :                           0 
...
001 (4160445.002.000) 09/21 14:22:52 Job executing on host: <130.199.157.4:9618?addrs=130.199.157.4-9618&noUDP&sock=118028_78b3_3>
...
006 (4160445.002.000) 09/21 14:23:00 Image size of job updated: 35468
	34  -  MemoryUsage of job (MB)
	34304  -  ResidentSetSize of job (KB)
...
006 (4160445.002.000) 09/21 14:23:13 Image size of job updated: 2152880
	34  -  MemoryUsage of job (MB)
	34304  -  ResidentSetSize of job (KB)
...
005 (4160445.002.000) 09/21 14:23:13 Job terminated.
	(1) Normal termination (return value 0)
		Usr 0 00:00:18, Sys 0 00:00:00  -  Run Remote Usage
		Usr 0 00:00:00, Sys 0 00:00:00  -  Run Local Usage
		Usr 0 00:00:18, Sys 0 00:00:00  -  Total Remote Usage
		Usr 0 00:00:00, Sys 0 00:00:00  -  Total Local Usage
	0  -  Run Bytes Sent By Job
	0  -  Run Bytes Received By Job
	0  -  Total Bytes Sent By Job
	0  -  Total Bytes Received By Job
	Partitionable Resources :    Usage  Request Allocated 
	   Cpus                 :        0        1         1 
	   Disk (KB)            :     7500     7500   6743395 
	   Memory (MB)          :       34     1500      1536 
	   Xferslots            :                           0 
...
000 (4165382.002.000) 09/23 00:14:40 Job submitted from host: <130.199.48.83:9618?addrs=130.199.48.83-9618&noUDP&sock=8867_649e_3>
...
001 (4165382.002.000) 09/23 00:15:01 Job executing on host: <130.199.202.115:9618?addrs=130.199.202.115-9618&noUDP&sock=32169_2e8f_3>
...
006 (4165382.002.000) 09/23 00:15:10 Image size of job updated: 179016
	135  -  MemoryUsage of job (MB)
	137664  -  ResidentSetSize of job (KB)
...
000 (4165383.002.000) 09/23 00:15:12 Job submitted from host: <130.199.48.83:9618?addrs=130.199.48.83-9618&noUDP&sock=8867_649e_3>
...
006 (4165382.002.000) 09/23 00:15:16 Image size of job updated: 218572
	135  -  MemoryUsage of job (MB)
	137676  -  ResidentSetSize of job (KB)
...
005 (4165382.002.000) 09/23 00:15:17 Job terminated.
	(1) Normal termination (return value 0)
		Usr 0 00:00:12, Sys 0 00:00:00  -  Run Remote Usage
		Usr 0 00:00:00, Sys 0 00:00:00  -  Run Local Usage
		Usr 0 00:00:12, Sys 0 00:00:00  -  Total Remote Usage
		Usr 0 00:00:00, Sys 0 00:00:00  -  Total Local Usage
	0  -  Run Bytes Sent By Job
	0  -  Run Bytes Received By Job
	0  -  Total Bytes Sent By Job
	0  -  Total Bytes Received By Job
	Partitionable Resources :    Usage  Request Allocated 
	   Cpus                 :        0        1         1 
	   Disk (KB)            :     1500     1500   4811694 
	   Memory (MB)          :      135     1500      1536 
	   Xferslots            :                           0 
...
001 (4165383.002.000) 09/23 00:15:26 Job executing on host: <130.199.157.138:9618?addrs=130.199.157.138-9618&noUDP&sock=215569_f774_3>
...
006 (4165383.002.000) 09/23 00:15:34 Image size of job updated: 176044
	132  -  MemoryUsage of job (MB)
	134164  -  ResidentSetSize of job (KB)
...
006 (4165383.002.000) 09/23 00:15:40 Image size of job updated: 199012
	132  -  MemoryUsage of job (MB)
	134944  -  ResidentSetSize of job (KB)
...
005 (4165383.002.000) 09/23 00:15:40 Job terminated.
	(1) Normal termination (return value 0)
		Usr 0 00:00:12, Sys 0 00:00:00  -  Run Remote Usage
		Usr 0 00:00:00, Sys 0 00:00:00  -  Run Local Usage
		Usr 0 00:00:12, Sys 0 00:00:00  -  Total Remote Usage
		Usr 0 00:00:00, Sys 0 00:00:00  -  Total Local Usage
	0  -  Run Bytes Sent By Job
	0  -  Run Bytes Received By Job
	0  -  Total Bytes Sent By Job
	0  -  Total Bytes Received By Job
	Partitionable Resources :    Usage  Request Allocated 
	   Cpus                 :        0        1         1 
	   Disk (KB)            :     1500     1500  14337878 
	   Memory (MB)          :      132     1500      1536 
	   Xferslots            :                           0 
...
000 (4165384.002.000) 09/23 00:15:42 Job submitted from host: <130.199.48.83:9618?addrs=130.199.48.83-9618&noUDP&sock=8867_649e_3>
...
001 (4165384.002.000) 09/23 00:15:53 Job executing on host: <130.199.157.2:9618?addrs=130.199.157.2-9618&noUDP&sock=37856_0bab_3>
...
006 (4165384.002.000) 09/23 00:16:02 Image size of job updated: 156104
	112  -  MemoryUsage of job (MB)
	114424  -  ResidentSetSize of job (KB)
...
000 (4165385.002.000) 09/23 00:16:08 Job submitted from host: <130.199.48.83:9618?addrs=130.199.48.83-9618&noUDP&sock=8867_649e_3>
...
006 (4165384.002.000) 09/23 00:16:11 Image size of job updated: 156104
	112  -  MemoryUsage of job (MB)
	114668  -  ResidentSetSize of job (KB)
...
005 (4165384.002.000) 09/23 00:16:11 Job terminated.
	(1) Normal termination (return value 0)
		Usr 0 00:00:14, Sys 0 00:00:00  -  Run Remote Usage
		Usr 0 00:00:00, Sys 0 00:00:00  -  Run Local Usage
		Usr 0 00:00:14, Sys 0 00:00:00  -  Total Remote Usage
		Usr 0 00:00:00, Sys 0 00:00:00  -  Total Local Usage
	0  -  Run Bytes Sent By Job
	0  -  Run Bytes Received By Job
	0  -  Total Bytes Sent By Job
	0  -  Total Bytes Received By Job
	Partitionable Resources :    Usage  Request Allocated 
	   Cpus                 :     0.97        1         1 
	   Disk (KB)            :  1500        1500   6743395 
	   Memory (MB)          :   112        1500      1536 
	   Xferslots            :                           0 
...
001 (4165385.002.000) 09/23 00:16:17 Job executing on host: <130.199.202.104:9618?addrs=130.199.202.104-9618&noUDP&sock=30481_f381_3>
...
006 (4165385.002.000) 09/23 00:16:25 Image size of job updated: 165936
	122  -  MemoryUsage of job (MB)
	124776  -  ResidentSetSize of job (KB)
...
006 (4165385.002.000) 09/23 00:16:32 Image size of job updated: 741864
	122  -  MemoryUsage of job (MB)
	124776  -  ResidentSetSize of job (KB)
...
005 (4165385.002.000) 09/23 00:16:32 Job terminated.
	(1) Normal termination (return value 0)
		Usr 0 00:00:13, Sys 0 00:00:01  -  Run Remote Usage
		Usr 0 00:00:00, Sys 0 00:00:00  -  Run Local Usage
		Usr 0 00:00:13, Sys 0 00:00:01  -  Total Remote Usage
		Usr 0 00:00:00, Sys 0 00:00:00  -  Total Local Usage
	0  -  Run Bytes Sent By Job
	0  -  Run Bytes Received By Job
	0  -  Total Bytes Sent By Job
	0  -  Total Bytes Received By Job
	Partitionable Resources :    Usage  Request Allocated 
	   Cpus                 :        0        1         1 
	   Disk (KB)            :     1500     1500   4811678 
	   Memory (MB)          :      122     1500      1536 
	   Xferslots            :                           0 
...
000 (4165386.002.000) 09/23 00:16:39 Job submitted from host: <130.199.48.83:9618?addrs=130.199.48.83-9618&noUDP&sock=8867_649e_3>
...
001 (4165386.002.000) 09/23 00:16:57 Job executing on host: <130.199.157.2:9618?addrs=130.199.157.2-9618&noUDP&sock=37856_0bab_3>
...
006 (4165386.002.000) 09/23 00:17:06 Image size of job updated: 176840
	132  -  MemoryUsage of job (MB)
	134408  -  ResidentSetSize of job (KB)
...
006 (4165386.002.000) 09/23 00:17:14 Image size of job updated: 218740
	132  -  MemoryUsage of job (MB)
	134440  -  ResidentSetSize of job (KB)
...
005 (4165386.002.000) 09/23 00:17:14 Job terminated.
	(1) Normal termination (return value 0)
		Usr 0 00:00:14, Sys 0 00:00:00  -  Run Remote Usage
		Usr 0 00:00:00, Sys 0 00:00:00  -  Run Local Usage
		Usr 0 00:00:14, Sys 0 00:00:00  -  Total Remote Usage
		Usr 0 00:00:00, Sys 0 00:00:00  -  Total Local Usage
	0  -  Run Bytes Sent By Job
	0  -  Run Bytes Received By Job
	0  -  Total Bytes Sent By Job
	0  -  Total Bytes Received By Job
	Partitionable Resources :    Usage  Request Allocated 
	   Cpus                 :        0        1         1 
	   Disk (KB)            :     1500     1500   6743395 
	   Memory (MB)          :      132     1500      1536 
	   Xferslots            :                           0 
...
000 (4175663.000.000) 10/13 12:53:56 Job submitted from host: <130.199.48.83:9618?addrs=130.199.48.83-9618&noUDP&sock=8867_649e_3>
...
000 (4175664.000.000) 10/13 12:55:21 Job submitted from host: <130.199.48.83:9618?addrs=130.199.48.83-9618&noUDP&sock=8867_649e_3>
...
001 (4175663.000.000) 10/13 13:15:51 Job executing on host: <130.199.152.185:9618?addrs=130.199.152.185-9618&noUDP&sock=15057_732d_3>
...
001 (4175664.000.000) 10/13 13:15:53 Job executing on host: <130.199.158.142:9618?addrs=130.199.158.142-9618&noUDP&sock=32941_8298_3>
...
006 (4175663.000.000) 10/13 13:16:00 Image size of job updated: 34216
	33  -  MemoryUsage of job (MB)
	33200  -  ResidentSetSize of job (KB)
...
006 (4175664.000.000) 10/13 13:16:01 Image size of job updated: 34572
	34  -  MemoryUsage of job (MB)
	34308  -  ResidentSetSize of job (KB)
...
006 (4175664.000.000) 10/13 13:16:14 Image size of job updated: 2152880
	34  -  MemoryUsage of job (MB)
	34308  -  ResidentSetSize of job (KB)
...
005 (4175664.000.000) 10/13 13:16:14 Job terminated.
	(1) Normal termination (return value 0)
		Usr 0 00:00:20, Sys 0 00:00:01  -  Run Remote Usage
		Usr 0 00:00:00, Sys 0 00:00:00  -  Run Local Usage
		Usr 0 00:00:20, Sys 0 00:00:01  -  Total Remote Usage
		Usr 0 00:00:00, Sys 0 00:00:00  -  Total Local Usage
	0  -  Run Bytes Sent By Job
	0  -  Run Bytes Received By Job
	0  -  Total Bytes Sent By Job
	0  -  Total Bytes Received By Job
	Partitionable Resources :    Usage  Request Allocated 
	   Cpus                 :     0.99        1         1 
	   Disk (KB)            :  7500        7500   7038845 
	   Memory (MB)          :    34        1500      1536 
	   Xferslots            :                           0 
...
006 (4175663.000.000) 10/13 13:16:18 Image size of job updated: 35816
	33  -  MemoryUsage of job (MB)
	33200  -  ResidentSetSize of job (KB)
...
005 (4175663.000.000) 10/13 13:16:19 Job terminated.
	(1) Normal termination (return value 0)
		Usr 0 00:00:22, Sys 0 00:00:00  -  Run Remote Usage
		Usr 0 00:00:00, Sys 0 00:00:00  -  Run Local Usage
		Usr 0 00:00:22, Sys 0 00:00:00  -  Total Remote Usage
		Usr 0 00:00:00, Sys 0 00:00:00  -  Total Local Usage
	0  -  Run Bytes Sent By Job
	0  -  Run Bytes Received By Job
	0  -  Total Bytes Sent By Job
	0  -  Total Bytes Received By Job
	Partitionable Resources :    Usage  Request Allocated 
	   Cpus                 :        0        1         1 
	   Disk (KB)            :     7500     7500   1901530 
	   Memory (MB)          :       33     1500      1536 
	   Xferslots            :                           0 
...
000 (4175667.000.000) 10/13 15:03:53 Job submitted from host: <130.199.48.83:9618?addrs=130.199.48.83-9618&noUDP&sock=8867_649e_3>
...
000 (4175668.000.000) 10/13 15:04:46 Job submitted from host: <130.199.48.83:9618?addrs=130.199.48.83-9618&noUDP&sock=8867_649e_3>
...
001 (4175667.000.000) 10/13 15:25:46 Job executing on host: <130.199.149.241:9618?addrs=130.199.149.241-9618&noUDP&sock=48134_e720_3>
...
006 (4175667.000.000) 10/13 15:25:54 Image size of job updated: 105412
	73  -  MemoryUsage of job (MB)
	74256  -  ResidentSetSize of job (KB)
...
006 (4175667.000.000) 10/13 15:26:07 Image size of job updated: 105412
	73  -  MemoryUsage of job (MB)
	74260  -  ResidentSetSize of job (KB)
...
005 (4175667.000.000) 10/13 15:26:07 Job terminated.
	(1) Normal termination (return value 0)
		Usr 0 00:00:15, Sys 0 00:00:01  -  Run Remote Usage
		Usr 0 00:00:00, Sys 0 00:00:00  -  Run Local Usage
		Usr 0 00:00:15, Sys 0 00:00:01  -  Total Remote Usage
		Usr 0 00:00:00, Sys 0 00:00:00  -  Total Local Usage
	0  -  Run Bytes Sent By Job
	0  -  Run Bytes Received By Job
	0  -  Total Bytes Sent By Job
	0  -  Total Bytes Received By Job
	Partitionable Resources :    Usage  Request Allocated 
	   Cpus                 :        0        1         1 
	   Disk (KB)            :     1500     1500  14337492 
	   Memory (MB)          :       73     1500      1536 
	   Xferslots            :                           0 
...
001 (4175668.000.000) 10/13 15:29:00 Job executing on host: <130.199.156.241:9618?addrs=130.199.156.241-9618&noUDP&sock=30125_481c_3>
...
006 (4175668.000.000) 10/13 15:29:08 Image size of job updated: 132960
	90  -  MemoryUsage of job (MB)
	91836  -  ResidentSetSize of job (KB)
...
005 (4175668.000.000) 10/13 15:29:23 Job terminated.
	(1) Normal termination (return value 0)
		Usr 0 00:00:19, Sys 0 00:00:01  -  Run Remote Usage
		Usr 0 00:00:00, Sys 0 00:00:00  -  Run Local Usage
		Usr 0 00:00:19, Sys 0 00:00:01  -  Total Remote Usage
		Usr 0 00:00:00, Sys 0 00:00:00  -  Total Local Usage
	0  -  Run Bytes Sent By Job
	0  -  Run Bytes Received By Job
	0  -  Total Bytes Sent By Job
	0  -  Total Bytes Received By Job
	Partitionable Resources :    Usage  Request Allocated 
	   Cpus                 :     0.99        1         1 
	   Disk (KB)            :  1500        1500   6743395 
	   Memory (MB)          :    90        1500      1536 
	   Xferslots            :                           0 
...
000 (4337380.020.000) 02/13 19:10:53 Job submitted from host: <130.199.48.83:9618?addrs=130.199.48.83-9618&noUDP&sock=18276_3907_3>
...
001 (4337380.020.000) 02/13 19:11:20 Job executing on host: <130.199.152.240:9618?addrs=130.199.152.240-9618&noUDP&sock=26535_178d_3>
...
006 (4337380.020.000) 02/13 19:11:29 Image size of job updated: 36648
	34  -  MemoryUsage of job (MB)
	34356  -  ResidentSetSize of job (KB)
...
006 (4337380.020.000) 02/13 19:11:49 Image size of job updated: 36656
	34  -  MemoryUsage of job (MB)
	34356  -  ResidentSetSize of job (KB)
...
005 (4337380.020.000) 02/13 19:11:49 Job terminated.
	(1) Normal termination (return value 0)
		Usr 0 00:00:26, Sys 0 00:00:00  -  Run Remote Usage
		Usr 0 00:00:00, Sys 0 00:00:00  -  Run Local Usage
		Usr 0 00:00:26, Sys 0 00:00:00  -  Total Remote Usage
		Usr 0 00:00:00, Sys 0 00:00:00  -  Total Local Usage
	0  -  Run Bytes Sent By Job
	0  -  Run Bytes Received By Job
	0  -  Total Bytes Sent By Job
	0  -  Total Bytes Received By Job
	Partitionable Resources :    Usage  Request Allocated 
	   Cpus                 :        0        1         1 
	   Disk (KB)            :     7500     7500   1136341 
	   Memory (MB)          :       34     1500      1536 
	   Xferslots            :                           0 
...
000 (4337381.120.000) 02/13 21:14:05 Job submitted from host: <130.199.48.83:9618?addrs=130.199.48.83-9618&noUDP&sock=18276_3907_3>
...
001 (4337381.120.000) 02/13 21:15:22 Job executing on host: <130.199.149.240:9618?addrs=130.199.149.240-9618&noUDP&sock=19189_2cfd_3>
...
006 (4337381.120.000) 02/13 21:15:31 Image size of job updated: 169600
	91  -  MemoryUsage of job (MB)
	93100  -  ResidentSetSize of job (KB)
...
006 (4337381.120.000) 02/13 21:15:44 Image size of job updated: 278848
	91  -  MemoryUsage of job (MB)
	93148  -  ResidentSetSize of job (KB)
...
005 (4337381.120.000) 02/13 21:15:45 Job terminated.
	(1) Normal termination (return value 0)
		Usr 0 00:00:18, Sys 0 00:00:01  -  Run Remote Usage
		Usr 0 00:00:00, Sys 0 00:00:00  -  Run Local Usage
		Usr 0 00:00:18, Sys 0 00:00:01  -  Total Remote Usage
		Usr 0 00:00:00, Sys 0 00:00:00  -  Total Local Usage
	0  -  Run Bytes Sent By Job
	0  -  Run Bytes Received By Job
	0  -  Total Bytes Sent By Job
	0  -  Total Bytes Received By Job
	Partitionable Resources :    Usage  Request Allocated 
	   Cpus                 :     0.43        1         1 
	   Disk (KB)            :  2250        2250  14337491 
	   Memory (MB)          :    91        1500      1536 
	   Xferslots            :                           0 
...
000 (4366925.020.000) 02/21 02:28:17 Job submitted from host: <130.199.48.83:9618?addrs=130.199.48.83-9618&noUDP&sock=18276_3907_3>
...
001 (4366925.020.000) 02/21 02:32:00 Job executing on host: <130.199.156.5:9618?addrs=130.199.156.5-9618&noUDP&sock=19611_bbc1_3>
...
006 (4366925.020.000) 02/21 02:32:09 Image size of job updated: 36496
	34  -  MemoryUsage of job (MB)
	34360  -  ResidentSetSize of job (KB)
...
006 (4366925.020.000) 02/21 02:32:27 Image size of job updated: 2161500
	34  -  MemoryUsage of job (MB)
	34360  -  ResidentSetSize of job (KB)
...
005 (4366925.020.000) 02/21 02:32:27 Job terminated.
	(1) Normal termination (return value 0)
		Usr 0 00:00:25, Sys 0 00:00:00  -  Run Remote Usage
		Usr 0 00:00:00, Sys 0 00:00:00  -  Run Local Usage
		Usr 0 00:00:25, Sys 0 00:00:00  -  Total Remote Usage
		Usr 0 00:00:00, Sys 0 00:00:00  -  Total Local Usage
	0  -  Run Bytes Sent By Job
	0  -  Run Bytes Received By Job
	0  -  Total Bytes Sent By Job
	0  -  Total Bytes Received By Job
	Partitionable Resources :    Usage  Request Allocated 
	   Cpus                 :     0.90        1         1 
	   Disk (KB)            :  7500        7500   3325681 
	   Memory (MB)          :    34        1500      1536 
	   Xferslots            :                           0 
...
000 (4366926.120.000) 02/21 04:43:51 Job submitted from host: <130.199.48.83:9618?addrs=130.199.48.83-9618&noUDP&sock=18276_3907_3>
...
001 (4366926.120.000) 02/21 04:51:34 Job executing on host: <130.199.153.198:9618?addrs=130.199.153.198-9618&noUDP&sock=6249_d43f_3>
...
006 (4366926.120.000) 02/21 04:51:43 Image size of job updated: 167368
	114  -  MemoryUsage of job (MB)
	115796  -  ResidentSetSize of job (KB)
...
006 (4366926.120.000) 02/21 04:52:00 Image size of job updated: 167368
	114  -  MemoryUsage of job (MB)
	115884  -  ResidentSetSize of job (KB)
...
005 (4366926.120.000) 02/21 04:52:00 Job terminated.
	(1) Normal termination (return value 0)
		Usr 0 00:00:23, Sys 0 00:00:01  -  Run Remote Usage
		Usr 0 00:00:00, Sys 0 00:00:00  -  Run Local Usage
		Usr 0 00:00:23, Sys 0 00:00:01  -  Total Remote Usage
		Usr 0 00:00:00, Sys 0 00:00:00  -  Total Local Usage
	0  -  Run Bytes Sent By Job
	0  -  Run Bytes Received By Job
	0  -  Total Bytes Sent By Job
	0  -  Total Bytes Received By Job
	Partitionable Resources :    Usage  Request Allocated 
	   Cpus                 :     0.99        1         1 
	   Disk (KB)            :  2250        2250   1135890 
	   Memory (MB)          :   114        1500      1536 
	   Xferslots            :                           0 
...
000 (4366932.020.000) 02/22 16:51:03 Job submitted from host: <130.199.48.83:9618?addrs=130.199.48.83-9618&noUDP&sock=18276_3907_3>
...
001 (4366932.020.000) 02/22 16:51:47 Job executing on host: <130.199.156.242:9618?addrs=130.199.156.242-9618&noUDP&sock=88615_a0d8_3>
...
006 (4366932.020.000) 02/22 16:51:48 Image size of job updated: 7500
	0  -  MemoryUsage of job (MB)
	0  -  ResidentSetSize of job (KB)
...
005 (4366932.020.000) 02/22 16:51:49 Job terminated.
	(1) Normal termination (return value 1)
		Usr 0 00:00:00, Sys 0 00:00:00  -  Run Remote Usage
		Usr 0 00:00:00, Sys 0 00:00:00  -  Run Local Usage
		Usr 0 00:00:00, Sys 0 00:00:00  -  Total Remote Usage
		Usr 0 00:00:00, Sys 0 00:00:00  -  Total Local Usage
	0  -  Run Bytes Sent By Job
	0  -  Run Bytes Received By Job
	0  -  Total Bytes Sent By Job
	0  -  Total Bytes Received By Job
	Partitionable Resources :    Usage  Request Allocated 
	   Cpus                 :                 1         1 
	   Disk (KB)            :     7500     7500   6743386 
	   Memory (MB)          :        0     1500      1536 
	   Xferslots            :                           0 
...
000 (4366934.020.000) 02/22 17:32:46 Job submitted from host: <130.199.48.83:9618?addrs=130.199.48.83-9618&noUDP&sock=18276_3907_3>
...
001 (4366934.020.000) 02/22 17:33:54 Job executing on host: <130.199.152.119:9618?addrs=130.199.152.119-9618&noUDP&sock=58989_5f90_3>
...
006 (4366934.020.000) 02/22 17:33:58 Image size of job updated: 7500
	0  -  MemoryUsage of job (MB)
	0  -  ResidentSetSize of job (KB)
...
005 (4366934.020.000) 02/22 17:33:58 Job terminated.
	(1) Normal termination (return value 1)
		Usr 0 00:00:00, Sys 0 00:00:00  -  Run Remote Usage
		Usr 0 00:00:00, Sys 0 00:00:00  -  Run Local Usage
		Usr 0 00:00:00, Sys 0 00:00:00  -  Total Remote Usage
		Usr 0 00:00:00, Sys 0 00:00:00  -  Total Local Usage
	0  -  Run Bytes Sent By Job
	0  -  Run Bytes Received By Job
	0  -  Total Bytes Sent By Job
	0  -  Total Bytes Received By Job
	Partitionable Resources :    Usage  Request Allocated 
	   Cpus                 :     0.01        1         1 
	   Disk (KB)            :  7500        7500   1901526 
	   Memory (MB)          :     0        1500      1536 
	   Xferslots            :                           0 
...
000 (4366936.020.000) 02/22 17:47:22 Job submitted from host: <130.199.48.83:9618?addrs=130.199.48.83-9618&noUDP&sock=18276_3907_3>
...
001 (4366936.020.000) 02/22 17:48:24 Job executing on host: <130.199.158.253:9618?addrs=130.199.158.253-9618&noUDP&sock=63271_927e_3>
...
006 (4366936.020.000) 02/22 17:48:24 Image size of job updated: 7500
	0  -  MemoryUsage of job (MB)
	0  -  ResidentSetSize of job (KB)
...
005 (4366936.020.000) 02/22 17:48:24 Job terminated.
	(1) Normal termination (return value 1)
		Usr 0 00:00:00, Sys 0 00:00:00  -  Run Remote Usage
		Usr 0 00:00:00, Sys 0 00:00:00  -  Run Local Usage
		Usr 0 00:00:00, Sys 0 00:00:00  -  Total Remote Usage
		Usr 0 00:00:00, Sys 0 00:00:00  -  Total Local Usage
	0  -  Run Bytes Sent By Job
	0  -  Run Bytes Received By Job
	0  -  Total Bytes Sent By Job
	0  -  Total Bytes Received By Job
	Partitionable Resources :    Usage  Request Allocated 
	   Cpus                 :        0        1         1 
	   Disk (KB)            :     7500     7500   7037864 
	   Memory (MB)          :        0     1500      1536 
	   Xferslots            :                           0 
...
000 (4366938.020.000) 02/22 17:55:05 Job submitted from host: <130.199.48.83:9618?addrs=130.199.48.83-9618&noUDP&sock=18276_3907_3>
...
001 (4366938.020.000) 02/22 17:55:33 Job executing on host: <130.199.200.103:9618?addrs=130.199.200.103-9618&noUDP&sock=432351_bba1_3>
...
006 (4366938.020.000) 02/22 17:55:33 Image size of job updated: 7500
	0  -  MemoryUsage of job (MB)
	0  -  ResidentSetSize of job (KB)
...
005 (4366938.020.000) 02/22 17:55:33 Job terminated.
	(1) Normal termination (return value 1)
		Usr 0 00:00:00, Sys 0 00:00:00  -  Run Remote Usage
		Usr 0 00:00:00, Sys 0 00:00:00  -  Run Local Usage
		Usr 0 00:00:00, Sys 0 00:00:00  -  Total Remote Usage
		Usr 0 00:00:00, Sys 0 00:00:00  -  Total Local Usage
	0  -  Run Bytes Sent By Job
	0  -  Run Bytes Received By Job
	0  -  Total Bytes Sent By Job
	0  -  Total Bytes Received By Job
	Partitionable Resources :    Usage  Request Allocated 
	   Cpus                 :                 1         1 
	   Disk (KB)            :     7500     7500   5106401 
	   Memory (MB)          :        0     1500      1536 
	   Xferslots            :                           0 
...
000 (4366940.020.000) 02/22 18:08:30 Job submitted from host: <130.199.48.83:9618?addrs=130.199.48.83-9618&noUDP&sock=18276_3907_3>
...
001 (4366940.020.000) 02/22 18:09:53 Job executing on host: <130.199.200.105:9618?addrs=130.199.200.105-9618&noUDP&sock=215229_5c64_3>
...
006 (4366940.020.000) 02/22 18:09:55 Image size of job updated: 7500
	0  -  MemoryUsage of job (MB)
	0  -  ResidentSetSize of job (KB)
...
005 (4366940.020.000) 02/22 18:09:55 Job terminated.
	(1) Normal termination (return value 1)
		Usr 0 00:00:00, Sys 0 00:00:00  -  Run Remote Usage
		Usr 0 00:00:00, Sys 0 00:00:00  -  Run Local Usage
		Usr 0 00:00:00, Sys 0 00:00:00  -  Total Remote Usage
		Usr 0 00:00:00, Sys 0 00:00:00  -  Total Local Usage
	0  -  Run Bytes Sent By Job
	0  -  Run Bytes Received By Job
	0  -  Total Bytes Sent By Job
	0  -  Total Bytes Received By Job
	Partitionable Resources :    Usage  Request Allocated 
	   Cpus                 :                 1         1 
	   Disk (KB)            :     7500     7500   5106402 
	   Memory (MB)          :        0     1500      1536 
	   Xferslots            :                           0 
...
000 (4366942.020.000) 02/22 18:15:07 Job submitted from host: <130.199.48.83:9618?addrs=130.199.48.83-9618&noUDP&sock=18276_3907_3>
...
001 (4366942.020.000) 02/22 18:16:04 Job executing on host: <130.199.159.229:9618?addrs=130.199.159.229-9618&noUDP&sock=64931_f0f8_3>
...
006 (4366942.020.000) 02/22 18:16:04 Image size of job updated: 7500
	0  -  MemoryUsage of job (MB)
	0  -  ResidentSetSize of job (KB)
...
005 (4366942.020.000) 02/22 18:16:05 Job terminated.
	(1) Normal termination (return value 1)
		Usr 0 00:00:00, Sys 0 00:00:00  -  Run Remote Usage
		Usr 0 00:00:00, Sys 0 00:00:00  -  Run Local Usage
		Usr 0 00:00:00, Sys 0 00:00:00  -  Total Remote Usage
		Usr 0 00:00:00, Sys 0 00:00:00  -  Total Local Usage
	0  -  Run Bytes Sent By Job
	0  -  Run Bytes Received By Job
	0  -  Total Bytes Sent By Job
	0  -  Total Bytes Received By Job
	Partitionable Resources :    Usage  Request Allocated 
	   Cpus                 :        0        1         1 
	   Disk (KB)            :     7500     7500   7037679 
	   Memory (MB)          :        0     1500      1536 
	   Xferslots            :                           0 
...
000 (4366945.020.000) 02/22 18:23:52 Job submitted from host: <130.199.48.83:9618?addrs=130.199.48.83-9618&noUDP&sock=18276_3907_3>
...
001 (4366945.020.000) 02/22 18:24:41 Job executing on host: <130.199.156.13:9618?addrs=130.199.156.13-9618&noUDP&sock=25121_9430_3>
...
006 (4366945.020.000) 02/22 18:24:41 Image size of job updated: 7500
	0  -  MemoryUsage of job (MB)
	0  -  ResidentSetSize of job (KB)
...
005 (4366945.020.000) 02/22 18:24:41 Job terminated.
	(1) Normal termination (return value 1)
		Usr 0 00:00:00, Sys 0 00:00:00  -  Run Remote Usage
		Usr 0 00:00:00, Sys 0 00:00:00  -  Run Local Usage
		Usr 0 00:00:00, Sys 0 00:00:00  -  Total Remote Usage
		Usr 0 00:00:00, Sys 0 00:00:00  -  Total Local Usage
	0  -  Run Bytes Sent By Job
	0  -  Run Bytes Received By Job
	0  -  Total Bytes Sent By Job
	0  -  Total Bytes Received By Job
	Partitionable Resources :    Usage  Request Allocated 
	   Cpus                 :                 1         1 
	   Disk (KB)            :     7500     7500   3325681 
	   Memory (MB)          :        0     1500      1536 
	   Xferslots            :                           0 
...
000 (240431.020.000) 02/22 18:27:55 Job submitted from host: <130.199.48.37:9618?addrs=130.199.48.37-9618&noUDP&sock=9957_5d42_3>
...
001 (240431.020.000) 02/22 18:28:22 Job executing on host: <130.199.149.245:9618?addrs=130.199.149.245-9618&noUDP&sock=10836_8e83_3>
...
006 (240431.020.000) 02/22 18:28:22 Image size of job updated: 7500
	0  -  MemoryUsage of job (MB)
	0  -  ResidentSetSize of job (KB)
...
005 (240431.020.000) 02/22 18:28:22 Job terminated.
	(1) Normal termination (return value 1)
		Usr 0 00:00:00, Sys 0 00:00:00  -  Run Remote Usage
		Usr 0 00:00:00, Sys 0 00:00:00  -  Run Local Usage
		Usr 0 00:00:00, Sys 0 00:00:00  -  Total Remote Usage
		Usr 0 00:00:00, Sys 0 00:00:00  -  Total Local Usage
	0  -  Run Bytes Sent By Job
	0  -  Run Bytes Received By Job
	0  -  Total Bytes Sent By Job
	0  -  Total Bytes Received By Job
	Partitionable Resources :    Usage  Request Allocated 
	   Cpus                 :                 1         1 
	   Disk (KB)            :     7500     7500  14337484 
	   Memory (MB)          :        0     1500      1536 
	   Xferslots            :                           0 
...
000 (240433.020.000) 02/22 18:29:29 Job submitted from host: <130.199.48.37:9618?addrs=130.199.48.37-9618&noUDP&sock=9957_5d42_3>
...
001 (240433.020.000) 02/22 18:30:42 Job executing on host: <130.199.159.234:9618?addrs=130.199.159.234-9618&noUDP&sock=111333_96a8_3>
...
006 (240433.020.000) 02/22 18:30:42 Image size of job updated: 7500
	0  -  MemoryUsage of job (MB)
	0  -  ResidentSetSize of job (KB)
...
005 (240433.020.000) 02/22 18:30:43 Job terminated.
	(1) Normal termination (return value 1)
		Usr 0 00:00:00, Sys 0 00:00:00  -  Run Remote Usage
		Usr 0 00:00:00, Sys 0 00:00:00  -  Run Local Usage
		Usr 0 00:00:00, Sys 0 00:00:00  -  Total Remote Usage
		Usr 0 00:00:00, Sys 0 00:00:00  -  Total Local Usage
	0  -  Run Bytes Sent By Job
	0  -  Run Bytes Received By Job
	0  -  Total Bytes Sent By Job
	0  -  Total Bytes Received By Job
	Partitionable Resources :    Usage  Request Allocated 
	   Cpus                 :        0        1         1 
	   Disk (KB)            :     7500     7500   7037662 
	   Memory (MB)          :        0     1500      1536 
	   Xferslots            :                           0 
...
000 (240435.020.000) 02/22 18:33:58 Job submitted from host: <130.199.48.37:9618?addrs=130.199.48.37-9618&noUDP&sock=9957_5d42_3>
...
001 (240435.020.000) 02/22 18:34:19 Job executing on host: <130.199.200.17:9618?addrs=130.199.200.17-9618&noUDP&sock=9361_bce1_3>
...
006 (240435.020.000) 02/22 18:34:19 Image size of job updated: 7500
	0  -  MemoryUsage of job (MB)
	0  -  ResidentSetSize of job (KB)
...
005 (240435.020.000) 02/22 18:34:19 Job terminated.
	(1) Normal termination (return value 1)
		Usr 0 00:00:00, Sys 0 00:00:00  -  Run Remote Usage
		Usr 0 00:00:00, Sys 0 00:00:00  -  Run Local Usage
		Usr 0 00:00:00, Sys 0 00:00:00  -  Total Remote Usage
		Usr 0 00:00:00, Sys 0 00:00:00  -  Total Local Usage
	0  -  Run Bytes Sent By Job
	0  -  Run Bytes Received By Job
	0  -  Total Bytes Sent By Job
	0  -  Total Bytes Received By Job
	Partitionable Resources :    Usage  Request Allocated 
	   Cpus                 :                 1         1 
	   Disk (KB)            :     7500     7500   2619171 
	   Memory (MB)          :        0     1500      1536 
	   Xferslots            :                           0 
...
000 (4366958.020.000) 02/23 17:36:32 Job submitted from host: <130.199.48.83:9618?addrs=130.199.48.83-9618&noUDP&sock=18276_3907_3>
...
001 (4366958.020.000) 02/23 17:37:55 Job executing on host: <130.199.200.95:9618?addrs=130.199.200.95-9618&noUDP&sock=24643_4c42_3>
...
006 (4366958.020.000) 02/23 17:38:04 Image size of job updated: 36640
	34  -  MemoryUsage of job (MB)
	34364  -  ResidentSetSize of job (KB)
...
005 (4366958.020.000) 02/23 17:38:14 Job terminated.
	(1) Normal termination (return value 0)
		Usr 0 00:00:18, Sys 0 00:00:00  -  Run Remote Usage
		Usr 0 00:00:00, Sys 0 00:00:00  -  Run Local Usage
		Usr 0 00:00:18, Sys 0 00:00:00  -  Total Remote Usage
		Usr 0 00:00:00, Sys 0 00:00:00  -  Total Local Usage
	0  -  Run Bytes Sent By Job
	0  -  Run Bytes Received By Job
	0  -  Total Bytes Sent By Job
	0  -  Total Bytes Received By Job
	Partitionable Resources :    Usage  Request Allocated 
	   Cpus                 :        0        1         1 
	   Disk (KB)            :     7500     7500   3804382 
	   Memory (MB)          :       34     1500      1536 
	   Xferslots            :                           0 
...
000 (4366962.020.000) 02/24 21:54:35 Job submitted from host: <130.199.48.83:9618?addrs=130.199.48.83-9618&noUDP&sock=18276_3907_3>
...
001 (4366962.020.000) 02/24 21:56:44 Job executing on host: <130.199.157.147:9618?addrs=130.199.157.147-9618&noUDP&sock=233952_f43c_3>
...
006 (4366962.020.000) 02/24 21:56:53 Image size of job updated: 36520
	34  -  MemoryUsage of job (MB)
	34328  -  ResidentSetSize of job (KB)
...
005 (4366962.020.000) 02/24 21:56:59 Job terminated.
	(1) Normal termination (return value 0)
		Usr 0 00:00:12, Sys 0 00:00:00  -  Run Remote Usage
		Usr 0 00:00:00, Sys 0 00:00:00  -  Run Local Usage
		Usr 0 00:00:12, Sys 0 00:00:00  -  Total Remote Usage
		Usr 0 00:00:00, Sys 0 00:00:00  -  Total Local Usage
	0  -  Run Bytes Sent By Job
	0  -  Run Bytes Received By Job
	0  -  Total Bytes Sent By Job
	0  -  Total Bytes Received By Job
	Partitionable Resources :    Usage  Request Allocated 
	   Cpus                 :     0.90        1         1 
	   Disk (KB)            :  7500        7500  14337871 
	   Memory (MB)          :    34        1500      1536 
	   Xferslots            :                           0 
...
000 (4366963.120.000) 02/25 00:30:17 Job submitted from host: <130.199.48.83:9618?addrs=130.199.48.83-9618&noUDP&sock=18276_3907_3>
...
001 (4366963.120.000) 02/25 00:31:05 Job executing on host: <130.199.156.235:9618?addrs=130.199.156.235-9618&noUDP&sock=3800_c063_3>
...
006 (4366963.120.000) 02/25 00:31:13 Image size of job updated: 211484
	133  -  MemoryUsage of job (MB)
	135512  -  ResidentSetSize of job (KB)
...
006 (4366963.120.000) 02/25 00:31:19 Image size of job updated: 211484
	133  -  MemoryUsage of job (MB)
	135620  -  ResidentSetSize of job (KB)
...
005 (4366963.120.000) 02/25 00:31:19 Job terminated.
	(1) Normal termination (return value 0)
		Usr 0 00:00:13, Sys 0 00:00:00  -  Run Remote Usage
		Usr 0 00:00:00, Sys 0 00:00:00  -  Run Local Usage
		Usr 0 00:00:13, Sys 0 00:00:00  -  Total Remote Usage
		Usr 0 00:00:00, Sys 0 00:00:00  -  Total Local Usage
	0  -  Run Bytes Sent By Job
	0  -  Run Bytes Received By Job
	0  -  Total Bytes Sent By Job
	0  -  Total Bytes Received By Job
	Partitionable Resources :    Usage  Request Allocated 
	   Cpus                 :        0        1         1 
	   Disk (KB)            :     2250     2250   6743392 
	   Memory (MB)          :      133     1500      1536 
	   Xferslots            :                           0 
...
000 (4366964.120.000) 02/25 00:51:06 Job submitted from host: <130.199.48.83:9618?addrs=130.199.48.83-9618&noUDP&sock=18276_3907_3>
...
001 (4366964.120.000) 02/25 00:52:34 Job executing on host: <130.199.158.233:9618?addrs=130.199.158.233-9618&noUDP&sock=42999_bd7b_3>
...
006 (4366964.120.000) 02/25 00:52:42 Image size of job updated: 148488
	118  -  MemoryUsage of job (MB)
	120440  -  ResidentSetSize of job (KB)
...
006 (4366964.120.000) 02/25 00:52:50 Image size of job updated: 148488
	118  -  MemoryUsage of job (MB)
	120468  -  ResidentSetSize of job (KB)
...
005 (4366964.120.000) 02/25 00:52:51 Job terminated.
	(1) Normal termination (return value 0)
		Usr 0 00:00:14, Sys 0 00:00:00  -  Run Remote Usage
		Usr 0 00:00:00, Sys 0 00:00:00  -  Run Local Usage
		Usr 0 00:00:14, Sys 0 00:00:00  -  Total Remote Usage
		Usr 0 00:00:00, Sys 0 00:00:00  -  Total Local Usage
	0  -  Run Bytes Sent By Job
	0  -  Run Bytes Received By Job
	0  -  Total Bytes Sent By Job
	0  -  Total Bytes Received By Job
	Partitionable Resources :    Usage  Request Allocated 
	   Cpus                 :        0        1         1 
	   Disk (KB)            :     2250     2250   7037864 
	   Memory (MB)          :      118     1500      1536 
	   Xferslots            :                           0 
...
000 (4366971.020.000) 02/27 22:18:24 Job submitted from host: <130.199.48.83:9618?addrs=130.199.48.83-9618&noUDP&sock=18276_3907_3>
...
001 (4366971.020.000) 02/27 22:20:06 Job executing on host: <130.199.200.109:9618?addrs=130.199.200.109-9618&noUDP&sock=456850_5b6e_3>
...
006 (4366971.020.000) 02/27 22:20:15 Image size of job updated: 33712
	33  -  MemoryUsage of job (MB)
	33256  -  ResidentSetSize of job (KB)
...
005 (4366971.020.000) 02/27 22:20:27 Job terminated.
	(1) Normal termination (return value 0)
		Usr 0 00:00:14, Sys 0 00:00:00  -  Run Remote Usage
		Usr 0 00:00:00, Sys 0 00:00:00  -  Run Local Usage
		Usr 0 00:00:14, Sys 0 00:00:00  -  Total Remote Usage
		Usr 0 00:00:00, Sys 0 00:00:00  -  Total Local Usage
	0  -  Run Bytes Sent By Job
	0  -  Run Bytes Received By Job
	0  -  Total Bytes Sent By Job
	0  -  Total Bytes Received By Job
	Partitionable Resources :    Usage  Request Allocated 
	   Cpus                 :     0.05        1         1 
	   Disk (KB)            :  7500        7500   5106396 
	   Memory (MB)          :    33        1500      1536 
	   Xferslots            :                           0 
...
000 (4366972.120.000) 02/27 23:22:41 Job submitted from host: <130.199.48.83:9618?addrs=130.199.48.83-9618&noUDP&sock=18276_3907_3>
...
001 (4366972.120.000) 02/27 23:23:41 Job executing on host: <130.199.200.14:9618?addrs=130.199.200.14-9618&noUDP&sock=47797_3f20_3>
...
006 (4366972.120.000) 02/27 23:23:50 Image size of job updated: 130412
	59  -  MemoryUsage of job (MB)
	59540  -  ResidentSetSize of job (KB)
...
006 (4366972.120.000) 02/27 23:24:11 Image size of job updated: 704676
	59  -  MemoryUsage of job (MB)
	59540  -  ResidentSetSize of job (KB)
...
005 (4366972.120.000) 02/27 23:24:11 Job terminated.
	(1) Normal termination (return value 0)
		Usr 0 00:00:19, Sys 0 00:00:01  -  Run Remote Usage
		Usr 0 00:00:00, Sys 0 00:00:00  -  Run Local Usage
		Usr 0 00:00:19, Sys 0 00:00:01  -  Total Remote Usage
		Usr 0 00:00:00, Sys 0 00:00:00  -  Total Local Usage
	0  -  Run Bytes Sent By Job
	0  -  Run Bytes Received By Job
	0  -  Total Bytes Sent By Job
	0  -  Total Bytes Received By Job
	Partitionable Resources :    Usage  Request Allocated 
	   Cpus                 :     1.00        1         1 
	   Disk (KB)            :  2250        2250   2589631 
	   Memory (MB)          :    59        1500      1536 
	   Xferslots            :                           0 
...
