000 (3954334.000.000) 06/04 17:28:49 Job submitted from host: <130.199.48.83:9618?addrs=130.199.48.83-9618&noUDP&sock=8867_649e_3>
...
001 (3954334.000.000) 06/04 17:30:01 Job executing on host: <130.199.151.141:9618?addrs=130.199.151.141-9618&noUDP&sock=21747_c01d_3>
...
006 (3954334.000.000) 06/04 17:30:10 Image size of job updated: 28888
	28  -  MemoryUsage of job (MB)
	28164  -  ResidentSetSize of job (KB)
...
006 (3954334.000.000) 06/04 17:30:31 Image size of job updated: 2152880
	31  -  MemoryUsage of job (MB)
	30960  -  ResidentSetSize of job (KB)
...
005 (3954334.000.000) 06/04 17:30:31 Job terminated.
	(1) Normal termination (return value 0)
		Usr 0 00:00:23, Sys 0 00:00:00  -  Run Remote Usage
		Usr 0 00:00:00, Sys 0 00:00:00  -  Run Local Usage
		Usr 0 00:00:23, Sys 0 00:00:00  -  Total Remote Usage
		Usr 0 00:00:00, Sys 0 00:00:00  -  Total Local Usage
	0  -  Run Bytes Sent By Job
	0  -  Run Bytes Received By Job
	0  -  Total Bytes Sent By Job
	0  -  Total Bytes Received By Job
	Partitionable Resources :    Usage  Request Allocated 
	   Cpus                 :     0.86        1         1 
	   Disk (KB)            :  7500        7500   1136272 
	   Memory (MB)          :    31        1500      1536 
	   Xferslots            :                           0 
...
000 (4054009.000.000) 07/14 13:50:30 Job submitted from host: <130.199.48.83:9618?addrs=130.199.48.83-9618&noUDP&sock=8867_649e_3>
...
000 (4054009.001.000) 07/14 13:50:30 Job submitted from host: <130.199.48.83:9618?addrs=130.199.48.83-9618&noUDP&sock=8867_649e_3>
...
000 (4054011.000.000) 07/14 13:50:30 Job submitted from host: <130.199.48.83:9618?addrs=130.199.48.83-9618&noUDP&sock=8867_649e_3>
...
000 (4054011.001.000) 07/14 13:50:30 Job submitted from host: <130.199.48.83:9618?addrs=130.199.48.83-9618&noUDP&sock=8867_649e_3>
...
000 (4054011.002.000) 07/14 13:50:30 Job submitted from host: <130.199.48.83:9618?addrs=130.199.48.83-9618&noUDP&sock=8867_649e_3>
...
000 (4054011.003.000) 07/14 13:50:30 Job submitted from host: <130.199.48.83:9618?addrs=130.199.48.83-9618&noUDP&sock=8867_649e_3>
...
001 (4054009.000.000) 07/14 14:35:04 Job executing on host: <130.199.200.105:9618?addrs=130.199.200.105-9618&noUDP&sock=115346_a700_3>
...
001 (4054011.003.000) 07/14 14:35:04 Job executing on host: <130.199.200.113:9618?addrs=130.199.200.113-9618&noUDP&sock=113468_49ff_3>
...
001 (4054011.002.000) 07/14 14:35:04 Job executing on host: <130.199.200.107:9618?addrs=130.199.200.107-9618&noUDP&sock=116038_a95f_3>
...
001 (4054011.001.000) 07/14 14:35:04 Job executing on host: <130.199.200.108:9618?addrs=130.199.200.108-9618&noUDP&sock=231861_2dcf_3>
...
001 (4054009.001.000) 07/14 14:35:04 Job executing on host: <130.199.157.143:9618?addrs=130.199.157.143-9618&noUDP&sock=215343_70c2_3>
...
001 (4054011.000.000) 07/14 14:35:05 Job executing on host: <130.199.157.147:9618?addrs=130.199.157.147-9618&noUDP&sock=135792_8da0_3>
...
006 (4054011.000.000) 07/14 14:35:13 Image size of job updated: 35468
	34  -  MemoryUsage of job (MB)
	34308  -  ResidentSetSize of job (KB)
...
006 (4054009.000.000) 07/14 14:35:13 Image size of job updated: 35428
	34  -  MemoryUsage of job (MB)
	34272  -  ResidentSetSize of job (KB)
...
006 (4054011.002.000) 07/14 14:35:13 Image size of job updated: 35616
	34  -  MemoryUsage of job (MB)
	34304  -  ResidentSetSize of job (KB)
...
006 (4054011.003.000) 07/14 14:35:13 Image size of job updated: 35620
	34  -  MemoryUsage of job (MB)
	34308  -  ResidentSetSize of job (KB)
...
006 (4054011.001.000) 07/14 14:35:13 Image size of job updated: 35524
	34  -  MemoryUsage of job (MB)
	34308  -  ResidentSetSize of job (KB)
...
006 (4054009.001.000) 07/14 14:35:13 Image size of job updated: 35420
	34  -  MemoryUsage of job (MB)
	34272  -  ResidentSetSize of job (KB)
...
006 (4054009.000.000) 07/14 14:35:33 Image size of job updated: 35452
	34  -  MemoryUsage of job (MB)
	34272  -  ResidentSetSize of job (KB)
...
005 (4054009.000.000) 07/14 14:35:33 Job terminated.
	(1) Normal termination (return value 0)
		Usr 0 00:00:13, Sys 0 00:00:00  -  Run Remote Usage
		Usr 0 00:00:00, Sys 0 00:00:00  -  Run Local Usage
		Usr 0 00:00:13, Sys 0 00:00:00  -  Total Remote Usage
		Usr 0 00:00:00, Sys 0 00:00:00  -  Total Local Usage
	0  -  Run Bytes Sent By Job
	0  -  Run Bytes Received By Job
	0  -  Total Bytes Sent By Job
	0  -  Total Bytes Received By Job
	Partitionable Resources :    Usage  Request Allocated 
	   Cpus                 :        0        1         1 
	   Disk (KB)            :     7500     7500   5106409 
	   Memory (MB)          :       34     1500      1536 
	   Xferslots            :                           0 
...
006 (4054011.002.000) 07/14 14:35:39 Image size of job updated: 35640
	34  -  MemoryUsage of job (MB)
	34304  -  ResidentSetSize of job (KB)
...
005 (4054011.002.000) 07/14 14:35:39 Job terminated.
	(1) Normal termination (return value 0)
		Usr 0 00:00:15, Sys 0 00:00:00  -  Run Remote Usage
		Usr 0 00:00:00, Sys 0 00:00:00  -  Run Local Usage
		Usr 0 00:00:15, Sys 0 00:00:00  -  Total Remote Usage
		Usr 0 00:00:00, Sys 0 00:00:00  -  Total Local Usage
	0  -  Run Bytes Sent By Job
	0  -  Run Bytes Received By Job
	0  -  Total Bytes Sent By Job
	0  -  Total Bytes Received By Job
	Partitionable Resources :    Usage  Request Allocated 
	   Cpus                 :     0.10        1         1 
	   Disk (KB)            :  7500        7500   5106403 
	   Memory (MB)          :    34        1500      1536 
	   Xferslots            :                           0 
...
006 (4054009.001.000) 07/14 14:35:41 Image size of job updated: 2152880
	34  -  MemoryUsage of job (MB)
	34272  -  ResidentSetSize of job (KB)
...
005 (4054009.001.000) 07/14 14:35:41 Job terminated.
	(1) Normal termination (return value 0)
		Usr 0 00:00:14, Sys 0 00:00:00  -  Run Remote Usage
		Usr 0 00:00:00, Sys 0 00:00:00  -  Run Local Usage
		Usr 0 00:00:14, Sys 0 00:00:00  -  Total Remote Usage
		Usr 0 00:00:00, Sys 0 00:00:00  -  Total Local Usage
	0  -  Run Bytes Sent By Job
	0  -  Run Bytes Received By Job
	0  -  Total Bytes Sent By Job
	0  -  Total Bytes Received By Job
	Partitionable Resources :    Usage  Request Allocated 
	   Cpus                 :     0.45        1         1 
	   Disk (KB)            :  7500        7500  14337878 
	   Memory (MB)          :    34        1500      1536 
	   Xferslots            :                           0 
...
006 (4054011.003.000) 07/14 14:36:16 Image size of job updated: 2152880
	34  -  MemoryUsage of job (MB)
	34308  -  ResidentSetSize of job (KB)
...
005 (4054011.003.000) 07/14 14:36:17 Job terminated.
	(1) Normal termination (return value 0)
		Usr 0 00:00:17, Sys 0 00:00:01  -  Run Remote Usage
		Usr 0 00:00:00, Sys 0 00:00:00  -  Run Local Usage
		Usr 0 00:00:17, Sys 0 00:00:01  -  Total Remote Usage
		Usr 0 00:00:00, Sys 0 00:00:00  -  Total Local Usage
	0  -  Run Bytes Sent By Job
	0  -  Run Bytes Received By Job
	0  -  Total Bytes Sent By Job
	0  -  Total Bytes Received By Job
	Partitionable Resources :    Usage  Request Allocated 
	   Cpus                 :     0.44        1         1 
	   Disk (KB)            :  7500        7500   5106409 
	   Memory (MB)          :    34        1500      1536 
	   Xferslots            :                           0 
...
006 (4054011.000.000) 07/14 14:36:37 Image size of job updated: 35492
	34  -  MemoryUsage of job (MB)
	34308  -  ResidentSetSize of job (KB)
...
006 (4054011.001.000) 07/14 14:36:37 Image size of job updated: 35548
	34  -  MemoryUsage of job (MB)
	34308  -  ResidentSetSize of job (KB)
...
005 (4054011.000.000) 07/14 14:36:37 Job terminated.
	(1) Normal termination (return value 0)
		Usr 0 00:00:17, Sys 0 00:00:01  -  Run Remote Usage
		Usr 0 00:00:00, Sys 0 00:00:00  -  Run Local Usage
		Usr 0 00:00:17, Sys 0 00:00:01  -  Total Remote Usage
		Usr 0 00:00:00, Sys 0 00:00:00  -  Total Local Usage
	0  -  Run Bytes Sent By Job
	0  -  Run Bytes Received By Job
	0  -  Total Bytes Sent By Job
	0  -  Total Bytes Received By Job
	Partitionable Resources :    Usage  Request Allocated 
	   Cpus                 :     0.14        1         1 
	   Disk (KB)            :  7500        7500  14337878 
	   Memory (MB)          :    34        1500      1536 
	   Xferslots            :                           0 
...
005 (4054011.001.000) 07/14 14:36:37 Job terminated.
	(1) Normal termination (return value 0)
		Usr 0 00:00:17, Sys 0 00:00:01  -  Run Remote Usage
		Usr 0 00:00:00, Sys 0 00:00:00  -  Run Local Usage
		Usr 0 00:00:17, Sys 0 00:00:01  -  Total Remote Usage
		Usr 0 00:00:00, Sys 0 00:00:00  -  Total Local Usage
	0  -  Run Bytes Sent By Job
	0  -  Run Bytes Received By Job
	0  -  Total Bytes Sent By Job
	0  -  Total Bytes Received By Job
	Partitionable Resources :    Usage  Request Allocated 
	   Cpus                 :     0.17        1         1 
	   Disk (KB)            :  7500        7500   5106407 
	   Memory (MB)          :    34        1500      1536 
	   Xferslots            :                           0 
...
